Registered Datasets: ['satellite_Train', 'satellite_Val']
ddict info:
	path: ../SALAS_Rep/../../../../../../../ocean/projects/dmr200021p/sprice/initial_paper_complete_set/HP743_10S_500x.png
	num_instances: 32
ddict info:
	path: ../SALAS_Rep/../../../../../../../ocean/projects/dmr200021p/sprice/initial_paper_complete_set/S04_03_SE1_1000X53.png
	num_instances: 40
ddict info:
	path: ../SALAS_Rep/../../../../../../../ocean/projects/dmr200021p/sprice/initial_paper_complete_set/HP743_5S_500x.png
	num_instances: 65
ddict info:
	path: ../SALAS_Rep/../../../../../../../ocean/projects/dmr200021p/sprice/initial_paper_complete_set/S08_03_SE1_1000X03.png
	num_instances: 88
ddict info:
	path: ../SALAS_Rep/../../../../../../../ocean/projects/dmr200021p/sprice/initial_paper_complete_set/S06_01_SE1_500X67.png
	num_instances: 54
ddict info:
	path: ../SALAS_Rep/../../../../../../../ocean/projects/dmr200021p/sprice/initial_paper_complete_set/S04_02_SE1_1000X50.png
	num_instances: 45
ddict info:
	path: ../SALAS_Rep/../../../../../../../ocean/projects/dmr200021p/sprice/initial_paper_complete_set/S03_03_SE1_1250X41.png
	num_instances: 111
ddict info:
	path: ../SALAS_Rep/../../../../../../../ocean/projects/dmr200021p/sprice/initial_paper_complete_set/S02_01_SE1_300X14.png
	num_instances: 98
ddict info:
	path: ../SALAS_Rep/../../../../../../../ocean/projects/dmr200021p/sprice/initial_paper_complete_set/HP743_2S_250x.png
	num_instances: 49
Weights not found, weights will be downloaded from source: https://dl.fbaipublicfiles.com/detectron2/COCO-InstanceSegmentation/mask_rcnn_R_50_FPN_3x/137849600/model_final_f10217.pkl
[32m[11/11 15:35:45 d2.engine.defaults]: [0mModel:
GeneralizedRCNN(
  (backbone): FPN(
    (fpn_lateral2): Conv2d(256, 256, kernel_size=(1, 1), stride=(1, 1))
    (fpn_output2): Conv2d(256, 256, kernel_size=(3, 3), stride=(1, 1), padding=(1, 1))
    (fpn_lateral3): Conv2d(512, 256, kernel_size=(1, 1), stride=(1, 1))
    (fpn_output3): Conv2d(256, 256, kernel_size=(3, 3), stride=(1, 1), padding=(1, 1))
    (fpn_lateral4): Conv2d(1024, 256, kernel_size=(1, 1), stride=(1, 1))
    (fpn_output4): Conv2d(256, 256, kernel_size=(3, 3), stride=(1, 1), padding=(1, 1))
    (fpn_lateral5): Conv2d(2048, 256, kernel_size=(1, 1), stride=(1, 1))
    (fpn_output5): Conv2d(256, 256, kernel_size=(3, 3), stride=(1, 1), padding=(1, 1))
    (top_block): LastLevelMaxPool()
    (bottom_up): ResNet(
      (stem): BasicStem(
        (conv1): Conv2d(
          3, 64, kernel_size=(7, 7), stride=(2, 2), padding=(3, 3), bias=False
          (norm): FrozenBatchNorm2d(num_features=64, eps=1e-05)
        )
      )
      (res2): Sequential(
        (0): BottleneckBlock(
          (shortcut): Conv2d(
            64, 256, kernel_size=(1, 1), stride=(1, 1), bias=False
            (norm): FrozenBatchNorm2d(num_features=256, eps=1e-05)
          )
          (conv1): Conv2d(
            64, 64, kernel_size=(1, 1), stride=(1, 1), bias=False
            (norm): FrozenBatchNorm2d(num_features=64, eps=1e-05)
          )
          (conv2): Conv2d(
            64, 64, kernel_size=(3, 3), stride=(1, 1), padding=(1, 1), bias=False
            (norm): FrozenBatchNorm2d(num_features=64, eps=1e-05)
          )
          (conv3): Conv2d(
            64, 256, kernel_size=(1, 1), stride=(1, 1), bias=False
            (norm): FrozenBatchNorm2d(num_features=256, eps=1e-05)
          )
        )
        (1): BottleneckBlock(
          (conv1): Conv2d(
            256, 64, kernel_size=(1, 1), stride=(1, 1), bias=False
            (norm): FrozenBatchNorm2d(num_features=64, eps=1e-05)
          )
          (conv2): Conv2d(
            64, 64, kernel_size=(3, 3), stride=(1, 1), padding=(1, 1), bias=False
            (norm): FrozenBatchNorm2d(num_features=64, eps=1e-05)
          )
          (conv3): Conv2d(
            64, 256, kernel_size=(1, 1), stride=(1, 1), bias=False
            (norm): FrozenBatchNorm2d(num_features=256, eps=1e-05)
          )
        )
        (2): BottleneckBlock(
          (conv1): Conv2d(
            256, 64, kernel_size=(1, 1), stride=(1, 1), bias=False
            (norm): FrozenBatchNorm2d(num_features=64, eps=1e-05)
          )
          (conv2): Conv2d(
            64, 64, kernel_size=(3, 3), stride=(1, 1), padding=(1, 1), bias=False
            (norm): FrozenBatchNorm2d(num_features=64, eps=1e-05)
          )
          (conv3): Conv2d(
            64, 256, kernel_size=(1, 1), stride=(1, 1), bias=False
            (norm): FrozenBatchNorm2d(num_features=256, eps=1e-05)
          )
        )
      )
      (res3): Sequential(
        (0): BottleneckBlock(
          (shortcut): Conv2d(
            256, 512, kernel_size=(1, 1), stride=(2, 2), bias=False
            (norm): FrozenBatchNorm2d(num_features=512, eps=1e-05)
          )
          (conv1): Conv2d(
            256, 128, kernel_size=(1, 1), stride=(2, 2), bias=False
            (norm): FrozenBatchNorm2d(num_features=128, eps=1e-05)
          )
          (conv2): Conv2d(
            128, 128, kernel_size=(3, 3), stride=(1, 1), padding=(1, 1), bias=False
            (norm): FrozenBatchNorm2d(num_features=128, eps=1e-05)
          )
          (conv3): Conv2d(
            128, 512, kernel_size=(1, 1), stride=(1, 1), bias=False
            (norm): FrozenBatchNorm2d(num_features=512, eps=1e-05)
          )
        )
        (1): BottleneckBlock(
          (conv1): Conv2d(
            512, 128, kernel_size=(1, 1), stride=(1, 1), bias=False
            (norm): FrozenBatchNorm2d(num_features=128, eps=1e-05)
          )
          (conv2): Conv2d(
            128, 128, kernel_size=(3, 3), stride=(1, 1), padding=(1, 1), bias=False
            (norm): FrozenBatchNorm2d(num_features=128, eps=1e-05)
          )
          (conv3): Conv2d(
            128, 512, kernel_size=(1, 1), stride=(1, 1), bias=False
            (norm): FrozenBatchNorm2d(num_features=512, eps=1e-05)
          )
        )
        (2): BottleneckBlock(
          (conv1): Conv2d(
            512, 128, kernel_size=(1, 1), stride=(1, 1), bias=False
            (norm): FrozenBatchNorm2d(num_features=128, eps=1e-05)
          )
          (conv2): Conv2d(
            128, 128, kernel_size=(3, 3), stride=(1, 1), padding=(1, 1), bias=False
            (norm): FrozenBatchNorm2d(num_features=128, eps=1e-05)
          )
          (conv3): Conv2d(
            128, 512, kernel_size=(1, 1), stride=(1, 1), bias=False
            (norm): FrozenBatchNorm2d(num_features=512, eps=1e-05)
          )
        )
        (3): BottleneckBlock(
          (conv1): Conv2d(
            512, 128, kernel_size=(1, 1), stride=(1, 1), bias=False
            (norm): FrozenBatchNorm2d(num_features=128, eps=1e-05)
          )
          (conv2): Conv2d(
            128, 128, kernel_size=(3, 3), stride=(1, 1), padding=(1, 1), bias=False
            (norm): FrozenBatchNorm2d(num_features=128, eps=1e-05)
          )
          (conv3): Conv2d(
            128, 512, kernel_size=(1, 1), stride=(1, 1), bias=False
            (norm): FrozenBatchNorm2d(num_features=512, eps=1e-05)
          )
        )
      )
      (res4): Sequential(
        (0): BottleneckBlock(
          (shortcut): Conv2d(
            512, 1024, kernel_size=(1, 1), stride=(2, 2), bias=False
            (norm): FrozenBatchNorm2d(num_features=1024, eps=1e-05)
          )
          (conv1): Conv2d(
            512, 256, kernel_size=(1, 1), stride=(2, 2), bias=False
            (norm): FrozenBatchNorm2d(num_features=256, eps=1e-05)
          )
          (conv2): Conv2d(
            256, 256, kernel_size=(3, 3), stride=(1, 1), padding=(1, 1), bias=False
            (norm): FrozenBatchNorm2d(num_features=256, eps=1e-05)
          )
          (conv3): Conv2d(
            256, 1024, kernel_size=(1, 1), stride=(1, 1), bias=False
            (norm): FrozenBatchNorm2d(num_features=1024, eps=1e-05)
          )
        )
        (1): BottleneckBlock(
          (conv1): Conv2d(
            1024, 256, kernel_size=(1, 1), stride=(1, 1), bias=False
            (norm): FrozenBatchNorm2d(num_features=256, eps=1e-05)
          )
          (conv2): Conv2d(
            256, 256, kernel_size=(3, 3), stride=(1, 1), padding=(1, 1), bias=False
            (norm): FrozenBatchNorm2d(num_features=256, eps=1e-05)
          )
          (conv3): Conv2d(
            256, 1024, kernel_size=(1, 1), stride=(1, 1), bias=False
            (norm): FrozenBatchNorm2d(num_features=1024, eps=1e-05)
          )
        )
        (2): BottleneckBlock(
          (conv1): Conv2d(
            1024, 256, kernel_size=(1, 1), stride=(1, 1), bias=False
            (norm): FrozenBatchNorm2d(num_features=256, eps=1e-05)
          )
          (conv2): Conv2d(
            256, 256, kernel_size=(3, 3), stride=(1, 1), padding=(1, 1), bias=False
            (norm): FrozenBatchNorm2d(num_features=256, eps=1e-05)
          )
          (conv3): Conv2d(
            256, 1024, kernel_size=(1, 1), stride=(1, 1), bias=False
            (norm): FrozenBatchNorm2d(num_features=1024, eps=1e-05)
          )
        )
        (3): BottleneckBlock(
          (conv1): Conv2d(
            1024, 256, kernel_size=(1, 1), stride=(1, 1), bias=False
            (norm): FrozenBatchNorm2d(num_features=256, eps=1e-05)
          )
          (conv2): Conv2d(
            256, 256, kernel_size=(3, 3), stride=(1, 1), padding=(1, 1), bias=False
            (norm): FrozenBatchNorm2d(num_features=256, eps=1e-05)
          )
          (conv3): Conv2d(
            256, 1024, kernel_size=(1, 1), stride=(1, 1), bias=False
            (norm): FrozenBatchNorm2d(num_features=1024, eps=1e-05)
          )
        )
        (4): BottleneckBlock(
          (conv1): Conv2d(
            1024, 256, kernel_size=(1, 1), stride=(1, 1), bias=False
            (norm): FrozenBatchNorm2d(num_features=256, eps=1e-05)
          )
          (conv2): Conv2d(
            256, 256, kernel_size=(3, 3), stride=(1, 1), padding=(1, 1), bias=False
            (norm): FrozenBatchNorm2d(num_features=256, eps=1e-05)
          )
          (conv3): Conv2d(
            256, 1024, kernel_size=(1, 1), stride=(1, 1), bias=False
            (norm): FrozenBatchNorm2d(num_features=1024, eps=1e-05)
          )
        )
        (5): BottleneckBlock(
          (conv1): Conv2d(
            1024, 256, kernel_size=(1, 1), stride=(1, 1), bias=False
            (norm): FrozenBatchNorm2d(num_features=256, eps=1e-05)
          )
          (conv2): Conv2d(
            256, 256, kernel_size=(3, 3), stride=(1, 1), padding=(1, 1), bias=False
            (norm): FrozenBatchNorm2d(num_features=256, eps=1e-05)
          )
          (conv3): Conv2d(
            256, 1024, kernel_size=(1, 1), stride=(1, 1), bias=False
            (norm): FrozenBatchNorm2d(num_features=1024, eps=1e-05)
          )
        )
      )
      (res5): Sequential(
        (0): BottleneckBlock(
          (shortcut): Conv2d(
            1024, 2048, kernel_size=(1, 1), stride=(2, 2), bias=False
            (norm): FrozenBatchNorm2d(num_features=2048, eps=1e-05)
          )
          (conv1): Conv2d(
            1024, 512, kernel_size=(1, 1), stride=(2, 2), bias=False
            (norm): FrozenBatchNorm2d(num_features=512, eps=1e-05)
          )
          (conv2): Conv2d(
            512, 512, kernel_size=(3, 3), stride=(1, 1), padding=(1, 1), bias=False
            (norm): FrozenBatchNorm2d(num_features=512, eps=1e-05)
          )
          (conv3): Conv2d(
            512, 2048, kernel_size=(1, 1), stride=(1, 1), bias=False
            (norm): FrozenBatchNorm2d(num_features=2048, eps=1e-05)
          )
        )
        (1): BottleneckBlock(
          (conv1): Conv2d(
            2048, 512, kernel_size=(1, 1), stride=(1, 1), bias=False
            (norm): FrozenBatchNorm2d(num_features=512, eps=1e-05)
          )
          (conv2): Conv2d(
            512, 512, kernel_size=(3, 3), stride=(1, 1), padding=(1, 1), bias=False
            (norm): FrozenBatchNorm2d(num_features=512, eps=1e-05)
          )
          (conv3): Conv2d(
            512, 2048, kernel_size=(1, 1), stride=(1, 1), bias=False
            (norm): FrozenBatchNorm2d(num_features=2048, eps=1e-05)
          )
        )
        (2): BottleneckBlock(
          (conv1): Conv2d(
            2048, 512, kernel_size=(1, 1), stride=(1, 1), bias=False
            (norm): FrozenBatchNorm2d(num_features=512, eps=1e-05)
          )
          (conv2): Conv2d(
            512, 512, kernel_size=(3, 3), stride=(1, 1), padding=(1, 1), bias=False
            (norm): FrozenBatchNorm2d(num_features=512, eps=1e-05)
          )
          (conv3): Conv2d(
            512, 2048, kernel_size=(1, 1), stride=(1, 1), bias=False
            (norm): FrozenBatchNorm2d(num_features=2048, eps=1e-05)
          )
        )
      )
    )
  )
  (proposal_generator): RPN(
    (rpn_head): StandardRPNHead(
      (conv): Conv2d(256, 256, kernel_size=(3, 3), stride=(1, 1), padding=(1, 1))
      (objectness_logits): Conv2d(256, 3, kernel_size=(1, 1), stride=(1, 1))
      (anchor_deltas): Conv2d(256, 12, kernel_size=(1, 1), stride=(1, 1))
    )
    (anchor_generator): DefaultAnchorGenerator(
      (cell_anchors): BufferList()
    )
  )
  (roi_heads): StandardROIHeads(
    (box_pooler): ROIPooler(
      (level_poolers): ModuleList(
        (0): ROIAlign(output_size=(7, 7), spatial_scale=0.25, sampling_ratio=0, aligned=True)
        (1): ROIAlign(output_size=(7, 7), spatial_scale=0.125, sampling_ratio=0, aligned=True)
        (2): ROIAlign(output_size=(7, 7), spatial_scale=0.0625, sampling_ratio=0, aligned=True)
        (3): ROIAlign(output_size=(7, 7), spatial_scale=0.03125, sampling_ratio=0, aligned=True)
      )
    )
    (box_head): FastRCNNConvFCHead(
      (flatten): Flatten(start_dim=1, end_dim=-1)
      (fc1): Linear(in_features=12544, out_features=1024, bias=True)
      (fc_relu1): ReLU()
      (fc2): Linear(in_features=1024, out_features=1024, bias=True)
      (fc_relu2): ReLU()
    )
    (box_predictor): FastRCNNOutputLayers(
      (cls_score): Linear(in_features=1024, out_features=2, bias=True)
      (bbox_pred): Linear(in_features=1024, out_features=4, bias=True)
    )
    (mask_pooler): ROIPooler(
      (level_poolers): ModuleList(
        (0): ROIAlign(output_size=(14, 14), spatial_scale=0.25, sampling_ratio=0, aligned=True)
        (1): ROIAlign(output_size=(14, 14), spatial_scale=0.125, sampling_ratio=0, aligned=True)
        (2): ROIAlign(output_size=(14, 14), spatial_scale=0.0625, sampling_ratio=0, aligned=True)
        (3): ROIAlign(output_size=(14, 14), spatial_scale=0.03125, sampling_ratio=0, aligned=True)
      )
    )
    (mask_head): MaskRCNNConvUpsampleHead(
      (mask_fcn1): Conv2d(
        256, 256, kernel_size=(3, 3), stride=(1, 1), padding=(1, 1)
        (activation): ReLU()
      )
      (mask_fcn2): Conv2d(
        256, 256, kernel_size=(3, 3), stride=(1, 1), padding=(1, 1)
        (activation): ReLU()
      )
      (mask_fcn3): Conv2d(
        256, 256, kernel_size=(3, 3), stride=(1, 1), padding=(1, 1)
        (activation): ReLU()
      )
      (mask_fcn4): Conv2d(
        256, 256, kernel_size=(3, 3), stride=(1, 1), padding=(1, 1)
        (activation): ReLU()
      )
      (deconv): ConvTranspose2d(256, 256, kernel_size=(2, 2), stride=(2, 2))
      (deconv_relu): ReLU()
      (predictor): Conv2d(256, 1, kernel_size=(1, 1), stride=(1, 1))
    )
  )
)
[32m[11/11 15:35:45 d2.data.build]: [0mRemoved 0 images with no usable annotations. 20 images left.
[32m[11/11 15:35:45 d2.data.build]: [0mDistribution of instances among all 1 categories:
[36m|  category  | #instances   |
|:----------:|:-------------|
| satellite  | 1412         |
|            |              |[0m
[32m[11/11 15:35:45 d2.data.dataset_mapper]: [0m[DatasetMapper] Augmentations used in training: [ResizeShortestEdge(short_edge_length=(640, 672, 704, 736, 768, 800), max_size=1333, sample_style='choice'), RandomFlip()]
[32m[11/11 15:35:45 d2.data.build]: [0mUsing training sampler TrainingSampler
[32m[11/11 15:35:45 d2.data.common]: [0mSerializing 20 elements to byte tensors and concatenating them all ...
[32m[11/11 15:35:45 d2.data.common]: [0mSerialized dataset takes 0.46 MiB
[5m[31mWARNING[0m [32m[11/11 15:35:45 d2.solver.build]: [0mSOLVER.STEPS contains values larger than SOLVER.MAX_ITER. These values will be ignored.
[32m[11/11 15:35:45 d2.checkpoint.c2_model_loading]: [0mRenaming Caffe2 weights ......
[32m[11/11 15:35:45 d2.checkpoint.c2_model_loading]: [0mFollowing weights matched with submodule backbone.bottom_up:
| Names in Model    | Names in Checkpoint      | Shapes                                          |
|:------------------|:-------------------------|:------------------------------------------------|
| res2.0.conv1.*    | res2_0_branch2a_{bn_*,w} | (64,) (64,) (64,) (64,) (64,64,1,1)             |
| res2.0.conv2.*    | res2_0_branch2b_{bn_*,w} | (64,) (64,) (64,) (64,) (64,64,3,3)             |
| res2.0.conv3.*    | res2_0_branch2c_{bn_*,w} | (256,) (256,) (256,) (256,) (256,64,1,1)        |
| res2.0.shortcut.* | res2_0_branch1_{bn_*,w}  | (256,) (256,) (256,) (256,) (256,64,1,1)        |
| res2.1.conv1.*    | res2_1_branch2a_{bn_*,w} | (64,) (64,) (64,) (64,) (64,256,1,1)            |
| res2.1.conv2.*    | res2_1_branch2b_{bn_*,w} | (64,) (64,) (64,) (64,) (64,64,3,3)             |
| res2.1.conv3.*    | res2_1_branch2c_{bn_*,w} | (256,) (256,) (256,) (256,) (256,64,1,1)        |
| res2.2.conv1.*    | res2_2_branch2a_{bn_*,w} | (64,) (64,) (64,) (64,) (64,256,1,1)            |
| res2.2.conv2.*    | res2_2_branch2b_{bn_*,w} | (64,) (64,) (64,) (64,) (64,64,3,3)             |
| res2.2.conv3.*    | res2_2_branch2c_{bn_*,w} | (256,) (256,) (256,) (256,) (256,64,1,1)        |
| res3.0.conv1.*    | res3_0_branch2a_{bn_*,w} | (128,) (128,) (128,) (128,) (128,256,1,1)       |
| res3.0.conv2.*    | res3_0_branch2b_{bn_*,w} | (128,) (128,) (128,) (128,) (128,128,3,3)       |
| res3.0.conv3.*    | res3_0_branch2c_{bn_*,w} | (512,) (512,) (512,) (512,) (512,128,1,1)       |
| res3.0.shortcut.* | res3_0_branch1_{bn_*,w}  | (512,) (512,) (512,) (512,) (512,256,1,1)       |
| res3.1.conv1.*    | res3_1_branch2a_{bn_*,w} | (128,) (128,) (128,) (128,) (128,512,1,1)       |
| res3.1.conv2.*    | res3_1_branch2b_{bn_*,w} | (128,) (128,) (128,) (128,) (128,128,3,3)       |
| res3.1.conv3.*    | res3_1_branch2c_{bn_*,w} | (512,) (512,) (512,) (512,) (512,128,1,1)       |
| res3.2.conv1.*    | res3_2_branch2a_{bn_*,w} | (128,) (128,) (128,) (128,) (128,512,1,1)       |
| res3.2.conv2.*    | res3_2_branch2b_{bn_*,w} | (128,) (128,) (128,) (128,) (128,128,3,3)       |
| res3.2.conv3.*    | res3_2_branch2c_{bn_*,w} | (512,) (512,) (512,) (512,) (512,128,1,1)       |
| res3.3.conv1.*    | res3_3_branch2a_{bn_*,w} | (128,) (128,) (128,) (128,) (128,512,1,1)       |
| res3.3.conv2.*    | res3_3_branch2b_{bn_*,w} | (128,) (128,) (128,) (128,) (128,128,3,3)       |
| res3.3.conv3.*    | res3_3_branch2c_{bn_*,w} | (512,) (512,) (512,) (512,) (512,128,1,1)       |
| res4.0.conv1.*    | res4_0_branch2a_{bn_*,w} | (256,) (256,) (256,) (256,) (256,512,1,1)       |
| res4.0.conv2.*    | res4_0_branch2b_{bn_*,w} | (256,) (256,) (256,) (256,) (256,256,3,3)       |
| res4.0.conv3.*    | res4_0_branch2c_{bn_*,w} | (1024,) (1024,) (1024,) (1024,) (1024,256,1,1)  |
| res4.0.shortcut.* | res4_0_branch1_{bn_*,w}  | (1024,) (1024,) (1024,) (1024,) (1024,512,1,1)  |
| res4.1.conv1.*    | res4_1_branch2a_{bn_*,w} | (256,) (256,) (256,) (256,) (256,1024,1,1)      |
| res4.1.conv2.*    | res4_1_branch2b_{bn_*,w} | (256,) (256,) (256,) (256,) (256,256,3,3)       |
| res4.1.conv3.*    | res4_1_branch2c_{bn_*,w} | (1024,) (1024,) (1024,) (1024,) (1024,256,1,1)  |
| res4.2.conv1.*    | res4_2_branch2a_{bn_*,w} | (256,) (256,) (256,) (256,) (256,1024,1,1)      |
| res4.2.conv2.*    | res4_2_branch2b_{bn_*,w} | (256,) (256,) (256,) (256,) (256,256,3,3)       |
| res4.2.conv3.*    | res4_2_branch2c_{bn_*,w} | (1024,) (1024,) (1024,) (1024,) (1024,256,1,1)  |
| res4.3.conv1.*    | res4_3_branch2a_{bn_*,w} | (256,) (256,) (256,) (256,) (256,1024,1,1)      |
| res4.3.conv2.*    | res4_3_branch2b_{bn_*,w} | (256,) (256,) (256,) (256,) (256,256,3,3)       |
| res4.3.conv3.*    | res4_3_branch2c_{bn_*,w} | (1024,) (1024,) (1024,) (1024,) (1024,256,1,1)  |
| res4.4.conv1.*    | res4_4_branch2a_{bn_*,w} | (256,) (256,) (256,) (256,) (256,1024,1,1)      |
| res4.4.conv2.*    | res4_4_branch2b_{bn_*,w} | (256,) (256,) (256,) (256,) (256,256,3,3)       |
| res4.4.conv3.*    | res4_4_branch2c_{bn_*,w} | (1024,) (1024,) (1024,) (1024,) (1024,256,1,1)  |
| res4.5.conv1.*    | res4_5_branch2a_{bn_*,w} | (256,) (256,) (256,) (256,) (256,1024,1,1)      |
| res4.5.conv2.*    | res4_5_branch2b_{bn_*,w} | (256,) (256,) (256,) (256,) (256,256,3,3)       |
| res4.5.conv3.*    | res4_5_branch2c_{bn_*,w} | (1024,) (1024,) (1024,) (1024,) (1024,256,1,1)  |
| res5.0.conv1.*    | res5_0_branch2a_{bn_*,w} | (512,) (512,) (512,) (512,) (512,1024,1,1)      |
| res5.0.conv2.*    | res5_0_branch2b_{bn_*,w} | (512,) (512,) (512,) (512,) (512,512,3,3)       |
| res5.0.conv3.*    | res5_0_branch2c_{bn_*,w} | (2048,) (2048,) (2048,) (2048,) (2048,512,1,1)  |
| res5.0.shortcut.* | res5_0_branch1_{bn_*,w}  | (2048,) (2048,) (2048,) (2048,) (2048,1024,1,1) |
| res5.1.conv1.*    | res5_1_branch2a_{bn_*,w} | (512,) (512,) (512,) (512,) (512,2048,1,1)      |
| res5.1.conv2.*    | res5_1_branch2b_{bn_*,w} | (512,) (512,) (512,) (512,) (512,512,3,3)       |
| res5.1.conv3.*    | res5_1_branch2c_{bn_*,w} | (2048,) (2048,) (2048,) (2048,) (2048,512,1,1)  |
| res5.2.conv1.*    | res5_2_branch2a_{bn_*,w} | (512,) (512,) (512,) (512,) (512,2048,1,1)      |
| res5.2.conv2.*    | res5_2_branch2b_{bn_*,w} | (512,) (512,) (512,) (512,) (512,512,3,3)       |
| res5.2.conv3.*    | res5_2_branch2c_{bn_*,w} | (2048,) (2048,) (2048,) (2048,) (2048,512,1,1)  |
| stem.conv1.norm.* | res_conv1_bn_*           | (64,) (64,) (64,) (64,)                         |
| stem.conv1.weight | conv1_w                  | (64, 3, 7, 7)                                   |
[32m[11/11 15:35:46 d2.engine.train_loop]: [0mStarting training from iteration 0
[32m[11/11 15:35:48 d2.utils.events]: [0m eta: 0:08:39  iter: 19  total_loss: 3.182  loss_cls: 0.5434  loss_box_reg: 0.07944  loss_mask: 0.6724  loss_rpn_cls: 0.6677  loss_rpn_loc: 1.226  time: 0.1060  data_time: 0.0221  lr: 0.00019981  max_mem: 1781M
[32m[11/11 15:35:50 d2.utils.events]: [0m eta: 0:08:37  iter: 39  total_loss: 2.429  loss_cls: 0.3228  loss_box_reg: 0.04284  loss_mask: 0.6005  loss_rpn_cls: 0.6177  loss_rpn_loc: 0.7775  time: 0.1048  data_time: 0.0016  lr: 0.00039961  max_mem: 1781M
[32m[11/11 15:35:52 d2.utils.events]: [0m eta: 0:08:45  iter: 59  total_loss: 2.073  loss_cls: 0.2639  loss_box_reg: 0.06826  loss_mask: 0.5828  loss_rpn_cls: 0.5652  loss_rpn_loc: 0.6062  time: 0.1059  data_time: 0.0016  lr: 0.00059941  max_mem: 1781M
[32m[11/11 15:35:55 d2.utils.events]: [0m eta: 0:08:43  iter: 79  total_loss: 2.141  loss_cls: 0.2621  loss_box_reg: 0.1896  loss_mask: 0.5826  loss_rpn_cls: 0.5305  loss_rpn_loc: 0.536  time: 0.1060  data_time: 0.0015  lr: 0.00079921  max_mem: 1805M
[32m[11/11 15:35:57 d2.utils.events]: [0m eta: 0:08:40  iter: 99  total_loss: 2.171  loss_cls: 0.3142  loss_box_reg: 0.3253  loss_mask: 0.5503  loss_rpn_cls: 0.442  loss_rpn_loc: 0.5136  time: 0.1061  data_time: 0.0017  lr: 0.00099901  max_mem: 1805M
[32m[11/11 15:35:59 d2.utils.events]: [0m eta: 0:08:39  iter: 119  total_loss: 2.13  loss_cls: 0.2766  loss_box_reg: 0.3884  loss_mask: 0.5288  loss_rpn_cls: 0.3866  loss_rpn_loc: 0.5041  time: 0.1067  data_time: 0.0016  lr: 0.0011988  max_mem: 1830M
[32m[11/11 15:36:01 d2.utils.events]: [0m eta: 0:08:36  iter: 139  total_loss: 2.138  loss_cls: 0.2971  loss_box_reg: 0.438  loss_mask: 0.5164  loss_rpn_cls: 0.3406  loss_rpn_loc: 0.4976  time: 0.1068  data_time: 0.0018  lr: 0.0013986  max_mem: 1830M
[32m[11/11 15:36:04 d2.utils.events]: [0m eta: 0:08:34  iter: 159  total_loss: 2.051  loss_cls: 0.2884  loss_box_reg: 0.4424  loss_mask: 0.4599  loss_rpn_cls: 0.3229  loss_rpn_loc: 0.4793  time: 0.1079  data_time: 0.0017  lr: 0.0015984  max_mem: 1830M
[32m[11/11 15:36:06 d2.utils.events]: [0m eta: 0:08:35  iter: 179  total_loss: 2.016  loss_cls: 0.3076  loss_box_reg: 0.4297  loss_mask: 0.4297  loss_rpn_cls: 0.2809  loss_rpn_loc: 0.4718  time: 0.1082  data_time: 0.0017  lr: 0.0017982  max_mem: 1830M
[32m[11/11 15:36:08 d2.utils.events]: [0m eta: 0:08:33  iter: 199  total_loss: 1.855  loss_cls: 0.2631  loss_box_reg: 0.4166  loss_mask: 0.4109  loss_rpn_cls: 0.2588  loss_rpn_loc: 0.469  time: 0.1083  data_time: 0.0017  lr: 0.001998  max_mem: 1830M
[32m[11/11 15:36:10 d2.utils.events]: [0m eta: 0:08:31  iter: 219  total_loss: 1.791  loss_cls: 0.2476  loss_box_reg: 0.4236  loss_mask: 0.3932  loss_rpn_cls: 0.2582  loss_rpn_loc: 0.4705  time: 0.1083  data_time: 0.0018  lr: 0.0021978  max_mem: 1830M
[32m[11/11 15:36:12 d2.utils.events]: [0m eta: 0:08:33  iter: 239  total_loss: 1.962  loss_cls: 0.2652  loss_box_reg: 0.4546  loss_mask: 0.3795  loss_rpn_cls: 0.2883  loss_rpn_loc: 0.4924  time: 0.1090  data_time: 0.0018  lr: 0.0023976  max_mem: 1830M
[32m[11/11 15:36:15 d2.utils.events]: [0m eta: 0:08:35  iter: 259  total_loss: 1.767  loss_cls: 0.2583  loss_box_reg: 0.4004  loss_mask: 0.3675  loss_rpn_cls: 0.2927  loss_rpn_loc: 0.4906  time: 0.1093  data_time: 0.0019  lr: 0.0025974  max_mem: 1830M
[32m[11/11 15:36:17 d2.utils.events]: [0m eta: 0:08:32  iter: 279  total_loss: 1.771  loss_cls: 0.2606  loss_box_reg: 0.3961  loss_mask: 0.3661  loss_rpn_cls: 0.2313  loss_rpn_loc: 0.446  time: 0.1093  data_time: 0.0018  lr: 0.0027972  max_mem: 1830M
[32m[11/11 15:36:19 d2.utils.events]: [0m eta: 0:08:31  iter: 299  total_loss: 1.772  loss_cls: 0.2692  loss_box_reg: 0.5017  loss_mask: 0.3411  loss_rpn_cls: 0.2424  loss_rpn_loc: 0.4156  time: 0.1095  data_time: 0.0017  lr: 0.002997  max_mem: 1830M
[32m[11/11 15:36:22 d2.utils.events]: [0m eta: 0:08:30  iter: 319  total_loss: 1.682  loss_cls: 0.2224  loss_box_reg: 0.4011  loss_mask: 0.3297  loss_rpn_cls: 0.2176  loss_rpn_loc: 0.4516  time: 0.1097  data_time: 0.0017  lr: 0.0031968  max_mem: 1830M
[32m[11/11 15:36:24 d2.utils.events]: [0m eta: 0:08:30  iter: 339  total_loss: 1.735  loss_cls: 0.2685  loss_box_reg: 0.4848  loss_mask: 0.3245  loss_rpn_cls: 0.2154  loss_rpn_loc: 0.4233  time: 0.1102  data_time: 0.0019  lr: 0.0033966  max_mem: 1830M
[32m[11/11 15:36:26 d2.utils.events]: [0m eta: 0:08:34  iter: 359  total_loss: 1.701  loss_cls: 0.2695  loss_box_reg: 0.4628  loss_mask: 0.3179  loss_rpn_cls: 0.1929  loss_rpn_loc: 0.4197  time: 0.1106  data_time: 0.0019  lr: 0.0035964  max_mem: 1830M
[32m[11/11 15:36:29 d2.utils.events]: [0m eta: 0:08:31  iter: 379  total_loss: 1.713  loss_cls: 0.2639  loss_box_reg: 0.4168  loss_mask: 0.3081  loss_rpn_cls: 0.2462  loss_rpn_loc: 0.4853  time: 0.1105  data_time: 0.0016  lr: 0.0037962  max_mem: 1830M
[32m[11/11 15:36:31 d2.utils.events]: [0m eta: 0:08:30  iter: 399  total_loss: 1.742  loss_cls: 0.2588  loss_box_reg: 0.5185  loss_mask: 0.3126  loss_rpn_cls: 0.2035  loss_rpn_loc: 0.4305  time: 0.1106  data_time: 0.0015  lr: 0.003996  max_mem: 1830M
[32m[11/11 15:36:33 d2.utils.events]: [0m eta: 0:08:29  iter: 419  total_loss: 1.648  loss_cls: 0.2602  loss_box_reg: 0.4671  loss_mask: 0.2923  loss_rpn_cls: 0.2084  loss_rpn_loc: 0.4153  time: 0.1109  data_time: 0.0018  lr: 0.0041958  max_mem: 1830M
[32m[11/11 15:36:35 d2.utils.events]: [0m eta: 0:08:27  iter: 439  total_loss: 1.651  loss_cls: 0.2476  loss_box_reg: 0.4862  loss_mask: 0.2962  loss_rpn_cls: 0.2011  loss_rpn_loc: 0.3959  time: 0.1110  data_time: 0.0018  lr: 0.0043956  max_mem: 1830M
[32m[11/11 15:36:38 d2.utils.events]: [0m eta: 0:08:24  iter: 459  total_loss: 1.682  loss_cls: 0.2554  loss_box_reg: 0.4831  loss_mask: 0.288  loss_rpn_cls: 0.2162  loss_rpn_loc: 0.3771  time: 0.1110  data_time: 0.0016  lr: 0.0045954  max_mem: 1830M
[32m[11/11 15:36:40 d2.utils.events]: [0m eta: 0:08:24  iter: 479  total_loss: 1.623  loss_cls: 0.2945  loss_box_reg: 0.482  loss_mask: 0.2769  loss_rpn_cls: 0.1881  loss_rpn_loc: 0.375  time: 0.1114  data_time: 0.0017  lr: 0.0047952  max_mem: 1830M
[32m[11/11 15:36:42 d2.utils.events]: [0m eta: 0:08:22  iter: 499  total_loss: 1.668  loss_cls: 0.255  loss_box_reg: 0.4576  loss_mask: 0.2874  loss_rpn_cls: 0.2291  loss_rpn_loc: 0.4338  time: 0.1116  data_time: 0.0018  lr: 0.004995  max_mem: 1830M
[32m[11/11 15:36:45 d2.utils.events]: [0m eta: 0:08:21  iter: 519  total_loss: 1.772  loss_cls: 0.2643  loss_box_reg: 0.5103  loss_mask: 0.298  loss_rpn_cls: 0.2217  loss_rpn_loc: 0.4125  time: 0.1118  data_time: 0.0019  lr: 0.0051948  max_mem: 1830M
[32m[11/11 15:36:47 d2.utils.events]: [0m eta: 0:08:20  iter: 539  total_loss: 1.657  loss_cls: 0.2627  loss_box_reg: 0.5062  loss_mask: 0.2932  loss_rpn_cls: 0.2116  loss_rpn_loc: 0.3958  time: 0.1120  data_time: 0.0017  lr: 0.0053946  max_mem: 1830M
[32m[11/11 15:36:50 d2.utils.events]: [0m eta: 0:08:18  iter: 559  total_loss: 1.568  loss_cls: 0.2188  loss_box_reg: 0.4538  loss_mask: 0.2805  loss_rpn_cls: 0.195  loss_rpn_loc: 0.4054  time: 0.1122  data_time: 0.0017  lr: 0.0055944  max_mem: 1830M
[32m[11/11 15:36:52 d2.utils.events]: [0m eta: 0:08:17  iter: 579  total_loss: 1.554  loss_cls: 0.22  loss_box_reg: 0.4534  loss_mask: 0.2622  loss_rpn_cls: 0.1899  loss_rpn_loc: 0.3967  time: 0.1123  data_time: 0.0018  lr: 0.0057942  max_mem: 1830M
[32m[11/11 15:36:54 d2.utils.events]: [0m eta: 0:08:15  iter: 599  total_loss: 1.575  loss_cls: 0.2589  loss_box_reg: 0.4564  loss_mask: 0.2704  loss_rpn_cls: 0.1797  loss_rpn_loc: 0.3949  time: 0.1123  data_time: 0.0017  lr: 0.005994  max_mem: 1830M
[32m[11/11 15:36:56 d2.utils.events]: [0m eta: 0:08:13  iter: 619  total_loss: 1.608  loss_cls: 0.2667  loss_box_reg: 0.4789  loss_mask: 0.2694  loss_rpn_cls: 0.2053  loss_rpn_loc: 0.4073  time: 0.1123  data_time: 0.0017  lr: 0.0061938  max_mem: 1830M
[32m[11/11 15:36:59 d2.utils.events]: [0m eta: 0:08:11  iter: 639  total_loss: 1.548  loss_cls: 0.2257  loss_box_reg: 0.4482  loss_mask: 0.2573  loss_rpn_cls: 0.1832  loss_rpn_loc: 0.4067  time: 0.1122  data_time: 0.0018  lr: 0.0063936  max_mem: 1830M
[32m[11/11 15:37:01 d2.utils.events]: [0m eta: 0:08:08  iter: 659  total_loss: 1.593  loss_cls: 0.2403  loss_box_reg: 0.4398  loss_mask: 0.2697  loss_rpn_cls: 0.1915  loss_rpn_loc: 0.4378  time: 0.1122  data_time: 0.0018  lr: 0.0065934  max_mem: 1830M
[32m[11/11 15:37:03 d2.utils.events]: [0m eta: 0:08:06  iter: 679  total_loss: 1.551  loss_cls: 0.225  loss_box_reg: 0.4903  loss_mask: 0.2747  loss_rpn_cls: 0.1742  loss_rpn_loc: 0.4075  time: 0.1122  data_time: 0.0017  lr: 0.0067932  max_mem: 1830M
[32m[11/11 15:37:05 d2.utils.events]: [0m eta: 0:08:04  iter: 699  total_loss: 1.577  loss_cls: 0.2202  loss_box_reg: 0.4723  loss_mask: 0.2783  loss_rpn_cls: 0.1613  loss_rpn_loc: 0.4128  time: 0.1122  data_time: 0.0018  lr: 0.006993  max_mem: 1830M
[32m[11/11 15:37:08 d2.utils.events]: [0m eta: 0:08:02  iter: 719  total_loss: 1.509  loss_cls: 0.239  loss_box_reg: 0.436  loss_mask: 0.2409  loss_rpn_cls: 0.1853  loss_rpn_loc: 0.3963  time: 0.1123  data_time: 0.0018  lr: 0.0071928  max_mem: 1830M
[32m[11/11 15:37:10 d2.utils.events]: [0m eta: 0:08:00  iter: 739  total_loss: 1.457  loss_cls: 0.1863  loss_box_reg: 0.4029  loss_mask: 0.2495  loss_rpn_cls: 0.1786  loss_rpn_loc: 0.4212  time: 0.1123  data_time: 0.0018  lr: 0.0073926  max_mem: 1830M
[32m[11/11 15:37:12 d2.utils.events]: [0m eta: 0:07:57  iter: 759  total_loss: 1.512  loss_cls: 0.2213  loss_box_reg: 0.467  loss_mask: 0.2414  loss_rpn_cls: 0.1906  loss_rpn_loc: 0.3888  time: 0.1124  data_time: 0.0018  lr: 0.0075924  max_mem: 1830M
[32m[11/11 15:37:15 d2.utils.events]: [0m eta: 0:07:55  iter: 779  total_loss: 1.556  loss_cls: 0.2409  loss_box_reg: 0.4628  loss_mask: 0.2462  loss_rpn_cls: 0.1709  loss_rpn_loc: 0.4177  time: 0.1123  data_time: 0.0018  lr: 0.0077922  max_mem: 1830M
[32m[11/11 15:37:17 d2.utils.events]: [0m eta: 0:07:53  iter: 799  total_loss: 1.517  loss_cls: 0.2236  loss_box_reg: 0.468  loss_mask: 0.2542  loss_rpn_cls: 0.1674  loss_rpn_loc: 0.395  time: 0.1123  data_time: 0.0018  lr: 0.007992  max_mem: 1830M
[32m[11/11 15:37:19 d2.utils.events]: [0m eta: 0:07:51  iter: 819  total_loss: 1.485  loss_cls: 0.2138  loss_box_reg: 0.4404  loss_mask: 0.2511  loss_rpn_cls: 0.1653  loss_rpn_loc: 0.4138  time: 0.1124  data_time: 0.0018  lr: 0.0081918  max_mem: 1830M
[32m[11/11 15:37:22 d2.utils.events]: [0m eta: 0:07:49  iter: 839  total_loss: 1.399  loss_cls: 0.1936  loss_box_reg: 0.4448  loss_mask: 0.2329  loss_rpn_cls: 0.1321  loss_rpn_loc: 0.3774  time: 0.1126  data_time: 0.0017  lr: 0.0083916  max_mem: 1830M
[32m[11/11 15:37:24 d2.utils.events]: [0m eta: 0:07:47  iter: 859  total_loss: 1.406  loss_cls: 0.2209  loss_box_reg: 0.488  loss_mask: 0.23  loss_rpn_cls: 0.1567  loss_rpn_loc: 0.3599  time: 0.1129  data_time: 0.0018  lr: 0.0085914  max_mem: 1830M
[32m[11/11 15:37:26 d2.utils.events]: [0m eta: 0:07:45  iter: 879  total_loss: 1.51  loss_cls: 0.2357  loss_box_reg: 0.4956  loss_mask: 0.2419  loss_rpn_cls: 0.1542  loss_rpn_loc: 0.3658  time: 0.1130  data_time: 0.0017  lr: 0.0087912  max_mem: 1830M
[32m[11/11 15:37:29 d2.utils.events]: [0m eta: 0:07:43  iter: 899  total_loss: 1.476  loss_cls: 0.2214  loss_box_reg: 0.4953  loss_mask: 0.2529  loss_rpn_cls: 0.1758  loss_rpn_loc: 0.3821  time: 0.1129  data_time: 0.0018  lr: 0.008991  max_mem: 1830M
[32m[11/11 15:37:31 d2.utils.events]: [0m eta: 0:07:40  iter: 919  total_loss: 1.485  loss_cls: 0.2486  loss_box_reg: 0.4874  loss_mask: 0.2418  loss_rpn_cls: 0.1513  loss_rpn_loc: 0.3727  time: 0.1129  data_time: 0.0017  lr: 0.0091908  max_mem: 1830M
[32m[11/11 15:37:33 d2.utils.events]: [0m eta: 0:07:38  iter: 939  total_loss: 1.456  loss_cls: 0.1952  loss_box_reg: 0.3719  loss_mask: 0.239  loss_rpn_cls: 0.1945  loss_rpn_loc: 0.3884  time: 0.1129  data_time: 0.0016  lr: 0.0093906  max_mem: 1830M
[32m[11/11 15:37:36 d2.utils.events]: [0m eta: 0:07:36  iter: 959  total_loss: 1.531  loss_cls: 0.2238  loss_box_reg: 0.403  loss_mask: 0.2291  loss_rpn_cls: 0.2151  loss_rpn_loc: 0.4317  time: 0.1129  data_time: 0.0017  lr: 0.0095904  max_mem: 1830M
[32m[11/11 15:37:38 d2.utils.events]: [0m eta: 0:07:34  iter: 979  total_loss: 1.449  loss_cls: 0.2208  loss_box_reg: 0.4645  loss_mask: 0.2528  loss_rpn_cls: 0.1558  loss_rpn_loc: 0.3929  time: 0.1130  data_time: 0.0017  lr: 0.0097902  max_mem: 1830M
[32m[11/11 15:37:40 d2.utils.events]: [0m eta: 0:07:32  iter: 999  total_loss: 1.401  loss_cls: 0.2088  loss_box_reg: 0.4581  loss_mask: 0.2394  loss_rpn_cls: 0.1283  loss_rpn_loc: 0.3567  time: 0.1130  data_time: 0.0018  lr: 0.00999  max_mem: 1830M
[32m[11/11 15:37:42 d2.utils.events]: [0m eta: 0:07:30  iter: 1019  total_loss: 1.436  loss_cls: 0.2247  loss_box_reg: 0.4443  loss_mask: 0.2313  loss_rpn_cls: 0.1502  loss_rpn_loc: 0.3883  time: 0.1130  data_time: 0.0017  lr: 0.01  max_mem: 1830M
[32m[11/11 15:37:45 d2.utils.events]: [0m eta: 0:07:29  iter: 1039  total_loss: 1.47  loss_cls: 0.2116  loss_box_reg: 0.4427  loss_mask: 0.2521  loss_rpn_cls: 0.1404  loss_rpn_loc: 0.3957  time: 0.1130  data_time: 0.0018  lr: 0.01  max_mem: 1830M
[32m[11/11 15:37:47 d2.utils.events]: [0m eta: 0:07:26  iter: 1059  total_loss: 1.401  loss_cls: 0.1922  loss_box_reg: 0.4062  loss_mask: 0.2277  loss_rpn_cls: 0.1643  loss_rpn_loc: 0.377  time: 0.1130  data_time: 0.0018  lr: 0.01  max_mem: 1830M
[32m[11/11 15:37:49 d2.utils.events]: [0m eta: 0:07:24  iter: 1079  total_loss: 1.4  loss_cls: 0.1968  loss_box_reg: 0.4181  loss_mask: 0.2413  loss_rpn_cls: 0.1724  loss_rpn_loc: 0.379  time: 0.1129  data_time: 0.0018  lr: 0.01  max_mem: 1830M
[32m[11/11 15:37:52 d2.utils.events]: [0m eta: 0:07:23  iter: 1099  total_loss: 1.431  loss_cls: 0.2427  loss_box_reg: 0.4508  loss_mask: 0.223  loss_rpn_cls: 0.1554  loss_rpn_loc: 0.3848  time: 0.1130  data_time: 0.0019  lr: 0.01  max_mem: 1830M
[32m[11/11 15:37:54 d2.utils.events]: [0m eta: 0:07:21  iter: 1119  total_loss: 1.387  loss_cls: 0.2013  loss_box_reg: 0.4347  loss_mask: 0.228  loss_rpn_cls: 0.1315  loss_rpn_loc: 0.3762  time: 0.1130  data_time: 0.0018  lr: 0.01  max_mem: 1830M
[32m[11/11 15:37:56 d2.utils.events]: [0m eta: 0:07:20  iter: 1139  total_loss: 1.453  loss_cls: 0.2308  loss_box_reg: 0.4561  loss_mask: 0.2341  loss_rpn_cls: 0.1432  loss_rpn_loc: 0.3603  time: 0.1131  data_time: 0.0018  lr: 0.01  max_mem: 1830M
[32m[11/11 15:37:58 d2.utils.events]: [0m eta: 0:07:17  iter: 1159  total_loss: 1.495  loss_cls: 0.2296  loss_box_reg: 0.4692  loss_mask: 0.2172  loss_rpn_cls: 0.2224  loss_rpn_loc: 0.3752  time: 0.1130  data_time: 0.0017  lr: 0.01  max_mem: 1830M
[32m[11/11 15:38:01 d2.utils.events]: [0m eta: 0:07:15  iter: 1179  total_loss: 1.478  loss_cls: 0.226  loss_box_reg: 0.4639  loss_mask: 0.2286  loss_rpn_cls: 0.1632  loss_rpn_loc: 0.3846  time: 0.1129  data_time: 0.0018  lr: 0.01  max_mem: 1830M
[32m[11/11 15:38:03 d2.utils.events]: [0m eta: 0:07:12  iter: 1199  total_loss: 1.491  loss_cls: 0.2309  loss_box_reg: 0.4142  loss_mask: 0.2254  loss_rpn_cls: 0.1694  loss_rpn_loc: 0.3856  time: 0.1129  data_time: 0.0016  lr: 0.01  max_mem: 1830M
[32m[11/11 15:38:05 d2.utils.events]: [0m eta: 0:07:10  iter: 1219  total_loss: 1.379  loss_cls: 0.2039  loss_box_reg: 0.4275  loss_mask: 0.2213  loss_rpn_cls: 0.1483  loss_rpn_loc: 0.3643  time: 0.1129  data_time: 0.0016  lr: 0.01  max_mem: 1830M
[32m[11/11 15:38:08 d2.utils.events]: [0m eta: 0:07:08  iter: 1239  total_loss: 1.378  loss_cls: 0.1904  loss_box_reg: 0.4183  loss_mask: 0.2265  loss_rpn_cls: 0.1368  loss_rpn_loc: 0.3562  time: 0.1130  data_time: 0.0017  lr: 0.01  max_mem: 1830M
[32m[11/11 15:38:10 d2.utils.events]: [0m eta: 0:07:06  iter: 1259  total_loss: 1.382  loss_cls: 0.2158  loss_box_reg: 0.47  loss_mask: 0.2136  loss_rpn_cls: 0.1249  loss_rpn_loc: 0.3422  time: 0.1130  data_time: 0.0017  lr: 0.01  max_mem: 1830M
[32m[11/11 15:38:12 d2.utils.events]: [0m eta: 0:07:05  iter: 1279  total_loss: 1.367  loss_cls: 0.1988  loss_box_reg: 0.4458  loss_mask: 0.2236  loss_rpn_cls: 0.1504  loss_rpn_loc: 0.3449  time: 0.1130  data_time: 0.0018  lr: 0.01  max_mem: 1830M
[32m[11/11 15:38:15 d2.utils.events]: [0m eta: 0:07:02  iter: 1299  total_loss: 1.356  loss_cls: 0.2136  loss_box_reg: 0.4388  loss_mask: 0.2298  loss_rpn_cls: 0.1356  loss_rpn_loc: 0.3568  time: 0.1131  data_time: 0.0016  lr: 0.01  max_mem: 1830M
[32m[11/11 15:38:17 d2.utils.events]: [0m eta: 0:07:00  iter: 1319  total_loss: 1.342  loss_cls: 0.2101  loss_box_reg: 0.426  loss_mask: 0.216  loss_rpn_cls: 0.1382  loss_rpn_loc: 0.3462  time: 0.1131  data_time: 0.0018  lr: 0.01  max_mem: 1830M
[32m[11/11 15:38:19 d2.utils.events]: [0m eta: 0:06:57  iter: 1339  total_loss: 1.382  loss_cls: 0.2264  loss_box_reg: 0.4406  loss_mask: 0.2079  loss_rpn_cls: 0.125  loss_rpn_loc: 0.3744  time: 0.1131  data_time: 0.0015  lr: 0.01  max_mem: 1830M
[32m[11/11 15:38:21 d2.utils.events]: [0m eta: 0:06:55  iter: 1359  total_loss: 1.299  loss_cls: 0.1848  loss_box_reg: 0.4284  loss_mask: 0.2251  loss_rpn_cls: 0.1162  loss_rpn_loc: 0.3453  time: 0.1131  data_time: 0.0018  lr: 0.01  max_mem: 1830M
[32m[11/11 15:38:24 d2.utils.events]: [0m eta: 0:06:53  iter: 1379  total_loss: 1.376  loss_cls: 0.2261  loss_box_reg: 0.4599  loss_mask: 0.2094  loss_rpn_cls: 0.1335  loss_rpn_loc: 0.3147  time: 0.1131  data_time: 0.0016  lr: 0.01  max_mem: 1830M
[32m[11/11 15:38:26 d2.utils.events]: [0m eta: 0:06:51  iter: 1399  total_loss: 1.301  loss_cls: 0.2262  loss_box_reg: 0.4475  loss_mask: 0.2252  loss_rpn_cls: 0.108  loss_rpn_loc: 0.3077  time: 0.1132  data_time: 0.0017  lr: 0.01  max_mem: 1830M
[32m[11/11 15:38:28 d2.utils.events]: [0m eta: 0:06:48  iter: 1419  total_loss: 1.364  loss_cls: 0.2148  loss_box_reg: 0.4468  loss_mask: 0.2141  loss_rpn_cls: 0.1334  loss_rpn_loc: 0.3498  time: 0.1132  data_time: 0.0017  lr: 0.01  max_mem: 1830M
[32m[11/11 15:38:31 d2.utils.events]: [0m eta: 0:06:46  iter: 1439  total_loss: 1.368  loss_cls: 0.2264  loss_box_reg: 0.4782  loss_mask: 0.2031  loss_rpn_cls: 0.1234  loss_rpn_loc: 0.342  time: 0.1132  data_time: 0.0016  lr: 0.01  max_mem: 1830M
[32m[11/11 15:38:33 d2.utils.events]: [0m eta: 0:06:44  iter: 1459  total_loss: 1.351  loss_cls: 0.2034  loss_box_reg: 0.4288  loss_mask: 0.2126  loss_rpn_cls: 0.1135  loss_rpn_loc: 0.3801  time: 0.1132  data_time: 0.0017  lr: 0.01  max_mem: 1830M
[32m[11/11 15:38:35 d2.utils.events]: [0m eta: 0:06:42  iter: 1479  total_loss: 1.316  loss_cls: 0.1945  loss_box_reg: 0.445  loss_mask: 0.2027  loss_rpn_cls: 0.1088  loss_rpn_loc: 0.352  time: 0.1132  data_time: 0.0017  lr: 0.01  max_mem: 1830M
[32m[11/11 15:38:38 d2.utils.events]: [0m eta: 0:06:40  iter: 1499  total_loss: 1.334  loss_cls: 0.1932  loss_box_reg: 0.4051  loss_mask: 0.2056  loss_rpn_cls: 0.1396  loss_rpn_loc: 0.3498  time: 0.1133  data_time: 0.0016  lr: 0.01  max_mem: 1830M
[32m[11/11 15:38:40 d2.utils.events]: [0m eta: 0:06:37  iter: 1519  total_loss: 1.401  loss_cls: 0.2228  loss_box_reg: 0.4307  loss_mask: 0.2207  loss_rpn_cls: 0.1419  loss_rpn_loc: 0.3637  time: 0.1133  data_time: 0.0018  lr: 0.01  max_mem: 1830M
[32m[11/11 15:38:42 d2.utils.events]: [0m eta: 0:06:35  iter: 1539  total_loss: 1.305  loss_cls: 0.2272  loss_box_reg: 0.4411  loss_mask: 0.2153  loss_rpn_cls: 0.1415  loss_rpn_loc: 0.3437  time: 0.1132  data_time: 0.0018  lr: 0.01  max_mem: 1830M
[32m[11/11 15:38:45 d2.utils.events]: [0m eta: 0:06:33  iter: 1559  total_loss: 1.281  loss_cls: 0.1984  loss_box_reg: 0.4348  loss_mask: 0.2031  loss_rpn_cls: 0.1125  loss_rpn_loc: 0.3429  time: 0.1134  data_time: 0.0018  lr: 0.01  max_mem: 1830M
[32m[11/11 15:38:47 d2.utils.events]: [0m eta: 0:06:30  iter: 1579  total_loss: 1.345  loss_cls: 0.1948  loss_box_reg: 0.4018  loss_mask: 0.2018  loss_rpn_cls: 0.1607  loss_rpn_loc: 0.3366  time: 0.1134  data_time: 0.0016  lr: 0.01  max_mem: 1830M
[32m[11/11 15:38:49 d2.utils.events]: [0m eta: 0:06:28  iter: 1599  total_loss: 1.254  loss_cls: 0.1863  loss_box_reg: 0.3985  loss_mask: 0.1969  loss_rpn_cls: 0.1391  loss_rpn_loc: 0.3334  time: 0.1134  data_time: 0.0017  lr: 0.01  max_mem: 1830M
[32m[11/11 15:38:52 d2.utils.events]: [0m eta: 0:06:25  iter: 1619  total_loss: 1.306  loss_cls: 0.2035  loss_box_reg: 0.4251  loss_mask: 0.206  loss_rpn_cls: 0.1463  loss_rpn_loc: 0.3285  time: 0.1133  data_time: 0.0017  lr: 0.01  max_mem: 1830M
[32m[11/11 15:38:54 d2.utils.events]: [0m eta: 0:06:24  iter: 1639  total_loss: 1.302  loss_cls: 0.2037  loss_box_reg: 0.4062  loss_mask: 0.2179  loss_rpn_cls: 0.1465  loss_rpn_loc: 0.3272  time: 0.1133  data_time: 0.0017  lr: 0.01  max_mem: 1830M
[32m[11/11 15:38:56 d2.utils.events]: [0m eta: 0:06:21  iter: 1659  total_loss: 1.233  loss_cls: 0.2066  loss_box_reg: 0.4259  loss_mask: 0.2054  loss_rpn_cls: 0.103  loss_rpn_loc: 0.3058  time: 0.1134  data_time: 0.0016  lr: 0.01  max_mem: 1830M
[32m[11/11 15:38:58 d2.utils.events]: [0m eta: 0:06:19  iter: 1679  total_loss: 1.264  loss_cls: 0.216  loss_box_reg: 0.4527  loss_mask: 0.2008  loss_rpn_cls: 0.1099  loss_rpn_loc: 0.332  time: 0.1134  data_time: 0.0017  lr: 0.01  max_mem: 1830M
[32m[11/11 15:39:01 d2.utils.events]: [0m eta: 0:06:17  iter: 1699  total_loss: 1.247  loss_cls: 0.2013  loss_box_reg: 0.4392  loss_mask: 0.2029  loss_rpn_cls: 0.1189  loss_rpn_loc: 0.3001  time: 0.1134  data_time: 0.0018  lr: 0.01  max_mem: 1830M
[32m[11/11 15:39:03 d2.utils.events]: [0m eta: 0:06:15  iter: 1719  total_loss: 1.285  loss_cls: 0.1911  loss_box_reg: 0.4017  loss_mask: 0.2025  loss_rpn_cls: 0.1331  loss_rpn_loc: 0.3143  time: 0.1134  data_time: 0.0018  lr: 0.01  max_mem: 1830M
[32m[11/11 15:39:05 d2.utils.events]: [0m eta: 0:06:13  iter: 1739  total_loss: 1.229  loss_cls: 0.1997  loss_box_reg: 0.4362  loss_mask: 0.1955  loss_rpn_cls: 0.1031  loss_rpn_loc: 0.3049  time: 0.1134  data_time: 0.0017  lr: 0.01  max_mem: 1830M
[32m[11/11 15:39:08 d2.utils.events]: [0m eta: 0:06:10  iter: 1759  total_loss: 1.225  loss_cls: 0.1925  loss_box_reg: 0.4234  loss_mask: 0.1972  loss_rpn_cls: 0.1139  loss_rpn_loc: 0.2961  time: 0.1134  data_time: 0.0017  lr: 0.01  max_mem: 1830M
[32m[11/11 15:39:10 d2.utils.events]: [0m eta: 0:06:09  iter: 1779  total_loss: 1.283  loss_cls: 0.1961  loss_box_reg: 0.4122  loss_mask: 0.2092  loss_rpn_cls: 0.1019  loss_rpn_loc: 0.3348  time: 0.1134  data_time: 0.0017  lr: 0.01  max_mem: 1830M
[32m[11/11 15:39:12 d2.utils.events]: [0m eta: 0:06:06  iter: 1799  total_loss: 1.281  loss_cls: 0.1952  loss_box_reg: 0.4274  loss_mask: 0.2047  loss_rpn_cls: 0.123  loss_rpn_loc: 0.33  time: 0.1134  data_time: 0.0014  lr: 0.01  max_mem: 1830M
[32m[11/11 15:39:14 d2.utils.events]: [0m eta: 0:06:04  iter: 1819  total_loss: 1.254  loss_cls: 0.1931  loss_box_reg: 0.4051  loss_mask: 0.2037  loss_rpn_cls: 0.1119  loss_rpn_loc: 0.3241  time: 0.1134  data_time: 0.0017  lr: 0.01  max_mem: 1830M
[32m[11/11 15:39:17 d2.utils.events]: [0m eta: 0:06:02  iter: 1839  total_loss: 1.348  loss_cls: 0.1896  loss_box_reg: 0.4356  loss_mask: 0.2037  loss_rpn_cls: 0.1256  loss_rpn_loc: 0.3379  time: 0.1134  data_time: 0.0018  lr: 0.01  max_mem: 1830M
[32m[11/11 15:39:19 d2.utils.events]: [0m eta: 0:05:59  iter: 1859  total_loss: 1.172  loss_cls: 0.1616  loss_box_reg: 0.3915  loss_mask: 0.1886  loss_rpn_cls: 0.08272  loss_rpn_loc: 0.2995  time: 0.1134  data_time: 0.0017  lr: 0.01  max_mem: 1830M
[32m[11/11 15:39:22 d2.utils.events]: [0m eta: 0:05:57  iter: 1879  total_loss: 1.198  loss_cls: 0.1785  loss_box_reg: 0.4071  loss_mask: 0.1975  loss_rpn_cls: 0.09571  loss_rpn_loc: 0.2905  time: 0.1135  data_time: 0.0018  lr: 0.01  max_mem: 1830M
[32m[11/11 15:39:24 d2.utils.events]: [0m eta: 0:05:55  iter: 1899  total_loss: 1.167  loss_cls: 0.1851  loss_box_reg: 0.3997  loss_mask: 0.1886  loss_rpn_cls: 0.1121  loss_rpn_loc: 0.2934  time: 0.1135  data_time: 0.0016  lr: 0.01  max_mem: 1830M
[32m[11/11 15:39:26 d2.utils.events]: [0m eta: 0:05:52  iter: 1919  total_loss: 1.212  loss_cls: 0.2092  loss_box_reg: 0.3897  loss_mask: 0.1816  loss_rpn_cls: 0.1022  loss_rpn_loc: 0.2954  time: 0.1135  data_time: 0.0018  lr: 0.01  max_mem: 1830M
[32m[11/11 15:39:28 d2.utils.events]: [0m eta: 0:05:50  iter: 1939  total_loss: 1.173  loss_cls: 0.1858  loss_box_reg: 0.399  loss_mask: 0.1888  loss_rpn_cls: 0.1303  loss_rpn_loc: 0.2986  time: 0.1134  data_time: 0.0017  lr: 0.01  max_mem: 1830M
[32m[11/11 15:39:31 d2.utils.events]: [0m eta: 0:05:48  iter: 1959  total_loss: 1.19  loss_cls: 0.1806  loss_box_reg: 0.4035  loss_mask: 0.1905  loss_rpn_cls: 0.09379  loss_rpn_loc: 0.2902  time: 0.1134  data_time: 0.0018  lr: 0.01  max_mem: 1830M
[32m[11/11 15:39:33 d2.utils.events]: [0m eta: 0:05:46  iter: 1979  total_loss: 1.234  loss_cls: 0.1904  loss_box_reg: 0.4106  loss_mask: 0.209  loss_rpn_cls: 0.133  loss_rpn_loc: 0.3094  time: 0.1135  data_time: 0.0018  lr: 0.01  max_mem: 1830M
[32m[11/11 15:39:35 d2.utils.events]: [0m eta: 0:05:44  iter: 1999  total_loss: 1.208  loss_cls: 0.2041  loss_box_reg: 0.4103  loss_mask: 0.1894  loss_rpn_cls: 0.104  loss_rpn_loc: 0.3087  time: 0.1135  data_time: 0.0018  lr: 0.01  max_mem: 1830M
[32m[11/11 15:39:38 d2.utils.events]: [0m eta: 0:05:41  iter: 2019  total_loss: 1.259  loss_cls: 0.1926  loss_box_reg: 0.4115  loss_mask: 0.1915  loss_rpn_cls: 0.1183  loss_rpn_loc: 0.3307  time: 0.1135  data_time: 0.0017  lr: 0.01  max_mem: 1830M
[32m[11/11 15:39:40 d2.utils.events]: [0m eta: 0:05:39  iter: 2039  total_loss: 1.292  loss_cls: 0.1874  loss_box_reg: 0.398  loss_mask: 0.2058  loss_rpn_cls: 0.1305  loss_rpn_loc: 0.3263  time: 0.1136  data_time: 0.0018  lr: 0.01  max_mem: 1830M
[32m[11/11 15:39:42 d2.utils.events]: [0m eta: 0:05:37  iter: 2059  total_loss: 1.167  loss_cls: 0.1843  loss_box_reg: 0.3904  loss_mask: 0.1837  loss_rpn_cls: 0.1187  loss_rpn_loc: 0.2963  time: 0.1136  data_time: 0.0017  lr: 0.01  max_mem: 1830M
[32m[11/11 15:39:45 d2.utils.events]: [0m eta: 0:05:36  iter: 2079  total_loss: 1.163  loss_cls: 0.1733  loss_box_reg: 0.4005  loss_mask: 0.2045  loss_rpn_cls: 0.08396  loss_rpn_loc: 0.2806  time: 0.1136  data_time: 0.0017  lr: 0.01  max_mem: 1830M
[32m[11/11 15:39:47 d2.utils.events]: [0m eta: 0:05:33  iter: 2099  total_loss: 1.125  loss_cls: 0.1667  loss_box_reg: 0.3872  loss_mask: 0.1914  loss_rpn_cls: 0.09743  loss_rpn_loc: 0.3149  time: 0.1137  data_time: 0.0018  lr: 0.01  max_mem: 1830M
[32m[11/11 15:39:49 d2.utils.events]: [0m eta: 0:05:30  iter: 2119  total_loss: 1.133  loss_cls: 0.1865  loss_box_reg: 0.3838  loss_mask: 0.1866  loss_rpn_cls: 0.08003  loss_rpn_loc: 0.2913  time: 0.1137  data_time: 0.0018  lr: 0.01  max_mem: 1830M
[32m[11/11 15:39:52 d2.utils.events]: [0m eta: 0:05:28  iter: 2139  total_loss: 1.123  loss_cls: 0.17  loss_box_reg: 0.3842  loss_mask: 0.1883  loss_rpn_cls: 0.09117  loss_rpn_loc: 0.3086  time: 0.1136  data_time: 0.0017  lr: 0.01  max_mem: 1830M
[32m[11/11 15:39:54 d2.utils.events]: [0m eta: 0:05:25  iter: 2159  total_loss: 1.218  loss_cls: 0.1892  loss_box_reg: 0.3938  loss_mask: 0.1928  loss_rpn_cls: 0.1301  loss_rpn_loc: 0.2941  time: 0.1136  data_time: 0.0017  lr: 0.01  max_mem: 1830M
[32m[11/11 15:39:56 d2.utils.events]: [0m eta: 0:05:23  iter: 2179  total_loss: 1.094  loss_cls: 0.1791  loss_box_reg: 0.3946  loss_mask: 0.1835  loss_rpn_cls: 0.08682  loss_rpn_loc: 0.2836  time: 0.1136  data_time: 0.0017  lr: 0.01  max_mem: 1830M
[32m[11/11 15:39:58 d2.utils.events]: [0m eta: 0:05:21  iter: 2199  total_loss: 1.154  loss_cls: 0.1751  loss_box_reg: 0.3908  loss_mask: 0.2005  loss_rpn_cls: 0.08811  loss_rpn_loc: 0.2953  time: 0.1136  data_time: 0.0018  lr: 0.01  max_mem: 1830M
[32m[11/11 15:40:01 d2.utils.events]: [0m eta: 0:05:19  iter: 2219  total_loss: 1.14  loss_cls: 0.1986  loss_box_reg: 0.3881  loss_mask: 0.1893  loss_rpn_cls: 0.08328  loss_rpn_loc: 0.2886  time: 0.1136  data_time: 0.0018  lr: 0.01  max_mem: 1830M
[32m[11/11 15:40:03 d2.utils.events]: [0m eta: 0:05:16  iter: 2239  total_loss: 1.145  loss_cls: 0.1669  loss_box_reg: 0.3898  loss_mask: 0.1793  loss_rpn_cls: 0.1019  loss_rpn_loc: 0.2936  time: 0.1136  data_time: 0.0020  lr: 0.01  max_mem: 1830M
[32m[11/11 15:40:05 d2.utils.events]: [0m eta: 0:05:14  iter: 2259  total_loss: 1.144  loss_cls: 0.1729  loss_box_reg: 0.3852  loss_mask: 0.1881  loss_rpn_cls: 0.1092  loss_rpn_loc: 0.3034  time: 0.1136  data_time: 0.0016  lr: 0.01  max_mem: 1830M
[32m[11/11 15:40:08 d2.utils.events]: [0m eta: 0:05:12  iter: 2279  total_loss: 1.145  loss_cls: 0.167  loss_box_reg: 0.3947  loss_mask: 0.1823  loss_rpn_cls: 0.09973  loss_rpn_loc: 0.2843  time: 0.1136  data_time: 0.0016  lr: 0.01  max_mem: 1830M
[32m[11/11 15:40:10 d2.utils.events]: [0m eta: 0:05:09  iter: 2299  total_loss: 1.171  loss_cls: 0.177  loss_box_reg: 0.3767  loss_mask: 0.1781  loss_rpn_cls: 0.1049  loss_rpn_loc: 0.3032  time: 0.1136  data_time: 0.0017  lr: 0.01  max_mem: 1830M
[32m[11/11 15:40:12 d2.utils.events]: [0m eta: 0:05:07  iter: 2319  total_loss: 1.16  loss_cls: 0.1628  loss_box_reg: 0.3898  loss_mask: 0.1961  loss_rpn_cls: 0.1098  loss_rpn_loc: 0.2934  time: 0.1136  data_time: 0.0017  lr: 0.01  max_mem: 1830M
[32m[11/11 15:40:14 d2.utils.events]: [0m eta: 0:05:04  iter: 2339  total_loss: 1.082  loss_cls: 0.1684  loss_box_reg: 0.3541  loss_mask: 0.1909  loss_rpn_cls: 0.09637  loss_rpn_loc: 0.2717  time: 0.1135  data_time: 0.0017  lr: 0.01  max_mem: 1830M
[32m[11/11 15:40:17 d2.utils.events]: [0m eta: 0:05:02  iter: 2359  total_loss: 1.071  loss_cls: 0.1642  loss_box_reg: 0.3663  loss_mask: 0.1753  loss_rpn_cls: 0.08013  loss_rpn_loc: 0.2829  time: 0.1135  data_time: 0.0018  lr: 0.01  max_mem: 1830M
[32m[11/11 15:40:19 d2.utils.events]: [0m eta: 0:05:00  iter: 2379  total_loss: 1.126  loss_cls: 0.18  loss_box_reg: 0.3864  loss_mask: 0.1853  loss_rpn_cls: 0.1202  loss_rpn_loc: 0.2622  time: 0.1135  data_time: 0.0017  lr: 0.01  max_mem: 1830M
[32m[11/11 15:40:21 d2.utils.events]: [0m eta: 0:04:57  iter: 2399  total_loss: 1.097  loss_cls: 0.1746  loss_box_reg: 0.3822  loss_mask: 0.179  loss_rpn_cls: 0.09309  loss_rpn_loc: 0.2716  time: 0.1136  data_time: 0.0018  lr: 0.01  max_mem: 1830M
[32m[11/11 15:40:24 d2.utils.events]: [0m eta: 0:04:55  iter: 2419  total_loss: 1.087  loss_cls: 0.1699  loss_box_reg: 0.3748  loss_mask: 0.1714  loss_rpn_cls: 0.08681  loss_rpn_loc: 0.2633  time: 0.1136  data_time: 0.0018  lr: 0.01  max_mem: 1830M
[32m[11/11 15:40:26 d2.utils.events]: [0m eta: 0:04:53  iter: 2439  total_loss: 1.124  loss_cls: 0.1542  loss_box_reg: 0.3786  loss_mask: 0.177  loss_rpn_cls: 0.09558  loss_rpn_loc: 0.2914  time: 0.1135  data_time: 0.0017  lr: 0.01  max_mem: 1830M
[32m[11/11 15:40:28 d2.utils.events]: [0m eta: 0:04:51  iter: 2459  total_loss: 1.164  loss_cls: 0.1689  loss_box_reg: 0.3879  loss_mask: 0.2033  loss_rpn_cls: 0.1055  loss_rpn_loc: 0.3005  time: 0.1136  data_time: 0.0018  lr: 0.01  max_mem: 1830M
[32m[11/11 15:40:31 d2.utils.events]: [0m eta: 0:04:48  iter: 2479  total_loss: 1.154  loss_cls: 0.1598  loss_box_reg: 0.3724  loss_mask: 0.1833  loss_rpn_cls: 0.1016  loss_rpn_loc: 0.2827  time: 0.1135  data_time: 0.0015  lr: 0.01  max_mem: 1830M
[32m[11/11 15:40:33 d2.utils.events]: [0m eta: 0:04:45  iter: 2499  total_loss: 1.082  loss_cls: 0.1505  loss_box_reg: 0.3574  loss_mask: 0.1824  loss_rpn_cls: 0.09038  loss_rpn_loc: 0.2836  time: 0.1135  data_time: 0.0017  lr: 0.01  max_mem: 1830M
[32m[11/11 15:40:35 d2.utils.events]: [0m eta: 0:04:42  iter: 2519  total_loss: 1.131  loss_cls: 0.1634  loss_box_reg: 0.3842  loss_mask: 0.1938  loss_rpn_cls: 0.118  loss_rpn_loc: 0.3115  time: 0.1135  data_time: 0.0017  lr: 0.01  max_mem: 1830M
[32m[11/11 15:40:37 d2.utils.events]: [0m eta: 0:04:40  iter: 2539  total_loss: 1.108  loss_cls: 0.1905  loss_box_reg: 0.373  loss_mask: 0.1816  loss_rpn_cls: 0.1006  loss_rpn_loc: 0.2528  time: 0.1135  data_time: 0.0018  lr: 0.01  max_mem: 1830M
[32m[11/11 15:40:40 d2.utils.events]: [0m eta: 0:04:38  iter: 2559  total_loss: 1.096  loss_cls: 0.1624  loss_box_reg: 0.3679  loss_mask: 0.1796  loss_rpn_cls: 0.06854  loss_rpn_loc: 0.2781  time: 0.1135  data_time: 0.0018  lr: 0.01  max_mem: 1830M
[32m[11/11 15:40:42 d2.utils.events]: [0m eta: 0:04:35  iter: 2579  total_loss: 1.139  loss_cls: 0.1763  loss_box_reg: 0.3828  loss_mask: 0.1923  loss_rpn_cls: 0.08376  loss_rpn_loc: 0.2828  time: 0.1135  data_time: 0.0018  lr: 0.01  max_mem: 1830M
[32m[11/11 15:40:44 d2.utils.events]: [0m eta: 0:04:33  iter: 2599  total_loss: 1.152  loss_cls: 0.1637  loss_box_reg: 0.3532  loss_mask: 0.195  loss_rpn_cls: 0.1155  loss_rpn_loc: 0.327  time: 0.1135  data_time: 0.0017  lr: 0.01  max_mem: 1830M
[32m[11/11 15:40:47 d2.utils.events]: [0m eta: 0:04:31  iter: 2619  total_loss: 1.075  loss_cls: 0.173  loss_box_reg: 0.3526  loss_mask: 0.172  loss_rpn_cls: 0.1092  loss_rpn_loc: 0.2951  time: 0.1135  data_time: 0.0019  lr: 0.01  max_mem: 1830M
[32m[11/11 15:40:49 d2.utils.events]: [0m eta: 0:04:29  iter: 2639  total_loss: 1.092  loss_cls: 0.1506  loss_box_reg: 0.3847  loss_mask: 0.1751  loss_rpn_cls: 0.09926  loss_rpn_loc: 0.2787  time: 0.1135  data_time: 0.0030  lr: 0.01  max_mem: 1830M
[32m[11/11 15:40:51 d2.utils.events]: [0m eta: 0:04:26  iter: 2659  total_loss: 1.106  loss_cls: 0.1749  loss_box_reg: 0.3837  loss_mask: 0.177  loss_rpn_cls: 0.08905  loss_rpn_loc: 0.2843  time: 0.1135  data_time: 0.0019  lr: 0.01  max_mem: 1830M
[32m[11/11 15:40:54 d2.utils.events]: [0m eta: 0:04:24  iter: 2679  total_loss: 1.102  loss_cls: 0.1538  loss_box_reg: 0.3806  loss_mask: 0.1897  loss_rpn_cls: 0.09178  loss_rpn_loc: 0.2468  time: 0.1136  data_time: 0.0017  lr: 0.01  max_mem: 1830M
[32m[11/11 15:40:56 d2.utils.events]: [0m eta: 0:04:22  iter: 2699  total_loss: 0.9858  loss_cls: 0.151  loss_box_reg: 0.3466  loss_mask: 0.1722  loss_rpn_cls: 0.09093  loss_rpn_loc: 0.2606  time: 0.1135  data_time: 0.0017  lr: 0.01  max_mem: 1830M
[32m[11/11 15:40:58 d2.utils.events]: [0m eta: 0:04:19  iter: 2719  total_loss: 1.034  loss_cls: 0.1589  loss_box_reg: 0.3611  loss_mask: 0.1717  loss_rpn_cls: 0.09393  loss_rpn_loc: 0.2564  time: 0.1135  data_time: 0.0018  lr: 0.01  max_mem: 1830M
[32m[11/11 15:41:00 d2.utils.events]: [0m eta: 0:04:17  iter: 2739  total_loss: 0.9964  loss_cls: 0.144  loss_box_reg: 0.3395  loss_mask: 0.1722  loss_rpn_cls: 0.0756  loss_rpn_loc: 0.2726  time: 0.1135  data_time: 0.0018  lr: 0.01  max_mem: 1830M
[32m[11/11 15:41:03 d2.utils.events]: [0m eta: 0:04:14  iter: 2759  total_loss: 1.058  loss_cls: 0.1478  loss_box_reg: 0.3351  loss_mask: 0.1654  loss_rpn_cls: 0.1046  loss_rpn_loc: 0.3068  time: 0.1135  data_time: 0.0015  lr: 0.01  max_mem: 1830M
[32m[11/11 15:41:05 d2.utils.events]: [0m eta: 0:04:12  iter: 2779  total_loss: 1.067  loss_cls: 0.1437  loss_box_reg: 0.3579  loss_mask: 0.1758  loss_rpn_cls: 0.09534  loss_rpn_loc: 0.2866  time: 0.1135  data_time: 0.0018  lr: 0.01  max_mem: 1830M
[32m[11/11 15:41:07 d2.utils.events]: [0m eta: 0:04:10  iter: 2799  total_loss: 0.979  loss_cls: 0.1561  loss_box_reg: 0.3357  loss_mask: 0.1654  loss_rpn_cls: 0.0814  loss_rpn_loc: 0.2694  time: 0.1135  data_time: 0.0017  lr: 0.01  max_mem: 1830M
[32m[11/11 15:41:09 d2.utils.events]: [0m eta: 0:04:07  iter: 2819  total_loss: 1.024  loss_cls: 0.1526  loss_box_reg: 0.3547  loss_mask: 0.1699  loss_rpn_cls: 0.07624  loss_rpn_loc: 0.2611  time: 0.1135  data_time: 0.0018  lr: 0.01  max_mem: 1830M
[32m[11/11 15:41:12 d2.utils.events]: [0m eta: 0:04:05  iter: 2839  total_loss: 1.104  loss_cls: 0.1682  loss_box_reg: 0.3552  loss_mask: 0.1795  loss_rpn_cls: 0.08199  loss_rpn_loc: 0.2787  time: 0.1135  data_time: 0.0018  lr: 0.01  max_mem: 1830M
[32m[11/11 15:41:14 d2.utils.events]: [0m eta: 0:04:03  iter: 2859  total_loss: 0.9945  loss_cls: 0.1486  loss_box_reg: 0.3421  loss_mask: 0.1729  loss_rpn_cls: 0.08966  loss_rpn_loc: 0.2666  time: 0.1135  data_time: 0.0017  lr: 0.01  max_mem: 1830M
[32m[11/11 15:41:16 d2.utils.events]: [0m eta: 0:04:00  iter: 2879  total_loss: 1.057  loss_cls: 0.1499  loss_box_reg: 0.3562  loss_mask: 0.1758  loss_rpn_cls: 0.08636  loss_rpn_loc: 0.2809  time: 0.1135  data_time: 0.0019  lr: 0.01  max_mem: 1830M
[32m[11/11 15:41:19 d2.utils.events]: [0m eta: 0:03:58  iter: 2899  total_loss: 1.001  loss_cls: 0.137  loss_box_reg: 0.3251  loss_mask: 0.1785  loss_rpn_cls: 0.09194  loss_rpn_loc: 0.2725  time: 0.1135  data_time: 0.0017  lr: 0.01  max_mem: 1830M
[32m[11/11 15:41:21 d2.utils.events]: [0m eta: 0:03:56  iter: 2919  total_loss: 1.039  loss_cls: 0.1515  loss_box_reg: 0.362  loss_mask: 0.1778  loss_rpn_cls: 0.06289  loss_rpn_loc: 0.2717  time: 0.1135  data_time: 0.0020  lr: 0.01  max_mem: 1830M
[32m[11/11 15:41:23 d2.utils.events]: [0m eta: 0:03:54  iter: 2939  total_loss: 1.038  loss_cls: 0.1655  loss_box_reg: 0.36  loss_mask: 0.1745  loss_rpn_cls: 0.07653  loss_rpn_loc: 0.2481  time: 0.1135  data_time: 0.0017  lr: 0.01  max_mem: 1830M
[32m[11/11 15:41:26 d2.utils.events]: [0m eta: 0:03:51  iter: 2959  total_loss: 1.019  loss_cls: 0.1459  loss_box_reg: 0.3583  loss_mask: 0.1676  loss_rpn_cls: 0.08268  loss_rpn_loc: 0.2532  time: 0.1135  data_time: 0.0017  lr: 0.01  max_mem: 1830M
[32m[11/11 15:41:28 d2.utils.events]: [0m eta: 0:03:49  iter: 2979  total_loss: 1.023  loss_cls: 0.1573  loss_box_reg: 0.3497  loss_mask: 0.1675  loss_rpn_cls: 0.07535  loss_rpn_loc: 0.2747  time: 0.1135  data_time: 0.0018  lr: 0.01  max_mem: 1830M
[32m[11/11 15:41:30 d2.utils.events]: [0m eta: 0:03:46  iter: 2999  total_loss: 0.9709  loss_cls: 0.1473  loss_box_reg: 0.3254  loss_mask: 0.1712  loss_rpn_cls: 0.07963  loss_rpn_loc: 0.2649  time: 0.1135  data_time: 0.0017  lr: 0.01  max_mem: 1830M
[32m[11/11 15:41:32 d2.utils.events]: [0m eta: 0:03:44  iter: 3019  total_loss: 1.099  loss_cls: 0.1589  loss_box_reg: 0.34  loss_mask: 0.1709  loss_rpn_cls: 0.09019  loss_rpn_loc: 0.2932  time: 0.1135  data_time: 0.0016  lr: 0.01  max_mem: 1830M
[32m[11/11 15:41:35 d2.utils.events]: [0m eta: 0:03:42  iter: 3039  total_loss: 1.005  loss_cls: 0.1542  loss_box_reg: 0.3277  loss_mask: 0.1691  loss_rpn_cls: 0.07897  loss_rpn_loc: 0.2831  time: 0.1135  data_time: 0.0018  lr: 0.01  max_mem: 1830M
[32m[11/11 15:41:37 d2.utils.events]: [0m eta: 0:03:39  iter: 3059  total_loss: 1.071  loss_cls: 0.1541  loss_box_reg: 0.3509  loss_mask: 0.1665  loss_rpn_cls: 0.07429  loss_rpn_loc: 0.2634  time: 0.1135  data_time: 0.0018  lr: 0.01  max_mem: 1830M
[32m[11/11 15:41:39 d2.utils.events]: [0m eta: 0:03:37  iter: 3079  total_loss: 0.926  loss_cls: 0.1413  loss_box_reg: 0.3291  loss_mask: 0.1584  loss_rpn_cls: 0.05643  loss_rpn_loc: 0.2464  time: 0.1135  data_time: 0.0018  lr: 0.01  max_mem: 1830M
[32m[11/11 15:41:41 d2.utils.events]: [0m eta: 0:03:34  iter: 3099  total_loss: 1.01  loss_cls: 0.1505  loss_box_reg: 0.332  loss_mask: 0.1708  loss_rpn_cls: 0.07901  loss_rpn_loc: 0.2684  time: 0.1135  data_time: 0.0018  lr: 0.01  max_mem: 1830M
[32m[11/11 15:41:44 d2.utils.events]: [0m eta: 0:03:32  iter: 3119  total_loss: 1.022  loss_cls: 0.1505  loss_box_reg: 0.3259  loss_mask: 0.1702  loss_rpn_cls: 0.07872  loss_rpn_loc: 0.2612  time: 0.1135  data_time: 0.0018  lr: 0.01  max_mem: 1830M
[32m[11/11 15:41:46 d2.utils.events]: [0m eta: 0:03:30  iter: 3139  total_loss: 1.004  loss_cls: 0.1306  loss_box_reg: 0.3444  loss_mask: 0.1721  loss_rpn_cls: 0.09508  loss_rpn_loc: 0.2538  time: 0.1134  data_time: 0.0014  lr: 0.01  max_mem: 1830M
[32m[11/11 15:41:48 d2.utils.events]: [0m eta: 0:03:28  iter: 3159  total_loss: 0.957  loss_cls: 0.1286  loss_box_reg: 0.3261  loss_mask: 0.1643  loss_rpn_cls: 0.08782  loss_rpn_loc: 0.2531  time: 0.1134  data_time: 0.0017  lr: 0.01  max_mem: 1830M
[32m[11/11 15:41:50 d2.utils.events]: [0m eta: 0:03:26  iter: 3179  total_loss: 0.9745  loss_cls: 0.1407  loss_box_reg: 0.3312  loss_mask: 0.1677  loss_rpn_cls: 0.06988  loss_rpn_loc: 0.2406  time: 0.1134  data_time: 0.0018  lr: 0.01  max_mem: 1830M
[32m[11/11 15:41:53 d2.utils.events]: [0m eta: 0:03:24  iter: 3199  total_loss: 1.003  loss_cls: 0.1567  loss_box_reg: 0.3484  loss_mask: 0.1703  loss_rpn_cls: 0.08597  loss_rpn_loc: 0.2482  time: 0.1134  data_time: 0.0017  lr: 0.01  max_mem: 1830M
[32m[11/11 15:41:55 d2.utils.events]: [0m eta: 0:03:21  iter: 3219  total_loss: 1.029  loss_cls: 0.1511  loss_box_reg: 0.3643  loss_mask: 0.1768  loss_rpn_cls: 0.09421  loss_rpn_loc: 0.2478  time: 0.1134  data_time: 0.0017  lr: 0.01  max_mem: 1830M
[32m[11/11 15:41:57 d2.utils.events]: [0m eta: 0:03:19  iter: 3239  total_loss: 0.9717  loss_cls: 0.1474  loss_box_reg: 0.3428  loss_mask: 0.1693  loss_rpn_cls: 0.07626  loss_rpn_loc: 0.2413  time: 0.1134  data_time: 0.0016  lr: 0.01  max_mem: 1830M
[32m[11/11 15:42:00 d2.utils.events]: [0m eta: 0:03:17  iter: 3259  total_loss: 0.9484  loss_cls: 0.1361  loss_box_reg: 0.3279  loss_mask: 0.1643  loss_rpn_cls: 0.08891  loss_rpn_loc: 0.2514  time: 0.1134  data_time: 0.0016  lr: 0.01  max_mem: 1830M
[32m[11/11 15:42:02 d2.utils.events]: [0m eta: 0:03:14  iter: 3279  total_loss: 0.9553  loss_cls: 0.1288  loss_box_reg: 0.3277  loss_mask: 0.1601  loss_rpn_cls: 0.06238  loss_rpn_loc: 0.2496  time: 0.1134  data_time: 0.0018  lr: 0.01  max_mem: 1830M
[32m[11/11 15:42:04 d2.utils.events]: [0m eta: 0:03:12  iter: 3299  total_loss: 0.9232  loss_cls: 0.1299  loss_box_reg: 0.316  loss_mask: 0.1618  loss_rpn_cls: 0.06882  loss_rpn_loc: 0.2353  time: 0.1134  data_time: 0.0017  lr: 0.01  max_mem: 1830M
[32m[11/11 15:42:07 d2.utils.events]: [0m eta: 0:03:10  iter: 3319  total_loss: 0.9821  loss_cls: 0.1323  loss_box_reg: 0.3289  loss_mask: 0.1641  loss_rpn_cls: 0.07378  loss_rpn_loc: 0.2737  time: 0.1134  data_time: 0.0018  lr: 0.01  max_mem: 1830M
[32m[11/11 15:42:09 d2.utils.events]: [0m eta: 0:03:08  iter: 3339  total_loss: 1.026  loss_cls: 0.1442  loss_box_reg: 0.326  loss_mask: 0.169  loss_rpn_cls: 0.1072  loss_rpn_loc: 0.2718  time: 0.1134  data_time: 0.0017  lr: 0.01  max_mem: 1830M
[32m[11/11 15:42:11 d2.utils.events]: [0m eta: 0:03:06  iter: 3359  total_loss: 0.9568  loss_cls: 0.1375  loss_box_reg: 0.3282  loss_mask: 0.1665  loss_rpn_cls: 0.07671  loss_rpn_loc: 0.2538  time: 0.1134  data_time: 0.0017  lr: 0.01  max_mem: 1830M
[32m[11/11 15:42:13 d2.utils.events]: [0m eta: 0:03:03  iter: 3379  total_loss: 0.9777  loss_cls: 0.1272  loss_box_reg: 0.3164  loss_mask: 0.1623  loss_rpn_cls: 0.08808  loss_rpn_loc: 0.2498  time: 0.1134  data_time: 0.0017  lr: 0.01  max_mem: 1830M
[32m[11/11 15:42:16 d2.utils.events]: [0m eta: 0:03:01  iter: 3399  total_loss: 1.025  loss_cls: 0.1596  loss_box_reg: 0.3271  loss_mask: 0.1562  loss_rpn_cls: 0.09647  loss_rpn_loc: 0.2406  time: 0.1134  data_time: 0.0017  lr: 0.01  max_mem: 1830M
[32m[11/11 15:42:18 d2.utils.events]: [0m eta: 0:02:59  iter: 3419  total_loss: 0.9474  loss_cls: 0.1416  loss_box_reg: 0.3245  loss_mask: 0.1584  loss_rpn_cls: 0.07413  loss_rpn_loc: 0.2372  time: 0.1135  data_time: 0.0017  lr: 0.01  max_mem: 1830M
[32m[11/11 15:42:20 d2.utils.events]: [0m eta: 0:02:57  iter: 3439  total_loss: 0.9852  loss_cls: 0.1347  loss_box_reg: 0.3377  loss_mask: 0.1664  loss_rpn_cls: 0.07481  loss_rpn_loc: 0.2595  time: 0.1135  data_time: 0.0017  lr: 0.01  max_mem: 1830M
[32m[11/11 15:42:23 d2.utils.events]: [0m eta: 0:02:55  iter: 3459  total_loss: 0.9492  loss_cls: 0.1224  loss_box_reg: 0.3374  loss_mask: 0.1722  loss_rpn_cls: 0.0665  loss_rpn_loc: 0.2425  time: 0.1135  data_time: 0.0018  lr: 0.01  max_mem: 1830M
[32m[11/11 15:42:25 d2.utils.events]: [0m eta: 0:02:52  iter: 3479  total_loss: 0.9642  loss_cls: 0.1364  loss_box_reg: 0.3273  loss_mask: 0.1652  loss_rpn_cls: 0.06082  loss_rpn_loc: 0.2336  time: 0.1135  data_time: 0.0018  lr: 0.01  max_mem: 1830M
[32m[11/11 15:42:27 d2.utils.events]: [0m eta: 0:02:50  iter: 3499  total_loss: 0.9559  loss_cls: 0.1395  loss_box_reg: 0.3182  loss_mask: 0.1755  loss_rpn_cls: 0.06045  loss_rpn_loc: 0.2545  time: 0.1135  data_time: 0.0019  lr: 0.01  max_mem: 1830M
[32m[11/11 15:42:30 d2.utils.events]: [0m eta: 0:02:48  iter: 3519  total_loss: 0.8445  loss_cls: 0.1158  loss_box_reg: 0.3146  loss_mask: 0.1642  loss_rpn_cls: 0.07044  loss_rpn_loc: 0.2417  time: 0.1135  data_time: 0.0015  lr: 0.01  max_mem: 1830M
[32m[11/11 15:42:32 d2.utils.events]: [0m eta: 0:02:46  iter: 3539  total_loss: 0.9633  loss_cls: 0.1429  loss_box_reg: 0.3311  loss_mask: 0.1595  loss_rpn_cls: 0.06626  loss_rpn_loc: 0.2448  time: 0.1135  data_time: 0.0017  lr: 0.01  max_mem: 1830M
[32m[11/11 15:42:34 d2.utils.events]: [0m eta: 0:02:43  iter: 3559  total_loss: 1.022  loss_cls: 0.1536  loss_box_reg: 0.3464  loss_mask: 0.1715  loss_rpn_cls: 0.06555  loss_rpn_loc: 0.2545  time: 0.1135  data_time: 0.0016  lr: 0.01  max_mem: 1830M
[32m[11/11 15:42:37 d2.utils.events]: [0m eta: 0:02:41  iter: 3579  total_loss: 0.972  loss_cls: 0.1382  loss_box_reg: 0.3153  loss_mask: 0.1606  loss_rpn_cls: 0.1013  loss_rpn_loc: 0.2569  time: 0.1135  data_time: 0.0017  lr: 0.01  max_mem: 1830M
[32m[11/11 15:42:39 d2.utils.events]: [0m eta: 0:02:39  iter: 3599  total_loss: 0.9875  loss_cls: 0.1472  loss_box_reg: 0.3129  loss_mask: 0.1601  loss_rpn_cls: 0.09965  loss_rpn_loc: 0.2447  time: 0.1135  data_time: 0.0017  lr: 0.01  max_mem: 1830M
[32m[11/11 15:42:41 d2.utils.events]: [0m eta: 0:02:37  iter: 3619  total_loss: 0.9224  loss_cls: 0.1263  loss_box_reg: 0.3053  loss_mask: 0.1553  loss_rpn_cls: 0.0754  loss_rpn_loc: 0.2593  time: 0.1135  data_time: 0.0018  lr: 0.01  max_mem: 1830M
[32m[11/11 15:42:44 d2.utils.events]: [0m eta: 0:02:34  iter: 3639  total_loss: 1.002  loss_cls: 0.1425  loss_box_reg: 0.3335  loss_mask: 0.1696  loss_rpn_cls: 0.0834  loss_rpn_loc: 0.247  time: 0.1135  data_time: 0.0018  lr: 0.01  max_mem: 1830M
[32m[11/11 15:42:46 d2.utils.events]: [0m eta: 0:02:32  iter: 3659  total_loss: 0.9141  loss_cls: 0.1328  loss_box_reg: 0.3066  loss_mask: 0.1595  loss_rpn_cls: 0.09465  loss_rpn_loc: 0.2251  time: 0.1135  data_time: 0.0018  lr: 0.01  max_mem: 1830M
[32m[11/11 15:42:48 d2.utils.events]: [0m eta: 0:02:30  iter: 3679  total_loss: 0.9129  loss_cls: 0.1344  loss_box_reg: 0.3107  loss_mask: 0.1657  loss_rpn_cls: 0.07486  loss_rpn_loc: 0.2638  time: 0.1135  data_time: 0.0018  lr: 0.01  max_mem: 1830M
[32m[11/11 15:42:50 d2.utils.events]: [0m eta: 0:02:28  iter: 3699  total_loss: 0.9702  loss_cls: 0.1249  loss_box_reg: 0.315  loss_mask: 0.1658  loss_rpn_cls: 0.08302  loss_rpn_loc: 0.2665  time: 0.1135  data_time: 0.0017  lr: 0.01  max_mem: 1830M
[32m[11/11 15:42:53 d2.utils.events]: [0m eta: 0:02:25  iter: 3719  total_loss: 0.9516  loss_cls: 0.1295  loss_box_reg: 0.3231  loss_mask: 0.1571  loss_rpn_cls: 0.08252  loss_rpn_loc: 0.2564  time: 0.1135  data_time: 0.0018  lr: 0.01  max_mem: 1830M
[32m[11/11 15:42:55 d2.utils.events]: [0m eta: 0:02:23  iter: 3739  total_loss: 0.9824  loss_cls: 0.1408  loss_box_reg: 0.3236  loss_mask: 0.1674  loss_rpn_cls: 0.09427  loss_rpn_loc: 0.2527  time: 0.1135  data_time: 0.0021  lr: 0.01  max_mem: 1830M
[32m[11/11 15:42:57 d2.utils.events]: [0m eta: 0:02:21  iter: 3759  total_loss: 0.9733  loss_cls: 0.1415  loss_box_reg: 0.3161  loss_mask: 0.1551  loss_rpn_cls: 0.07504  loss_rpn_loc: 0.2599  time: 0.1135  data_time: 0.0016  lr: 0.01  max_mem: 1830M
[32m[11/11 15:43:00 d2.utils.events]: [0m eta: 0:02:19  iter: 3779  total_loss: 0.9319  loss_cls: 0.1316  loss_box_reg: 0.3276  loss_mask: 0.1603  loss_rpn_cls: 0.0807  loss_rpn_loc: 0.2359  time: 0.1135  data_time: 0.0018  lr: 0.01  max_mem: 1830M
[32m[11/11 15:43:02 d2.utils.events]: [0m eta: 0:02:17  iter: 3799  total_loss: 0.9328  loss_cls: 0.1273  loss_box_reg: 0.3241  loss_mask: 0.157  loss_rpn_cls: 0.08192  loss_rpn_loc: 0.2334  time: 0.1135  data_time: 0.0017  lr: 0.01  max_mem: 1830M
[32m[11/11 15:43:04 d2.utils.events]: [0m eta: 0:02:14  iter: 3819  total_loss: 0.9302  loss_cls: 0.1336  loss_box_reg: 0.3157  loss_mask: 0.1551  loss_rpn_cls: 0.08718  loss_rpn_loc: 0.2444  time: 0.1135  data_time: 0.0018  lr: 0.01  max_mem: 1830M
[32m[11/11 15:43:07 d2.utils.events]: [0m eta: 0:02:12  iter: 3839  total_loss: 0.9334  loss_cls: 0.1239  loss_box_reg: 0.3067  loss_mask: 0.1529  loss_rpn_cls: 0.07636  loss_rpn_loc: 0.2335  time: 0.1135  data_time: 0.0018  lr: 0.01  max_mem: 1830M
[32m[11/11 15:43:09 d2.utils.events]: [0m eta: 0:02:10  iter: 3859  total_loss: 0.9075  loss_cls: 0.1254  loss_box_reg: 0.2981  loss_mask: 0.1632  loss_rpn_cls: 0.06873  loss_rpn_loc: 0.2313  time: 0.1135  data_time: 0.0018  lr: 0.01  max_mem: 1830M
[32m[11/11 15:43:11 d2.utils.events]: [0m eta: 0:02:08  iter: 3879  total_loss: 0.9072  loss_cls: 0.1455  loss_box_reg: 0.3271  loss_mask: 0.1605  loss_rpn_cls: 0.06205  loss_rpn_loc: 0.2154  time: 0.1136  data_time: 0.0017  lr: 0.01  max_mem: 1830M
[32m[11/11 15:43:14 d2.utils.events]: [0m eta: 0:02:05  iter: 3899  total_loss: 0.9071  loss_cls: 0.1281  loss_box_reg: 0.3104  loss_mask: 0.1532  loss_rpn_cls: 0.07484  loss_rpn_loc: 0.2178  time: 0.1136  data_time: 0.0017  lr: 0.01  max_mem: 1830M
[32m[11/11 15:43:16 d2.utils.events]: [0m eta: 0:02:03  iter: 3919  total_loss: 0.911  loss_cls: 0.1155  loss_box_reg: 0.2991  loss_mask: 0.1534  loss_rpn_cls: 0.06631  loss_rpn_loc: 0.2429  time: 0.1136  data_time: 0.0017  lr: 0.01  max_mem: 1830M
[32m[11/11 15:43:18 d2.utils.events]: [0m eta: 0:02:01  iter: 3939  total_loss: 0.9013  loss_cls: 0.1262  loss_box_reg: 0.3169  loss_mask: 0.1527  loss_rpn_cls: 0.07188  loss_rpn_loc: 0.247  time: 0.1136  data_time: 0.0016  lr: 0.01  max_mem: 1830M
[32m[11/11 15:43:20 d2.utils.events]: [0m eta: 0:01:58  iter: 3959  total_loss: 0.8864  loss_cls: 0.1291  loss_box_reg: 0.3022  loss_mask: 0.1514  loss_rpn_cls: 0.07069  loss_rpn_loc: 0.221  time: 0.1136  data_time: 0.0018  lr: 0.01  max_mem: 1830M
[32m[11/11 15:43:23 d2.utils.events]: [0m eta: 0:01:56  iter: 3979  total_loss: 0.8739  loss_cls: 0.1194  loss_box_reg: 0.315  loss_mask: 0.1528  loss_rpn_cls: 0.06357  loss_rpn_loc: 0.234  time: 0.1136  data_time: 0.0019  lr: 0.01  max_mem: 1830M
[32m[11/11 15:43:25 d2.utils.events]: [0m eta: 0:01:54  iter: 3999  total_loss: 0.9189  loss_cls: 0.1319  loss_box_reg: 0.3193  loss_mask: 0.1694  loss_rpn_cls: 0.08443  loss_rpn_loc: 0.231  time: 0.1135  data_time: 0.0016  lr: 0.01  max_mem: 1830M
[32m[11/11 15:43:27 d2.utils.events]: [0m eta: 0:01:52  iter: 4019  total_loss: 0.9158  loss_cls: 0.1369  loss_box_reg: 0.3129  loss_mask: 0.1536  loss_rpn_cls: 0.08866  loss_rpn_loc: 0.2377  time: 0.1135  data_time: 0.0015  lr: 0.01  max_mem: 1830M
[32m[11/11 15:43:29 d2.utils.events]: [0m eta: 0:01:49  iter: 4039  total_loss: 0.8861  loss_cls: 0.1353  loss_box_reg: 0.3085  loss_mask: 0.1482  loss_rpn_cls: 0.07379  loss_rpn_loc: 0.2241  time: 0.1135  data_time: 0.0018  lr: 0.01  max_mem: 1830M
[32m[11/11 15:43:32 d2.utils.events]: [0m eta: 0:01:47  iter: 4059  total_loss: 0.8967  loss_cls: 0.1223  loss_box_reg: 0.3125  loss_mask: 0.1586  loss_rpn_cls: 0.08683  loss_rpn_loc: 0.2229  time: 0.1135  data_time: 0.0016  lr: 0.01  max_mem: 1830M
[32m[11/11 15:43:34 d2.utils.events]: [0m eta: 0:01:45  iter: 4079  total_loss: 0.9183  loss_cls: 0.1297  loss_box_reg: 0.3065  loss_mask: 0.1465  loss_rpn_cls: 0.09101  loss_rpn_loc: 0.2217  time: 0.1136  data_time: 0.0018  lr: 0.01  max_mem: 1830M
[32m[11/11 15:43:37 d2.utils.events]: [0m eta: 0:01:43  iter: 4099  total_loss: 0.9263  loss_cls: 0.1337  loss_box_reg: 0.2934  loss_mask: 0.1549  loss_rpn_cls: 0.06387  loss_rpn_loc: 0.242  time: 0.1136  data_time: 0.0017  lr: 0.01  max_mem: 1830M
[32m[11/11 15:43:39 d2.utils.events]: [0m eta: 0:01:40  iter: 4119  total_loss: 0.9304  loss_cls: 0.13  loss_box_reg: 0.3094  loss_mask: 0.1479  loss_rpn_cls: 0.06547  loss_rpn_loc: 0.2621  time: 0.1136  data_time: 0.0018  lr: 0.01  max_mem: 1830M
[32m[11/11 15:43:41 d2.utils.events]: [0m eta: 0:01:38  iter: 4139  total_loss: 0.9506  loss_cls: 0.1279  loss_box_reg: 0.3221  loss_mask: 0.1517  loss_rpn_cls: 0.08103  loss_rpn_loc: 0.2418  time: 0.1136  data_time: 0.0018  lr: 0.01  max_mem: 1830M
[32m[11/11 15:43:44 d2.utils.events]: [0m eta: 0:01:36  iter: 4159  total_loss: 0.9329  loss_cls: 0.1322  loss_box_reg: 0.3145  loss_mask: 0.1536  loss_rpn_cls: 0.0852  loss_rpn_loc: 0.2541  time: 0.1136  data_time: 0.0018  lr: 0.01  max_mem: 1830M
[32m[11/11 15:43:46 d2.utils.events]: [0m eta: 0:01:34  iter: 4179  total_loss: 0.8976  loss_cls: 0.1198  loss_box_reg: 0.3063  loss_mask: 0.1517  loss_rpn_cls: 0.08414  loss_rpn_loc: 0.2323  time: 0.1136  data_time: 0.0019  lr: 0.01  max_mem: 1830M
[32m[11/11 15:43:48 d2.utils.events]: [0m eta: 0:01:31  iter: 4199  total_loss: 0.8662  loss_cls: 0.1206  loss_box_reg: 0.2974  loss_mask: 0.147  loss_rpn_cls: 0.05355  loss_rpn_loc: 0.2279  time: 0.1136  data_time: 0.0017  lr: 0.01  max_mem: 1830M
[32m[11/11 15:43:51 d2.utils.events]: [0m eta: 0:01:29  iter: 4219  total_loss: 0.877  loss_cls: 0.1198  loss_box_reg: 0.2802  loss_mask: 0.1494  loss_rpn_cls: 0.06219  loss_rpn_loc: 0.2475  time: 0.1136  data_time: 0.0017  lr: 0.01  max_mem: 1830M
[32m[11/11 15:43:53 d2.utils.events]: [0m eta: 0:01:27  iter: 4239  total_loss: 0.8782  loss_cls: 0.1089  loss_box_reg: 0.2921  loss_mask: 0.1531  loss_rpn_cls: 0.06119  loss_rpn_loc: 0.2474  time: 0.1136  data_time: 0.0019  lr: 0.01  max_mem: 1830M
[32m[11/11 15:43:55 d2.utils.events]: [0m eta: 0:01:24  iter: 4259  total_loss: 0.9258  loss_cls: 0.1131  loss_box_reg: 0.2973  loss_mask: 0.1491  loss_rpn_cls: 0.06458  loss_rpn_loc: 0.257  time: 0.1136  data_time: 0.0018  lr: 0.01  max_mem: 1830M
[32m[11/11 15:43:57 d2.utils.events]: [0m eta: 0:01:22  iter: 4279  total_loss: 0.8763  loss_cls: 0.1152  loss_box_reg: 0.2967  loss_mask: 0.1412  loss_rpn_cls: 0.05249  loss_rpn_loc: 0.2356  time: 0.1136  data_time: 0.0017  lr: 0.01  max_mem: 1830M
[32m[11/11 15:44:00 d2.utils.events]: [0m eta: 0:01:20  iter: 4299  total_loss: 0.8506  loss_cls: 0.1153  loss_box_reg: 0.2949  loss_mask: 0.1512  loss_rpn_cls: 0.05772  loss_rpn_loc: 0.2346  time: 0.1137  data_time: 0.0020  lr: 0.01  max_mem: 1830M
[32m[11/11 15:44:02 d2.utils.events]: [0m eta: 0:01:18  iter: 4319  total_loss: 0.935  loss_cls: 0.1224  loss_box_reg: 0.3128  loss_mask: 0.161  loss_rpn_cls: 0.0796  loss_rpn_loc: 0.2431  time: 0.1137  data_time: 0.0015  lr: 0.01  max_mem: 1830M
[32m[11/11 15:44:05 d2.utils.events]: [0m eta: 0:01:15  iter: 4339  total_loss: 0.9166  loss_cls: 0.1337  loss_box_reg: 0.3189  loss_mask: 0.157  loss_rpn_cls: 0.06904  loss_rpn_loc: 0.2226  time: 0.1137  data_time: 0.0018  lr: 0.01  max_mem: 1830M
[32m[11/11 15:44:07 d2.utils.events]: [0m eta: 0:01:13  iter: 4359  total_loss: 0.8867  loss_cls: 0.1354  loss_box_reg: 0.2982  loss_mask: 0.1554  loss_rpn_cls: 0.06854  loss_rpn_loc: 0.2521  time: 0.1137  data_time: 0.0018  lr: 0.01  max_mem: 1830M
[32m[11/11 15:44:10 d2.utils.events]: [0m eta: 0:01:11  iter: 4379  total_loss: 0.8635  loss_cls: 0.1288  loss_box_reg: 0.2919  loss_mask: 0.1481  loss_rpn_cls: 0.05551  loss_rpn_loc: 0.2446  time: 0.1138  data_time: 0.0018  lr: 0.01  max_mem: 1830M
[32m[11/11 15:44:12 d2.utils.events]: [0m eta: 0:01:08  iter: 4399  total_loss: 0.8632  loss_cls: 0.1061  loss_box_reg: 0.2848  loss_mask: 0.1455  loss_rpn_cls: 0.06611  loss_rpn_loc: 0.2361  time: 0.1137  data_time: 0.0017  lr: 0.01  max_mem: 1830M
[32m[11/11 15:44:14 d2.utils.events]: [0m eta: 0:01:06  iter: 4419  total_loss: 0.8626  loss_cls: 0.1173  loss_box_reg: 0.3001  loss_mask: 0.1376  loss_rpn_cls: 0.06536  loss_rpn_loc: 0.2228  time: 0.1137  data_time: 0.0018  lr: 0.01  max_mem: 1830M
[32m[11/11 15:44:16 d2.utils.events]: [0m eta: 0:01:04  iter: 4439  total_loss: 0.8869  loss_cls: 0.1252  loss_box_reg: 0.2947  loss_mask: 0.1538  loss_rpn_cls: 0.07099  loss_rpn_loc: 0.2339  time: 0.1137  data_time: 0.0016  lr: 0.01  max_mem: 1830M
[32m[11/11 15:44:19 d2.utils.events]: [0m eta: 0:01:01  iter: 4459  total_loss: 0.9013  loss_cls: 0.1194  loss_box_reg: 0.2836  loss_mask: 0.1425  loss_rpn_cls: 0.06194  loss_rpn_loc: 0.2323  time: 0.1138  data_time: 0.0018  lr: 0.01  max_mem: 1830M
[32m[11/11 15:44:21 d2.utils.events]: [0m eta: 0:00:59  iter: 4479  total_loss: 0.8589  loss_cls: 0.1302  loss_box_reg: 0.2993  loss_mask: 0.1511  loss_rpn_cls: 0.05584  loss_rpn_loc: 0.2208  time: 0.1137  data_time: 0.0018  lr: 0.01  max_mem: 1830M
[32m[11/11 15:44:23 d2.utils.events]: [0m eta: 0:00:57  iter: 4499  total_loss: 0.8629  loss_cls: 0.1103  loss_box_reg: 0.2912  loss_mask: 0.139  loss_rpn_cls: 0.0665  loss_rpn_loc: 0.2333  time: 0.1137  data_time: 0.0018  lr: 0.01  max_mem: 1830M
[32m[11/11 15:44:25 d2.utils.events]: [0m eta: 0:00:55  iter: 4519  total_loss: 0.8844  loss_cls: 0.1119  loss_box_reg: 0.2866  loss_mask: 0.1469  loss_rpn_cls: 0.07082  loss_rpn_loc: 0.2307  time: 0.1137  data_time: 0.0018  lr: 0.01  max_mem: 1830M
[32m[11/11 15:44:28 d2.utils.events]: [0m eta: 0:00:52  iter: 4539  total_loss: 0.8249  loss_cls: 0.1043  loss_box_reg: 0.2852  loss_mask: 0.151  loss_rpn_cls: 0.06058  loss_rpn_loc: 0.2495  time: 0.1137  data_time: 0.0017  lr: 0.01  max_mem: 1830M
[32m[11/11 15:44:30 d2.utils.events]: [0m eta: 0:00:50  iter: 4559  total_loss: 0.8626  loss_cls: 0.1177  loss_box_reg: 0.2968  loss_mask: 0.1449  loss_rpn_cls: 0.06814  loss_rpn_loc: 0.2354  time: 0.1137  data_time: 0.0018  lr: 0.01  max_mem: 1830M
[32m[11/11 15:44:32 d2.utils.events]: [0m eta: 0:00:48  iter: 4579  total_loss: 0.8514  loss_cls: 0.1064  loss_box_reg: 0.2919  loss_mask: 0.146  loss_rpn_cls: 0.06595  loss_rpn_loc: 0.2167  time: 0.1137  data_time: 0.0018  lr: 0.01  max_mem: 1830M
[32m[11/11 15:44:35 d2.utils.events]: [0m eta: 0:00:45  iter: 4599  total_loss: 0.854  loss_cls: 0.124  loss_box_reg: 0.2907  loss_mask: 0.1334  loss_rpn_cls: 0.07901  loss_rpn_loc: 0.2276  time: 0.1138  data_time: 0.0019  lr: 0.01  max_mem: 1830M
[32m[11/11 15:44:37 d2.utils.events]: [0m eta: 0:00:43  iter: 4619  total_loss: 0.874  loss_cls: 0.119  loss_box_reg: 0.2769  loss_mask: 0.1477  loss_rpn_cls: 0.07244  loss_rpn_loc: 0.2373  time: 0.1138  data_time: 0.0019  lr: 0.01  max_mem: 1830M
[32m[11/11 15:44:39 d2.utils.events]: [0m eta: 0:00:41  iter: 4639  total_loss: 0.8339  loss_cls: 0.1077  loss_box_reg: 0.2862  loss_mask: 0.1399  loss_rpn_cls: 0.06269  loss_rpn_loc: 0.2226  time: 0.1137  data_time: 0.0017  lr: 0.01  max_mem: 1830M
[32m[11/11 15:44:42 d2.utils.events]: [0m eta: 0:00:39  iter: 4659  total_loss: 0.8301  loss_cls: 0.1183  loss_box_reg: 0.2895  loss_mask: 0.1495  loss_rpn_cls: 0.05478  loss_rpn_loc: 0.208  time: 0.1138  data_time: 0.0016  lr: 0.01  max_mem: 1830M
[32m[11/11 15:44:44 d2.utils.events]: [0m eta: 0:00:36  iter: 4679  total_loss: 0.9124  loss_cls: 0.1168  loss_box_reg: 0.316  loss_mask: 0.1432  loss_rpn_cls: 0.07624  loss_rpn_loc: 0.2317  time: 0.1137  data_time: 0.0017  lr: 0.01  max_mem: 1830M
[32m[11/11 15:44:46 d2.utils.events]: [0m eta: 0:00:34  iter: 4699  total_loss: 0.8657  loss_cls: 0.1182  loss_box_reg: 0.2994  loss_mask: 0.1452  loss_rpn_cls: 0.07047  loss_rpn_loc: 0.2247  time: 0.1137  data_time: 0.0017  lr: 0.01  max_mem: 1830M
[32m[11/11 15:44:48 d2.utils.events]: [0m eta: 0:00:32  iter: 4719  total_loss: 0.837  loss_cls: 0.1141  loss_box_reg: 0.2684  loss_mask: 0.1551  loss_rpn_cls: 0.0771  loss_rpn_loc: 0.2115  time: 0.1137  data_time: 0.0017  lr: 0.01  max_mem: 1830M
[32m[11/11 15:44:51 d2.utils.events]: [0m eta: 0:00:29  iter: 4739  total_loss: 0.86  loss_cls: 0.1153  loss_box_reg: 0.2953  loss_mask: 0.1356  loss_rpn_cls: 0.06012  loss_rpn_loc: 0.2243  time: 0.1138  data_time: 0.0019  lr: 0.01  max_mem: 1830M
[32m[11/11 15:44:53 d2.utils.events]: [0m eta: 0:00:27  iter: 4759  total_loss: 0.8513  loss_cls: 0.1162  loss_box_reg: 0.2899  loss_mask: 0.1446  loss_rpn_cls: 0.06097  loss_rpn_loc: 0.2259  time: 0.1138  data_time: 0.0017  lr: 0.01  max_mem: 1830M
[32m[11/11 15:44:56 d2.utils.events]: [0m eta: 0:00:25  iter: 4779  total_loss: 0.819  loss_cls: 0.1092  loss_box_reg: 0.287  loss_mask: 0.141  loss_rpn_cls: 0.05345  loss_rpn_loc: 0.2263  time: 0.1138  data_time: 0.0017  lr: 0.01  max_mem: 1830M
[32m[11/11 15:44:58 d2.utils.events]: [0m eta: 0:00:22  iter: 4799  total_loss: 0.8295  loss_cls: 0.1062  loss_box_reg: 0.2828  loss_mask: 0.1434  loss_rpn_cls: 0.04783  loss_rpn_loc: 0.227  time: 0.1138  data_time: 0.0017  lr: 0.01  max_mem: 1830M
[32m[11/11 15:45:00 d2.utils.events]: [0m eta: 0:00:20  iter: 4819  total_loss: 0.8491  loss_cls: 0.118  loss_box_reg: 0.2923  loss_mask: 0.1445  loss_rpn_cls: 0.07233  loss_rpn_loc: 0.2169  time: 0.1137  data_time: 0.0016  lr: 0.01  max_mem: 1830M
[32m[11/11 15:45:02 d2.utils.events]: [0m eta: 0:00:18  iter: 4839  total_loss: 0.822  loss_cls: 0.1046  loss_box_reg: 0.2839  loss_mask: 0.1396  loss_rpn_cls: 0.06193  loss_rpn_loc: 0.2101  time: 0.1137  data_time: 0.0016  lr: 0.01  max_mem: 1830M
[32m[11/11 15:45:05 d2.utils.events]: [0m eta: 0:00:16  iter: 4859  total_loss: 0.8357  loss_cls: 0.117  loss_box_reg: 0.2909  loss_mask: 0.138  loss_rpn_cls: 0.05794  loss_rpn_loc: 0.2026  time: 0.1137  data_time: 0.0015  lr: 0.01  max_mem: 1830M
[32m[11/11 15:45:07 d2.utils.events]: [0m eta: 0:00:13  iter: 4879  total_loss: 0.8317  loss_cls: 0.1108  loss_box_reg: 0.2709  loss_mask: 0.1378  loss_rpn_cls: 0.06584  loss_rpn_loc: 0.2215  time: 0.1137  data_time: 0.0017  lr: 0.01  max_mem: 1830M
[32m[11/11 15:45:09 d2.utils.events]: [0m eta: 0:00:11  iter: 4899  total_loss: 0.8092  loss_cls: 0.09413  loss_box_reg: 0.2668  loss_mask: 0.1363  loss_rpn_cls: 0.05352  loss_rpn_loc: 0.2115  time: 0.1137  data_time: 0.0018  lr: 0.01  max_mem: 1830M
[32m[11/11 15:45:11 d2.utils.events]: [0m eta: 0:00:09  iter: 4919  total_loss: 0.8359  loss_cls: 0.1023  loss_box_reg: 0.2818  loss_mask: 0.1419  loss_rpn_cls: 0.04927  loss_rpn_loc: 0.2381  time: 0.1137  data_time: 0.0017  lr: 0.01  max_mem: 1830M
[32m[11/11 15:45:14 d2.utils.events]: [0m eta: 0:00:06  iter: 4939  total_loss: 0.8458  loss_cls: 0.1169  loss_box_reg: 0.2856  loss_mask: 0.1408  loss_rpn_cls: 0.0692  loss_rpn_loc: 0.2271  time: 0.1137  data_time: 0.0017  lr: 0.01  max_mem: 1830M
[32m[11/11 15:45:16 d2.utils.events]: [0m eta: 0:00:04  iter: 4959  total_loss: 0.7778  loss_cls: 0.1049  loss_box_reg: 0.2591  loss_mask: 0.137  loss_rpn_cls: 0.06197  loss_rpn_loc: 0.2169  time: 0.1137  data_time: 0.0017  lr: 0.01  max_mem: 1830M
[32m[11/11 15:45:18 d2.utils.events]: [0m eta: 0:00:02  iter: 4979  total_loss: 0.7877  loss_cls: 0.1065  loss_box_reg: 0.2777  loss_mask: 0.1383  loss_rpn_cls: 0.06293  loss_rpn_loc: 0.2049  time: 0.1137  data_time: 0.0017  lr: 0.01  max_mem: 1830M
[32m[11/11 15:45:22 d2.utils.events]: [0m eta: 0:00:00  iter: 4999  total_loss: 0.8493  loss_cls: 0.1038  loss_box_reg: 0.2732  loss_mask: 0.1394  loss_rpn_cls: 0.06695  loss_rpn_loc: 0.2351  time: 0.1137  data_time: 0.0019  lr: 0.01  max_mem: 1830M
[32m[11/11 15:45:22 d2.engine.hooks]: [0mOverall training speed: 4998 iterations in 0:09:28 (0.1138 s / it)
[32m[11/11 15:45:22 d2.engine.hooks]: [0mTotal training time: 0:09:35 (0:00:07 on hooks)
[32m[11/11 15:45:22 d2.data.dataset_mapper]: [0m[DatasetMapper] Augmentations used in inference: [ResizeShortestEdge(short_edge_length=(800, 800), max_size=1333, sample_style='choice')]
[32m[11/11 15:45:22 d2.data.common]: [0mSerializing 20 elements to byte tensors and concatenating them all ...
[32m[11/11 15:45:22 d2.data.common]: [0mSerialized dataset takes 0.46 MiB
[5m[31mWARNING[0m [32m[11/11 15:45:22 d2.engine.defaults]: [0mNo evaluator found. Use `DefaultTrainer.test(evaluators=)`, or implement its `build_evaluator` method.
[32m[11/11 15:45:22 d2.data.build]: [0mDistribution of instances among all 1 categories:
[36m|  category  | #instances   |
|:----------:|:-------------|
| satellite  | 445          |
|            |              |[0m
[32m[11/11 15:45:22 d2.data.dataset_mapper]: [0m[DatasetMapper] Augmentations used in inference: [ResizeShortestEdge(short_edge_length=(800, 800), max_size=1333, sample_style='choice')]
[32m[11/11 15:45:22 d2.data.common]: [0mSerializing 6 elements to byte tensors and concatenating them all ...
[32m[11/11 15:45:22 d2.data.common]: [0mSerialized dataset takes 0.11 MiB
[5m[31mWARNING[0m [32m[11/11 15:45:22 d2.engine.defaults]: [0mNo evaluator found. Use `DefaultTrainer.test(evaluators=)`, or implement its `build_evaluator` method.
USING MODEL WEIGHT: ../../../../../../../ocean/projects/dmr200021p/sprice/tuning/weights/batch_temp0/model_0004999.pth
Dataset: satellite_Val
	File: ../SALAS_Rep/../../../../../../../ocean/projects/dmr200021p/sprice/initial_paper_complete_set/S08_03_SE1_1000X03.png
ddict info:
	path: ../SALAS_Rep/../../../../../../../ocean/projects/dmr200021p/sprice/initial_paper_complete_set/S08_03_SE1_1000X03.png
	num_instances: 90
	File: ../SALAS_Rep/../../../../../../../ocean/projects/dmr200021p/sprice/initial_paper_complete_set/S06_01_SE1_500X67.png
ddict info:
	path: ../SALAS_Rep/../../../../../../../ocean/projects/dmr200021p/sprice/initial_paper_complete_set/S06_01_SE1_500X67.png
	num_instances: 58
	File: ../SALAS_Rep/../../../../../../../ocean/projects/dmr200021p/sprice/initial_paper_complete_set/S04_02_SE1_1000X50.png
ddict info:
	path: ../SALAS_Rep/../../../../../../../ocean/projects/dmr200021p/sprice/initial_paper_complete_set/S04_02_SE1_1000X50.png
	num_instances: 41
	File: ../SALAS_Rep/../../../../../../../ocean/projects/dmr200021p/sprice/initial_paper_complete_set/S03_03_SE1_1250X41.png
ddict info:
	path: ../SALAS_Rep/../../../../../../../ocean/projects/dmr200021p/sprice/initial_paper_complete_set/S03_03_SE1_1250X41.png
	num_instances: 103
	File: ../SALAS_Rep/../../../../../../../ocean/projects/dmr200021p/sprice/initial_paper_complete_set/S02_01_SE1_300X14.png
ddict info:
	path: ../SALAS_Rep/../../../../../../../ocean/projects/dmr200021p/sprice/initial_paper_complete_set/S02_01_SE1_300X14.png
	num_instances: 73
	File: ../SALAS_Rep/../../../../../../../ocean/projects/dmr200021p/sprice/initial_paper_complete_set/HP743_2S_250x.png
ddict info:
	path: ../SALAS_Rep/../../../../../../../ocean/projects/dmr200021p/sprice/initial_paper_complete_set/HP743_2S_250x.png
	num_instances: 50
gt filename: S08_03_SE1_1000X03.png	 pred filename: S08_03_SE1_1000X03.png
gt filename: S06_01_SE1_500X67.png	 pred filename: S06_01_SE1_500X67.png
gt filename: S04_02_SE1_1000X50.png	 pred filename: S04_02_SE1_1000X50.png
gt filename: S03_03_SE1_1250X41.png	 pred filename: S03_03_SE1_1250X41.png
gt filename: S02_01_SE1_300X14.png	 pred filename: S02_01_SE1_300X14.png
gt filename: HP743_2S_250x.png	 pred filename: HP743_2S_250x.png
x:  [1, 1, 1, 1, 1, 1, 2, 2, 2, 2, 2, 2]
y:  [0.54, 0.31, 0.59, 0.41, 0.51, 0.48, 0.56, 0.33, 0.53, 0.38, 0.38, 0.49]
Average Precision Score:  0.47246190517482384
Average Recall Score:     0.4448683609397895
Precision: 0.7550487860222374
Recall: 0.5805635522987002
---
Precision: 0.4837540906965872
Recall: 0.4400850611376927
---
Precision: 0.866442779643503
Recall: 0.7411335764003978
---
Precision: 0.48223036055088464
Recall: 0.45977181076030293
---
Precision: 0.7758197838132437
Recall: 0.6716206652512385
---
Precision: 0.36813597310422114
Recall: 0.4105394709435534
---
USING MODEL WEIGHT: ../../../../../../../ocean/projects/dmr200021p/sprice/tuning/weights/batch_temp0/model_final.pth
Dataset: satellite_Val
	File: ../SALAS_Rep/../../../../../../../ocean/projects/dmr200021p/sprice/initial_paper_complete_set/S08_03_SE1_1000X03.png
ddict info:
	path: ../SALAS_Rep/../../../../../../../ocean/projects/dmr200021p/sprice/initial_paper_complete_set/S08_03_SE1_1000X03.png
	num_instances: 90
	File: ../SALAS_Rep/../../../../../../../ocean/projects/dmr200021p/sprice/initial_paper_complete_set/S06_01_SE1_500X67.png
ddict info:
	path: ../SALAS_Rep/../../../../../../../ocean/projects/dmr200021p/sprice/initial_paper_complete_set/S06_01_SE1_500X67.png
	num_instances: 58
	File: ../SALAS_Rep/../../../../../../../ocean/projects/dmr200021p/sprice/initial_paper_complete_set/S04_02_SE1_1000X50.png
ddict info:
	path: ../SALAS_Rep/../../../../../../../ocean/projects/dmr200021p/sprice/initial_paper_complete_set/S04_02_SE1_1000X50.png
	num_instances: 41
	File: ../SALAS_Rep/../../../../../../../ocean/projects/dmr200021p/sprice/initial_paper_complete_set/S03_03_SE1_1250X41.png
ddict info:
	path: ../SALAS_Rep/../../../../../../../ocean/projects/dmr200021p/sprice/initial_paper_complete_set/S03_03_SE1_1250X41.png
	num_instances: 103
	File: ../SALAS_Rep/../../../../../../../ocean/projects/dmr200021p/sprice/initial_paper_complete_set/S02_01_SE1_300X14.png
ddict info:
	path: ../SALAS_Rep/../../../../../../../ocean/projects/dmr200021p/sprice/initial_paper_complete_set/S02_01_SE1_300X14.png
	num_instances: 73
	File: ../SALAS_Rep/../../../../../../../ocean/projects/dmr200021p/sprice/initial_paper_complete_set/HP743_2S_250x.png
ddict info:
	path: ../SALAS_Rep/../../../../../../../ocean/projects/dmr200021p/sprice/initial_paper_complete_set/HP743_2S_250x.png
	num_instances: 50
gt filename: S08_03_SE1_1000X03.png	 pred filename: S08_03_SE1_1000X03.png
gt filename: S06_01_SE1_500X67.png	 pred filename: S06_01_SE1_500X67.png
gt filename: S04_02_SE1_1000X50.png	 pred filename: S04_02_SE1_1000X50.png
gt filename: S03_03_SE1_1250X41.png	 pred filename: S03_03_SE1_1250X41.png
gt filename: S02_01_SE1_300X14.png	 pred filename: S02_01_SE1_300X14.png
gt filename: HP743_2S_250x.png	 pred filename: HP743_2S_250x.png
x:  [1, 1, 1, 1, 1, 1, 2, 2, 2, 2, 2, 2]
y:  [0.54, 0.31, 0.59, 0.41, 0.51, 0.48, 0.56, 0.33, 0.53, 0.38, 0.38, 0.49]
Average Precision Score:  0.47246190517482384
Average Recall Score:     0.4448683609397895
Precision: 0.7550487860222374
Recall: 0.5805635522987002
---
Precision: 0.4837540906965872
Recall: 0.4400850611376927
---
Precision: 0.866442779643503
Recall: 0.7411335764003978
---
Precision: 0.48223036055088464
Recall: 0.45977181076030293
---
Precision: 0.7758197838132437
Recall: 0.6716206652512385
---
Precision: 0.36813597310422114
Recall: 0.4105394709435534
---
Ignoring Final Model
Deleting: ../../../../../../../ocean/projects/dmr200021p/sprice/tuning/weights/batch_temp0/model_0004999.pth
../../../../../../../ocean/projects/dmr200021p/sprice/tuning/weights/batch_temp0/model_0004999.pth
Traceback (most recent call last):
  File "RNG_Eliminator_1.py", line 269, in <module>
    os.rename(str(model_checkpoints[-model]), file_output_name)
NotADirectoryError: [Errno 20] Not a directory: '../../../../../../../ocean/projects/dmr200021p/sprice/tuning/weights/batch_temp0/model_0004999.pth' -> '../../../../../../../ocean/projects/dmr200021p/sprice/'
/var/spool/slurm/d/job4996085/slurm_script: line 9: ./gpua.out: No such file or directory
