Registered Datasets: ['satellite_Train', 'satellite_Val']
ddict info:
	path: ../../../../../../../ocean/projects/dmr200021p/sprice/tuning/images/S06_02_SE1_500X71.png
	num_instances: 104
ddict info:
	path: ../../../../../../../ocean/projects/dmr200021p/sprice/tuning/images/S08_02_SE1_1000X99.png
	num_instances: 93
ddict info:
	path: ../../../../../../../ocean/projects/dmr200021p/sprice/tuning/images/S02_03_SE1_300X22.png
	num_instances: 83
ddict info:
	path: ../../../../../../../ocean/projects/dmr200021p/sprice/tuning/images/S08_03_SE1_1000X03.png
	num_instances: 88
ddict info:
	path: ../../../../../../../ocean/projects/dmr200021p/sprice/tuning/images/S06_01_SE1_500X67.png
	num_instances: 54
ddict info:
	path: ../../../../../../../ocean/projects/dmr200021p/sprice/tuning/images/S04_02_SE1_1000X50.png
	num_instances: 45
ddict info:
	path: ../../../../../../../ocean/projects/dmr200021p/sprice/tuning/images/S03_03_SE1_1250X41.png
	num_instances: 111
ddict info:
	path: ../../../../../../../ocean/projects/dmr200021p/sprice/tuning/images/S02_01_SE1_300X14.png
	num_instances: 98
ddict info:
	path: ../../../../../../../ocean/projects/dmr200021p/sprice/tuning/images/HP743_2S_250x.png
	num_instances: 49
Weights not found, weights will be downloaded from source: https://dl.fbaipublicfiles.com/detectron2/COCO-InstanceSegmentation/mask_rcnn_R_50_FPN_3x/137849600/model_final_f10217.pkl
[32m[09/14 23:46:03 d2.engine.defaults]: [0mModel:
GeneralizedRCNN(
  (backbone): FPN(
    (fpn_lateral2): Conv2d(256, 256, kernel_size=(1, 1), stride=(1, 1))
    (fpn_output2): Conv2d(256, 256, kernel_size=(3, 3), stride=(1, 1), padding=(1, 1))
    (fpn_lateral3): Conv2d(512, 256, kernel_size=(1, 1), stride=(1, 1))
    (fpn_output3): Conv2d(256, 256, kernel_size=(3, 3), stride=(1, 1), padding=(1, 1))
    (fpn_lateral4): Conv2d(1024, 256, kernel_size=(1, 1), stride=(1, 1))
    (fpn_output4): Conv2d(256, 256, kernel_size=(3, 3), stride=(1, 1), padding=(1, 1))
    (fpn_lateral5): Conv2d(2048, 256, kernel_size=(1, 1), stride=(1, 1))
    (fpn_output5): Conv2d(256, 256, kernel_size=(3, 3), stride=(1, 1), padding=(1, 1))
    (top_block): LastLevelMaxPool()
    (bottom_up): ResNet(
      (stem): BasicStem(
        (conv1): Conv2d(
          3, 64, kernel_size=(7, 7), stride=(2, 2), padding=(3, 3), bias=False
          (norm): FrozenBatchNorm2d(num_features=64, eps=1e-05)
        )
      )
      (res2): Sequential(
        (0): BottleneckBlock(
          (shortcut): Conv2d(
            64, 256, kernel_size=(1, 1), stride=(1, 1), bias=False
            (norm): FrozenBatchNorm2d(num_features=256, eps=1e-05)
          )
          (conv1): Conv2d(
            64, 64, kernel_size=(1, 1), stride=(1, 1), bias=False
            (norm): FrozenBatchNorm2d(num_features=64, eps=1e-05)
          )
          (conv2): Conv2d(
            64, 64, kernel_size=(3, 3), stride=(1, 1), padding=(1, 1), bias=False
            (norm): FrozenBatchNorm2d(num_features=64, eps=1e-05)
          )
          (conv3): Conv2d(
            64, 256, kernel_size=(1, 1), stride=(1, 1), bias=False
            (norm): FrozenBatchNorm2d(num_features=256, eps=1e-05)
          )
        )
        (1): BottleneckBlock(
          (conv1): Conv2d(
            256, 64, kernel_size=(1, 1), stride=(1, 1), bias=False
            (norm): FrozenBatchNorm2d(num_features=64, eps=1e-05)
          )
          (conv2): Conv2d(
            64, 64, kernel_size=(3, 3), stride=(1, 1), padding=(1, 1), bias=False
            (norm): FrozenBatchNorm2d(num_features=64, eps=1e-05)
          )
          (conv3): Conv2d(
            64, 256, kernel_size=(1, 1), stride=(1, 1), bias=False
            (norm): FrozenBatchNorm2d(num_features=256, eps=1e-05)
          )
        )
        (2): BottleneckBlock(
          (conv1): Conv2d(
            256, 64, kernel_size=(1, 1), stride=(1, 1), bias=False
            (norm): FrozenBatchNorm2d(num_features=64, eps=1e-05)
          )
          (conv2): Conv2d(
            64, 64, kernel_size=(3, 3), stride=(1, 1), padding=(1, 1), bias=False
            (norm): FrozenBatchNorm2d(num_features=64, eps=1e-05)
          )
          (conv3): Conv2d(
            64, 256, kernel_size=(1, 1), stride=(1, 1), bias=False
            (norm): FrozenBatchNorm2d(num_features=256, eps=1e-05)
          )
        )
      )
      (res3): Sequential(
        (0): BottleneckBlock(
          (shortcut): Conv2d(
            256, 512, kernel_size=(1, 1), stride=(2, 2), bias=False
            (norm): FrozenBatchNorm2d(num_features=512, eps=1e-05)
          )
          (conv1): Conv2d(
            256, 128, kernel_size=(1, 1), stride=(2, 2), bias=False
            (norm): FrozenBatchNorm2d(num_features=128, eps=1e-05)
          )
          (conv2): Conv2d(
            128, 128, kernel_size=(3, 3), stride=(1, 1), padding=(1, 1), bias=False
            (norm): FrozenBatchNorm2d(num_features=128, eps=1e-05)
          )
          (conv3): Conv2d(
            128, 512, kernel_size=(1, 1), stride=(1, 1), bias=False
            (norm): FrozenBatchNorm2d(num_features=512, eps=1e-05)
          )
        )
        (1): BottleneckBlock(
          (conv1): Conv2d(
            512, 128, kernel_size=(1, 1), stride=(1, 1), bias=False
            (norm): FrozenBatchNorm2d(num_features=128, eps=1e-05)
          )
          (conv2): Conv2d(
            128, 128, kernel_size=(3, 3), stride=(1, 1), padding=(1, 1), bias=False
            (norm): FrozenBatchNorm2d(num_features=128, eps=1e-05)
          )
          (conv3): Conv2d(
            128, 512, kernel_size=(1, 1), stride=(1, 1), bias=False
            (norm): FrozenBatchNorm2d(num_features=512, eps=1e-05)
          )
        )
        (2): BottleneckBlock(
          (conv1): Conv2d(
            512, 128, kernel_size=(1, 1), stride=(1, 1), bias=False
            (norm): FrozenBatchNorm2d(num_features=128, eps=1e-05)
          )
          (conv2): Conv2d(
            128, 128, kernel_size=(3, 3), stride=(1, 1), padding=(1, 1), bias=False
            (norm): FrozenBatchNorm2d(num_features=128, eps=1e-05)
          )
          (conv3): Conv2d(
            128, 512, kernel_size=(1, 1), stride=(1, 1), bias=False
            (norm): FrozenBatchNorm2d(num_features=512, eps=1e-05)
          )
        )
        (3): BottleneckBlock(
          (conv1): Conv2d(
            512, 128, kernel_size=(1, 1), stride=(1, 1), bias=False
            (norm): FrozenBatchNorm2d(num_features=128, eps=1e-05)
          )
          (conv2): Conv2d(
            128, 128, kernel_size=(3, 3), stride=(1, 1), padding=(1, 1), bias=False
            (norm): FrozenBatchNorm2d(num_features=128, eps=1e-05)
          )
          (conv3): Conv2d(
            128, 512, kernel_size=(1, 1), stride=(1, 1), bias=False
            (norm): FrozenBatchNorm2d(num_features=512, eps=1e-05)
          )
        )
      )
      (res4): Sequential(
        (0): BottleneckBlock(
          (shortcut): Conv2d(
            512, 1024, kernel_size=(1, 1), stride=(2, 2), bias=False
            (norm): FrozenBatchNorm2d(num_features=1024, eps=1e-05)
          )
          (conv1): Conv2d(
            512, 256, kernel_size=(1, 1), stride=(2, 2), bias=False
            (norm): FrozenBatchNorm2d(num_features=256, eps=1e-05)
          )
          (conv2): Conv2d(
            256, 256, kernel_size=(3, 3), stride=(1, 1), padding=(1, 1), bias=False
            (norm): FrozenBatchNorm2d(num_features=256, eps=1e-05)
          )
          (conv3): Conv2d(
            256, 1024, kernel_size=(1, 1), stride=(1, 1), bias=False
            (norm): FrozenBatchNorm2d(num_features=1024, eps=1e-05)
          )
        )
        (1): BottleneckBlock(
          (conv1): Conv2d(
            1024, 256, kernel_size=(1, 1), stride=(1, 1), bias=False
            (norm): FrozenBatchNorm2d(num_features=256, eps=1e-05)
          )
          (conv2): Conv2d(
            256, 256, kernel_size=(3, 3), stride=(1, 1), padding=(1, 1), bias=False
            (norm): FrozenBatchNorm2d(num_features=256, eps=1e-05)
          )
          (conv3): Conv2d(
            256, 1024, kernel_size=(1, 1), stride=(1, 1), bias=False
            (norm): FrozenBatchNorm2d(num_features=1024, eps=1e-05)
          )
        )
        (2): BottleneckBlock(
          (conv1): Conv2d(
            1024, 256, kernel_size=(1, 1), stride=(1, 1), bias=False
            (norm): FrozenBatchNorm2d(num_features=256, eps=1e-05)
          )
          (conv2): Conv2d(
            256, 256, kernel_size=(3, 3), stride=(1, 1), padding=(1, 1), bias=False
            (norm): FrozenBatchNorm2d(num_features=256, eps=1e-05)
          )
          (conv3): Conv2d(
            256, 1024, kernel_size=(1, 1), stride=(1, 1), bias=False
            (norm): FrozenBatchNorm2d(num_features=1024, eps=1e-05)
          )
        )
        (3): BottleneckBlock(
          (conv1): Conv2d(
            1024, 256, kernel_size=(1, 1), stride=(1, 1), bias=False
            (norm): FrozenBatchNorm2d(num_features=256, eps=1e-05)
          )
          (conv2): Conv2d(
            256, 256, kernel_size=(3, 3), stride=(1, 1), padding=(1, 1), bias=False
            (norm): FrozenBatchNorm2d(num_features=256, eps=1e-05)
          )
          (conv3): Conv2d(
            256, 1024, kernel_size=(1, 1), stride=(1, 1), bias=False
            (norm): FrozenBatchNorm2d(num_features=1024, eps=1e-05)
          )
        )
        (4): BottleneckBlock(
          (conv1): Conv2d(
            1024, 256, kernel_size=(1, 1), stride=(1, 1), bias=False
            (norm): FrozenBatchNorm2d(num_features=256, eps=1e-05)
          )
          (conv2): Conv2d(
            256, 256, kernel_size=(3, 3), stride=(1, 1), padding=(1, 1), bias=False
            (norm): FrozenBatchNorm2d(num_features=256, eps=1e-05)
          )
          (conv3): Conv2d(
            256, 1024, kernel_size=(1, 1), stride=(1, 1), bias=False
            (norm): FrozenBatchNorm2d(num_features=1024, eps=1e-05)
          )
        )
        (5): BottleneckBlock(
          (conv1): Conv2d(
            1024, 256, kernel_size=(1, 1), stride=(1, 1), bias=False
            (norm): FrozenBatchNorm2d(num_features=256, eps=1e-05)
          )
          (conv2): Conv2d(
            256, 256, kernel_size=(3, 3), stride=(1, 1), padding=(1, 1), bias=False
            (norm): FrozenBatchNorm2d(num_features=256, eps=1e-05)
          )
          (conv3): Conv2d(
            256, 1024, kernel_size=(1, 1), stride=(1, 1), bias=False
            (norm): FrozenBatchNorm2d(num_features=1024, eps=1e-05)
          )
        )
      )
      (res5): Sequential(
        (0): BottleneckBlock(
          (shortcut): Conv2d(
            1024, 2048, kernel_size=(1, 1), stride=(2, 2), bias=False
            (norm): FrozenBatchNorm2d(num_features=2048, eps=1e-05)
          )
          (conv1): Conv2d(
            1024, 512, kernel_size=(1, 1), stride=(2, 2), bias=False
            (norm): FrozenBatchNorm2d(num_features=512, eps=1e-05)
          )
          (conv2): Conv2d(
            512, 512, kernel_size=(3, 3), stride=(1, 1), padding=(1, 1), bias=False
            (norm): FrozenBatchNorm2d(num_features=512, eps=1e-05)
          )
          (conv3): Conv2d(
            512, 2048, kernel_size=(1, 1), stride=(1, 1), bias=False
            (norm): FrozenBatchNorm2d(num_features=2048, eps=1e-05)
          )
        )
        (1): BottleneckBlock(
          (conv1): Conv2d(
            2048, 512, kernel_size=(1, 1), stride=(1, 1), bias=False
            (norm): FrozenBatchNorm2d(num_features=512, eps=1e-05)
          )
          (conv2): Conv2d(
            512, 512, kernel_size=(3, 3), stride=(1, 1), padding=(1, 1), bias=False
            (norm): FrozenBatchNorm2d(num_features=512, eps=1e-05)
          )
          (conv3): Conv2d(
            512, 2048, kernel_size=(1, 1), stride=(1, 1), bias=False
            (norm): FrozenBatchNorm2d(num_features=2048, eps=1e-05)
          )
        )
        (2): BottleneckBlock(
          (conv1): Conv2d(
            2048, 512, kernel_size=(1, 1), stride=(1, 1), bias=False
            (norm): FrozenBatchNorm2d(num_features=512, eps=1e-05)
          )
          (conv2): Conv2d(
            512, 512, kernel_size=(3, 3), stride=(1, 1), padding=(1, 1), bias=False
            (norm): FrozenBatchNorm2d(num_features=512, eps=1e-05)
          )
          (conv3): Conv2d(
            512, 2048, kernel_size=(1, 1), stride=(1, 1), bias=False
            (norm): FrozenBatchNorm2d(num_features=2048, eps=1e-05)
          )
        )
      )
    )
  )
  (proposal_generator): RPN(
    (rpn_head): StandardRPNHead(
      (conv): Conv2d(256, 256, kernel_size=(3, 3), stride=(1, 1), padding=(1, 1))
      (objectness_logits): Conv2d(256, 3, kernel_size=(1, 1), stride=(1, 1))
      (anchor_deltas): Conv2d(256, 12, kernel_size=(1, 1), stride=(1, 1))
    )
    (anchor_generator): DefaultAnchorGenerator(
      (cell_anchors): BufferList()
    )
  )
  (roi_heads): StandardROIHeads(
    (box_pooler): ROIPooler(
      (level_poolers): ModuleList(
        (0): ROIAlign(output_size=(7, 7), spatial_scale=0.25, sampling_ratio=0, aligned=True)
        (1): ROIAlign(output_size=(7, 7), spatial_scale=0.125, sampling_ratio=0, aligned=True)
        (2): ROIAlign(output_size=(7, 7), spatial_scale=0.0625, sampling_ratio=0, aligned=True)
        (3): ROIAlign(output_size=(7, 7), spatial_scale=0.03125, sampling_ratio=0, aligned=True)
      )
    )
    (box_head): FastRCNNConvFCHead(
      (flatten): Flatten(start_dim=1, end_dim=-1)
      (fc1): Linear(in_features=12544, out_features=1024, bias=True)
      (fc_relu1): ReLU()
      (fc2): Linear(in_features=1024, out_features=1024, bias=True)
      (fc_relu2): ReLU()
    )
    (box_predictor): FastRCNNOutputLayers(
      (cls_score): Linear(in_features=1024, out_features=2, bias=True)
      (bbox_pred): Linear(in_features=1024, out_features=4, bias=True)
    )
    (mask_pooler): ROIPooler(
      (level_poolers): ModuleList(
        (0): ROIAlign(output_size=(14, 14), spatial_scale=0.25, sampling_ratio=0, aligned=True)
        (1): ROIAlign(output_size=(14, 14), spatial_scale=0.125, sampling_ratio=0, aligned=True)
        (2): ROIAlign(output_size=(14, 14), spatial_scale=0.0625, sampling_ratio=0, aligned=True)
        (3): ROIAlign(output_size=(14, 14), spatial_scale=0.03125, sampling_ratio=0, aligned=True)
      )
    )
    (mask_head): MaskRCNNConvUpsampleHead(
      (mask_fcn1): Conv2d(
        256, 256, kernel_size=(3, 3), stride=(1, 1), padding=(1, 1)
        (activation): ReLU()
      )
      (mask_fcn2): Conv2d(
        256, 256, kernel_size=(3, 3), stride=(1, 1), padding=(1, 1)
        (activation): ReLU()
      )
      (mask_fcn3): Conv2d(
        256, 256, kernel_size=(3, 3), stride=(1, 1), padding=(1, 1)
        (activation): ReLU()
      )
      (mask_fcn4): Conv2d(
        256, 256, kernel_size=(3, 3), stride=(1, 1), padding=(1, 1)
        (activation): ReLU()
      )
      (deconv): ConvTranspose2d(256, 256, kernel_size=(2, 2), stride=(2, 2))
      (deconv_relu): ReLU()
      (predictor): Conv2d(256, 1, kernel_size=(1, 1), stride=(1, 1))
    )
  )
)
[32m[09/14 23:46:03 d2.data.build]: [0mRemoved 0 images with no usable annotations. 20 images left.
[32m[09/14 23:46:03 d2.data.build]: [0mDistribution of instances among all 1 categories:
[36m|  category  | #instances   |
|:----------:|:-------------|
| satellite  | 1412         |
|            |              |[0m
[32m[09/14 23:46:03 d2.data.dataset_mapper]: [0m[DatasetMapper] Augmentations used in training: [ResizeShortestEdge(short_edge_length=(640, 672, 704, 736, 768, 800), max_size=1333, sample_style='choice'), RandomFlip()]
[32m[09/14 23:46:03 d2.data.build]: [0mUsing training sampler TrainingSampler
[32m[09/14 23:46:03 d2.data.common]: [0mSerializing 20 elements to byte tensors and concatenating them all ...
[32m[09/14 23:46:03 d2.data.common]: [0mSerialized dataset takes 0.46 MiB
[5m[31mWARNING[0m [32m[09/14 23:46:03 d2.solver.build]: [0mSOLVER.STEPS contains values larger than SOLVER.MAX_ITER. These values will be ignored.
[32m[09/14 23:46:04 d2.checkpoint.c2_model_loading]: [0mRenaming Caffe2 weights ......
[32m[09/14 23:46:04 d2.checkpoint.c2_model_loading]: [0mFollowing weights matched with submodule backbone.bottom_up:
| Names in Model    | Names in Checkpoint      | Shapes                                          |
|:------------------|:-------------------------|:------------------------------------------------|
| res2.0.conv1.*    | res2_0_branch2a_{bn_*,w} | (64,) (64,) (64,) (64,) (64,64,1,1)             |
| res2.0.conv2.*    | res2_0_branch2b_{bn_*,w} | (64,) (64,) (64,) (64,) (64,64,3,3)             |
| res2.0.conv3.*    | res2_0_branch2c_{bn_*,w} | (256,) (256,) (256,) (256,) (256,64,1,1)        |
| res2.0.shortcut.* | res2_0_branch1_{bn_*,w}  | (256,) (256,) (256,) (256,) (256,64,1,1)        |
| res2.1.conv1.*    | res2_1_branch2a_{bn_*,w} | (64,) (64,) (64,) (64,) (64,256,1,1)            |
| res2.1.conv2.*    | res2_1_branch2b_{bn_*,w} | (64,) (64,) (64,) (64,) (64,64,3,3)             |
| res2.1.conv3.*    | res2_1_branch2c_{bn_*,w} | (256,) (256,) (256,) (256,) (256,64,1,1)        |
| res2.2.conv1.*    | res2_2_branch2a_{bn_*,w} | (64,) (64,) (64,) (64,) (64,256,1,1)            |
| res2.2.conv2.*    | res2_2_branch2b_{bn_*,w} | (64,) (64,) (64,) (64,) (64,64,3,3)             |
| res2.2.conv3.*    | res2_2_branch2c_{bn_*,w} | (256,) (256,) (256,) (256,) (256,64,1,1)        |
| res3.0.conv1.*    | res3_0_branch2a_{bn_*,w} | (128,) (128,) (128,) (128,) (128,256,1,1)       |
| res3.0.conv2.*    | res3_0_branch2b_{bn_*,w} | (128,) (128,) (128,) (128,) (128,128,3,3)       |
| res3.0.conv3.*    | res3_0_branch2c_{bn_*,w} | (512,) (512,) (512,) (512,) (512,128,1,1)       |
| res3.0.shortcut.* | res3_0_branch1_{bn_*,w}  | (512,) (512,) (512,) (512,) (512,256,1,1)       |
| res3.1.conv1.*    | res3_1_branch2a_{bn_*,w} | (128,) (128,) (128,) (128,) (128,512,1,1)       |
| res3.1.conv2.*    | res3_1_branch2b_{bn_*,w} | (128,) (128,) (128,) (128,) (128,128,3,3)       |
| res3.1.conv3.*    | res3_1_branch2c_{bn_*,w} | (512,) (512,) (512,) (512,) (512,128,1,1)       |
| res3.2.conv1.*    | res3_2_branch2a_{bn_*,w} | (128,) (128,) (128,) (128,) (128,512,1,1)       |
| res3.2.conv2.*    | res3_2_branch2b_{bn_*,w} | (128,) (128,) (128,) (128,) (128,128,3,3)       |
| res3.2.conv3.*    | res3_2_branch2c_{bn_*,w} | (512,) (512,) (512,) (512,) (512,128,1,1)       |
| res3.3.conv1.*    | res3_3_branch2a_{bn_*,w} | (128,) (128,) (128,) (128,) (128,512,1,1)       |
| res3.3.conv2.*    | res3_3_branch2b_{bn_*,w} | (128,) (128,) (128,) (128,) (128,128,3,3)       |
| res3.3.conv3.*    | res3_3_branch2c_{bn_*,w} | (512,) (512,) (512,) (512,) (512,128,1,1)       |
| res4.0.conv1.*    | res4_0_branch2a_{bn_*,w} | (256,) (256,) (256,) (256,) (256,512,1,1)       |
| res4.0.conv2.*    | res4_0_branch2b_{bn_*,w} | (256,) (256,) (256,) (256,) (256,256,3,3)       |
| res4.0.conv3.*    | res4_0_branch2c_{bn_*,w} | (1024,) (1024,) (1024,) (1024,) (1024,256,1,1)  |
| res4.0.shortcut.* | res4_0_branch1_{bn_*,w}  | (1024,) (1024,) (1024,) (1024,) (1024,512,1,1)  |
| res4.1.conv1.*    | res4_1_branch2a_{bn_*,w} | (256,) (256,) (256,) (256,) (256,1024,1,1)      |
| res4.1.conv2.*    | res4_1_branch2b_{bn_*,w} | (256,) (256,) (256,) (256,) (256,256,3,3)       |
| res4.1.conv3.*    | res4_1_branch2c_{bn_*,w} | (1024,) (1024,) (1024,) (1024,) (1024,256,1,1)  |
| res4.2.conv1.*    | res4_2_branch2a_{bn_*,w} | (256,) (256,) (256,) (256,) (256,1024,1,1)      |
| res4.2.conv2.*    | res4_2_branch2b_{bn_*,w} | (256,) (256,) (256,) (256,) (256,256,3,3)       |
| res4.2.conv3.*    | res4_2_branch2c_{bn_*,w} | (1024,) (1024,) (1024,) (1024,) (1024,256,1,1)  |
| res4.3.conv1.*    | res4_3_branch2a_{bn_*,w} | (256,) (256,) (256,) (256,) (256,1024,1,1)      |
| res4.3.conv2.*    | res4_3_branch2b_{bn_*,w} | (256,) (256,) (256,) (256,) (256,256,3,3)       |
| res4.3.conv3.*    | res4_3_branch2c_{bn_*,w} | (1024,) (1024,) (1024,) (1024,) (1024,256,1,1)  |
| res4.4.conv1.*    | res4_4_branch2a_{bn_*,w} | (256,) (256,) (256,) (256,) (256,1024,1,1)      |
| res4.4.conv2.*    | res4_4_branch2b_{bn_*,w} | (256,) (256,) (256,) (256,) (256,256,3,3)       |
| res4.4.conv3.*    | res4_4_branch2c_{bn_*,w} | (1024,) (1024,) (1024,) (1024,) (1024,256,1,1)  |
| res4.5.conv1.*    | res4_5_branch2a_{bn_*,w} | (256,) (256,) (256,) (256,) (256,1024,1,1)      |
| res4.5.conv2.*    | res4_5_branch2b_{bn_*,w} | (256,) (256,) (256,) (256,) (256,256,3,3)       |
| res4.5.conv3.*    | res4_5_branch2c_{bn_*,w} | (1024,) (1024,) (1024,) (1024,) (1024,256,1,1)  |
| res5.0.conv1.*    | res5_0_branch2a_{bn_*,w} | (512,) (512,) (512,) (512,) (512,1024,1,1)      |
| res5.0.conv2.*    | res5_0_branch2b_{bn_*,w} | (512,) (512,) (512,) (512,) (512,512,3,3)       |
| res5.0.conv3.*    | res5_0_branch2c_{bn_*,w} | (2048,) (2048,) (2048,) (2048,) (2048,512,1,1)  |
| res5.0.shortcut.* | res5_0_branch1_{bn_*,w}  | (2048,) (2048,) (2048,) (2048,) (2048,1024,1,1) |
| res5.1.conv1.*    | res5_1_branch2a_{bn_*,w} | (512,) (512,) (512,) (512,) (512,2048,1,1)      |
| res5.1.conv2.*    | res5_1_branch2b_{bn_*,w} | (512,) (512,) (512,) (512,) (512,512,3,3)       |
| res5.1.conv3.*    | res5_1_branch2c_{bn_*,w} | (2048,) (2048,) (2048,) (2048,) (2048,512,1,1)  |
| res5.2.conv1.*    | res5_2_branch2a_{bn_*,w} | (512,) (512,) (512,) (512,) (512,2048,1,1)      |
| res5.2.conv2.*    | res5_2_branch2b_{bn_*,w} | (512,) (512,) (512,) (512,) (512,512,3,3)       |
| res5.2.conv3.*    | res5_2_branch2c_{bn_*,w} | (2048,) (2048,) (2048,) (2048,) (2048,512,1,1)  |
| stem.conv1.norm.* | res_conv1_bn_*           | (64,) (64,) (64,) (64,)                         |
| stem.conv1.weight | conv1_w                  | (64, 3, 7, 7)                                   |
[32m[09/14 23:46:04 d2.engine.train_loop]: [0mStarting training from iteration 0
/jet/home/sprice/.local/lib/python3.8/site-packages/torch/utils/data/dataloader.py:474: UserWarning: This DataLoader will create 4 worker processes in total. Our suggested max number of worker in current system is 1, which is smaller than what this DataLoader is going to create. Please be aware that excessive worker creation might get DataLoader running slow or even freeze, lower the worker number to avoid potential slowness/freeze if necessary.
  warnings.warn(_create_warning_msg(
[32m[09/14 23:46:09 d2.utils.events]: [0m eta: 0:34:28  iter: 19  total_loss: 2.746  loss_cls: 0.4674  loss_box_reg: 0.06813  loss_mask: 0.6336  loss_rpn_cls: 0.6381  loss_rpn_loc: 0.8849  time: 0.1441  data_time: 0.1047  lr: 0.0019981  max_mem: 1696M
[32m[09/14 23:46:11 d2.utils.events]: [0m eta: 0:34:25  iter: 39  total_loss: 2.239  loss_cls: 0.2745  loss_box_reg: 0.1971  loss_mask: 0.5713  loss_rpn_cls: 0.5647  loss_rpn_loc: 0.6059  time: 0.1404  data_time: 0.0151  lr: 0.0039961  max_mem: 1696M
[32m[09/14 23:46:14 d2.utils.events]: [0m eta: 0:34:40  iter: 59  total_loss: 2.228  loss_cls: 0.3099  loss_box_reg: 0.3458  loss_mask: 0.5194  loss_rpn_cls: 0.4103  loss_rpn_loc: 0.5602  time: 0.1402  data_time: 0.0149  lr: 0.0059941  max_mem: 1696M
[32m[09/14 23:46:17 d2.utils.events]: [0m eta: 0:34:37  iter: 79  total_loss: 1.738  loss_cls: 0.206  loss_box_reg: 0.1736  loss_mask: 0.4439  loss_rpn_cls: 0.34  loss_rpn_loc: 0.5808  time: 0.1395  data_time: 0.0150  lr: 0.0079921  max_mem: 1713M
[32m[09/14 23:46:20 d2.utils.events]: [0m eta: 0:34:49  iter: 99  total_loss: 1.714  loss_cls: 0.1924  loss_box_reg: 0.2443  loss_mask: 0.3933  loss_rpn_cls: 0.338  loss_rpn_loc: 0.5613  time: 0.1399  data_time: 0.0153  lr: 0.0099901  max_mem: 1713M
[32m[09/14 23:46:23 d2.utils.events]: [0m eta: 0:34:42  iter: 119  total_loss: 1.608  loss_cls: 0.2442  loss_box_reg: 0.2176  loss_mask: 0.3543  loss_rpn_cls: 0.3381  loss_rpn_loc: 0.5136  time: 0.1400  data_time: 0.0149  lr: 0.011988  max_mem: 1713M
[32m[09/14 23:46:25 d2.utils.events]: [0m eta: 0:34:39  iter: 139  total_loss: 1.711  loss_cls: 0.1975  loss_box_reg: 0.3047  loss_mask: 0.344  loss_rpn_cls: 0.3263  loss_rpn_loc: 0.5451  time: 0.1401  data_time: 0.0148  lr: 0.013986  max_mem: 1713M
[32m[09/14 23:46:28 d2.utils.events]: [0m eta: 0:34:31  iter: 159  total_loss: 1.578  loss_cls: 0.1838  loss_box_reg: 0.3171  loss_mask: 0.3046  loss_rpn_cls: 0.253  loss_rpn_loc: 0.5042  time: 0.1403  data_time: 0.0157  lr: 0.015984  max_mem: 1824M
[32m[09/14 23:46:31 d2.utils.events]: [0m eta: 0:34:42  iter: 179  total_loss: 1.731  loss_cls: 0.1872  loss_box_reg: 0.3075  loss_mask: 0.306  loss_rpn_cls: 0.296  loss_rpn_loc: 0.5628  time: 0.1408  data_time: 0.0153  lr: 0.017982  max_mem: 1824M
[32m[09/14 23:46:34 d2.utils.events]: [0m eta: 0:34:39  iter: 199  total_loss: 1.779  loss_cls: 0.2145  loss_box_reg: 0.3283  loss_mask: 0.3006  loss_rpn_cls: 0.2944  loss_rpn_loc: 0.6061  time: 0.1407  data_time: 0.0154  lr: 0.01998  max_mem: 1824M
[32m[09/14 23:46:37 d2.utils.events]: [0m eta: 0:34:37  iter: 219  total_loss: 1.509  loss_cls: 0.1594  loss_box_reg: 0.2529  loss_mask: 0.2898  loss_rpn_cls: 0.2761  loss_rpn_loc: 0.5715  time: 0.1406  data_time: 0.0155  lr: 0.021978  max_mem: 1824M
[32m[09/14 23:46:40 d2.utils.events]: [0m eta: 0:34:32  iter: 239  total_loss: 1.537  loss_cls: 0.1478  loss_box_reg: 0.1683  loss_mask: 0.2844  loss_rpn_cls: 0.2989  loss_rpn_loc: 0.6024  time: 0.1404  data_time: 0.0151  lr: 0.023976  max_mem: 1824M
[32m[09/14 23:46:43 d2.utils.events]: [0m eta: 0:34:33  iter: 259  total_loss: 1.589  loss_cls: 0.1715  loss_box_reg: 0.1889  loss_mask: 0.2911  loss_rpn_cls: 0.2377  loss_rpn_loc: 0.6591  time: 0.1406  data_time: 0.0157  lr: 0.025974  max_mem: 1824M
[32m[09/14 23:46:45 d2.utils.events]: [0m eta: 0:34:33  iter: 279  total_loss: 1.621  loss_cls: 0.1935  loss_box_reg: 0.2249  loss_mask: 0.2813  loss_rpn_cls: 0.2728  loss_rpn_loc: 0.6622  time: 0.1406  data_time: 0.0150  lr: 0.027972  max_mem: 1824M
[32m[09/14 23:46:48 d2.utils.events]: [0m eta: 0:34:33  iter: 299  total_loss: 1.527  loss_cls: 0.1402  loss_box_reg: 0.1576  loss_mask: 0.2762  loss_rpn_cls: 0.2905  loss_rpn_loc: 0.6322  time: 0.1411  data_time: 0.0162  lr: 0.02997  max_mem: 1824M
[32m[09/14 23:46:51 d2.utils.events]: [0m eta: 0:34:29  iter: 319  total_loss: 1.637  loss_cls: 0.1621  loss_box_reg: 0.1216  loss_mask: 0.2843  loss_rpn_cls: 0.3149  loss_rpn_loc: 0.6709  time: 0.1412  data_time: 0.0162  lr: 0.031968  max_mem: 1824M
[4m[5m[31mERROR[0m [32m[09/14 23:46:54 d2.engine.train_loop]: [0mException during training:
Traceback (most recent call last):
  File "/jet/home/sprice/.local/lib/python3.8/site-packages/detectron2/engine/train_loop.py", line 138, in train
    self.run_step()
  File "/jet/home/sprice/.local/lib/python3.8/site-packages/detectron2/engine/defaults.py", line 441, in run_step
    self._trainer.run_step()
  File "/jet/home/sprice/.local/lib/python3.8/site-packages/detectron2/engine/train_loop.py", line 242, in run_step
    self._write_metrics(loss_dict, data_time)
  File "/jet/home/sprice/.local/lib/python3.8/site-packages/detectron2/engine/train_loop.py", line 284, in _write_metrics
    raise FloatingPointError(
FloatingPointError: Loss became infinite or NaN at iteration=339!
loss_dict = {'loss_cls': nan, 'loss_box_reg': nan, 'loss_mask': 11172324573184.0, 'loss_rpn_cls': 0.63330078125, 'loss_rpn_loc': 0.7091836333274841}
[32m[09/14 23:46:54 d2.engine.hooks]: [0mOverall training speed: 337 iterations in 0:00:47 (0.1415 s / it)
[32m[09/14 23:46:54 d2.engine.hooks]: [0mTotal training time: 0:00:48 (0:00:00 on hooks)
[32m[09/14 23:46:54 d2.utils.events]: [0m eta: 0:34:20  iter: 339  total_loss: 1.564  loss_cls: 0.1241  loss_box_reg: 0.08384  loss_mask: 0.2956  loss_rpn_cls: 0.3845  loss_rpn_loc: 0.7159  time: 0.1410  data_time: 0.0147  lr: 0.033866  max_mem: 1824M
Traceback (most recent call last):
  File "train_powder_LR-0_1C.py", line 125, in <module>
    trainer.train()  # train the model!
  File "/jet/home/sprice/.local/lib/python3.8/site-packages/detectron2/engine/defaults.py", line 431, in train
    super().train(self.start_iter, self.max_iter)
  File "/jet/home/sprice/.local/lib/python3.8/site-packages/detectron2/engine/train_loop.py", line 138, in train
    self.run_step()
  File "/jet/home/sprice/.local/lib/python3.8/site-packages/detectron2/engine/defaults.py", line 441, in run_step
    self._trainer.run_step()
  File "/jet/home/sprice/.local/lib/python3.8/site-packages/detectron2/engine/train_loop.py", line 242, in run_step
    self._write_metrics(loss_dict, data_time)
  File "/jet/home/sprice/.local/lib/python3.8/site-packages/detectron2/engine/train_loop.py", line 284, in _write_metrics
    raise FloatingPointError(
FloatingPointError: Loss became infinite or NaN at iteration=339!
loss_dict = {'loss_cls': nan, 'loss_box_reg': nan, 'loss_mask': 11172324573184.0, 'loss_rpn_cls': 0.63330078125, 'loss_rpn_loc': 0.7091836333274841}
/var/spool/slurm/d/job3617989/slurm_script: line 9: ./gpua.out: No such file or directory
