[W Context.cpp:70] Warning: torch.use_deterministic_algorithms is in beta, and its design and functionality may change in the future. (function operator())
Attempt 1 at Setting Deterministic Nature for CNN Training
Registered Datasets: ['satellite_Train', 'satellite_Val']
ddict info:
	path: ../../../../../../../ocean/projects/dmr200021p/sprice/tuning/images/S04_01_SE1_1000X45.png
	num_instances: 41
ddict info:
	path: ../../../../../../../ocean/projects/dmr200021p/sprice/tuning/images/HP743_2S_500x.png
	num_instances: 47
ddict info:
	path: ../../../../../../../ocean/projects/dmr200021p/sprice/tuning/images/S04_03_SE1_1000X53.png
	num_instances: 40
ddict info:
	path: ../../../../../../../ocean/projects/dmr200021p/sprice/tuning/images/S08_03_SE1_1000X03.png
	num_instances: 88
ddict info:
	path: ../../../../../../../ocean/projects/dmr200021p/sprice/tuning/images/S06_01_SE1_500X67.png
	num_instances: 54
ddict info:
	path: ../../../../../../../ocean/projects/dmr200021p/sprice/tuning/images/S04_02_SE1_1000X50.png
	num_instances: 45
ddict info:
	path: ../../../../../../../ocean/projects/dmr200021p/sprice/tuning/images/S03_03_SE1_1250X41.png
	num_instances: 111
ddict info:
	path: ../../../../../../../ocean/projects/dmr200021p/sprice/tuning/images/S02_01_SE1_300X14.png
	num_instances: 98
ddict info:
	path: ../../../../../../../ocean/projects/dmr200021p/sprice/tuning/images/HP743_2S_250x.png
	num_instances: 49
Weights not found, weights will be downloaded from source: https://dl.fbaipublicfiles.com/detectron2/COCO-InstanceSegmentation/mask_rcnn_R_50_FPN_3x/137849600/model_final_f10217.pkl
[32m[11/13 17:22:05 d2.engine.defaults]: [0mModel:
GeneralizedRCNN(
  (backbone): FPN(
    (fpn_lateral2): Conv2d(256, 256, kernel_size=(1, 1), stride=(1, 1))
    (fpn_output2): Conv2d(256, 256, kernel_size=(3, 3), stride=(1, 1), padding=(1, 1))
    (fpn_lateral3): Conv2d(512, 256, kernel_size=(1, 1), stride=(1, 1))
    (fpn_output3): Conv2d(256, 256, kernel_size=(3, 3), stride=(1, 1), padding=(1, 1))
    (fpn_lateral4): Conv2d(1024, 256, kernel_size=(1, 1), stride=(1, 1))
    (fpn_output4): Conv2d(256, 256, kernel_size=(3, 3), stride=(1, 1), padding=(1, 1))
    (fpn_lateral5): Conv2d(2048, 256, kernel_size=(1, 1), stride=(1, 1))
    (fpn_output5): Conv2d(256, 256, kernel_size=(3, 3), stride=(1, 1), padding=(1, 1))
    (top_block): LastLevelMaxPool()
    (bottom_up): ResNet(
      (stem): BasicStem(
        (conv1): Conv2d(
          3, 64, kernel_size=(7, 7), stride=(2, 2), padding=(3, 3), bias=False
          (norm): FrozenBatchNorm2d(num_features=64, eps=1e-05)
        )
      )
      (res2): Sequential(
        (0): BottleneckBlock(
          (shortcut): Conv2d(
            64, 256, kernel_size=(1, 1), stride=(1, 1), bias=False
            (norm): FrozenBatchNorm2d(num_features=256, eps=1e-05)
          )
          (conv1): Conv2d(
            64, 64, kernel_size=(1, 1), stride=(1, 1), bias=False
            (norm): FrozenBatchNorm2d(num_features=64, eps=1e-05)
          )
          (conv2): Conv2d(
            64, 64, kernel_size=(3, 3), stride=(1, 1), padding=(1, 1), bias=False
            (norm): FrozenBatchNorm2d(num_features=64, eps=1e-05)
          )
          (conv3): Conv2d(
            64, 256, kernel_size=(1, 1), stride=(1, 1), bias=False
            (norm): FrozenBatchNorm2d(num_features=256, eps=1e-05)
          )
        )
        (1): BottleneckBlock(
          (conv1): Conv2d(
            256, 64, kernel_size=(1, 1), stride=(1, 1), bias=False
            (norm): FrozenBatchNorm2d(num_features=64, eps=1e-05)
          )
          (conv2): Conv2d(
            64, 64, kernel_size=(3, 3), stride=(1, 1), padding=(1, 1), bias=False
            (norm): FrozenBatchNorm2d(num_features=64, eps=1e-05)
          )
          (conv3): Conv2d(
            64, 256, kernel_size=(1, 1), stride=(1, 1), bias=False
            (norm): FrozenBatchNorm2d(num_features=256, eps=1e-05)
          )
        )
        (2): BottleneckBlock(
          (conv1): Conv2d(
            256, 64, kernel_size=(1, 1), stride=(1, 1), bias=False
            (norm): FrozenBatchNorm2d(num_features=64, eps=1e-05)
          )
          (conv2): Conv2d(
            64, 64, kernel_size=(3, 3), stride=(1, 1), padding=(1, 1), bias=False
            (norm): FrozenBatchNorm2d(num_features=64, eps=1e-05)
          )
          (conv3): Conv2d(
            64, 256, kernel_size=(1, 1), stride=(1, 1), bias=False
            (norm): FrozenBatchNorm2d(num_features=256, eps=1e-05)
          )
        )
      )
      (res3): Sequential(
        (0): BottleneckBlock(
          (shortcut): Conv2d(
            256, 512, kernel_size=(1, 1), stride=(2, 2), bias=False
            (norm): FrozenBatchNorm2d(num_features=512, eps=1e-05)
          )
          (conv1): Conv2d(
            256, 128, kernel_size=(1, 1), stride=(2, 2), bias=False
            (norm): FrozenBatchNorm2d(num_features=128, eps=1e-05)
          )
          (conv2): Conv2d(
            128, 128, kernel_size=(3, 3), stride=(1, 1), padding=(1, 1), bias=False
            (norm): FrozenBatchNorm2d(num_features=128, eps=1e-05)
          )
          (conv3): Conv2d(
            128, 512, kernel_size=(1, 1), stride=(1, 1), bias=False
            (norm): FrozenBatchNorm2d(num_features=512, eps=1e-05)
          )
        )
        (1): BottleneckBlock(
          (conv1): Conv2d(
            512, 128, kernel_size=(1, 1), stride=(1, 1), bias=False
            (norm): FrozenBatchNorm2d(num_features=128, eps=1e-05)
          )
          (conv2): Conv2d(
            128, 128, kernel_size=(3, 3), stride=(1, 1), padding=(1, 1), bias=False
            (norm): FrozenBatchNorm2d(num_features=128, eps=1e-05)
          )
          (conv3): Conv2d(
            128, 512, kernel_size=(1, 1), stride=(1, 1), bias=False
            (norm): FrozenBatchNorm2d(num_features=512, eps=1e-05)
          )
        )
        (2): BottleneckBlock(
          (conv1): Conv2d(
            512, 128, kernel_size=(1, 1), stride=(1, 1), bias=False
            (norm): FrozenBatchNorm2d(num_features=128, eps=1e-05)
          )
          (conv2): Conv2d(
            128, 128, kernel_size=(3, 3), stride=(1, 1), padding=(1, 1), bias=False
            (norm): FrozenBatchNorm2d(num_features=128, eps=1e-05)
          )
          (conv3): Conv2d(
            128, 512, kernel_size=(1, 1), stride=(1, 1), bias=False
            (norm): FrozenBatchNorm2d(num_features=512, eps=1e-05)
          )
        )
        (3): BottleneckBlock(
          (conv1): Conv2d(
            512, 128, kernel_size=(1, 1), stride=(1, 1), bias=False
            (norm): FrozenBatchNorm2d(num_features=128, eps=1e-05)
          )
          (conv2): Conv2d(
            128, 128, kernel_size=(3, 3), stride=(1, 1), padding=(1, 1), bias=False
            (norm): FrozenBatchNorm2d(num_features=128, eps=1e-05)
          )
          (conv3): Conv2d(
            128, 512, kernel_size=(1, 1), stride=(1, 1), bias=False
            (norm): FrozenBatchNorm2d(num_features=512, eps=1e-05)
          )
        )
      )
      (res4): Sequential(
        (0): BottleneckBlock(
          (shortcut): Conv2d(
            512, 1024, kernel_size=(1, 1), stride=(2, 2), bias=False
            (norm): FrozenBatchNorm2d(num_features=1024, eps=1e-05)
          )
          (conv1): Conv2d(
            512, 256, kernel_size=(1, 1), stride=(2, 2), bias=False
            (norm): FrozenBatchNorm2d(num_features=256, eps=1e-05)
          )
          (conv2): Conv2d(
            256, 256, kernel_size=(3, 3), stride=(1, 1), padding=(1, 1), bias=False
            (norm): FrozenBatchNorm2d(num_features=256, eps=1e-05)
          )
          (conv3): Conv2d(
            256, 1024, kernel_size=(1, 1), stride=(1, 1), bias=False
            (norm): FrozenBatchNorm2d(num_features=1024, eps=1e-05)
          )
        )
        (1): BottleneckBlock(
          (conv1): Conv2d(
            1024, 256, kernel_size=(1, 1), stride=(1, 1), bias=False
            (norm): FrozenBatchNorm2d(num_features=256, eps=1e-05)
          )
          (conv2): Conv2d(
            256, 256, kernel_size=(3, 3), stride=(1, 1), padding=(1, 1), bias=False
            (norm): FrozenBatchNorm2d(num_features=256, eps=1e-05)
          )
          (conv3): Conv2d(
            256, 1024, kernel_size=(1, 1), stride=(1, 1), bias=False
            (norm): FrozenBatchNorm2d(num_features=1024, eps=1e-05)
          )
        )
        (2): BottleneckBlock(
          (conv1): Conv2d(
            1024, 256, kernel_size=(1, 1), stride=(1, 1), bias=False
            (norm): FrozenBatchNorm2d(num_features=256, eps=1e-05)
          )
          (conv2): Conv2d(
            256, 256, kernel_size=(3, 3), stride=(1, 1), padding=(1, 1), bias=False
            (norm): FrozenBatchNorm2d(num_features=256, eps=1e-05)
          )
          (conv3): Conv2d(
            256, 1024, kernel_size=(1, 1), stride=(1, 1), bias=False
            (norm): FrozenBatchNorm2d(num_features=1024, eps=1e-05)
          )
        )
        (3): BottleneckBlock(
          (conv1): Conv2d(
            1024, 256, kernel_size=(1, 1), stride=(1, 1), bias=False
            (norm): FrozenBatchNorm2d(num_features=256, eps=1e-05)
          )
          (conv2): Conv2d(
            256, 256, kernel_size=(3, 3), stride=(1, 1), padding=(1, 1), bias=False
            (norm): FrozenBatchNorm2d(num_features=256, eps=1e-05)
          )
          (conv3): Conv2d(
            256, 1024, kernel_size=(1, 1), stride=(1, 1), bias=False
            (norm): FrozenBatchNorm2d(num_features=1024, eps=1e-05)
          )
        )
        (4): BottleneckBlock(
          (conv1): Conv2d(
            1024, 256, kernel_size=(1, 1), stride=(1, 1), bias=False
            (norm): FrozenBatchNorm2d(num_features=256, eps=1e-05)
          )
          (conv2): Conv2d(
            256, 256, kernel_size=(3, 3), stride=(1, 1), padding=(1, 1), bias=False
            (norm): FrozenBatchNorm2d(num_features=256, eps=1e-05)
          )
          (conv3): Conv2d(
            256, 1024, kernel_size=(1, 1), stride=(1, 1), bias=False
            (norm): FrozenBatchNorm2d(num_features=1024, eps=1e-05)
          )
        )
        (5): BottleneckBlock(
          (conv1): Conv2d(
            1024, 256, kernel_size=(1, 1), stride=(1, 1), bias=False
            (norm): FrozenBatchNorm2d(num_features=256, eps=1e-05)
          )
          (conv2): Conv2d(
            256, 256, kernel_size=(3, 3), stride=(1, 1), padding=(1, 1), bias=False
            (norm): FrozenBatchNorm2d(num_features=256, eps=1e-05)
          )
          (conv3): Conv2d(
            256, 1024, kernel_size=(1, 1), stride=(1, 1), bias=False
            (norm): FrozenBatchNorm2d(num_features=1024, eps=1e-05)
          )
        )
      )
      (res5): Sequential(
        (0): BottleneckBlock(
          (shortcut): Conv2d(
            1024, 2048, kernel_size=(1, 1), stride=(2, 2), bias=False
            (norm): FrozenBatchNorm2d(num_features=2048, eps=1e-05)
          )
          (conv1): Conv2d(
            1024, 512, kernel_size=(1, 1), stride=(2, 2), bias=False
            (norm): FrozenBatchNorm2d(num_features=512, eps=1e-05)
          )
          (conv2): Conv2d(
            512, 512, kernel_size=(3, 3), stride=(1, 1), padding=(1, 1), bias=False
            (norm): FrozenBatchNorm2d(num_features=512, eps=1e-05)
          )
          (conv3): Conv2d(
            512, 2048, kernel_size=(1, 1), stride=(1, 1), bias=False
            (norm): FrozenBatchNorm2d(num_features=2048, eps=1e-05)
          )
        )
        (1): BottleneckBlock(
          (conv1): Conv2d(
            2048, 512, kernel_size=(1, 1), stride=(1, 1), bias=False
            (norm): FrozenBatchNorm2d(num_features=512, eps=1e-05)
          )
          (conv2): Conv2d(
            512, 512, kernel_size=(3, 3), stride=(1, 1), padding=(1, 1), bias=False
            (norm): FrozenBatchNorm2d(num_features=512, eps=1e-05)
          )
          (conv3): Conv2d(
            512, 2048, kernel_size=(1, 1), stride=(1, 1), bias=False
            (norm): FrozenBatchNorm2d(num_features=2048, eps=1e-05)
          )
        )
        (2): BottleneckBlock(
          (conv1): Conv2d(
            2048, 512, kernel_size=(1, 1), stride=(1, 1), bias=False
            (norm): FrozenBatchNorm2d(num_features=512, eps=1e-05)
          )
          (conv2): Conv2d(
            512, 512, kernel_size=(3, 3), stride=(1, 1), padding=(1, 1), bias=False
            (norm): FrozenBatchNorm2d(num_features=512, eps=1e-05)
          )
          (conv3): Conv2d(
            512, 2048, kernel_size=(1, 1), stride=(1, 1), bias=False
            (norm): FrozenBatchNorm2d(num_features=2048, eps=1e-05)
          )
        )
      )
    )
  )
  (proposal_generator): RPN(
    (rpn_head): StandardRPNHead(
      (conv): Conv2d(256, 256, kernel_size=(3, 3), stride=(1, 1), padding=(1, 1))
      (objectness_logits): Conv2d(256, 3, kernel_size=(1, 1), stride=(1, 1))
      (anchor_deltas): Conv2d(256, 12, kernel_size=(1, 1), stride=(1, 1))
    )
    (anchor_generator): DefaultAnchorGenerator(
      (cell_anchors): BufferList()
    )
  )
  (roi_heads): StandardROIHeads(
    (box_pooler): ROIPooler(
      (level_poolers): ModuleList(
        (0): ROIAlign(output_size=(7, 7), spatial_scale=0.25, sampling_ratio=0, aligned=True)
        (1): ROIAlign(output_size=(7, 7), spatial_scale=0.125, sampling_ratio=0, aligned=True)
        (2): ROIAlign(output_size=(7, 7), spatial_scale=0.0625, sampling_ratio=0, aligned=True)
        (3): ROIAlign(output_size=(7, 7), spatial_scale=0.03125, sampling_ratio=0, aligned=True)
      )
    )
    (box_head): FastRCNNConvFCHead(
      (flatten): Flatten(start_dim=1, end_dim=-1)
      (fc1): Linear(in_features=12544, out_features=1024, bias=True)
      (fc_relu1): ReLU()
      (fc2): Linear(in_features=1024, out_features=1024, bias=True)
      (fc_relu2): ReLU()
    )
    (box_predictor): FastRCNNOutputLayers(
      (cls_score): Linear(in_features=1024, out_features=2, bias=True)
      (bbox_pred): Linear(in_features=1024, out_features=4, bias=True)
    )
    (mask_pooler): ROIPooler(
      (level_poolers): ModuleList(
        (0): ROIAlign(output_size=(14, 14), spatial_scale=0.25, sampling_ratio=0, aligned=True)
        (1): ROIAlign(output_size=(14, 14), spatial_scale=0.125, sampling_ratio=0, aligned=True)
        (2): ROIAlign(output_size=(14, 14), spatial_scale=0.0625, sampling_ratio=0, aligned=True)
        (3): ROIAlign(output_size=(14, 14), spatial_scale=0.03125, sampling_ratio=0, aligned=True)
      )
    )
    (mask_head): MaskRCNNConvUpsampleHead(
      (mask_fcn1): Conv2d(
        256, 256, kernel_size=(3, 3), stride=(1, 1), padding=(1, 1)
        (activation): ReLU()
      )
      (mask_fcn2): Conv2d(
        256, 256, kernel_size=(3, 3), stride=(1, 1), padding=(1, 1)
        (activation): ReLU()
      )
      (mask_fcn3): Conv2d(
        256, 256, kernel_size=(3, 3), stride=(1, 1), padding=(1, 1)
        (activation): ReLU()
      )
      (mask_fcn4): Conv2d(
        256, 256, kernel_size=(3, 3), stride=(1, 1), padding=(1, 1)
        (activation): ReLU()
      )
      (deconv): ConvTranspose2d(256, 256, kernel_size=(2, 2), stride=(2, 2))
      (deconv_relu): ReLU()
      (predictor): Conv2d(256, 1, kernel_size=(1, 1), stride=(1, 1))
    )
  )
)
[32m[11/13 17:22:05 d2.data.build]: [0mRemoved 0 images with no usable annotations. 20 images left.
[32m[11/13 17:22:05 d2.data.build]: [0mDistribution of instances among all 1 categories:
[36m|  category  | #instances   |
|:----------:|:-------------|
| satellite  | 1412         |
|            |              |[0m
[32m[11/13 17:22:05 d2.data.dataset_mapper]: [0m[DatasetMapper] Augmentations used in training: [ResizeShortestEdge(short_edge_length=(640, 672, 704, 736, 768, 800), max_size=1333, sample_style='choice')]
[32m[11/13 17:22:05 d2.data.build]: [0mUsing training sampler TrainingSampler
[32m[11/13 17:22:05 d2.data.common]: [0mSerializing 20 elements to byte tensors and concatenating them all ...
[32m[11/13 17:22:05 d2.data.common]: [0mSerialized dataset takes 0.46 MiB
[5m[31mWARNING[0m [32m[11/13 17:22:05 d2.solver.build]: [0mSOLVER.STEPS contains values larger than SOLVER.MAX_ITER. These values will be ignored.
[32m[11/13 17:22:05 d2.checkpoint.c2_model_loading]: [0mRenaming Caffe2 weights ......
[32m[11/13 17:22:05 d2.checkpoint.c2_model_loading]: [0mFollowing weights matched with submodule backbone.bottom_up:
| Names in Model    | Names in Checkpoint      | Shapes                                          |
|:------------------|:-------------------------|:------------------------------------------------|
| res2.0.conv1.*    | res2_0_branch2a_{bn_*,w} | (64,) (64,) (64,) (64,) (64,64,1,1)             |
| res2.0.conv2.*    | res2_0_branch2b_{bn_*,w} | (64,) (64,) (64,) (64,) (64,64,3,3)             |
| res2.0.conv3.*    | res2_0_branch2c_{bn_*,w} | (256,) (256,) (256,) (256,) (256,64,1,1)        |
| res2.0.shortcut.* | res2_0_branch1_{bn_*,w}  | (256,) (256,) (256,) (256,) (256,64,1,1)        |
| res2.1.conv1.*    | res2_1_branch2a_{bn_*,w} | (64,) (64,) (64,) (64,) (64,256,1,1)            |
| res2.1.conv2.*    | res2_1_branch2b_{bn_*,w} | (64,) (64,) (64,) (64,) (64,64,3,3)             |
| res2.1.conv3.*    | res2_1_branch2c_{bn_*,w} | (256,) (256,) (256,) (256,) (256,64,1,1)        |
| res2.2.conv1.*    | res2_2_branch2a_{bn_*,w} | (64,) (64,) (64,) (64,) (64,256,1,1)            |
| res2.2.conv2.*    | res2_2_branch2b_{bn_*,w} | (64,) (64,) (64,) (64,) (64,64,3,3)             |
| res2.2.conv3.*    | res2_2_branch2c_{bn_*,w} | (256,) (256,) (256,) (256,) (256,64,1,1)        |
| res3.0.conv1.*    | res3_0_branch2a_{bn_*,w} | (128,) (128,) (128,) (128,) (128,256,1,1)       |
| res3.0.conv2.*    | res3_0_branch2b_{bn_*,w} | (128,) (128,) (128,) (128,) (128,128,3,3)       |
| res3.0.conv3.*    | res3_0_branch2c_{bn_*,w} | (512,) (512,) (512,) (512,) (512,128,1,1)       |
| res3.0.shortcut.* | res3_0_branch1_{bn_*,w}  | (512,) (512,) (512,) (512,) (512,256,1,1)       |
| res3.1.conv1.*    | res3_1_branch2a_{bn_*,w} | (128,) (128,) (128,) (128,) (128,512,1,1)       |
| res3.1.conv2.*    | res3_1_branch2b_{bn_*,w} | (128,) (128,) (128,) (128,) (128,128,3,3)       |
| res3.1.conv3.*    | res3_1_branch2c_{bn_*,w} | (512,) (512,) (512,) (512,) (512,128,1,1)       |
| res3.2.conv1.*    | res3_2_branch2a_{bn_*,w} | (128,) (128,) (128,) (128,) (128,512,1,1)       |
| res3.2.conv2.*    | res3_2_branch2b_{bn_*,w} | (128,) (128,) (128,) (128,) (128,128,3,3)       |
| res3.2.conv3.*    | res3_2_branch2c_{bn_*,w} | (512,) (512,) (512,) (512,) (512,128,1,1)       |
| res3.3.conv1.*    | res3_3_branch2a_{bn_*,w} | (128,) (128,) (128,) (128,) (128,512,1,1)       |
| res3.3.conv2.*    | res3_3_branch2b_{bn_*,w} | (128,) (128,) (128,) (128,) (128,128,3,3)       |
| res3.3.conv3.*    | res3_3_branch2c_{bn_*,w} | (512,) (512,) (512,) (512,) (512,128,1,1)       |
| res4.0.conv1.*    | res4_0_branch2a_{bn_*,w} | (256,) (256,) (256,) (256,) (256,512,1,1)       |
| res4.0.conv2.*    | res4_0_branch2b_{bn_*,w} | (256,) (256,) (256,) (256,) (256,256,3,3)       |
| res4.0.conv3.*    | res4_0_branch2c_{bn_*,w} | (1024,) (1024,) (1024,) (1024,) (1024,256,1,1)  |
| res4.0.shortcut.* | res4_0_branch1_{bn_*,w}  | (1024,) (1024,) (1024,) (1024,) (1024,512,1,1)  |
| res4.1.conv1.*    | res4_1_branch2a_{bn_*,w} | (256,) (256,) (256,) (256,) (256,1024,1,1)      |
| res4.1.conv2.*    | res4_1_branch2b_{bn_*,w} | (256,) (256,) (256,) (256,) (256,256,3,3)       |
| res4.1.conv3.*    | res4_1_branch2c_{bn_*,w} | (1024,) (1024,) (1024,) (1024,) (1024,256,1,1)  |
| res4.2.conv1.*    | res4_2_branch2a_{bn_*,w} | (256,) (256,) (256,) (256,) (256,1024,1,1)      |
| res4.2.conv2.*    | res4_2_branch2b_{bn_*,w} | (256,) (256,) (256,) (256,) (256,256,3,3)       |
| res4.2.conv3.*    | res4_2_branch2c_{bn_*,w} | (1024,) (1024,) (1024,) (1024,) (1024,256,1,1)  |
| res4.3.conv1.*    | res4_3_branch2a_{bn_*,w} | (256,) (256,) (256,) (256,) (256,1024,1,1)      |
| res4.3.conv2.*    | res4_3_branch2b_{bn_*,w} | (256,) (256,) (256,) (256,) (256,256,3,3)       |
| res4.3.conv3.*    | res4_3_branch2c_{bn_*,w} | (1024,) (1024,) (1024,) (1024,) (1024,256,1,1)  |
| res4.4.conv1.*    | res4_4_branch2a_{bn_*,w} | (256,) (256,) (256,) (256,) (256,1024,1,1)      |
| res4.4.conv2.*    | res4_4_branch2b_{bn_*,w} | (256,) (256,) (256,) (256,) (256,256,3,3)       |
| res4.4.conv3.*    | res4_4_branch2c_{bn_*,w} | (1024,) (1024,) (1024,) (1024,) (1024,256,1,1)  |
| res4.5.conv1.*    | res4_5_branch2a_{bn_*,w} | (256,) (256,) (256,) (256,) (256,1024,1,1)      |
| res4.5.conv2.*    | res4_5_branch2b_{bn_*,w} | (256,) (256,) (256,) (256,) (256,256,3,3)       |
| res4.5.conv3.*    | res4_5_branch2c_{bn_*,w} | (1024,) (1024,) (1024,) (1024,) (1024,256,1,1)  |
| res5.0.conv1.*    | res5_0_branch2a_{bn_*,w} | (512,) (512,) (512,) (512,) (512,1024,1,1)      |
| res5.0.conv2.*    | res5_0_branch2b_{bn_*,w} | (512,) (512,) (512,) (512,) (512,512,3,3)       |
| res5.0.conv3.*    | res5_0_branch2c_{bn_*,w} | (2048,) (2048,) (2048,) (2048,) (2048,512,1,1)  |
| res5.0.shortcut.* | res5_0_branch1_{bn_*,w}  | (2048,) (2048,) (2048,) (2048,) (2048,1024,1,1) |
| res5.1.conv1.*    | res5_1_branch2a_{bn_*,w} | (512,) (512,) (512,) (512,) (512,2048,1,1)      |
| res5.1.conv2.*    | res5_1_branch2b_{bn_*,w} | (512,) (512,) (512,) (512,) (512,512,3,3)       |
| res5.1.conv3.*    | res5_1_branch2c_{bn_*,w} | (2048,) (2048,) (2048,) (2048,) (2048,512,1,1)  |
| res5.2.conv1.*    | res5_2_branch2a_{bn_*,w} | (512,) (512,) (512,) (512,) (512,2048,1,1)      |
| res5.2.conv2.*    | res5_2_branch2b_{bn_*,w} | (512,) (512,) (512,) (512,) (512,512,3,3)       |
| res5.2.conv3.*    | res5_2_branch2c_{bn_*,w} | (2048,) (2048,) (2048,) (2048,) (2048,512,1,1)  |
| stem.conv1.norm.* | res_conv1_bn_*           | (64,) (64,) (64,) (64,)                         |
| stem.conv1.weight | conv1_w                  | (64, 3, 7, 7)                                   |
[32m[11/13 17:22:05 d2.engine.train_loop]: [0mStarting training from iteration 0
[32m[11/13 17:23:20 d2.utils.events]: [0m eta: 0:04:32  iter: 19  total_loss: 2.829  loss_cls: 0.5457  loss_box_reg: 0.04687  loss_mask: 0.6565  loss_rpn_cls: 0.676  loss_rpn_loc: 1.086  time: 3.6263  data_time: 0.0168  lr: 0.00039962  max_mem: 0M
[32m[11/13 17:24:33 d2.utils.events]: [0m eta: 0:03:30  iter: 39  total_loss: 2.211  loss_cls: 0.2429  loss_box_reg: 0.05018  loss_mask: 0.5939  loss_rpn_cls: 0.5908  loss_rpn_loc: 0.6647  time: 3.6351  data_time: 0.0040  lr: 0.00079922  max_mem: 0M
[32m[11/13 17:25:45 d2.utils.events]: [0m eta: 0:02:22  iter: 59  total_loss: 2.075  loss_cls: 0.2413  loss_box_reg: 0.1485  loss_mask: 0.5647  loss_rpn_cls: 0.5611  loss_rpn_loc: 0.536  time: 3.6369  data_time: 0.0037  lr: 0.0011988  max_mem: 0M
[32m[11/13 17:27:04 d2.utils.events]: [0m eta: 0:01:12  iter: 79  total_loss: 2.232  loss_cls: 0.3217  loss_box_reg: 0.4088  loss_mask: 0.5384  loss_rpn_cls: 0.4451  loss_rpn_loc: 0.5116  time: 3.7179  data_time: 0.0062  lr: 0.0015984  max_mem: 0M
[32m[11/13 17:28:17 d2.utils.events]: [0m eta: 0:00:00  iter: 99  total_loss: 2.176  loss_cls: 0.3289  loss_box_reg: 0.3938  loss_mask: 0.4943  loss_rpn_cls: 0.4321  loss_rpn_loc: 0.5223  time: 3.6865  data_time: 0.0047  lr: 0.001998  max_mem: 0M
[32m[11/13 17:28:17 d2.engine.hooks]: [0mOverall training speed: 98 iterations in 0:06:01 (3.6865 s / it)
[32m[11/13 17:28:17 d2.engine.hooks]: [0mTotal training time: 0:06:02 (0:00:01 on hooks)
[32m[11/13 17:28:17 d2.data.dataset_mapper]: [0m[DatasetMapper] Augmentations used in inference: [ResizeShortestEdge(short_edge_length=(800, 800), max_size=1333, sample_style='choice')]
[32m[11/13 17:28:17 d2.data.common]: [0mSerializing 20 elements to byte tensors and concatenating them all ...
[32m[11/13 17:28:17 d2.data.common]: [0mSerialized dataset takes 0.46 MiB
[5m[31mWARNING[0m [32m[11/13 17:28:17 d2.engine.defaults]: [0mNo evaluator found. Use `DefaultTrainer.test(evaluators=)`, or implement its `build_evaluator` method.
[32m[11/13 17:28:18 d2.data.build]: [0mDistribution of instances among all 1 categories:
[36m|  category  | #instances   |
|:----------:|:-------------|
| satellite  | 445          |
|            |              |[0m
[32m[11/13 17:28:18 d2.data.dataset_mapper]: [0m[DatasetMapper] Augmentations used in inference: [ResizeShortestEdge(short_edge_length=(800, 800), max_size=1333, sample_style='choice')]
[32m[11/13 17:28:18 d2.data.common]: [0mSerializing 6 elements to byte tensors and concatenating them all ...
[32m[11/13 17:28:18 d2.data.common]: [0mSerialized dataset takes 0.11 MiB
[5m[31mWARNING[0m [32m[11/13 17:28:18 d2.engine.defaults]: [0mNo evaluator found. Use `DefaultTrainer.test(evaluators=)`, or implement its `build_evaluator` method.
USING MODEL WEIGHT: ../../../../../../../ocean/projects/dmr200021p/sprice/tuning/weights/batch_temp1000/model_0000099.pth
Dataset: satellite_Val
	File: ../../../../../../../ocean/projects/dmr200021p/sprice/tuning/images/S08_03_SE1_1000X03.png
ddict info:
	path: ../../../../../../../ocean/projects/dmr200021p/sprice/tuning/images/S08_03_SE1_1000X03.png
	num_instances: 250
	File: ../../../../../../../ocean/projects/dmr200021p/sprice/tuning/images/S06_01_SE1_500X67.png
ddict info:
	path: ../../../../../../../ocean/projects/dmr200021p/sprice/tuning/images/S06_01_SE1_500X67.png
	num_instances: 250
	File: ../../../../../../../ocean/projects/dmr200021p/sprice/tuning/images/S04_02_SE1_1000X50.png
ddict info:
	path: ../../../../../../../ocean/projects/dmr200021p/sprice/tuning/images/S04_02_SE1_1000X50.png
	num_instances: 250
	File: ../../../../../../../ocean/projects/dmr200021p/sprice/tuning/images/S03_03_SE1_1250X41.png
ddict info:
	path: ../../../../../../../ocean/projects/dmr200021p/sprice/tuning/images/S03_03_SE1_1250X41.png
	num_instances: 250
	File: ../../../../../../../ocean/projects/dmr200021p/sprice/tuning/images/S02_01_SE1_300X14.png
ddict info:
	path: ../../../../../../../ocean/projects/dmr200021p/sprice/tuning/images/S02_01_SE1_300X14.png
	num_instances: 250
	File: ../../../../../../../ocean/projects/dmr200021p/sprice/tuning/images/HP743_2S_250x.png
ddict info:
	path: ../../../../../../../ocean/projects/dmr200021p/sprice/tuning/images/HP743_2S_250x.png
	num_instances: 250
gt filename: S08_03_SE1_1000X03.png	 pred filename: S08_03_SE1_1000X03.png
gt filename: S06_01_SE1_500X67.png	 pred filename: S06_01_SE1_500X67.png
gt filename: S04_02_SE1_1000X50.png	 pred filename: S04_02_SE1_1000X50.png
gt filename: S03_03_SE1_1250X41.png	 pred filename: S03_03_SE1_1250X41.png
gt filename: S02_01_SE1_300X14.png	 pred filename: S02_01_SE1_300X14.png
gt filename: HP743_2S_250x.png	 pred filename: HP743_2S_250x.png
x:  [1, 1, 1, 1, 1, 1, 2, 2, 2, 2, 2, 2]
y:  [0.04, 0.02, 0.03, 0.04, 0.04, 0.02, 0.1, 0.09, 0.18, 0.08, 0.1, 0.12]
Average Precision Score:  0.03133333333333333
Average Recall Score:     0.11303566244042434
Precision: 0.00018285932681409633
Recall: 0.0011044258051861107
---
Precision: 6.833050968988213e-05
Recall: 0.0653759820426487
---
Precision: 0.000181360201511335
Recall: 0.0013952665414072307
---
Precision: 0.00017678455846501233
Recall: 0.0004812723655806989
---
Precision: 0.00014491903350224191
Recall: 0.0003403035178052838
---
Precision: 9.012475257181066e-05
Recall: 0.00036875313387932477
---
USING MODEL WEIGHT: ../../../../../../../ocean/projects/dmr200021p/sprice/tuning/weights/batch_temp1000/model_final.pth
Dataset: satellite_Val
	File: ../../../../../../../ocean/projects/dmr200021p/sprice/tuning/images/S08_03_SE1_1000X03.png
ddict info:
	path: ../../../../../../../ocean/projects/dmr200021p/sprice/tuning/images/S08_03_SE1_1000X03.png
	num_instances: 250
	File: ../../../../../../../ocean/projects/dmr200021p/sprice/tuning/images/S06_01_SE1_500X67.png
ddict info:
	path: ../../../../../../../ocean/projects/dmr200021p/sprice/tuning/images/S06_01_SE1_500X67.png
	num_instances: 250
	File: ../../../../../../../ocean/projects/dmr200021p/sprice/tuning/images/S04_02_SE1_1000X50.png
ddict info:
	path: ../../../../../../../ocean/projects/dmr200021p/sprice/tuning/images/S04_02_SE1_1000X50.png
	num_instances: 250
	File: ../../../../../../../ocean/projects/dmr200021p/sprice/tuning/images/S03_03_SE1_1250X41.png
ddict info:
	path: ../../../../../../../ocean/projects/dmr200021p/sprice/tuning/images/S03_03_SE1_1250X41.png
	num_instances: 250
	File: ../../../../../../../ocean/projects/dmr200021p/sprice/tuning/images/S02_01_SE1_300X14.png
ddict info:
	path: ../../../../../../../ocean/projects/dmr200021p/sprice/tuning/images/S02_01_SE1_300X14.png
	num_instances: 250
	File: ../../../../../../../ocean/projects/dmr200021p/sprice/tuning/images/HP743_2S_250x.png
ddict info:
	path: ../../../../../../../ocean/projects/dmr200021p/sprice/tuning/images/HP743_2S_250x.png
	num_instances: 250
gt filename: S08_03_SE1_1000X03.png	 pred filename: S08_03_SE1_1000X03.png
gt filename: S06_01_SE1_500X67.png	 pred filename: S06_01_SE1_500X67.png
gt filename: S04_02_SE1_1000X50.png	 pred filename: S04_02_SE1_1000X50.png
gt filename: S03_03_SE1_1250X41.png	 pred filename: S03_03_SE1_1250X41.png
gt filename: S02_01_SE1_300X14.png	 pred filename: S02_01_SE1_300X14.png
gt filename: HP743_2S_250x.png	 pred filename: HP743_2S_250x.png
x:  [1, 1, 1, 1, 1, 1, 2, 2, 2, 2, 2, 2]
y:  [0.04, 0.02, 0.03, 0.04, 0.04, 0.02, 0.1, 0.09, 0.18, 0.08, 0.1, 0.12]
Average Precision Score:  0.03133333333333333
Average Recall Score:     0.11303566244042434
Precision: 0.00018285932681409633
Recall: 0.0011044258051861107
---
Precision: 6.833050968988213e-05
Recall: 0.0653759820426487
---
Precision: 0.000181360201511335
Recall: 0.0013952665414072307
---
Precision: 0.00017678455846501233
Recall: 0.0004812723655806989
---
Precision: 0.00014491903350224191
Recall: 0.0003403035178052838
---
Precision: 9.012475257181066e-05
Recall: 0.00036875313387932477
---
Ignoring Final Model
Deleting: ../../../../../../../ocean/projects/dmr200021p/sprice/tuning/weights/batch_temp1000/model_0000099.pth
Deleting: ../../../../../../../ocean/projects/dmr200021p/sprice/tuning/weights/batch_temp1000/model_final.pth
Deleting: ../../../../../../../ocean/projects/dmr200021p/sprice/tuning/weights/batch_temp1000/results_checkpoint_0000099.pickle
Deleting: ../../../../../../../ocean/projects/dmr200021p/sprice/tuning/weights/batch_temp1000/results_checkpoint_final.pickle
Removing: ../../../../../../../ocean/projects/dmr200021p/sprice/tuning/weights/batch_temp1000/metrics.json
Removing: ../../../../../../../ocean/projects/dmr200021p/sprice/tuning/weights/batch_temp1000/last_checkpoint
/var/spool/slurm/d/job5015752/slurm_script: line 8: ./gpua.out: No such file or directory
