[W Context.cpp:70] Warning: torch.use_deterministic_algorithms is in beta, and its design and functionality may change in the future. (function operator())
Registered Datasets: ['satellite_Train', 'satellite_Val']
ddict info:
	path: ../SALAS_Rep/../../../../../../../ocean/projects/dmr200021p/sprice/initial_paper_complete_set/HP743_4S_500x.png
	num_instances: 103
ddict info:
	path: ../SALAS_Rep/../../../../../../../ocean/projects/dmr200021p/sprice/initial_paper_complete_set/S08_01_SE1_1000X94.png
	num_instances: 68
ddict info:
	path: ../SALAS_Rep/../../../../../../../ocean/projects/dmr200021p/sprice/initial_paper_complete_set/HP743_6S_250x.png
	num_instances: 102
ddict info:
	path: ../SALAS_Rep/../../../../../../../ocean/projects/dmr200021p/sprice/initial_paper_complete_set/S08_03_SE1_1000X03.png
	num_instances: 88
ddict info:
	path: ../SALAS_Rep/../../../../../../../ocean/projects/dmr200021p/sprice/initial_paper_complete_set/S06_01_SE1_500X67.png
	num_instances: 54
ddict info:
	path: ../SALAS_Rep/../../../../../../../ocean/projects/dmr200021p/sprice/initial_paper_complete_set/S04_02_SE1_1000X50.png
	num_instances: 45
ddict info:
	path: ../SALAS_Rep/../../../../../../../ocean/projects/dmr200021p/sprice/initial_paper_complete_set/S03_03_SE1_1250X41.png
	num_instances: 111
ddict info:
	path: ../SALAS_Rep/../../../../../../../ocean/projects/dmr200021p/sprice/initial_paper_complete_set/S02_01_SE1_300X14.png
	num_instances: 98
ddict info:
	path: ../SALAS_Rep/../../../../../../../ocean/projects/dmr200021p/sprice/initial_paper_complete_set/HP743_2S_250x.png
	num_instances: 49
Weights not found, weights will be downloaded from source: https://dl.fbaipublicfiles.com/detectron2/COCO-InstanceSegmentation/mask_rcnn_R_50_FPN_3x/137849600/model_final_f10217.pkl
[32m[11/15 11:24:42 d2.engine.defaults]: [0mModel:
GeneralizedRCNN(
  (backbone): FPN(
    (fpn_lateral2): Conv2d(256, 256, kernel_size=(1, 1), stride=(1, 1))
    (fpn_output2): Conv2d(256, 256, kernel_size=(3, 3), stride=(1, 1), padding=(1, 1))
    (fpn_lateral3): Conv2d(512, 256, kernel_size=(1, 1), stride=(1, 1))
    (fpn_output3): Conv2d(256, 256, kernel_size=(3, 3), stride=(1, 1), padding=(1, 1))
    (fpn_lateral4): Conv2d(1024, 256, kernel_size=(1, 1), stride=(1, 1))
    (fpn_output4): Conv2d(256, 256, kernel_size=(3, 3), stride=(1, 1), padding=(1, 1))
    (fpn_lateral5): Conv2d(2048, 256, kernel_size=(1, 1), stride=(1, 1))
    (fpn_output5): Conv2d(256, 256, kernel_size=(3, 3), stride=(1, 1), padding=(1, 1))
    (top_block): LastLevelMaxPool()
    (bottom_up): ResNet(
      (stem): BasicStem(
        (conv1): Conv2d(
          3, 64, kernel_size=(7, 7), stride=(2, 2), padding=(3, 3), bias=False
          (norm): FrozenBatchNorm2d(num_features=64, eps=1e-05)
        )
      )
      (res2): Sequential(
        (0): BottleneckBlock(
          (shortcut): Conv2d(
            64, 256, kernel_size=(1, 1), stride=(1, 1), bias=False
            (norm): FrozenBatchNorm2d(num_features=256, eps=1e-05)
          )
          (conv1): Conv2d(
            64, 64, kernel_size=(1, 1), stride=(1, 1), bias=False
            (norm): FrozenBatchNorm2d(num_features=64, eps=1e-05)
          )
          (conv2): Conv2d(
            64, 64, kernel_size=(3, 3), stride=(1, 1), padding=(1, 1), bias=False
            (norm): FrozenBatchNorm2d(num_features=64, eps=1e-05)
          )
          (conv3): Conv2d(
            64, 256, kernel_size=(1, 1), stride=(1, 1), bias=False
            (norm): FrozenBatchNorm2d(num_features=256, eps=1e-05)
          )
        )
        (1): BottleneckBlock(
          (conv1): Conv2d(
            256, 64, kernel_size=(1, 1), stride=(1, 1), bias=False
            (norm): FrozenBatchNorm2d(num_features=64, eps=1e-05)
          )
          (conv2): Conv2d(
            64, 64, kernel_size=(3, 3), stride=(1, 1), padding=(1, 1), bias=False
            (norm): FrozenBatchNorm2d(num_features=64, eps=1e-05)
          )
          (conv3): Conv2d(
            64, 256, kernel_size=(1, 1), stride=(1, 1), bias=False
            (norm): FrozenBatchNorm2d(num_features=256, eps=1e-05)
          )
        )
        (2): BottleneckBlock(
          (conv1): Conv2d(
            256, 64, kernel_size=(1, 1), stride=(1, 1), bias=False
            (norm): FrozenBatchNorm2d(num_features=64, eps=1e-05)
          )
          (conv2): Conv2d(
            64, 64, kernel_size=(3, 3), stride=(1, 1), padding=(1, 1), bias=False
            (norm): FrozenBatchNorm2d(num_features=64, eps=1e-05)
          )
          (conv3): Conv2d(
            64, 256, kernel_size=(1, 1), stride=(1, 1), bias=False
            (norm): FrozenBatchNorm2d(num_features=256, eps=1e-05)
          )
        )
      )
      (res3): Sequential(
        (0): BottleneckBlock(
          (shortcut): Conv2d(
            256, 512, kernel_size=(1, 1), stride=(2, 2), bias=False
            (norm): FrozenBatchNorm2d(num_features=512, eps=1e-05)
          )
          (conv1): Conv2d(
            256, 128, kernel_size=(1, 1), stride=(2, 2), bias=False
            (norm): FrozenBatchNorm2d(num_features=128, eps=1e-05)
          )
          (conv2): Conv2d(
            128, 128, kernel_size=(3, 3), stride=(1, 1), padding=(1, 1), bias=False
            (norm): FrozenBatchNorm2d(num_features=128, eps=1e-05)
          )
          (conv3): Conv2d(
            128, 512, kernel_size=(1, 1), stride=(1, 1), bias=False
            (norm): FrozenBatchNorm2d(num_features=512, eps=1e-05)
          )
        )
        (1): BottleneckBlock(
          (conv1): Conv2d(
            512, 128, kernel_size=(1, 1), stride=(1, 1), bias=False
            (norm): FrozenBatchNorm2d(num_features=128, eps=1e-05)
          )
          (conv2): Conv2d(
            128, 128, kernel_size=(3, 3), stride=(1, 1), padding=(1, 1), bias=False
            (norm): FrozenBatchNorm2d(num_features=128, eps=1e-05)
          )
          (conv3): Conv2d(
            128, 512, kernel_size=(1, 1), stride=(1, 1), bias=False
            (norm): FrozenBatchNorm2d(num_features=512, eps=1e-05)
          )
        )
        (2): BottleneckBlock(
          (conv1): Conv2d(
            512, 128, kernel_size=(1, 1), stride=(1, 1), bias=False
            (norm): FrozenBatchNorm2d(num_features=128, eps=1e-05)
          )
          (conv2): Conv2d(
            128, 128, kernel_size=(3, 3), stride=(1, 1), padding=(1, 1), bias=False
            (norm): FrozenBatchNorm2d(num_features=128, eps=1e-05)
          )
          (conv3): Conv2d(
            128, 512, kernel_size=(1, 1), stride=(1, 1), bias=False
            (norm): FrozenBatchNorm2d(num_features=512, eps=1e-05)
          )
        )
        (3): BottleneckBlock(
          (conv1): Conv2d(
            512, 128, kernel_size=(1, 1), stride=(1, 1), bias=False
            (norm): FrozenBatchNorm2d(num_features=128, eps=1e-05)
          )
          (conv2): Conv2d(
            128, 128, kernel_size=(3, 3), stride=(1, 1), padding=(1, 1), bias=False
            (norm): FrozenBatchNorm2d(num_features=128, eps=1e-05)
          )
          (conv3): Conv2d(
            128, 512, kernel_size=(1, 1), stride=(1, 1), bias=False
            (norm): FrozenBatchNorm2d(num_features=512, eps=1e-05)
          )
        )
      )
      (res4): Sequential(
        (0): BottleneckBlock(
          (shortcut): Conv2d(
            512, 1024, kernel_size=(1, 1), stride=(2, 2), bias=False
            (norm): FrozenBatchNorm2d(num_features=1024, eps=1e-05)
          )
          (conv1): Conv2d(
            512, 256, kernel_size=(1, 1), stride=(2, 2), bias=False
            (norm): FrozenBatchNorm2d(num_features=256, eps=1e-05)
          )
          (conv2): Conv2d(
            256, 256, kernel_size=(3, 3), stride=(1, 1), padding=(1, 1), bias=False
            (norm): FrozenBatchNorm2d(num_features=256, eps=1e-05)
          )
          (conv3): Conv2d(
            256, 1024, kernel_size=(1, 1), stride=(1, 1), bias=False
            (norm): FrozenBatchNorm2d(num_features=1024, eps=1e-05)
          )
        )
        (1): BottleneckBlock(
          (conv1): Conv2d(
            1024, 256, kernel_size=(1, 1), stride=(1, 1), bias=False
            (norm): FrozenBatchNorm2d(num_features=256, eps=1e-05)
          )
          (conv2): Conv2d(
            256, 256, kernel_size=(3, 3), stride=(1, 1), padding=(1, 1), bias=False
            (norm): FrozenBatchNorm2d(num_features=256, eps=1e-05)
          )
          (conv3): Conv2d(
            256, 1024, kernel_size=(1, 1), stride=(1, 1), bias=False
            (norm): FrozenBatchNorm2d(num_features=1024, eps=1e-05)
          )
        )
        (2): BottleneckBlock(
          (conv1): Conv2d(
            1024, 256, kernel_size=(1, 1), stride=(1, 1), bias=False
            (norm): FrozenBatchNorm2d(num_features=256, eps=1e-05)
          )
          (conv2): Conv2d(
            256, 256, kernel_size=(3, 3), stride=(1, 1), padding=(1, 1), bias=False
            (norm): FrozenBatchNorm2d(num_features=256, eps=1e-05)
          )
          (conv3): Conv2d(
            256, 1024, kernel_size=(1, 1), stride=(1, 1), bias=False
            (norm): FrozenBatchNorm2d(num_features=1024, eps=1e-05)
          )
        )
        (3): BottleneckBlock(
          (conv1): Conv2d(
            1024, 256, kernel_size=(1, 1), stride=(1, 1), bias=False
            (norm): FrozenBatchNorm2d(num_features=256, eps=1e-05)
          )
          (conv2): Conv2d(
            256, 256, kernel_size=(3, 3), stride=(1, 1), padding=(1, 1), bias=False
            (norm): FrozenBatchNorm2d(num_features=256, eps=1e-05)
          )
          (conv3): Conv2d(
            256, 1024, kernel_size=(1, 1), stride=(1, 1), bias=False
            (norm): FrozenBatchNorm2d(num_features=1024, eps=1e-05)
          )
        )
        (4): BottleneckBlock(
          (conv1): Conv2d(
            1024, 256, kernel_size=(1, 1), stride=(1, 1), bias=False
            (norm): FrozenBatchNorm2d(num_features=256, eps=1e-05)
          )
          (conv2): Conv2d(
            256, 256, kernel_size=(3, 3), stride=(1, 1), padding=(1, 1), bias=False
            (norm): FrozenBatchNorm2d(num_features=256, eps=1e-05)
          )
          (conv3): Conv2d(
            256, 1024, kernel_size=(1, 1), stride=(1, 1), bias=False
            (norm): FrozenBatchNorm2d(num_features=1024, eps=1e-05)
          )
        )
        (5): BottleneckBlock(
          (conv1): Conv2d(
            1024, 256, kernel_size=(1, 1), stride=(1, 1), bias=False
            (norm): FrozenBatchNorm2d(num_features=256, eps=1e-05)
          )
          (conv2): Conv2d(
            256, 256, kernel_size=(3, 3), stride=(1, 1), padding=(1, 1), bias=False
            (norm): FrozenBatchNorm2d(num_features=256, eps=1e-05)
          )
          (conv3): Conv2d(
            256, 1024, kernel_size=(1, 1), stride=(1, 1), bias=False
            (norm): FrozenBatchNorm2d(num_features=1024, eps=1e-05)
          )
        )
      )
      (res5): Sequential(
        (0): BottleneckBlock(
          (shortcut): Conv2d(
            1024, 2048, kernel_size=(1, 1), stride=(2, 2), bias=False
            (norm): FrozenBatchNorm2d(num_features=2048, eps=1e-05)
          )
          (conv1): Conv2d(
            1024, 512, kernel_size=(1, 1), stride=(2, 2), bias=False
            (norm): FrozenBatchNorm2d(num_features=512, eps=1e-05)
          )
          (conv2): Conv2d(
            512, 512, kernel_size=(3, 3), stride=(1, 1), padding=(1, 1), bias=False
            (norm): FrozenBatchNorm2d(num_features=512, eps=1e-05)
          )
          (conv3): Conv2d(
            512, 2048, kernel_size=(1, 1), stride=(1, 1), bias=False
            (norm): FrozenBatchNorm2d(num_features=2048, eps=1e-05)
          )
        )
        (1): BottleneckBlock(
          (conv1): Conv2d(
            2048, 512, kernel_size=(1, 1), stride=(1, 1), bias=False
            (norm): FrozenBatchNorm2d(num_features=512, eps=1e-05)
          )
          (conv2): Conv2d(
            512, 512, kernel_size=(3, 3), stride=(1, 1), padding=(1, 1), bias=False
            (norm): FrozenBatchNorm2d(num_features=512, eps=1e-05)
          )
          (conv3): Conv2d(
            512, 2048, kernel_size=(1, 1), stride=(1, 1), bias=False
            (norm): FrozenBatchNorm2d(num_features=2048, eps=1e-05)
          )
        )
        (2): BottleneckBlock(
          (conv1): Conv2d(
            2048, 512, kernel_size=(1, 1), stride=(1, 1), bias=False
            (norm): FrozenBatchNorm2d(num_features=512, eps=1e-05)
          )
          (conv2): Conv2d(
            512, 512, kernel_size=(3, 3), stride=(1, 1), padding=(1, 1), bias=False
            (norm): FrozenBatchNorm2d(num_features=512, eps=1e-05)
          )
          (conv3): Conv2d(
            512, 2048, kernel_size=(1, 1), stride=(1, 1), bias=False
            (norm): FrozenBatchNorm2d(num_features=2048, eps=1e-05)
          )
        )
      )
    )
  )
  (proposal_generator): RPN(
    (rpn_head): StandardRPNHead(
      (conv): Conv2d(256, 256, kernel_size=(3, 3), stride=(1, 1), padding=(1, 1))
      (objectness_logits): Conv2d(256, 3, kernel_size=(1, 1), stride=(1, 1))
      (anchor_deltas): Conv2d(256, 12, kernel_size=(1, 1), stride=(1, 1))
    )
    (anchor_generator): DefaultAnchorGenerator(
      (cell_anchors): BufferList()
    )
  )
  (roi_heads): StandardROIHeads(
    (box_pooler): ROIPooler(
      (level_poolers): ModuleList(
        (0): ROIAlign(output_size=(7, 7), spatial_scale=0.25, sampling_ratio=0, aligned=True)
        (1): ROIAlign(output_size=(7, 7), spatial_scale=0.125, sampling_ratio=0, aligned=True)
        (2): ROIAlign(output_size=(7, 7), spatial_scale=0.0625, sampling_ratio=0, aligned=True)
        (3): ROIAlign(output_size=(7, 7), spatial_scale=0.03125, sampling_ratio=0, aligned=True)
      )
    )
    (box_head): FastRCNNConvFCHead(
      (flatten): Flatten(start_dim=1, end_dim=-1)
      (fc1): Linear(in_features=12544, out_features=1024, bias=True)
      (fc_relu1): ReLU()
      (fc2): Linear(in_features=1024, out_features=1024, bias=True)
      (fc_relu2): ReLU()
    )
    (box_predictor): FastRCNNOutputLayers(
      (cls_score): Linear(in_features=1024, out_features=2, bias=True)
      (bbox_pred): Linear(in_features=1024, out_features=4, bias=True)
    )
    (mask_pooler): ROIPooler(
      (level_poolers): ModuleList(
        (0): ROIAlign(output_size=(14, 14), spatial_scale=0.25, sampling_ratio=0, aligned=True)
        (1): ROIAlign(output_size=(14, 14), spatial_scale=0.125, sampling_ratio=0, aligned=True)
        (2): ROIAlign(output_size=(14, 14), spatial_scale=0.0625, sampling_ratio=0, aligned=True)
        (3): ROIAlign(output_size=(14, 14), spatial_scale=0.03125, sampling_ratio=0, aligned=True)
      )
    )
    (mask_head): MaskRCNNConvUpsampleHead(
      (mask_fcn1): Conv2d(
        256, 256, kernel_size=(3, 3), stride=(1, 1), padding=(1, 1)
        (activation): ReLU()
      )
      (mask_fcn2): Conv2d(
        256, 256, kernel_size=(3, 3), stride=(1, 1), padding=(1, 1)
        (activation): ReLU()
      )
      (mask_fcn3): Conv2d(
        256, 256, kernel_size=(3, 3), stride=(1, 1), padding=(1, 1)
        (activation): ReLU()
      )
      (mask_fcn4): Conv2d(
        256, 256, kernel_size=(3, 3), stride=(1, 1), padding=(1, 1)
        (activation): ReLU()
      )
      (deconv): ConvTranspose2d(256, 256, kernel_size=(2, 2), stride=(2, 2))
      (deconv_relu): ReLU()
      (predictor): Conv2d(256, 1, kernel_size=(1, 1), stride=(1, 1))
    )
  )
)
[32m[11/15 11:24:43 d2.data.build]: [0mRemoved 0 images with no usable annotations. 20 images left.
[32m[11/15 11:24:43 d2.data.build]: [0mDistribution of instances among all 1 categories:
[36m|  category  | #instances   |
|:----------:|:-------------|
| satellite  | 1412         |
|            |              |[0m
[32m[11/15 11:24:43 d2.data.dataset_mapper]: [0m[DatasetMapper] Augmentations used in training: [ResizeShortestEdge(short_edge_length=(640, 672, 704, 736, 768, 800), max_size=1333, sample_style='choice')]
[32m[11/15 11:24:43 d2.data.build]: [0mUsing training sampler TrainingSampler
[32m[11/15 11:24:43 d2.data.common]: [0mSerializing 20 elements to byte tensors and concatenating them all ...
[32m[11/15 11:24:43 d2.data.common]: [0mSerialized dataset takes 0.46 MiB
[5m[31mWARNING[0m [32m[11/15 11:24:43 d2.solver.build]: [0mSOLVER.STEPS contains values larger than SOLVER.MAX_ITER. These values will be ignored.
[32m[11/15 11:24:43 d2.checkpoint.c2_model_loading]: [0mRenaming Caffe2 weights ......
[32m[11/15 11:24:43 d2.checkpoint.c2_model_loading]: [0mFollowing weights matched with submodule backbone.bottom_up:
| Names in Model    | Names in Checkpoint      | Shapes                                          |
|:------------------|:-------------------------|:------------------------------------------------|
| res2.0.conv1.*    | res2_0_branch2a_{bn_*,w} | (64,) (64,) (64,) (64,) (64,64,1,1)             |
| res2.0.conv2.*    | res2_0_branch2b_{bn_*,w} | (64,) (64,) (64,) (64,) (64,64,3,3)             |
| res2.0.conv3.*    | res2_0_branch2c_{bn_*,w} | (256,) (256,) (256,) (256,) (256,64,1,1)        |
| res2.0.shortcut.* | res2_0_branch1_{bn_*,w}  | (256,) (256,) (256,) (256,) (256,64,1,1)        |
| res2.1.conv1.*    | res2_1_branch2a_{bn_*,w} | (64,) (64,) (64,) (64,) (64,256,1,1)            |
| res2.1.conv2.*    | res2_1_branch2b_{bn_*,w} | (64,) (64,) (64,) (64,) (64,64,3,3)             |
| res2.1.conv3.*    | res2_1_branch2c_{bn_*,w} | (256,) (256,) (256,) (256,) (256,64,1,1)        |
| res2.2.conv1.*    | res2_2_branch2a_{bn_*,w} | (64,) (64,) (64,) (64,) (64,256,1,1)            |
| res2.2.conv2.*    | res2_2_branch2b_{bn_*,w} | (64,) (64,) (64,) (64,) (64,64,3,3)             |
| res2.2.conv3.*    | res2_2_branch2c_{bn_*,w} | (256,) (256,) (256,) (256,) (256,64,1,1)        |
| res3.0.conv1.*    | res3_0_branch2a_{bn_*,w} | (128,) (128,) (128,) (128,) (128,256,1,1)       |
| res3.0.conv2.*    | res3_0_branch2b_{bn_*,w} | (128,) (128,) (128,) (128,) (128,128,3,3)       |
| res3.0.conv3.*    | res3_0_branch2c_{bn_*,w} | (512,) (512,) (512,) (512,) (512,128,1,1)       |
| res3.0.shortcut.* | res3_0_branch1_{bn_*,w}  | (512,) (512,) (512,) (512,) (512,256,1,1)       |
| res3.1.conv1.*    | res3_1_branch2a_{bn_*,w} | (128,) (128,) (128,) (128,) (128,512,1,1)       |
| res3.1.conv2.*    | res3_1_branch2b_{bn_*,w} | (128,) (128,) (128,) (128,) (128,128,3,3)       |
| res3.1.conv3.*    | res3_1_branch2c_{bn_*,w} | (512,) (512,) (512,) (512,) (512,128,1,1)       |
| res3.2.conv1.*    | res3_2_branch2a_{bn_*,w} | (128,) (128,) (128,) (128,) (128,512,1,1)       |
| res3.2.conv2.*    | res3_2_branch2b_{bn_*,w} | (128,) (128,) (128,) (128,) (128,128,3,3)       |
| res3.2.conv3.*    | res3_2_branch2c_{bn_*,w} | (512,) (512,) (512,) (512,) (512,128,1,1)       |
| res3.3.conv1.*    | res3_3_branch2a_{bn_*,w} | (128,) (128,) (128,) (128,) (128,512,1,1)       |
| res3.3.conv2.*    | res3_3_branch2b_{bn_*,w} | (128,) (128,) (128,) (128,) (128,128,3,3)       |
| res3.3.conv3.*    | res3_3_branch2c_{bn_*,w} | (512,) (512,) (512,) (512,) (512,128,1,1)       |
| res4.0.conv1.*    | res4_0_branch2a_{bn_*,w} | (256,) (256,) (256,) (256,) (256,512,1,1)       |
| res4.0.conv2.*    | res4_0_branch2b_{bn_*,w} | (256,) (256,) (256,) (256,) (256,256,3,3)       |
| res4.0.conv3.*    | res4_0_branch2c_{bn_*,w} | (1024,) (1024,) (1024,) (1024,) (1024,256,1,1)  |
| res4.0.shortcut.* | res4_0_branch1_{bn_*,w}  | (1024,) (1024,) (1024,) (1024,) (1024,512,1,1)  |
| res4.1.conv1.*    | res4_1_branch2a_{bn_*,w} | (256,) (256,) (256,) (256,) (256,1024,1,1)      |
| res4.1.conv2.*    | res4_1_branch2b_{bn_*,w} | (256,) (256,) (256,) (256,) (256,256,3,3)       |
| res4.1.conv3.*    | res4_1_branch2c_{bn_*,w} | (1024,) (1024,) (1024,) (1024,) (1024,256,1,1)  |
| res4.2.conv1.*    | res4_2_branch2a_{bn_*,w} | (256,) (256,) (256,) (256,) (256,1024,1,1)      |
| res4.2.conv2.*    | res4_2_branch2b_{bn_*,w} | (256,) (256,) (256,) (256,) (256,256,3,3)       |
| res4.2.conv3.*    | res4_2_branch2c_{bn_*,w} | (1024,) (1024,) (1024,) (1024,) (1024,256,1,1)  |
| res4.3.conv1.*    | res4_3_branch2a_{bn_*,w} | (256,) (256,) (256,) (256,) (256,1024,1,1)      |
| res4.3.conv2.*    | res4_3_branch2b_{bn_*,w} | (256,) (256,) (256,) (256,) (256,256,3,3)       |
| res4.3.conv3.*    | res4_3_branch2c_{bn_*,w} | (1024,) (1024,) (1024,) (1024,) (1024,256,1,1)  |
| res4.4.conv1.*    | res4_4_branch2a_{bn_*,w} | (256,) (256,) (256,) (256,) (256,1024,1,1)      |
| res4.4.conv2.*    | res4_4_branch2b_{bn_*,w} | (256,) (256,) (256,) (256,) (256,256,3,3)       |
| res4.4.conv3.*    | res4_4_branch2c_{bn_*,w} | (1024,) (1024,) (1024,) (1024,) (1024,256,1,1)  |
| res4.5.conv1.*    | res4_5_branch2a_{bn_*,w} | (256,) (256,) (256,) (256,) (256,1024,1,1)      |
| res4.5.conv2.*    | res4_5_branch2b_{bn_*,w} | (256,) (256,) (256,) (256,) (256,256,3,3)       |
| res4.5.conv3.*    | res4_5_branch2c_{bn_*,w} | (1024,) (1024,) (1024,) (1024,) (1024,256,1,1)  |
| res5.0.conv1.*    | res5_0_branch2a_{bn_*,w} | (512,) (512,) (512,) (512,) (512,1024,1,1)      |
| res5.0.conv2.*    | res5_0_branch2b_{bn_*,w} | (512,) (512,) (512,) (512,) (512,512,3,3)       |
| res5.0.conv3.*    | res5_0_branch2c_{bn_*,w} | (2048,) (2048,) (2048,) (2048,) (2048,512,1,1)  |
| res5.0.shortcut.* | res5_0_branch1_{bn_*,w}  | (2048,) (2048,) (2048,) (2048,) (2048,1024,1,1) |
| res5.1.conv1.*    | res5_1_branch2a_{bn_*,w} | (512,) (512,) (512,) (512,) (512,2048,1,1)      |
| res5.1.conv2.*    | res5_1_branch2b_{bn_*,w} | (512,) (512,) (512,) (512,) (512,512,3,3)       |
| res5.1.conv3.*    | res5_1_branch2c_{bn_*,w} | (2048,) (2048,) (2048,) (2048,) (2048,512,1,1)  |
| res5.2.conv1.*    | res5_2_branch2a_{bn_*,w} | (512,) (512,) (512,) (512,) (512,2048,1,1)      |
| res5.2.conv2.*    | res5_2_branch2b_{bn_*,w} | (512,) (512,) (512,) (512,) (512,512,3,3)       |
| res5.2.conv3.*    | res5_2_branch2c_{bn_*,w} | (2048,) (2048,) (2048,) (2048,) (2048,512,1,1)  |
| stem.conv1.norm.* | res_conv1_bn_*           | (64,) (64,) (64,) (64,)                         |
| stem.conv1.weight | conv1_w                  | (64, 3, 7, 7)                                   |
[32m[11/15 11:24:43 d2.engine.train_loop]: [0mStarting training from iteration 0
[32m[11/15 11:25:53 d2.utils.events]: [0m eta: 9:36:44  iter: 19  total_loss: 3.299  loss_cls: 0.5196  loss_box_reg: 0.02739  loss_mask: 0.6726  loss_rpn_cls: 0.6624  loss_rpn_loc: 1.269  time: 3.4867  data_time: 0.0140  lr: 0.00019981  max_mem: 0M
[32m[11/15 11:26:57 d2.utils.events]: [0m eta: 9:03:00  iter: 39  total_loss: 2.408  loss_cls: 0.353  loss_box_reg: 0.0366  loss_mask: 0.5966  loss_rpn_cls: 0.6079  loss_rpn_loc: 0.8124  time: 3.3091  data_time: 0.0066  lr: 0.00039961  max_mem: 0M
[32m[11/15 11:28:03 d2.utils.events]: [0m eta: 9:03:02  iter: 59  total_loss: 2.14  loss_cls: 0.2758  loss_box_reg: 0.06761  loss_mask: 0.5832  loss_rpn_cls: 0.5732  loss_rpn_loc: 0.6399  time: 3.3166  data_time: 0.0055  lr: 0.00059941  max_mem: 0M
[32m[11/15 11:29:04 d2.utils.events]: [0m eta: 8:37:44  iter: 79  total_loss: 2.088  loss_cls: 0.2408  loss_box_reg: 0.167  loss_mask: 0.5632  loss_rpn_cls: 0.5431  loss_rpn_loc: 0.5478  time: 3.2468  data_time: 0.0044  lr: 0.00079921  max_mem: 0M
[32m[11/15 11:30:09 d2.utils.events]: [0m eta: 8:50:41  iter: 99  total_loss: 2.122  loss_cls: 0.2652  loss_box_reg: 0.3352  loss_mask: 0.54  loss_rpn_cls: 0.4601  loss_rpn_loc: 0.5138  time: 3.2469  data_time: 0.0047  lr: 0.00099901  max_mem: 0M
[32m[11/15 11:31:13 d2.utils.events]: [0m eta: 8:49:15  iter: 119  total_loss: 2.116  loss_cls: 0.2833  loss_box_reg: 0.4248  loss_mask: 0.5117  loss_rpn_cls: 0.3868  loss_rpn_loc: 0.5009  time: 3.2398  data_time: 0.0029  lr: 0.0011988  max_mem: 0M
[32m[11/15 11:32:17 d2.utils.events]: [0m eta: 8:43:45  iter: 139  total_loss: 2.029  loss_cls: 0.27  loss_box_reg: 0.4271  loss_mask: 0.4687  loss_rpn_cls: 0.3358  loss_rpn_loc: 0.4981  time: 3.2361  data_time: 0.0028  lr: 0.0013986  max_mem: 0M
[32m[11/15 11:33:24 d2.utils.events]: [0m eta: 8:47:06  iter: 159  total_loss: 2.026  loss_cls: 0.3394  loss_box_reg: 0.4839  loss_mask: 0.4366  loss_rpn_cls: 0.3428  loss_rpn_loc: 0.4938  time: 3.2469  data_time: 0.0040  lr: 0.0015984  max_mem: 0M
[32m[11/15 11:34:27 d2.utils.events]: [0m eta: 8:39:30  iter: 179  total_loss: 1.86  loss_cls: 0.2701  loss_box_reg: 0.4661  loss_mask: 0.4145  loss_rpn_cls: 0.289  loss_rpn_loc: 0.4701  time: 3.2355  data_time: 0.0026  lr: 0.0017982  max_mem: 0M
[32m[11/15 11:35:31 d2.utils.events]: [0m eta: 8:39:35  iter: 199  total_loss: 1.815  loss_cls: 0.2634  loss_box_reg: 0.4287  loss_mask: 0.3863  loss_rpn_cls: 0.2698  loss_rpn_loc: 0.4557  time: 3.2348  data_time: 0.0059  lr: 0.001998  max_mem: 0M
[32m[11/15 11:36:35 d2.utils.events]: [0m eta: 8:36:46  iter: 219  total_loss: 1.72  loss_cls: 0.242  loss_box_reg: 0.4053  loss_mask: 0.3469  loss_rpn_cls: 0.2643  loss_rpn_loc: 0.4341  time: 3.2312  data_time: 0.0046  lr: 0.0021978  max_mem: 0M
[32m[11/15 11:37:45 d2.utils.events]: [0m eta: 8:42:49  iter: 239  total_loss: 1.725  loss_cls: 0.2392  loss_box_reg: 0.4024  loss_mask: 0.3397  loss_rpn_cls: 0.2449  loss_rpn_loc: 0.4859  time: 3.2533  data_time: 0.0037  lr: 0.0023976  max_mem: 0M
[32m[11/15 11:38:51 d2.utils.events]: [0m eta: 8:41:08  iter: 259  total_loss: 1.692  loss_cls: 0.2453  loss_box_reg: 0.4473  loss_mask: 0.3233  loss_rpn_cls: 0.2331  loss_rpn_loc: 0.4519  time: 3.2561  data_time: 0.0035  lr: 0.0025974  max_mem: 0M
[32m[11/15 11:39:58 d2.utils.events]: [0m eta: 8:42:38  iter: 279  total_loss: 1.522  loss_cls: 0.1992  loss_box_reg: 0.4029  loss_mask: 0.3234  loss_rpn_cls: 0.1905  loss_rpn_loc: 0.4145  time: 3.2637  data_time: 0.0068  lr: 0.0027972  max_mem: 0M
[32m[11/15 11:41:06 d2.utils.events]: [0m eta: 8:42:47  iter: 299  total_loss: 1.673  loss_cls: 0.2366  loss_box_reg: 0.4892  loss_mask: 0.2994  loss_rpn_cls: 0.2245  loss_rpn_loc: 0.4008  time: 3.2720  data_time: 0.0081  lr: 0.002997  max_mem: 0M
[32m[11/15 11:42:10 d2.utils.events]: [0m eta: 8:40:43  iter: 319  total_loss: 1.709  loss_cls: 0.2342  loss_box_reg: 0.4658  loss_mask: 0.3201  loss_rpn_cls: 0.2235  loss_rpn_loc: 0.4063  time: 3.2671  data_time: 0.0078  lr: 0.0031968  max_mem: 0M
[32m[11/15 11:43:22 d2.utils.events]: [0m eta: 8:42:16  iter: 339  total_loss: 1.696  loss_cls: 0.2512  loss_box_reg: 0.4661  loss_mask: 0.31  loss_rpn_cls: 0.2054  loss_rpn_loc: 0.4611  time: 3.2851  data_time: 0.0035  lr: 0.0033966  max_mem: 0M
[32m[11/15 11:44:34 d2.utils.events]: [0m eta: 8:42:36  iter: 359  total_loss: 1.581  loss_cls: 0.2242  loss_box_reg: 0.4942  loss_mask: 0.2884  loss_rpn_cls: 0.1947  loss_rpn_loc: 0.3806  time: 3.3034  data_time: 0.0056  lr: 0.0035964  max_mem: 0M
[32m[11/15 11:45:46 d2.utils.events]: [0m eta: 8:45:28  iter: 379  total_loss: 1.543  loss_cls: 0.2093  loss_box_reg: 0.4049  loss_mask: 0.295  loss_rpn_cls: 0.2249  loss_rpn_loc: 0.3885  time: 3.3194  data_time: 0.0067  lr: 0.0037962  max_mem: 0M
[32m[11/15 11:47:01 d2.utils.events]: [0m eta: 8:46:05  iter: 399  total_loss: 1.515  loss_cls: 0.2063  loss_box_reg: 0.4246  loss_mask: 0.2744  loss_rpn_cls: 0.2234  loss_rpn_loc: 0.4282  time: 3.3403  data_time: 0.0092  lr: 0.003996  max_mem: 0M
[32m[11/15 11:48:16 d2.utils.events]: [0m eta: 8:48:04  iter: 419  total_loss: 1.537  loss_cls: 0.1888  loss_box_reg: 0.4327  loss_mask: 0.2663  loss_rpn_cls: 0.2287  loss_rpn_loc: 0.4275  time: 3.3595  data_time: 0.0080  lr: 0.0041958  max_mem: 0M
[32m[11/15 11:49:24 d2.utils.events]: [0m eta: 8:47:08  iter: 439  total_loss: 1.576  loss_cls: 0.2122  loss_box_reg: 0.4559  loss_mask: 0.2701  loss_rpn_cls: 0.1717  loss_rpn_loc: 0.4064  time: 3.3613  data_time: 0.0110  lr: 0.0043956  max_mem: 0M
[32m[11/15 11:50:31 d2.utils.events]: [0m eta: 8:46:02  iter: 459  total_loss: 1.458  loss_cls: 0.2153  loss_box_reg: 0.4681  loss_mask: 0.271  loss_rpn_cls: 0.1881  loss_rpn_loc: 0.3691  time: 3.3612  data_time: 0.0109  lr: 0.0045954  max_mem: 0M
[32m[11/15 11:51:37 d2.utils.events]: [0m eta: 8:44:45  iter: 479  total_loss: 1.41  loss_cls: 0.1933  loss_box_reg: 0.4316  loss_mask: 0.2586  loss_rpn_cls: 0.1621  loss_rpn_loc: 0.3775  time: 3.3583  data_time: 0.0058  lr: 0.0047952  max_mem: 0M
[32m[11/15 11:52:45 d2.utils.events]: [0m eta: 8:43:49  iter: 499  total_loss: 1.511  loss_cls: 0.1749  loss_box_reg: 0.4137  loss_mask: 0.2552  loss_rpn_cls: 0.2018  loss_rpn_loc: 0.3978  time: 3.3598  data_time: 0.0085  lr: 0.004995  max_mem: 0M
[32m[11/15 11:53:51 d2.utils.events]: [0m eta: 8:42:43  iter: 519  total_loss: 1.51  loss_cls: 0.2235  loss_box_reg: 0.453  loss_mask: 0.2581  loss_rpn_cls: 0.1837  loss_rpn_loc: 0.3937  time: 3.3579  data_time: 0.0109  lr: 0.0051948  max_mem: 0M
[32m[11/15 11:54:59 d2.utils.events]: [0m eta: 8:42:04  iter: 539  total_loss: 1.408  loss_cls: 0.219  loss_box_reg: 0.43  loss_mask: 0.25  loss_rpn_cls: 0.1416  loss_rpn_loc: 0.3722  time: 3.3589  data_time: 0.0084  lr: 0.0053946  max_mem: 0M
[32m[11/15 11:56:08 d2.utils.events]: [0m eta: 8:42:51  iter: 559  total_loss: 1.441  loss_cls: 0.2292  loss_box_reg: 0.4483  loss_mask: 0.2525  loss_rpn_cls: 0.136  loss_rpn_loc: 0.3599  time: 3.3623  data_time: 0.0057  lr: 0.0055944  max_mem: 0M
[32m[11/15 11:57:17 d2.utils.events]: [0m eta: 8:41:54  iter: 579  total_loss: 1.459  loss_cls: 0.2132  loss_box_reg: 0.4371  loss_mask: 0.2581  loss_rpn_cls: 0.183  loss_rpn_loc: 0.4093  time: 3.3647  data_time: 0.0095  lr: 0.0057942  max_mem: 0M
[32m[11/15 11:58:29 d2.utils.events]: [0m eta: 8:41:42  iter: 599  total_loss: 1.534  loss_cls: 0.2259  loss_box_reg: 0.4604  loss_mask: 0.2505  loss_rpn_cls: 0.1613  loss_rpn_loc: 0.4157  time: 3.3724  data_time: 0.0103  lr: 0.005994  max_mem: 0M
[32m[11/15 11:59:35 d2.utils.events]: [0m eta: 8:40:57  iter: 619  total_loss: 1.498  loss_cls: 0.2039  loss_box_reg: 0.4468  loss_mask: 0.2554  loss_rpn_cls: 0.1536  loss_rpn_loc: 0.3991  time: 3.3713  data_time: 0.0052  lr: 0.0061938  max_mem: 0M
[32m[11/15 12:00:45 d2.utils.events]: [0m eta: 8:40:34  iter: 639  total_loss: 1.436  loss_cls: 0.2273  loss_box_reg: 0.4307  loss_mask: 0.235  loss_rpn_cls: 0.1391  loss_rpn_loc: 0.3758  time: 3.3751  data_time: 0.0097  lr: 0.0063936  max_mem: 0M
[32m[11/15 12:01:52 d2.utils.events]: [0m eta: 8:39:41  iter: 659  total_loss: 1.49  loss_cls: 0.2199  loss_box_reg: 0.4233  loss_mask: 0.2492  loss_rpn_cls: 0.1565  loss_rpn_loc: 0.407  time: 3.3732  data_time: 0.0090  lr: 0.0065934  max_mem: 0M
[32m[11/15 12:03:00 d2.utils.events]: [0m eta: 8:38:35  iter: 679  total_loss: 1.456  loss_cls: 0.2417  loss_box_reg: 0.4396  loss_mask: 0.236  loss_rpn_cls: 0.1653  loss_rpn_loc: 0.3801  time: 3.3740  data_time: 0.0051  lr: 0.0067932  max_mem: 0M
[32m[11/15 12:04:06 d2.utils.events]: [0m eta: 8:37:36  iter: 699  total_loss: 1.433  loss_cls: 0.2029  loss_box_reg: 0.4358  loss_mask: 0.2429  loss_rpn_cls: 0.1624  loss_rpn_loc: 0.3928  time: 3.3726  data_time: 0.0052  lr: 0.006993  max_mem: 0M
[32m[11/15 12:05:12 d2.utils.events]: [0m eta: 8:35:46  iter: 719  total_loss: 1.469  loss_cls: 0.2041  loss_box_reg: 0.4347  loss_mask: 0.2372  loss_rpn_cls: 0.1714  loss_rpn_loc: 0.4186  time: 3.3701  data_time: 0.0059  lr: 0.0071928  max_mem: 0M
[32m[11/15 12:06:22 d2.utils.events]: [0m eta: 8:34:40  iter: 739  total_loss: 1.322  loss_cls: 0.1705  loss_box_reg: 0.4172  loss_mask: 0.2309  loss_rpn_cls: 0.1396  loss_rpn_loc: 0.3769  time: 3.3739  data_time: 0.0047  lr: 0.0073926  max_mem: 0M
[32m[11/15 12:07:36 d2.utils.events]: [0m eta: 8:34:26  iter: 759  total_loss: 1.289  loss_cls: 0.1732  loss_box_reg: 0.383  loss_mask: 0.2196  loss_rpn_cls: 0.1555  loss_rpn_loc: 0.362  time: 3.3822  data_time: 0.0071  lr: 0.0075924  max_mem: 0M
[32m[11/15 12:08:48 d2.utils.events]: [0m eta: 8:34:37  iter: 779  total_loss: 1.291  loss_cls: 0.1905  loss_box_reg: 0.4303  loss_mask: 0.2184  loss_rpn_cls: 0.1315  loss_rpn_loc: 0.3549  time: 3.3881  data_time: 0.0075  lr: 0.0077922  max_mem: 0M
[32m[11/15 12:09:54 d2.utils.events]: [0m eta: 8:32:52  iter: 799  total_loss: 1.376  loss_cls: 0.1858  loss_box_reg: 0.4334  loss_mask: 0.2281  loss_rpn_cls: 0.1577  loss_rpn_loc: 0.3982  time: 3.3850  data_time: 0.0089  lr: 0.007992  max_mem: 0M
[32m[11/15 12:11:03 d2.utils.events]: [0m eta: 8:31:12  iter: 819  total_loss: 1.363  loss_cls: 0.1949  loss_box_reg: 0.4268  loss_mask: 0.2227  loss_rpn_cls: 0.1528  loss_rpn_loc: 0.3868  time: 3.3875  data_time: 0.0083  lr: 0.0081918  max_mem: 0M
[32m[11/15 12:12:08 d2.utils.events]: [0m eta: 8:29:40  iter: 839  total_loss: 1.318  loss_cls: 0.1918  loss_box_reg: 0.4534  loss_mask: 0.227  loss_rpn_cls: 0.1338  loss_rpn_loc: 0.3394  time: 3.3837  data_time: 0.0042  lr: 0.0083916  max_mem: 0M
[32m[11/15 12:13:14 d2.utils.events]: [0m eta: 8:28:20  iter: 859  total_loss: 1.351  loss_cls: 0.1891  loss_box_reg: 0.4223  loss_mask: 0.2126  loss_rpn_cls: 0.1243  loss_rpn_loc: 0.3518  time: 3.3822  data_time: 0.0070  lr: 0.0085914  max_mem: 0M
[32m[11/15 12:14:19 d2.utils.events]: [0m eta: 8:26:51  iter: 879  total_loss: 1.375  loss_cls: 0.1962  loss_box_reg: 0.4361  loss_mask: 0.219  loss_rpn_cls: 0.1459  loss_rpn_loc: 0.3533  time: 3.3791  data_time: 0.0063  lr: 0.0087912  max_mem: 0M
[32m[11/15 12:15:25 d2.utils.events]: [0m eta: 8:25:12  iter: 899  total_loss: 1.334  loss_cls: 0.1739  loss_box_reg: 0.4279  loss_mask: 0.2231  loss_rpn_cls: 0.1595  loss_rpn_loc: 0.36  time: 3.3771  data_time: 0.0047  lr: 0.008991  max_mem: 0M
[32m[11/15 12:16:31 d2.utils.events]: [0m eta: 8:23:45  iter: 919  total_loss: 1.288  loss_cls: 0.1548  loss_box_reg: 0.3835  loss_mask: 0.2123  loss_rpn_cls: 0.1463  loss_rpn_loc: 0.3611  time: 3.3745  data_time: 0.0058  lr: 0.0091908  max_mem: 0M
[32m[11/15 12:17:39 d2.utils.events]: [0m eta: 8:22:32  iter: 939  total_loss: 1.349  loss_cls: 0.2124  loss_box_reg: 0.4485  loss_mask: 0.2155  loss_rpn_cls: 0.1163  loss_rpn_loc: 0.3484  time: 3.3755  data_time: 0.0077  lr: 0.0093906  max_mem: 0M
[32m[11/15 12:18:48 d2.utils.events]: [0m eta: 8:22:06  iter: 959  total_loss: 1.301  loss_cls: 0.2134  loss_box_reg: 0.409  loss_mask: 0.2221  loss_rpn_cls: 0.1073  loss_rpn_loc: 0.3566  time: 3.3772  data_time: 0.0059  lr: 0.0095904  max_mem: 0M
[32m[11/15 12:19:52 d2.utils.events]: [0m eta: 8:20:01  iter: 979  total_loss: 1.411  loss_cls: 0.1787  loss_box_reg: 0.393  loss_mask: 0.2423  loss_rpn_cls: 0.123  loss_rpn_loc: 0.432  time: 3.3728  data_time: 0.0105  lr: 0.0097902  max_mem: 0M
[32m[11/15 12:20:55 d2.utils.events]: [0m eta: 8:18:29  iter: 999  total_loss: 1.35  loss_cls: 0.1701  loss_box_reg: 0.3922  loss_mask: 0.2241  loss_rpn_cls: 0.1467  loss_rpn_loc: 0.4123  time: 3.3683  data_time: 0.0062  lr: 0.00999  max_mem: 0M
[32m[11/15 12:21:59 d2.utils.events]: [0m eta: 8:15:49  iter: 1019  total_loss: 1.343  loss_cls: 0.2016  loss_box_reg: 0.4031  loss_mask: 0.2121  loss_rpn_cls: 0.1327  loss_rpn_loc: 0.3648  time: 3.3650  data_time: 0.0031  lr: 0.01  max_mem: 0M
[32m[11/15 12:23:07 d2.utils.events]: [0m eta: 8:15:24  iter: 1039  total_loss: 1.312  loss_cls: 0.1815  loss_box_reg: 0.4231  loss_mask: 0.2121  loss_rpn_cls: 0.1337  loss_rpn_loc: 0.3659  time: 3.3660  data_time: 0.0049  lr: 0.01  max_mem: 0M
[32m[11/15 12:24:16 d2.utils.events]: [0m eta: 8:15:10  iter: 1059  total_loss: 1.253  loss_cls: 0.1649  loss_box_reg: 0.4072  loss_mask: 0.2084  loss_rpn_cls: 0.1293  loss_rpn_loc: 0.3428  time: 3.3679  data_time: 0.0068  lr: 0.01  max_mem: 0M
[32m[11/15 12:25:24 d2.utils.events]: [0m eta: 8:14:37  iter: 1079  total_loss: 1.193  loss_cls: 0.1603  loss_box_reg: 0.3709  loss_mask: 0.1944  loss_rpn_cls: 0.1126  loss_rpn_loc: 0.3402  time: 3.3681  data_time: 0.0055  lr: 0.01  max_mem: 0M
[32m[11/15 12:26:35 d2.utils.events]: [0m eta: 8:14:49  iter: 1099  total_loss: 1.205  loss_cls: 0.1542  loss_box_reg: 0.3962  loss_mask: 0.2061  loss_rpn_cls: 0.1001  loss_rpn_loc: 0.3241  time: 3.3711  data_time: 0.0088  lr: 0.01  max_mem: 0M
[32m[11/15 12:27:54 d2.utils.events]: [0m eta: 8:14:38  iter: 1119  total_loss: 1.26  loss_cls: 0.1922  loss_box_reg: 0.4113  loss_mask: 0.2194  loss_rpn_cls: 0.1304  loss_rpn_loc: 0.3384  time: 3.3816  data_time: 0.0045  lr: 0.01  max_mem: 0M
[32m[11/15 12:29:07 d2.utils.events]: [0m eta: 8:15:21  iter: 1139  total_loss: 1.257  loss_cls: 0.1841  loss_box_reg: 0.4068  loss_mask: 0.2124  loss_rpn_cls: 0.1083  loss_rpn_loc: 0.343  time: 3.3866  data_time: 0.0072  lr: 0.01  max_mem: 0M
[32m[11/15 12:30:25 d2.utils.events]: [0m eta: 8:15:14  iter: 1159  total_loss: 1.27  loss_cls: 0.1713  loss_box_reg: 0.3895  loss_mask: 0.2215  loss_rpn_cls: 0.1012  loss_rpn_loc: 0.3474  time: 3.3950  data_time: 0.0070  lr: 0.01  max_mem: 0M
[32m[11/15 12:31:45 d2.utils.events]: [0m eta: 8:16:40  iter: 1179  total_loss: 1.211  loss_cls: 0.1597  loss_box_reg: 0.3882  loss_mask: 0.1956  loss_rpn_cls: 0.1133  loss_rpn_loc: 0.3502  time: 3.4059  data_time: 0.0080  lr: 0.01  max_mem: 0M
[32m[11/15 12:33:02 d2.utils.events]: [0m eta: 8:16:54  iter: 1199  total_loss: 1.18  loss_cls: 0.1532  loss_box_reg: 0.3596  loss_mask: 0.1874  loss_rpn_cls: 0.1296  loss_rpn_loc: 0.3784  time: 3.4128  data_time: 0.0081  lr: 0.01  max_mem: 0M
[32m[11/15 12:34:15 d2.utils.events]: [0m eta: 8:17:21  iter: 1219  total_loss: 1.189  loss_cls: 0.1679  loss_box_reg: 0.3785  loss_mask: 0.1972  loss_rpn_cls: 0.0865  loss_rpn_loc: 0.3414  time: 3.4169  data_time: 0.0081  lr: 0.01  max_mem: 0M
[32m[11/15 12:35:33 d2.utils.events]: [0m eta: 8:17:50  iter: 1239  total_loss: 1.223  loss_cls: 0.1674  loss_box_reg: 0.4115  loss_mask: 0.1989  loss_rpn_cls: 0.1096  loss_rpn_loc: 0.3536  time: 3.4245  data_time: 0.0078  lr: 0.01  max_mem: 0M
[32m[11/15 12:36:52 d2.utils.events]: [0m eta: 8:17:45  iter: 1259  total_loss: 1.196  loss_cls: 0.1624  loss_box_reg: 0.3775  loss_mask: 0.2031  loss_rpn_cls: 0.1052  loss_rpn_loc: 0.3333  time: 3.4325  data_time: 0.0053  lr: 0.01  max_mem: 0M
[32m[11/15 12:38:12 d2.utils.events]: [0m eta: 8:18:01  iter: 1279  total_loss: 1.246  loss_cls: 0.17  loss_box_reg: 0.3728  loss_mask: 0.197  loss_rpn_cls: 0.1316  loss_rpn_loc: 0.3637  time: 3.4413  data_time: 0.0098  lr: 0.01  max_mem: 0M
[32m[11/15 12:39:40 d2.utils.events]: [0m eta: 8:18:56  iter: 1299  total_loss: 1.178  loss_cls: 0.1841  loss_box_reg: 0.3789  loss_mask: 0.1924  loss_rpn_cls: 0.126  loss_rpn_loc: 0.342  time: 3.4565  data_time: 0.0104  lr: 0.01  max_mem: 0M
[32m[11/15 12:41:10 d2.utils.events]: [0m eta: 8:20:41  iter: 1319  total_loss: 1.21  loss_cls: 0.1753  loss_box_reg: 0.3916  loss_mask: 0.1993  loss_rpn_cls: 0.1049  loss_rpn_loc: 0.3454  time: 3.4721  data_time: 0.0050  lr: 0.01  max_mem: 0M
[32m[11/15 12:42:37 d2.utils.events]: [0m eta: 8:21:26  iter: 1339  total_loss: 1.176  loss_cls: 0.1666  loss_box_reg: 0.3884  loss_mask: 0.1948  loss_rpn_cls: 0.1138  loss_rpn_loc: 0.3291  time: 3.4851  data_time: 0.0083  lr: 0.01  max_mem: 0M
[32m[11/15 12:43:58 d2.utils.events]: [0m eta: 8:21:40  iter: 1359  total_loss: 1.147  loss_cls: 0.1636  loss_box_reg: 0.3674  loss_mask: 0.1774  loss_rpn_cls: 0.1277  loss_rpn_loc: 0.2929  time: 3.4935  data_time: 0.0079  lr: 0.01  max_mem: 0M
[32m[11/15 12:45:16 d2.utils.events]: [0m eta: 8:20:07  iter: 1379  total_loss: 1.202  loss_cls: 0.1702  loss_box_reg: 0.3864  loss_mask: 0.1898  loss_rpn_cls: 0.1205  loss_rpn_loc: 0.314  time: 3.4991  data_time: 0.0096  lr: 0.01  max_mem: 0M
[32m[11/15 12:46:41 d2.utils.events]: [0m eta: 8:19:21  iter: 1399  total_loss: 1.129  loss_cls: 0.1661  loss_box_reg: 0.3672  loss_mask: 0.1927  loss_rpn_cls: 0.09735  loss_rpn_loc: 0.3207  time: 3.5099  data_time: 0.0098  lr: 0.01  max_mem: 0M
[32m[11/15 12:48:11 d2.utils.events]: [0m eta: 8:19:19  iter: 1419  total_loss: 1.204  loss_cls: 0.1691  loss_box_reg: 0.3542  loss_mask: 0.187  loss_rpn_cls: 0.1085  loss_rpn_loc: 0.3325  time: 3.5241  data_time: 0.0054  lr: 0.01  max_mem: 0M
[32m[11/15 12:49:50 d2.utils.events]: [0m eta: 8:21:12  iter: 1439  total_loss: 1.146  loss_cls: 0.1563  loss_box_reg: 0.3679  loss_mask: 0.1884  loss_rpn_cls: 0.1293  loss_rpn_loc: 0.2904  time: 3.5437  data_time: 0.0136  lr: 0.01  max_mem: 0M
[32m[11/15 12:51:34 d2.utils.events]: [0m eta: 8:22:15  iter: 1459  total_loss: 1.147  loss_cls: 0.1658  loss_box_reg: 0.3815  loss_mask: 0.1946  loss_rpn_cls: 0.1156  loss_rpn_loc: 0.2911  time: 3.5663  data_time: 0.0161  lr: 0.01  max_mem: 0M
[32m[11/15 12:53:09 d2.utils.events]: [0m eta: 8:24:15  iter: 1479  total_loss: 1.194  loss_cls: 0.1729  loss_box_reg: 0.3931  loss_mask: 0.193  loss_rpn_cls: 0.119  loss_rpn_loc: 0.3142  time: 3.5826  data_time: 0.0097  lr: 0.01  max_mem: 0M
[32m[11/15 12:54:34 d2.utils.events]: [0m eta: 8:27:28  iter: 1499  total_loss: 1.117  loss_cls: 0.1618  loss_box_reg: 0.392  loss_mask: 0.1863  loss_rpn_cls: 0.1043  loss_rpn_loc: 0.2916  time: 3.5911  data_time: 0.0066  lr: 0.01  max_mem: 0M
[32m[11/15 12:56:00 d2.utils.events]: [0m eta: 8:30:01  iter: 1519  total_loss: 1.105  loss_cls: 0.1429  loss_box_reg: 0.3718  loss_mask: 0.1849  loss_rpn_cls: 0.1225  loss_rpn_loc: 0.2864  time: 3.6006  data_time: 0.0090  lr: 0.01  max_mem: 0M
[32m[11/15 12:57:27 d2.utils.events]: [0m eta: 8:31:59  iter: 1539  total_loss: 1.117  loss_cls: 0.1507  loss_box_reg: 0.3637  loss_mask: 0.1789  loss_rpn_cls: 0.09451  loss_rpn_loc: 0.2964  time: 3.6103  data_time: 0.0069  lr: 0.01  max_mem: 0M
[32m[11/15 12:58:45 d2.utils.events]: [0m eta: 8:31:32  iter: 1559  total_loss: 1.091  loss_cls: 0.156  loss_box_reg: 0.3693  loss_mask: 0.1873  loss_rpn_cls: 0.09656  loss_rpn_loc: 0.2824  time: 3.6136  data_time: 0.0089  lr: 0.01  max_mem: 0M
[32m[11/15 13:00:00 d2.utils.events]: [0m eta: 8:31:10  iter: 1579  total_loss: 1.055  loss_cls: 0.1468  loss_box_reg: 0.3745  loss_mask: 0.1892  loss_rpn_cls: 0.08295  loss_rpn_loc: 0.2822  time: 3.6156  data_time: 0.0070  lr: 0.01  max_mem: 0M
[32m[11/15 13:01:34 d2.utils.events]: [0m eta: 8:31:00  iter: 1599  total_loss: 1.252  loss_cls: 0.1484  loss_box_reg: 0.3478  loss_mask: 0.1845  loss_rpn_cls: 0.224  loss_rpn_loc: 0.3209  time: 3.6292  data_time: 0.0177  lr: 0.01  max_mem: 0M
[32m[11/15 13:03:51 d2.utils.events]: [0m eta: 8:34:12  iter: 1619  total_loss: 1.105  loss_cls: 0.1374  loss_box_reg: 0.3409  loss_mask: 0.1765  loss_rpn_cls: 0.1108  loss_rpn_loc: 0.318  time: 3.6686  data_time: 0.0279  lr: 0.01  max_mem: 0M
[32m[11/15 13:06:08 d2.utils.events]: [0m eta: 8:34:42  iter: 1639  total_loss: 1.076  loss_cls: 0.1365  loss_box_reg: 0.3358  loss_mask: 0.1781  loss_rpn_cls: 0.08864  loss_rpn_loc: 0.3192  time: 3.7077  data_time: 0.0341  lr: 0.01  max_mem: 0M
[32m[11/15 13:08:20 d2.utils.events]: [0m eta: 8:38:10  iter: 1659  total_loss: 1.085  loss_cls: 0.1649  loss_box_reg: 0.353  loss_mask: 0.1832  loss_rpn_cls: 0.09546  loss_rpn_loc: 0.2807  time: 3.7426  data_time: 0.0390  lr: 0.01  max_mem: 0M
[32m[11/15 13:10:40 d2.utils.events]: [0m eta: 8:39:54  iter: 1679  total_loss: 1.115  loss_cls: 0.1658  loss_box_reg: 0.362  loss_mask: 0.1805  loss_rpn_cls: 0.1034  loss_rpn_loc: 0.283  time: 3.7812  data_time: 0.0398  lr: 0.01  max_mem: 0M
[32m[11/15 13:12:35 d2.utils.events]: [0m eta: 8:41:47  iter: 1699  total_loss: 1.143  loss_cls: 0.1711  loss_box_reg: 0.3566  loss_mask: 0.1823  loss_rpn_cls: 0.102  loss_rpn_loc: 0.3159  time: 3.8043  data_time: 0.0194  lr: 0.01  max_mem: 0M
[32m[11/15 13:14:34 d2.utils.events]: [0m eta: 8:43:12  iter: 1719  total_loss: 1.166  loss_cls: 0.1572  loss_box_reg: 0.3421  loss_mask: 0.1798  loss_rpn_cls: 0.09428  loss_rpn_loc: 0.3469  time: 3.8291  data_time: 0.0125  lr: 0.01  max_mem: 0M
[32m[11/15 13:16:38 d2.utils.events]: [0m eta: 8:45:04  iter: 1739  total_loss: 1.056  loss_cls: 0.1552  loss_box_reg: 0.334  loss_mask: 0.1651  loss_rpn_cls: 0.1013  loss_rpn_loc: 0.3067  time: 3.8562  data_time: 0.0247  lr: 0.01  max_mem: 0M
[32m[11/15 13:18:27 d2.utils.events]: [0m eta: 8:46:14  iter: 1759  total_loss: 1.039  loss_cls: 0.1564  loss_box_reg: 0.3679  loss_mask: 0.1746  loss_rpn_cls: 0.09568  loss_rpn_loc: 0.2686  time: 3.8743  data_time: 0.0333  lr: 0.01  max_mem: 0M
[32m[11/15 13:20:10 d2.utils.events]: [0m eta: 8:47:08  iter: 1779  total_loss: 1.028  loss_cls: 0.1438  loss_box_reg: 0.3487  loss_mask: 0.1641  loss_rpn_cls: 0.08032  loss_rpn_loc: 0.2856  time: 3.8890  data_time: 0.0128  lr: 0.01  max_mem: 0M
[32m[11/15 13:21:48 d2.utils.events]: [0m eta: 8:51:53  iter: 1799  total_loss: 1.055  loss_cls: 0.1536  loss_box_reg: 0.3402  loss_mask: 0.1687  loss_rpn_cls: 0.07519  loss_rpn_loc: 0.3032  time: 3.8997  data_time: 0.0229  lr: 0.01  max_mem: 0M
[32m[11/15 13:23:25 d2.utils.events]: [0m eta: 8:56:14  iter: 1819  total_loss: 1.05  loss_cls: 0.1518  loss_box_reg: 0.358  loss_mask: 0.1829  loss_rpn_cls: 0.08314  loss_rpn_loc: 0.2743  time: 3.9104  data_time: 0.0286  lr: 0.01  max_mem: 0M
[32m[11/15 13:24:55 d2.utils.events]: [0m eta: 9:00:30  iter: 1839  total_loss: 1.065  loss_cls: 0.1642  loss_box_reg: 0.354  loss_mask: 0.1706  loss_rpn_cls: 0.08341  loss_rpn_loc: 0.2947  time: 3.9165  data_time: 0.0291  lr: 0.01  max_mem: 0M
[32m[11/15 13:26:29 d2.utils.events]: [0m eta: 9:05:04  iter: 1859  total_loss: 0.9846  loss_cls: 0.1402  loss_box_reg: 0.3183  loss_mask: 0.1651  loss_rpn_cls: 0.07635  loss_rpn_loc: 0.2906  time: 3.9250  data_time: 0.0219  lr: 0.01  max_mem: 0M
[32m[11/15 13:27:57 d2.utils.events]: [0m eta: 9:10:34  iter: 1879  total_loss: 1.007  loss_cls: 0.1371  loss_box_reg: 0.3232  loss_mask: 0.1693  loss_rpn_cls: 0.08483  loss_rpn_loc: 0.2719  time: 3.9303  data_time: 0.0238  lr: 0.01  max_mem: 0M
[32m[11/15 13:29:33 d2.utils.events]: [0m eta: 9:15:15  iter: 1899  total_loss: 0.993  loss_cls: 0.1268  loss_box_reg: 0.3259  loss_mask: 0.1586  loss_rpn_cls: 0.1038  loss_rpn_loc: 0.2652  time: 3.9394  data_time: 0.0180  lr: 0.01  max_mem: 0M
[32m[11/15 13:31:05 d2.utils.events]: [0m eta: 9:19:02  iter: 1919  total_loss: 0.9749  loss_cls: 0.1334  loss_box_reg: 0.3247  loss_mask: 0.1642  loss_rpn_cls: 0.07814  loss_rpn_loc: 0.2766  time: 3.9460  data_time: 0.0144  lr: 0.01  max_mem: 0M
[32m[11/15 13:32:35 d2.utils.events]: [0m eta: 9:22:40  iter: 1939  total_loss: 0.9364  loss_cls: 0.1464  loss_box_reg: 0.3118  loss_mask: 0.1606  loss_rpn_cls: 0.08661  loss_rpn_loc: 0.2529  time: 3.9517  data_time: 0.0156  lr: 0.01  max_mem: 0M
[32m[11/15 13:34:09 d2.utils.events]: [0m eta: 9:24:38  iter: 1959  total_loss: 0.9182  loss_cls: 0.1268  loss_box_reg: 0.3214  loss_mask: 0.1548  loss_rpn_cls: 0.07353  loss_rpn_loc: 0.2613  time: 3.9594  data_time: 0.0240  lr: 0.01  max_mem: 0M
[32m[11/15 13:35:52 d2.utils.events]: [0m eta: 9:27:56  iter: 1979  total_loss: 1.048  loss_cls: 0.1497  loss_box_reg: 0.3233  loss_mask: 0.165  loss_rpn_cls: 0.06564  loss_rpn_loc: 0.2754  time: 3.9715  data_time: 0.0249  lr: 0.01  max_mem: 0M
[32m[11/15 13:37:40 d2.utils.events]: [0m eta: 9:30:52  iter: 1999  total_loss: 1.035  loss_cls: 0.1494  loss_box_reg: 0.3416  loss_mask: 0.1633  loss_rpn_cls: 0.107  loss_rpn_loc: 0.2706  time: 3.9853  data_time: 0.0232  lr: 0.01  max_mem: 0M
[32m[11/15 13:39:15 d2.utils.events]: [0m eta: 9:32:39  iter: 2019  total_loss: 1.068  loss_cls: 0.1438  loss_box_reg: 0.3473  loss_mask: 0.1764  loss_rpn_cls: 0.08277  loss_rpn_loc: 0.2871  time: 3.9929  data_time: 0.0150  lr: 0.01  max_mem: 0M
[32m[11/15 13:41:19 d2.utils.events]: [0m eta: 9:36:23  iter: 2039  total_loss: 1.109  loss_cls: 0.1553  loss_box_reg: 0.3459  loss_mask: 0.1685  loss_rpn_cls: 0.1022  loss_rpn_loc: 0.2757  time: 4.0147  data_time: 0.0206  lr: 0.01  max_mem: 0M
[32m[11/15 13:43:42 d2.utils.events]: [0m eta: 9:40:26  iter: 2059  total_loss: 0.9545  loss_cls: 0.1274  loss_box_reg: 0.3232  loss_mask: 0.1646  loss_rpn_cls: 0.07546  loss_rpn_loc: 0.2714  time: 4.0449  data_time: 0.0255  lr: 0.01  max_mem: 0M
[32m[11/15 13:45:34 d2.utils.events]: [0m eta: 9:44:35  iter: 2079  total_loss: 0.9635  loss_cls: 0.1344  loss_box_reg: 0.2996  loss_mask: 0.1533  loss_rpn_cls: 0.08085  loss_rpn_loc: 0.2817  time: 4.0599  data_time: 0.0261  lr: 0.01  max_mem: 0M
[32m[11/15 13:47:16 d2.utils.events]: [0m eta: 9:49:14  iter: 2099  total_loss: 0.9603  loss_cls: 0.1469  loss_box_reg: 0.3224  loss_mask: 0.1558  loss_rpn_cls: 0.06789  loss_rpn_loc: 0.2726  time: 4.0698  data_time: 0.0272  lr: 0.01  max_mem: 0M
[32m[11/15 13:48:58 d2.utils.events]: [0m eta: 9:49:31  iter: 2119  total_loss: 0.9453  loss_cls: 0.1344  loss_box_reg: 0.3186  loss_mask: 0.1597  loss_rpn_cls: 0.07472  loss_rpn_loc: 0.2696  time: 4.0794  data_time: 0.0204  lr: 0.01  max_mem: 0M
[32m[11/15 13:50:51 d2.utils.events]: [0m eta: 9:50:53  iter: 2139  total_loss: 0.9228  loss_cls: 0.136  loss_box_reg: 0.3224  loss_mask: 0.1622  loss_rpn_cls: 0.0568  loss_rpn_loc: 0.2384  time: 4.0942  data_time: 0.0204  lr: 0.01  max_mem: 0M
[32m[11/15 13:52:59 d2.utils.events]: [0m eta: 9:53:43  iter: 2159  total_loss: 0.9523  loss_cls: 0.1264  loss_box_reg: 0.3303  loss_mask: 0.1644  loss_rpn_cls: 0.06324  loss_rpn_loc: 0.2489  time: 4.1156  data_time: 0.0220  lr: 0.01  max_mem: 0M
[32m[11/15 13:55:05 d2.utils.events]: [0m eta: 9:56:46  iter: 2179  total_loss: 0.8748  loss_cls: 0.1324  loss_box_reg: 0.3003  loss_mask: 0.1524  loss_rpn_cls: 0.05769  loss_rpn_loc: 0.2347  time: 4.1355  data_time: 0.0257  lr: 0.01  max_mem: 0M
[32m[11/15 13:56:59 d2.utils.events]: [0m eta: 10:04:57  iter: 2199  total_loss: 0.9856  loss_cls: 0.1298  loss_box_reg: 0.3237  loss_mask: 0.1626  loss_rpn_cls: 0.08464  loss_rpn_loc: 0.2852  time: 4.1496  data_time: 0.0281  lr: 0.01  max_mem: 0M
[32m[11/15 13:58:58 d2.utils.events]: [0m eta: 10:08:05  iter: 2219  total_loss: 0.9171  loss_cls: 0.123  loss_box_reg: 0.3088  loss_mask: 0.1548  loss_rpn_cls: 0.07523  loss_rpn_loc: 0.254  time: 4.1658  data_time: 0.0302  lr: 0.01  max_mem: 0M
[32m[11/15 14:00:29 d2.utils.events]: [0m eta: 10:07:58  iter: 2239  total_loss: 0.9644  loss_cls: 0.121  loss_box_reg: 0.3048  loss_mask: 0.1602  loss_rpn_cls: 0.06726  loss_rpn_loc: 0.2736  time: 4.1694  data_time: 0.0105  lr: 0.01  max_mem: 0M
[32m[11/15 14:02:26 d2.utils.events]: [0m eta: 10:08:29  iter: 2259  total_loss: 0.886  loss_cls: 0.1066  loss_box_reg: 0.2824  loss_mask: 0.1498  loss_rpn_cls: 0.08085  loss_rpn_loc: 0.2573  time: 4.1839  data_time: 0.0304  lr: 0.01  max_mem: 0M
[32m[11/15 14:04:11 d2.utils.events]: [0m eta: 10:13:23  iter: 2279  total_loss: 0.9907  loss_cls: 0.1247  loss_box_reg: 0.3383  loss_mask: 0.1569  loss_rpn_cls: 0.07925  loss_rpn_loc: 0.2783  time: 4.1935  data_time: 0.0230  lr: 0.01  max_mem: 0M
[32m[11/15 14:05:46 d2.utils.events]: [0m eta: 10:12:13  iter: 2299  total_loss: 0.9486  loss_cls: 0.1453  loss_box_reg: 0.3248  loss_mask: 0.1592  loss_rpn_cls: 0.06606  loss_rpn_loc: 0.2607  time: 4.1980  data_time: 0.0258  lr: 0.01  max_mem: 0M
[32m[11/15 14:07:21 d2.utils.events]: [0m eta: 10:11:08  iter: 2319  total_loss: 0.95  loss_cls: 0.1265  loss_box_reg: 0.305  loss_mask: 0.1532  loss_rpn_cls: 0.09592  loss_rpn_loc: 0.2489  time: 4.2027  data_time: 0.0267  lr: 0.01  max_mem: 0M
[32m[11/15 14:08:56 d2.utils.events]: [0m eta: 10:10:11  iter: 2339  total_loss: 0.9966  loss_cls: 0.1284  loss_box_reg: 0.3109  loss_mask: 0.1586  loss_rpn_cls: 0.08961  loss_rpn_loc: 0.2666  time: 4.2077  data_time: 0.0258  lr: 0.01  max_mem: 0M
[32m[11/15 14:10:37 d2.utils.events]: [0m eta: 10:11:59  iter: 2359  total_loss: 0.9799  loss_cls: 0.1198  loss_box_reg: 0.325  loss_mask: 0.1619  loss_rpn_cls: 0.0821  loss_rpn_loc: 0.277  time: 4.2145  data_time: 0.0189  lr: 0.01  max_mem: 0M
[32m[11/15 14:12:19 d2.utils.events]: [0m eta: 10:13:28  iter: 2379  total_loss: 0.9466  loss_cls: 0.1236  loss_box_reg: 0.2919  loss_mask: 0.1551  loss_rpn_cls: 0.09102  loss_rpn_loc: 0.2815  time: 4.2221  data_time: 0.0316  lr: 0.01  max_mem: 0M
[32m[11/15 14:14:04 d2.utils.events]: [0m eta: 10:14:54  iter: 2399  total_loss: 0.9472  loss_cls: 0.1163  loss_box_reg: 0.3206  loss_mask: 0.1604  loss_rpn_cls: 0.09  loss_rpn_loc: 0.2768  time: 4.2305  data_time: 0.0238  lr: 0.01  max_mem: 0M
[32m[11/15 14:15:39 d2.utils.events]: [0m eta: 10:13:17  iter: 2419  total_loss: 0.893  loss_cls: 0.1211  loss_box_reg: 0.2884  loss_mask: 0.1578  loss_rpn_cls: 0.0871  loss_rpn_loc: 0.2487  time: 4.2346  data_time: 0.0223  lr: 0.01  max_mem: 0M
[32m[11/15 14:17:09 d2.utils.events]: [0m eta: 10:10:32  iter: 2439  total_loss: 0.924  loss_cls: 0.1152  loss_box_reg: 0.2942  loss_mask: 0.1507  loss_rpn_cls: 0.07333  loss_rpn_loc: 0.2484  time: 4.2371  data_time: 0.0251  lr: 0.01  max_mem: 0M
[32m[11/15 14:18:37 d2.utils.events]: [0m eta: 10:06:22  iter: 2459  total_loss: 0.8866  loss_cls: 0.1095  loss_box_reg: 0.2899  loss_mask: 0.1546  loss_rpn_cls: 0.08192  loss_rpn_loc: 0.2591  time: 4.2384  data_time: 0.0180  lr: 0.01  max_mem: 0M
[32m[11/15 14:20:20 d2.utils.events]: [0m eta: 10:06:46  iter: 2479  total_loss: 0.9261  loss_cls: 0.1217  loss_box_reg: 0.3002  loss_mask: 0.1555  loss_rpn_cls: 0.07819  loss_rpn_loc: 0.232  time: 4.2456  data_time: 0.0309  lr: 0.01  max_mem: 0M
[32m[11/15 14:22:02 d2.utils.events]: [0m eta: 10:08:48  iter: 2499  total_loss: 0.8787  loss_cls: 0.1104  loss_box_reg: 0.2885  loss_mask: 0.1473  loss_rpn_cls: 0.06319  loss_rpn_loc: 0.2535  time: 4.2525  data_time: 0.0197  lr: 0.01  max_mem: 0M
[32m[11/15 14:23:47 d2.utils.events]: [0m eta: 10:12:09  iter: 2519  total_loss: 0.9071  loss_cls: 0.1054  loss_box_reg: 0.295  loss_mask: 0.1565  loss_rpn_cls: 0.05605  loss_rpn_loc: 0.2585  time: 4.2602  data_time: 0.0224  lr: 0.01  max_mem: 0M
[32m[11/15 14:25:27 d2.utils.events]: [0m eta: 10:12:10  iter: 2539  total_loss: 0.9079  loss_cls: 0.119  loss_box_reg: 0.3098  loss_mask: 0.1528  loss_rpn_cls: 0.07004  loss_rpn_loc: 0.2654  time: 4.2662  data_time: 0.0223  lr: 0.01  max_mem: 0M
[32m[11/15 14:27:18 d2.utils.events]: [0m eta: 10:13:30  iter: 2559  total_loss: 0.9216  loss_cls: 0.1226  loss_box_reg: 0.3007  loss_mask: 0.1616  loss_rpn_cls: 0.07681  loss_rpn_loc: 0.2428  time: 4.2760  data_time: 0.0218  lr: 0.01  max_mem: 0M
[32m[11/15 14:29:12 d2.utils.events]: [0m eta: 10:13:52  iter: 2579  total_loss: 0.9015  loss_cls: 0.1057  loss_box_reg: 0.2787  loss_mask: 0.1503  loss_rpn_cls: 0.06936  loss_rpn_loc: 0.2618  time: 4.2872  data_time: 0.0318  lr: 0.01  max_mem: 0M
[32m[11/15 14:30:46 d2.utils.events]: [0m eta: 10:13:10  iter: 2599  total_loss: 0.8414  loss_cls: 0.1156  loss_box_reg: 0.2914  loss_mask: 0.1473  loss_rpn_cls: 0.06116  loss_rpn_loc: 0.2389  time: 4.2901  data_time: 0.0300  lr: 0.01  max_mem: 0M
[32m[11/15 14:32:22 d2.utils.events]: [0m eta: 10:10:03  iter: 2619  total_loss: 0.8607  loss_cls: 0.126  loss_box_reg: 0.2885  loss_mask: 0.1424  loss_rpn_cls: 0.06164  loss_rpn_loc: 0.2443  time: 4.2939  data_time: 0.0212  lr: 0.01  max_mem: 0M
[32m[11/15 14:33:58 d2.utils.events]: [0m eta: 10:05:31  iter: 2639  total_loss: 0.8926  loss_cls: 0.112  loss_box_reg: 0.2814  loss_mask: 0.1447  loss_rpn_cls: 0.07488  loss_rpn_loc: 0.2597  time: 4.2978  data_time: 0.0220  lr: 0.01  max_mem: 0M
[32m[11/15 14:35:38 d2.utils.events]: [0m eta: 10:00:42  iter: 2659  total_loss: 0.8763  loss_cls: 0.1295  loss_box_reg: 0.2973  loss_mask: 0.1541  loss_rpn_cls: 0.06455  loss_rpn_loc: 0.2352  time: 4.3029  data_time: 0.0249  lr: 0.01  max_mem: 0M
[32m[11/15 14:37:30 d2.utils.events]: [0m eta: 9:57:01  iter: 2679  total_loss: 0.8617  loss_cls: 0.1228  loss_box_reg: 0.2697  loss_mask: 0.1519  loss_rpn_cls: 0.0557  loss_rpn_loc: 0.2405  time: 4.3126  data_time: 0.0274  lr: 0.01  max_mem: 0M
[32m[11/15 14:39:03 d2.utils.events]: [0m eta: 9:53:02  iter: 2699  total_loss: 0.8891  loss_cls: 0.1168  loss_box_reg: 0.2785  loss_mask: 0.1429  loss_rpn_cls: 0.06215  loss_rpn_loc: 0.2294  time: 4.3151  data_time: 0.0236  lr: 0.01  max_mem: 0M
[32m[11/15 14:40:43 d2.utils.events]: [0m eta: 9:51:09  iter: 2719  total_loss: 0.813  loss_cls: 0.1079  loss_box_reg: 0.277  loss_mask: 0.1468  loss_rpn_cls: 0.05664  loss_rpn_loc: 0.2326  time: 4.3200  data_time: 0.0272  lr: 0.01  max_mem: 0M
[32m[11/15 14:42:36 d2.utils.events]: [0m eta: 9:48:56  iter: 2739  total_loss: 0.8649  loss_cls: 0.09289  loss_box_reg: 0.2778  loss_mask: 0.1443  loss_rpn_cls: 0.05652  loss_rpn_loc: 0.2398  time: 4.3298  data_time: 0.0238  lr: 0.01  max_mem: 0M
[32m[11/15 14:44:24 d2.utils.events]: [0m eta: 9:46:28  iter: 2759  total_loss: 0.8266  loss_cls: 0.1127  loss_box_reg: 0.2874  loss_mask: 0.1437  loss_rpn_cls: 0.0516  loss_rpn_loc: 0.2382  time: 4.3377  data_time: 0.0228  lr: 0.01  max_mem: 0M
[32m[11/15 14:46:28 d2.utils.events]: [0m eta: 9:46:32  iter: 2779  total_loss: 0.8597  loss_cls: 0.1221  loss_box_reg: 0.2913  loss_mask: 0.1456  loss_rpn_cls: 0.0638  loss_rpn_loc: 0.2532  time: 4.3508  data_time: 0.0284  lr: 0.01  max_mem: 0M
[32m[11/15 14:48:24 d2.utils.events]: [0m eta: 9:46:55  iter: 2799  total_loss: 0.8753  loss_cls: 0.1087  loss_box_reg: 0.292  loss_mask: 0.1565  loss_rpn_cls: 0.05588  loss_rpn_loc: 0.257  time: 4.3612  data_time: 0.0309  lr: 0.01  max_mem: 0M
[32m[11/15 14:50:14 d2.utils.events]: [0m eta: 9:46:09  iter: 2819  total_loss: 0.8627  loss_cls: 0.1186  loss_box_reg: 0.2856  loss_mask: 0.1508  loss_rpn_cls: 0.05144  loss_rpn_loc: 0.2251  time: 4.3693  data_time: 0.0185  lr: 0.01  max_mem: 0M
[32m[11/15 14:51:53 d2.utils.events]: [0m eta: 9:47:00  iter: 2839  total_loss: 0.8606  loss_cls: 0.1147  loss_box_reg: 0.2751  loss_mask: 0.1411  loss_rpn_cls: 0.08199  loss_rpn_loc: 0.2268  time: 4.3734  data_time: 0.0254  lr: 0.01  max_mem: 0M
[32m[11/15 14:53:34 d2.utils.events]: [0m eta: 9:46:15  iter: 2859  total_loss: 0.8268  loss_cls: 0.1167  loss_box_reg: 0.2754  loss_mask: 0.1395  loss_rpn_cls: 0.06654  loss_rpn_loc: 0.2296  time: 4.3779  data_time: 0.0300  lr: 0.01  max_mem: 0M
[32m[11/15 14:55:14 d2.utils.events]: [0m eta: 9:46:50  iter: 2879  total_loss: 0.8601  loss_cls: 0.1088  loss_box_reg: 0.2926  loss_mask: 0.1444  loss_rpn_cls: 0.05934  loss_rpn_loc: 0.262  time: 4.3821  data_time: 0.0302  lr: 0.01  max_mem: 0M
[32m[11/15 14:56:54 d2.utils.events]: [0m eta: 9:46:31  iter: 2899  total_loss: 0.8811  loss_cls: 0.1063  loss_box_reg: 0.2727  loss_mask: 0.1473  loss_rpn_cls: 0.05303  loss_rpn_loc: 0.2623  time: 4.3864  data_time: 0.0212  lr: 0.01  max_mem: 0M
[32m[11/15 14:58:26 d2.utils.events]: [0m eta: 9:43:09  iter: 2919  total_loss: 0.8061  loss_cls: 0.1086  loss_box_reg: 0.2813  loss_mask: 0.1402  loss_rpn_cls: 0.06458  loss_rpn_loc: 0.2152  time: 4.3879  data_time: 0.0277  lr: 0.01  max_mem: 0M
[32m[11/15 15:00:22 d2.utils.events]: [0m eta: 9:45:12  iter: 2939  total_loss: 0.8159  loss_cls: 0.1075  loss_box_reg: 0.2808  loss_mask: 0.1361  loss_rpn_cls: 0.04873  loss_rpn_loc: 0.2346  time: 4.3976  data_time: 0.0299  lr: 0.01  max_mem: 0M
[32m[11/15 15:02:17 d2.utils.events]: [0m eta: 9:45:17  iter: 2959  total_loss: 0.8462  loss_cls: 0.1102  loss_box_reg: 0.2851  loss_mask: 0.1386  loss_rpn_cls: 0.05237  loss_rpn_loc: 0.2407  time: 4.4065  data_time: 0.0222  lr: 0.01  max_mem: 0M
[32m[11/15 15:04:02 d2.utils.events]: [0m eta: 9:43:29  iter: 2979  total_loss: 0.8508  loss_cls: 0.1201  loss_box_reg: 0.2771  loss_mask: 0.1482  loss_rpn_cls: 0.06794  loss_rpn_loc: 0.2092  time: 4.4122  data_time: 0.0121  lr: 0.01  max_mem: 0M
[32m[11/15 15:06:17 d2.utils.events]: [0m eta: 9:41:45  iter: 2999  total_loss: 0.8352  loss_cls: 0.1006  loss_box_reg: 0.2878  loss_mask: 0.1443  loss_rpn_cls: 0.07418  loss_rpn_loc: 0.2215  time: 4.4277  data_time: 0.0247  lr: 0.01  max_mem: 0M
[32m[11/15 15:08:11 d2.utils.events]: [0m eta: 9:40:26  iter: 3019  total_loss: 0.789  loss_cls: 0.093  loss_box_reg: 0.2667  loss_mask: 0.1357  loss_rpn_cls: 0.0599  loss_rpn_loc: 0.2164  time: 4.4361  data_time: 0.0257  lr: 0.01  max_mem: 0M
[32m[11/15 15:10:04 d2.utils.events]: [0m eta: 9:40:14  iter: 3039  total_loss: 0.7741  loss_cls: 0.09549  loss_box_reg: 0.2758  loss_mask: 0.1439  loss_rpn_cls: 0.04825  loss_rpn_loc: 0.2138  time: 4.4442  data_time: 0.0300  lr: 0.01  max_mem: 0M
[32m[11/15 15:11:40 d2.utils.events]: [0m eta: 9:36:20  iter: 3059  total_loss: 0.7634  loss_cls: 0.09975  loss_box_reg: 0.2653  loss_mask: 0.1327  loss_rpn_cls: 0.0486  loss_rpn_loc: 0.219  time: 4.4463  data_time: 0.0251  lr: 0.01  max_mem: 0M
[32m[11/15 15:13:16 d2.utils.events]: [0m eta: 9:33:36  iter: 3079  total_loss: 0.817  loss_cls: 0.09883  loss_box_reg: 0.2699  loss_mask: 0.1361  loss_rpn_cls: 0.04117  loss_rpn_loc: 0.2352  time: 4.4486  data_time: 0.0248  lr: 0.01  max_mem: 0M
[32m[11/15 15:14:43 d2.utils.events]: [0m eta: 9:28:24  iter: 3099  total_loss: 0.8138  loss_cls: 0.1067  loss_box_reg: 0.2725  loss_mask: 0.1305  loss_rpn_cls: 0.06857  loss_rpn_loc: 0.2232  time: 4.4481  data_time: 0.0215  lr: 0.01  max_mem: 0M
[32m[11/15 15:16:19 d2.utils.events]: [0m eta: 9:26:45  iter: 3119  total_loss: 0.7839  loss_cls: 0.1063  loss_box_reg: 0.2717  loss_mask: 0.1332  loss_rpn_cls: 0.04399  loss_rpn_loc: 0.2194  time: 4.4504  data_time: 0.0257  lr: 0.01  max_mem: 0M
[32m[11/15 15:17:54 d2.utils.events]: [0m eta: 9:23:25  iter: 3139  total_loss: 0.7506  loss_cls: 0.1006  loss_box_reg: 0.2566  loss_mask: 0.1324  loss_rpn_cls: 0.05203  loss_rpn_loc: 0.2087  time: 4.4522  data_time: 0.0217  lr: 0.01  max_mem: 0M
[32m[11/15 15:19:42 d2.utils.events]: [0m eta: 9:21:37  iter: 3159  total_loss: 0.771  loss_cls: 0.1031  loss_box_reg: 0.277  loss_mask: 0.1369  loss_rpn_cls: 0.05872  loss_rpn_loc: 0.2196  time: 4.4581  data_time: 0.0271  lr: 0.01  max_mem: 0M
[32m[11/15 15:21:45 d2.utils.events]: [0m eta: 9:20:43  iter: 3179  total_loss: 0.7596  loss_cls: 0.1018  loss_box_reg: 0.2807  loss_mask: 0.1314  loss_rpn_cls: 0.05711  loss_rpn_loc: 0.2041  time: 4.4686  data_time: 0.0410  lr: 0.01  max_mem: 0M
