Registered Datasets: ['satellite_Train', 'satellite_Val']
ddict info:
	path: ../../../../../../../ocean/projects/dmr200021p/sprice/tuning/images/S03_02_SE1_1250X35.png
	num_instances: 128
ddict info:
	path: ../../../../../../../ocean/projects/dmr200021p/sprice/tuning/images/S02_02_SE1_300X18.png
	num_instances: 118
ddict info:
	path: ../../../../../../../ocean/projects/dmr200021p/sprice/tuning/images/HP743_3S_500x.png
	num_instances: 37
ddict info:
	path: ../../../../../../../ocean/projects/dmr200021p/sprice/tuning/images/S08_03_SE1_1000X03.png
	num_instances: 88
ddict info:
	path: ../../../../../../../ocean/projects/dmr200021p/sprice/tuning/images/S06_01_SE1_500X67.png
	num_instances: 54
ddict info:
	path: ../../../../../../../ocean/projects/dmr200021p/sprice/tuning/images/S04_02_SE1_1000X50.png
	num_instances: 45
ddict info:
	path: ../../../../../../../ocean/projects/dmr200021p/sprice/tuning/images/S03_03_SE1_1250X41.png
	num_instances: 111
ddict info:
	path: ../../../../../../../ocean/projects/dmr200021p/sprice/tuning/images/S02_01_SE1_300X14.png
	num_instances: 98
ddict info:
	path: ../../../../../../../ocean/projects/dmr200021p/sprice/tuning/images/HP743_2S_250x.png
	num_instances: 49
Weights not found, weights will be downloaded from source: https://dl.fbaipublicfiles.com/detectron2/COCO-InstanceSegmentation/mask_rcnn_R_50_FPN_3x/137849600/model_final_f10217.pkl
[32m[09/14 22:55:44 d2.engine.defaults]: [0mModel:
GeneralizedRCNN(
  (backbone): FPN(
    (fpn_lateral2): Conv2d(256, 256, kernel_size=(1, 1), stride=(1, 1))
    (fpn_output2): Conv2d(256, 256, kernel_size=(3, 3), stride=(1, 1), padding=(1, 1))
    (fpn_lateral3): Conv2d(512, 256, kernel_size=(1, 1), stride=(1, 1))
    (fpn_output3): Conv2d(256, 256, kernel_size=(3, 3), stride=(1, 1), padding=(1, 1))
    (fpn_lateral4): Conv2d(1024, 256, kernel_size=(1, 1), stride=(1, 1))
    (fpn_output4): Conv2d(256, 256, kernel_size=(3, 3), stride=(1, 1), padding=(1, 1))
    (fpn_lateral5): Conv2d(2048, 256, kernel_size=(1, 1), stride=(1, 1))
    (fpn_output5): Conv2d(256, 256, kernel_size=(3, 3), stride=(1, 1), padding=(1, 1))
    (top_block): LastLevelMaxPool()
    (bottom_up): ResNet(
      (stem): BasicStem(
        (conv1): Conv2d(
          3, 64, kernel_size=(7, 7), stride=(2, 2), padding=(3, 3), bias=False
          (norm): FrozenBatchNorm2d(num_features=64, eps=1e-05)
        )
      )
      (res2): Sequential(
        (0): BottleneckBlock(
          (shortcut): Conv2d(
            64, 256, kernel_size=(1, 1), stride=(1, 1), bias=False
            (norm): FrozenBatchNorm2d(num_features=256, eps=1e-05)
          )
          (conv1): Conv2d(
            64, 64, kernel_size=(1, 1), stride=(1, 1), bias=False
            (norm): FrozenBatchNorm2d(num_features=64, eps=1e-05)
          )
          (conv2): Conv2d(
            64, 64, kernel_size=(3, 3), stride=(1, 1), padding=(1, 1), bias=False
            (norm): FrozenBatchNorm2d(num_features=64, eps=1e-05)
          )
          (conv3): Conv2d(
            64, 256, kernel_size=(1, 1), stride=(1, 1), bias=False
            (norm): FrozenBatchNorm2d(num_features=256, eps=1e-05)
          )
        )
        (1): BottleneckBlock(
          (conv1): Conv2d(
            256, 64, kernel_size=(1, 1), stride=(1, 1), bias=False
            (norm): FrozenBatchNorm2d(num_features=64, eps=1e-05)
          )
          (conv2): Conv2d(
            64, 64, kernel_size=(3, 3), stride=(1, 1), padding=(1, 1), bias=False
            (norm): FrozenBatchNorm2d(num_features=64, eps=1e-05)
          )
          (conv3): Conv2d(
            64, 256, kernel_size=(1, 1), stride=(1, 1), bias=False
            (norm): FrozenBatchNorm2d(num_features=256, eps=1e-05)
          )
        )
        (2): BottleneckBlock(
          (conv1): Conv2d(
            256, 64, kernel_size=(1, 1), stride=(1, 1), bias=False
            (norm): FrozenBatchNorm2d(num_features=64, eps=1e-05)
          )
          (conv2): Conv2d(
            64, 64, kernel_size=(3, 3), stride=(1, 1), padding=(1, 1), bias=False
            (norm): FrozenBatchNorm2d(num_features=64, eps=1e-05)
          )
          (conv3): Conv2d(
            64, 256, kernel_size=(1, 1), stride=(1, 1), bias=False
            (norm): FrozenBatchNorm2d(num_features=256, eps=1e-05)
          )
        )
      )
      (res3): Sequential(
        (0): BottleneckBlock(
          (shortcut): Conv2d(
            256, 512, kernel_size=(1, 1), stride=(2, 2), bias=False
            (norm): FrozenBatchNorm2d(num_features=512, eps=1e-05)
          )
          (conv1): Conv2d(
            256, 128, kernel_size=(1, 1), stride=(2, 2), bias=False
            (norm): FrozenBatchNorm2d(num_features=128, eps=1e-05)
          )
          (conv2): Conv2d(
            128, 128, kernel_size=(3, 3), stride=(1, 1), padding=(1, 1), bias=False
            (norm): FrozenBatchNorm2d(num_features=128, eps=1e-05)
          )
          (conv3): Conv2d(
            128, 512, kernel_size=(1, 1), stride=(1, 1), bias=False
            (norm): FrozenBatchNorm2d(num_features=512, eps=1e-05)
          )
        )
        (1): BottleneckBlock(
          (conv1): Conv2d(
            512, 128, kernel_size=(1, 1), stride=(1, 1), bias=False
            (norm): FrozenBatchNorm2d(num_features=128, eps=1e-05)
          )
          (conv2): Conv2d(
            128, 128, kernel_size=(3, 3), stride=(1, 1), padding=(1, 1), bias=False
            (norm): FrozenBatchNorm2d(num_features=128, eps=1e-05)
          )
          (conv3): Conv2d(
            128, 512, kernel_size=(1, 1), stride=(1, 1), bias=False
            (norm): FrozenBatchNorm2d(num_features=512, eps=1e-05)
          )
        )
        (2): BottleneckBlock(
          (conv1): Conv2d(
            512, 128, kernel_size=(1, 1), stride=(1, 1), bias=False
            (norm): FrozenBatchNorm2d(num_features=128, eps=1e-05)
          )
          (conv2): Conv2d(
            128, 128, kernel_size=(3, 3), stride=(1, 1), padding=(1, 1), bias=False
            (norm): FrozenBatchNorm2d(num_features=128, eps=1e-05)
          )
          (conv3): Conv2d(
            128, 512, kernel_size=(1, 1), stride=(1, 1), bias=False
            (norm): FrozenBatchNorm2d(num_features=512, eps=1e-05)
          )
        )
        (3): BottleneckBlock(
          (conv1): Conv2d(
            512, 128, kernel_size=(1, 1), stride=(1, 1), bias=False
            (norm): FrozenBatchNorm2d(num_features=128, eps=1e-05)
          )
          (conv2): Conv2d(
            128, 128, kernel_size=(3, 3), stride=(1, 1), padding=(1, 1), bias=False
            (norm): FrozenBatchNorm2d(num_features=128, eps=1e-05)
          )
          (conv3): Conv2d(
            128, 512, kernel_size=(1, 1), stride=(1, 1), bias=False
            (norm): FrozenBatchNorm2d(num_features=512, eps=1e-05)
          )
        )
      )
      (res4): Sequential(
        (0): BottleneckBlock(
          (shortcut): Conv2d(
            512, 1024, kernel_size=(1, 1), stride=(2, 2), bias=False
            (norm): FrozenBatchNorm2d(num_features=1024, eps=1e-05)
          )
          (conv1): Conv2d(
            512, 256, kernel_size=(1, 1), stride=(2, 2), bias=False
            (norm): FrozenBatchNorm2d(num_features=256, eps=1e-05)
          )
          (conv2): Conv2d(
            256, 256, kernel_size=(3, 3), stride=(1, 1), padding=(1, 1), bias=False
            (norm): FrozenBatchNorm2d(num_features=256, eps=1e-05)
          )
          (conv3): Conv2d(
            256, 1024, kernel_size=(1, 1), stride=(1, 1), bias=False
            (norm): FrozenBatchNorm2d(num_features=1024, eps=1e-05)
          )
        )
        (1): BottleneckBlock(
          (conv1): Conv2d(
            1024, 256, kernel_size=(1, 1), stride=(1, 1), bias=False
            (norm): FrozenBatchNorm2d(num_features=256, eps=1e-05)
          )
          (conv2): Conv2d(
            256, 256, kernel_size=(3, 3), stride=(1, 1), padding=(1, 1), bias=False
            (norm): FrozenBatchNorm2d(num_features=256, eps=1e-05)
          )
          (conv3): Conv2d(
            256, 1024, kernel_size=(1, 1), stride=(1, 1), bias=False
            (norm): FrozenBatchNorm2d(num_features=1024, eps=1e-05)
          )
        )
        (2): BottleneckBlock(
          (conv1): Conv2d(
            1024, 256, kernel_size=(1, 1), stride=(1, 1), bias=False
            (norm): FrozenBatchNorm2d(num_features=256, eps=1e-05)
          )
          (conv2): Conv2d(
            256, 256, kernel_size=(3, 3), stride=(1, 1), padding=(1, 1), bias=False
            (norm): FrozenBatchNorm2d(num_features=256, eps=1e-05)
          )
          (conv3): Conv2d(
            256, 1024, kernel_size=(1, 1), stride=(1, 1), bias=False
            (norm): FrozenBatchNorm2d(num_features=1024, eps=1e-05)
          )
        )
        (3): BottleneckBlock(
          (conv1): Conv2d(
            1024, 256, kernel_size=(1, 1), stride=(1, 1), bias=False
            (norm): FrozenBatchNorm2d(num_features=256, eps=1e-05)
          )
          (conv2): Conv2d(
            256, 256, kernel_size=(3, 3), stride=(1, 1), padding=(1, 1), bias=False
            (norm): FrozenBatchNorm2d(num_features=256, eps=1e-05)
          )
          (conv3): Conv2d(
            256, 1024, kernel_size=(1, 1), stride=(1, 1), bias=False
            (norm): FrozenBatchNorm2d(num_features=1024, eps=1e-05)
          )
        )
        (4): BottleneckBlock(
          (conv1): Conv2d(
            1024, 256, kernel_size=(1, 1), stride=(1, 1), bias=False
            (norm): FrozenBatchNorm2d(num_features=256, eps=1e-05)
          )
          (conv2): Conv2d(
            256, 256, kernel_size=(3, 3), stride=(1, 1), padding=(1, 1), bias=False
            (norm): FrozenBatchNorm2d(num_features=256, eps=1e-05)
          )
          (conv3): Conv2d(
            256, 1024, kernel_size=(1, 1), stride=(1, 1), bias=False
            (norm): FrozenBatchNorm2d(num_features=1024, eps=1e-05)
          )
        )
        (5): BottleneckBlock(
          (conv1): Conv2d(
            1024, 256, kernel_size=(1, 1), stride=(1, 1), bias=False
            (norm): FrozenBatchNorm2d(num_features=256, eps=1e-05)
          )
          (conv2): Conv2d(
            256, 256, kernel_size=(3, 3), stride=(1, 1), padding=(1, 1), bias=False
            (norm): FrozenBatchNorm2d(num_features=256, eps=1e-05)
          )
          (conv3): Conv2d(
            256, 1024, kernel_size=(1, 1), stride=(1, 1), bias=False
            (norm): FrozenBatchNorm2d(num_features=1024, eps=1e-05)
          )
        )
      )
      (res5): Sequential(
        (0): BottleneckBlock(
          (shortcut): Conv2d(
            1024, 2048, kernel_size=(1, 1), stride=(2, 2), bias=False
            (norm): FrozenBatchNorm2d(num_features=2048, eps=1e-05)
          )
          (conv1): Conv2d(
            1024, 512, kernel_size=(1, 1), stride=(2, 2), bias=False
            (norm): FrozenBatchNorm2d(num_features=512, eps=1e-05)
          )
          (conv2): Conv2d(
            512, 512, kernel_size=(3, 3), stride=(1, 1), padding=(1, 1), bias=False
            (norm): FrozenBatchNorm2d(num_features=512, eps=1e-05)
          )
          (conv3): Conv2d(
            512, 2048, kernel_size=(1, 1), stride=(1, 1), bias=False
            (norm): FrozenBatchNorm2d(num_features=2048, eps=1e-05)
          )
        )
        (1): BottleneckBlock(
          (conv1): Conv2d(
            2048, 512, kernel_size=(1, 1), stride=(1, 1), bias=False
            (norm): FrozenBatchNorm2d(num_features=512, eps=1e-05)
          )
          (conv2): Conv2d(
            512, 512, kernel_size=(3, 3), stride=(1, 1), padding=(1, 1), bias=False
            (norm): FrozenBatchNorm2d(num_features=512, eps=1e-05)
          )
          (conv3): Conv2d(
            512, 2048, kernel_size=(1, 1), stride=(1, 1), bias=False
            (norm): FrozenBatchNorm2d(num_features=2048, eps=1e-05)
          )
        )
        (2): BottleneckBlock(
          (conv1): Conv2d(
            2048, 512, kernel_size=(1, 1), stride=(1, 1), bias=False
            (norm): FrozenBatchNorm2d(num_features=512, eps=1e-05)
          )
          (conv2): Conv2d(
            512, 512, kernel_size=(3, 3), stride=(1, 1), padding=(1, 1), bias=False
            (norm): FrozenBatchNorm2d(num_features=512, eps=1e-05)
          )
          (conv3): Conv2d(
            512, 2048, kernel_size=(1, 1), stride=(1, 1), bias=False
            (norm): FrozenBatchNorm2d(num_features=2048, eps=1e-05)
          )
        )
      )
    )
  )
  (proposal_generator): RPN(
    (rpn_head): StandardRPNHead(
      (conv): Conv2d(256, 256, kernel_size=(3, 3), stride=(1, 1), padding=(1, 1))
      (objectness_logits): Conv2d(256, 3, kernel_size=(1, 1), stride=(1, 1))
      (anchor_deltas): Conv2d(256, 12, kernel_size=(1, 1), stride=(1, 1))
    )
    (anchor_generator): DefaultAnchorGenerator(
      (cell_anchors): BufferList()
    )
  )
  (roi_heads): StandardROIHeads(
    (box_pooler): ROIPooler(
      (level_poolers): ModuleList(
        (0): ROIAlign(output_size=(7, 7), spatial_scale=0.25, sampling_ratio=0, aligned=True)
        (1): ROIAlign(output_size=(7, 7), spatial_scale=0.125, sampling_ratio=0, aligned=True)
        (2): ROIAlign(output_size=(7, 7), spatial_scale=0.0625, sampling_ratio=0, aligned=True)
        (3): ROIAlign(output_size=(7, 7), spatial_scale=0.03125, sampling_ratio=0, aligned=True)
      )
    )
    (box_head): FastRCNNConvFCHead(
      (flatten): Flatten(start_dim=1, end_dim=-1)
      (fc1): Linear(in_features=12544, out_features=1024, bias=True)
      (fc_relu1): ReLU()
      (fc2): Linear(in_features=1024, out_features=1024, bias=True)
      (fc_relu2): ReLU()
    )
    (box_predictor): FastRCNNOutputLayers(
      (cls_score): Linear(in_features=1024, out_features=2, bias=True)
      (bbox_pred): Linear(in_features=1024, out_features=4, bias=True)
    )
    (mask_pooler): ROIPooler(
      (level_poolers): ModuleList(
        (0): ROIAlign(output_size=(14, 14), spatial_scale=0.25, sampling_ratio=0, aligned=True)
        (1): ROIAlign(output_size=(14, 14), spatial_scale=0.125, sampling_ratio=0, aligned=True)
        (2): ROIAlign(output_size=(14, 14), spatial_scale=0.0625, sampling_ratio=0, aligned=True)
        (3): ROIAlign(output_size=(14, 14), spatial_scale=0.03125, sampling_ratio=0, aligned=True)
      )
    )
    (mask_head): MaskRCNNConvUpsampleHead(
      (mask_fcn1): Conv2d(
        256, 256, kernel_size=(3, 3), stride=(1, 1), padding=(1, 1)
        (activation): ReLU()
      )
      (mask_fcn2): Conv2d(
        256, 256, kernel_size=(3, 3), stride=(1, 1), padding=(1, 1)
        (activation): ReLU()
      )
      (mask_fcn3): Conv2d(
        256, 256, kernel_size=(3, 3), stride=(1, 1), padding=(1, 1)
        (activation): ReLU()
      )
      (mask_fcn4): Conv2d(
        256, 256, kernel_size=(3, 3), stride=(1, 1), padding=(1, 1)
        (activation): ReLU()
      )
      (deconv): ConvTranspose2d(256, 256, kernel_size=(2, 2), stride=(2, 2))
      (deconv_relu): ReLU()
      (predictor): Conv2d(256, 1, kernel_size=(1, 1), stride=(1, 1))
    )
  )
)
[32m[09/14 22:55:45 d2.data.build]: [0mRemoved 0 images with no usable annotations. 20 images left.
[32m[09/14 22:55:45 d2.data.build]: [0mDistribution of instances among all 1 categories:
[36m|  category  | #instances   |
|:----------:|:-------------|
| satellite  | 1412         |
|            |              |[0m
[32m[09/14 22:55:45 d2.data.dataset_mapper]: [0m[DatasetMapper] Augmentations used in training: [ResizeShortestEdge(short_edge_length=(640, 672, 704, 736, 768, 800), max_size=1333, sample_style='choice'), RandomFlip()]
[32m[09/14 22:55:45 d2.data.build]: [0mUsing training sampler TrainingSampler
[32m[09/14 22:55:45 d2.data.common]: [0mSerializing 20 elements to byte tensors and concatenating them all ...
[32m[09/14 22:55:45 d2.data.common]: [0mSerialized dataset takes 0.46 MiB
[5m[31mWARNING[0m [32m[09/14 22:55:45 d2.solver.build]: [0mSOLVER.STEPS contains values larger than SOLVER.MAX_ITER. These values will be ignored.
[32m[09/14 22:55:45 d2.checkpoint.c2_model_loading]: [0mRenaming Caffe2 weights ......
[32m[09/14 22:55:45 d2.checkpoint.c2_model_loading]: [0mFollowing weights matched with submodule backbone.bottom_up:
| Names in Model    | Names in Checkpoint      | Shapes                                          |
|:------------------|:-------------------------|:------------------------------------------------|
| res2.0.conv1.*    | res2_0_branch2a_{bn_*,w} | (64,) (64,) (64,) (64,) (64,64,1,1)             |
| res2.0.conv2.*    | res2_0_branch2b_{bn_*,w} | (64,) (64,) (64,) (64,) (64,64,3,3)             |
| res2.0.conv3.*    | res2_0_branch2c_{bn_*,w} | (256,) (256,) (256,) (256,) (256,64,1,1)        |
| res2.0.shortcut.* | res2_0_branch1_{bn_*,w}  | (256,) (256,) (256,) (256,) (256,64,1,1)        |
| res2.1.conv1.*    | res2_1_branch2a_{bn_*,w} | (64,) (64,) (64,) (64,) (64,256,1,1)            |
| res2.1.conv2.*    | res2_1_branch2b_{bn_*,w} | (64,) (64,) (64,) (64,) (64,64,3,3)             |
| res2.1.conv3.*    | res2_1_branch2c_{bn_*,w} | (256,) (256,) (256,) (256,) (256,64,1,1)        |
| res2.2.conv1.*    | res2_2_branch2a_{bn_*,w} | (64,) (64,) (64,) (64,) (64,256,1,1)            |
| res2.2.conv2.*    | res2_2_branch2b_{bn_*,w} | (64,) (64,) (64,) (64,) (64,64,3,3)             |
| res2.2.conv3.*    | res2_2_branch2c_{bn_*,w} | (256,) (256,) (256,) (256,) (256,64,1,1)        |
| res3.0.conv1.*    | res3_0_branch2a_{bn_*,w} | (128,) (128,) (128,) (128,) (128,256,1,1)       |
| res3.0.conv2.*    | res3_0_branch2b_{bn_*,w} | (128,) (128,) (128,) (128,) (128,128,3,3)       |
| res3.0.conv3.*    | res3_0_branch2c_{bn_*,w} | (512,) (512,) (512,) (512,) (512,128,1,1)       |
| res3.0.shortcut.* | res3_0_branch1_{bn_*,w}  | (512,) (512,) (512,) (512,) (512,256,1,1)       |
| res3.1.conv1.*    | res3_1_branch2a_{bn_*,w} | (128,) (128,) (128,) (128,) (128,512,1,1)       |
| res3.1.conv2.*    | res3_1_branch2b_{bn_*,w} | (128,) (128,) (128,) (128,) (128,128,3,3)       |
| res3.1.conv3.*    | res3_1_branch2c_{bn_*,w} | (512,) (512,) (512,) (512,) (512,128,1,1)       |
| res3.2.conv1.*    | res3_2_branch2a_{bn_*,w} | (128,) (128,) (128,) (128,) (128,512,1,1)       |
| res3.2.conv2.*    | res3_2_branch2b_{bn_*,w} | (128,) (128,) (128,) (128,) (128,128,3,3)       |
| res3.2.conv3.*    | res3_2_branch2c_{bn_*,w} | (512,) (512,) (512,) (512,) (512,128,1,1)       |
| res3.3.conv1.*    | res3_3_branch2a_{bn_*,w} | (128,) (128,) (128,) (128,) (128,512,1,1)       |
| res3.3.conv2.*    | res3_3_branch2b_{bn_*,w} | (128,) (128,) (128,) (128,) (128,128,3,3)       |
| res3.3.conv3.*    | res3_3_branch2c_{bn_*,w} | (512,) (512,) (512,) (512,) (512,128,1,1)       |
| res4.0.conv1.*    | res4_0_branch2a_{bn_*,w} | (256,) (256,) (256,) (256,) (256,512,1,1)       |
| res4.0.conv2.*    | res4_0_branch2b_{bn_*,w} | (256,) (256,) (256,) (256,) (256,256,3,3)       |
| res4.0.conv3.*    | res4_0_branch2c_{bn_*,w} | (1024,) (1024,) (1024,) (1024,) (1024,256,1,1)  |
| res4.0.shortcut.* | res4_0_branch1_{bn_*,w}  | (1024,) (1024,) (1024,) (1024,) (1024,512,1,1)  |
| res4.1.conv1.*    | res4_1_branch2a_{bn_*,w} | (256,) (256,) (256,) (256,) (256,1024,1,1)      |
| res4.1.conv2.*    | res4_1_branch2b_{bn_*,w} | (256,) (256,) (256,) (256,) (256,256,3,3)       |
| res4.1.conv3.*    | res4_1_branch2c_{bn_*,w} | (1024,) (1024,) (1024,) (1024,) (1024,256,1,1)  |
| res4.2.conv1.*    | res4_2_branch2a_{bn_*,w} | (256,) (256,) (256,) (256,) (256,1024,1,1)      |
| res4.2.conv2.*    | res4_2_branch2b_{bn_*,w} | (256,) (256,) (256,) (256,) (256,256,3,3)       |
| res4.2.conv3.*    | res4_2_branch2c_{bn_*,w} | (1024,) (1024,) (1024,) (1024,) (1024,256,1,1)  |
| res4.3.conv1.*    | res4_3_branch2a_{bn_*,w} | (256,) (256,) (256,) (256,) (256,1024,1,1)      |
| res4.3.conv2.*    | res4_3_branch2b_{bn_*,w} | (256,) (256,) (256,) (256,) (256,256,3,3)       |
| res4.3.conv3.*    | res4_3_branch2c_{bn_*,w} | (1024,) (1024,) (1024,) (1024,) (1024,256,1,1)  |
| res4.4.conv1.*    | res4_4_branch2a_{bn_*,w} | (256,) (256,) (256,) (256,) (256,1024,1,1)      |
| res4.4.conv2.*    | res4_4_branch2b_{bn_*,w} | (256,) (256,) (256,) (256,) (256,256,3,3)       |
| res4.4.conv3.*    | res4_4_branch2c_{bn_*,w} | (1024,) (1024,) (1024,) (1024,) (1024,256,1,1)  |
| res4.5.conv1.*    | res4_5_branch2a_{bn_*,w} | (256,) (256,) (256,) (256,) (256,1024,1,1)      |
| res4.5.conv2.*    | res4_5_branch2b_{bn_*,w} | (256,) (256,) (256,) (256,) (256,256,3,3)       |
| res4.5.conv3.*    | res4_5_branch2c_{bn_*,w} | (1024,) (1024,) (1024,) (1024,) (1024,256,1,1)  |
| res5.0.conv1.*    | res5_0_branch2a_{bn_*,w} | (512,) (512,) (512,) (512,) (512,1024,1,1)      |
| res5.0.conv2.*    | res5_0_branch2b_{bn_*,w} | (512,) (512,) (512,) (512,) (512,512,3,3)       |
| res5.0.conv3.*    | res5_0_branch2c_{bn_*,w} | (2048,) (2048,) (2048,) (2048,) (2048,512,1,1)  |
| res5.0.shortcut.* | res5_0_branch1_{bn_*,w}  | (2048,) (2048,) (2048,) (2048,) (2048,1024,1,1) |
| res5.1.conv1.*    | res5_1_branch2a_{bn_*,w} | (512,) (512,) (512,) (512,) (512,2048,1,1)      |
| res5.1.conv2.*    | res5_1_branch2b_{bn_*,w} | (512,) (512,) (512,) (512,) (512,512,3,3)       |
| res5.1.conv3.*    | res5_1_branch2c_{bn_*,w} | (2048,) (2048,) (2048,) (2048,) (2048,512,1,1)  |
| res5.2.conv1.*    | res5_2_branch2a_{bn_*,w} | (512,) (512,) (512,) (512,) (512,2048,1,1)      |
| res5.2.conv2.*    | res5_2_branch2b_{bn_*,w} | (512,) (512,) (512,) (512,) (512,512,3,3)       |
| res5.2.conv3.*    | res5_2_branch2c_{bn_*,w} | (2048,) (2048,) (2048,) (2048,) (2048,512,1,1)  |
| stem.conv1.norm.* | res_conv1_bn_*           | (64,) (64,) (64,) (64,)                         |
| stem.conv1.weight | conv1_w                  | (64, 3, 7, 7)                                   |
[32m[09/14 22:55:45 d2.engine.train_loop]: [0mStarting training from iteration 0
/jet/home/sprice/.local/lib/python3.8/site-packages/torch/utils/data/dataloader.py:474: UserWarning: This DataLoader will create 4 worker processes in total. Our suggested max number of worker in current system is 1, which is smaller than what this DataLoader is going to create. Please be aware that excessive worker creation might get DataLoader running slow or even freeze, lower the worker number to avoid potential slowness/freeze if necessary.
  warnings.warn(_create_warning_msg(
[32m[09/14 22:55:50 d2.utils.events]: [0m eta: 0:34:30  iter: 19  total_loss: 2.682  loss_cls: 0.3857  loss_box_reg: 0.07584  loss_mask: 0.6126  loss_rpn_cls: 0.6184  loss_rpn_loc: 1.013  time: 0.1470  data_time: 0.1174  lr: 0.0019981  max_mem: 1604M
[32m[09/14 22:55:54 d2.utils.events]: [0m eta: 0:35:50  iter: 39  total_loss: 2.204  loss_cls: 0.2575  loss_box_reg: 0.1554  loss_mask: 0.5501  loss_rpn_cls: 0.557  loss_rpn_loc: 0.6135  time: 0.1557  data_time: 0.0213  lr: 0.0039961  max_mem: 1796M
[32m[09/14 22:55:57 d2.utils.events]: [0m eta: 0:36:25  iter: 59  total_loss: 2.169  loss_cls: 0.3181  loss_box_reg: 0.3914  loss_mask: 0.4888  loss_rpn_cls: 0.4034  loss_rpn_loc: 0.5384  time: 0.1525  data_time: 0.0159  lr: 0.0059941  max_mem: 1796M
[32m[09/14 22:56:00 d2.utils.events]: [0m eta: 0:36:22  iter: 79  total_loss: 1.946  loss_cls: 0.2972  loss_box_reg: 0.3074  loss_mask: 0.4277  loss_rpn_cls: 0.3701  loss_rpn_loc: 0.5448  time: 0.1505  data_time: 0.0158  lr: 0.0079921  max_mem: 1796M
[32m[09/14 22:56:03 d2.utils.events]: [0m eta: 0:36:19  iter: 99  total_loss: 1.766  loss_cls: 0.1939  loss_box_reg: 0.2168  loss_mask: 0.3579  loss_rpn_cls: 0.3642  loss_rpn_loc: 0.5786  time: 0.1496  data_time: 0.0166  lr: 0.0099901  max_mem: 1796M
[32m[09/14 22:56:05 d2.utils.events]: [0m eta: 0:36:16  iter: 119  total_loss: 1.801  loss_cls: 0.2419  loss_box_reg: 0.2638  loss_mask: 0.3473  loss_rpn_cls: 0.3345  loss_rpn_loc: 0.5873  time: 0.1487  data_time: 0.0153  lr: 0.011988  max_mem: 1796M
[32m[09/14 22:56:08 d2.utils.events]: [0m eta: 0:36:02  iter: 139  total_loss: 1.724  loss_cls: 0.224  loss_box_reg: 0.3089  loss_mask: 0.3346  loss_rpn_cls: 0.285  loss_rpn_loc: 0.5702  time: 0.1479  data_time: 0.0163  lr: 0.013986  max_mem: 1796M
[32m[09/14 22:56:11 d2.utils.events]: [0m eta: 0:36:06  iter: 159  total_loss: 1.658  loss_cls: 0.2179  loss_box_reg: 0.293  loss_mask: 0.3084  loss_rpn_cls: 0.2651  loss_rpn_loc: 0.5718  time: 0.1478  data_time: 0.0161  lr: 0.015984  max_mem: 1796M
[32m[09/14 22:56:14 d2.utils.events]: [0m eta: 0:36:03  iter: 179  total_loss: 1.703  loss_cls: 0.2263  loss_box_reg: 0.3265  loss_mask: 0.3038  loss_rpn_cls: 0.2559  loss_rpn_loc: 0.5203  time: 0.1473  data_time: 0.0154  lr: 0.017982  max_mem: 1796M
[32m[09/14 22:56:17 d2.utils.events]: [0m eta: 0:35:54  iter: 199  total_loss: 1.637  loss_cls: 0.2187  loss_box_reg: 0.2971  loss_mask: 0.3132  loss_rpn_cls: 0.2613  loss_rpn_loc: 0.547  time: 0.1473  data_time: 0.0158  lr: 0.01998  max_mem: 1796M
[32m[09/14 22:56:20 d2.utils.events]: [0m eta: 0:35:57  iter: 219  total_loss: 1.64  loss_cls: 0.2076  loss_box_reg: 0.266  loss_mask: 0.31  loss_rpn_cls: 0.2691  loss_rpn_loc: 0.5404  time: 0.1474  data_time: 0.0163  lr: 0.021978  max_mem: 1821M
[32m[09/14 22:56:23 d2.utils.events]: [0m eta: 0:35:43  iter: 239  total_loss: 1.608  loss_cls: 0.1767  loss_box_reg: 0.3041  loss_mask: 0.2958  loss_rpn_cls: 0.2535  loss_rpn_loc: 0.577  time: 0.1469  data_time: 0.0156  lr: 0.023976  max_mem: 1821M
[32m[09/14 22:56:26 d2.utils.events]: [0m eta: 0:35:36  iter: 259  total_loss: 1.513  loss_cls: 0.1682  loss_box_reg: 0.1884  loss_mask: 0.3125  loss_rpn_cls: 0.2832  loss_rpn_loc: 0.545  time: 0.1466  data_time: 0.0153  lr: 0.025974  max_mem: 1821M
[32m[09/14 22:56:29 d2.utils.events]: [0m eta: 0:35:36  iter: 279  total_loss: 1.721  loss_cls: 0.2367  loss_box_reg: 0.2818  loss_mask: 0.3044  loss_rpn_cls: 0.3202  loss_rpn_loc: 0.5705  time: 0.1467  data_time: 0.0169  lr: 0.027972  max_mem: 1821M
[32m[09/14 22:56:32 d2.utils.events]: [0m eta: 0:35:32  iter: 299  total_loss: 1.589  loss_cls: 0.1844  loss_box_reg: 0.2539  loss_mask: 0.2849  loss_rpn_cls: 0.3096  loss_rpn_loc: 0.5817  time: 0.1465  data_time: 0.0154  lr: 0.02997  max_mem: 1821M
[32m[09/14 22:56:35 d2.utils.events]: [0m eta: 0:35:31  iter: 319  total_loss: 1.57  loss_cls: 0.163  loss_box_reg: 0.2337  loss_mask: 0.2851  loss_rpn_cls: 0.2901  loss_rpn_loc: 0.5768  time: 0.1464  data_time: 0.0165  lr: 0.031968  max_mem: 1821M
[32m[09/14 22:56:38 d2.utils.events]: [0m eta: 0:35:30  iter: 339  total_loss: 1.632  loss_cls: 0.184  loss_box_reg: 0.1649  loss_mask: 0.3012  loss_rpn_cls: 0.3277  loss_rpn_loc: 0.6204  time: 0.1463  data_time: 0.0159  lr: 0.033966  max_mem: 1821M
[32m[09/14 22:56:40 d2.utils.events]: [0m eta: 0:35:22  iter: 359  total_loss: 1.913  loss_cls: 0.2206  loss_box_reg: 0.1109  loss_mask: 0.3381  loss_rpn_cls: 0.4918  loss_rpn_loc: 0.7704  time: 0.1459  data_time: 0.0158  lr: 0.035964  max_mem: 1821M
[4m[5m[31mERROR[0m [32m[09/14 22:56:41 d2.engine.train_loop]: [0mException during training:
Traceback (most recent call last):
  File "/jet/home/sprice/.local/lib/python3.8/site-packages/detectron2/engine/train_loop.py", line 138, in train
    self.run_step()
  File "/jet/home/sprice/.local/lib/python3.8/site-packages/detectron2/engine/defaults.py", line 441, in run_step
    self._trainer.run_step()
  File "/jet/home/sprice/.local/lib/python3.8/site-packages/detectron2/engine/train_loop.py", line 242, in run_step
    self._write_metrics(loss_dict, data_time)
  File "/jet/home/sprice/.local/lib/python3.8/site-packages/detectron2/engine/train_loop.py", line 284, in _write_metrics
    raise FloatingPointError(
FloatingPointError: Loss became infinite or NaN at iteration=363!
loss_dict = {'loss_cls': nan, 'loss_box_reg': nan, 'loss_mask': nan, 'loss_rpn_cls': 0.6257541179656982, 'loss_rpn_loc': 0.7048690319061279}
[32m[09/14 22:56:41 d2.engine.hooks]: [0mOverall training speed: 361 iterations in 0:00:52 (0.1461 s / it)
[32m[09/14 22:56:41 d2.engine.hooks]: [0mTotal training time: 0:00:53 (0:00:00 on hooks)
[32m[09/14 22:56:41 d2.utils.events]: [0m eta: 0:35:21  iter: 363  total_loss: 2.104  loss_cls: 0.2431  loss_box_reg: 0.1576  loss_mask: 0.3469  loss_rpn_cls: 0.4953  loss_rpn_loc: 0.796  time: 0.1458  data_time: 0.0160  lr: 0.036264  max_mem: 1821M
Traceback (most recent call last):
  File "train_powder_LR-0_1.py", line 125, in <module>
    trainer.train()  # train the model!
  File "/jet/home/sprice/.local/lib/python3.8/site-packages/detectron2/engine/defaults.py", line 431, in train
    super().train(self.start_iter, self.max_iter)
  File "/jet/home/sprice/.local/lib/python3.8/site-packages/detectron2/engine/train_loop.py", line 138, in train
    self.run_step()
  File "/jet/home/sprice/.local/lib/python3.8/site-packages/detectron2/engine/defaults.py", line 441, in run_step
    self._trainer.run_step()
  File "/jet/home/sprice/.local/lib/python3.8/site-packages/detectron2/engine/train_loop.py", line 242, in run_step
    self._write_metrics(loss_dict, data_time)
  File "/jet/home/sprice/.local/lib/python3.8/site-packages/detectron2/engine/train_loop.py", line 284, in _write_metrics
    raise FloatingPointError(
FloatingPointError: Loss became infinite or NaN at iteration=363!
loss_dict = {'loss_cls': nan, 'loss_box_reg': nan, 'loss_mask': nan, 'loss_rpn_cls': 0.6257541179656982, 'loss_rpn_loc': 0.7048690319061279}
/var/spool/slurm/d/job3617702/slurm_script: line 9: ./gpua.out: No such file or directory
