Registered Datasets: ['satellite_Train', 'satellite_Val']
ddict info:
	path: ../../SALAS_Rep/../../../../../../../../ocean/projects/dmr200021p/sprice/initial_paper_complete_set/S06_02_SE1_500X71.png
	num_instances: 104
ddict info:
	path: ../../SALAS_Rep/../../../../../../../../ocean/projects/dmr200021p/sprice/initial_paper_complete_set/S06_03_SE1_500X75.png
	num_instances: 96
ddict info:
	path: ../../SALAS_Rep/../../../../../../../../ocean/projects/dmr200021p/sprice/initial_paper_complete_set/HP743_11S_250x.png
	num_instances: 39
ddict info:
	path: ../../SALAS_Rep/../../../../../../../../ocean/projects/dmr200021p/sprice/initial_paper_complete_set/S08_03_SE1_1000X03.png
	num_instances: 88
ddict info:
	path: ../../SALAS_Rep/../../../../../../../../ocean/projects/dmr200021p/sprice/initial_paper_complete_set/S06_01_SE1_500X67.png
	num_instances: 54
ddict info:
	path: ../../SALAS_Rep/../../../../../../../../ocean/projects/dmr200021p/sprice/initial_paper_complete_set/S04_02_SE1_1000X50.png
	num_instances: 45
ddict info:
	path: ../../SALAS_Rep/../../../../../../../../ocean/projects/dmr200021p/sprice/initial_paper_complete_set/S03_03_SE1_1250X41.png
	num_instances: 111
ddict info:
	path: ../../SALAS_Rep/../../../../../../../../ocean/projects/dmr200021p/sprice/initial_paper_complete_set/S02_01_SE1_300X14.png
	num_instances: 98
ddict info:
	path: ../../SALAS_Rep/../../../../../../../../ocean/projects/dmr200021p/sprice/initial_paper_complete_set/HP743_2S_250x.png
	num_instances: 49
Weights not found, weights will be downloaded from source: https://dl.fbaipublicfiles.com/detectron2/COCO-InstanceSegmentation/mask_rcnn_R_50_FPN_3x/137849600/model_final_f10217.pkl
[32m[10/27 12:43:46 d2.engine.defaults]: [0mModel:
GeneralizedRCNN(
  (backbone): FPN(
    (fpn_lateral2): Conv2d(256, 256, kernel_size=(1, 1), stride=(1, 1))
    (fpn_output2): Conv2d(256, 256, kernel_size=(3, 3), stride=(1, 1), padding=(1, 1))
    (fpn_lateral3): Conv2d(512, 256, kernel_size=(1, 1), stride=(1, 1))
    (fpn_output3): Conv2d(256, 256, kernel_size=(3, 3), stride=(1, 1), padding=(1, 1))
    (fpn_lateral4): Conv2d(1024, 256, kernel_size=(1, 1), stride=(1, 1))
    (fpn_output4): Conv2d(256, 256, kernel_size=(3, 3), stride=(1, 1), padding=(1, 1))
    (fpn_lateral5): Conv2d(2048, 256, kernel_size=(1, 1), stride=(1, 1))
    (fpn_output5): Conv2d(256, 256, kernel_size=(3, 3), stride=(1, 1), padding=(1, 1))
    (top_block): LastLevelMaxPool()
    (bottom_up): ResNet(
      (stem): BasicStem(
        (conv1): Conv2d(
          3, 64, kernel_size=(7, 7), stride=(2, 2), padding=(3, 3), bias=False
          (norm): FrozenBatchNorm2d(num_features=64, eps=1e-05)
        )
      )
      (res2): Sequential(
        (0): BottleneckBlock(
          (shortcut): Conv2d(
            64, 256, kernel_size=(1, 1), stride=(1, 1), bias=False
            (norm): FrozenBatchNorm2d(num_features=256, eps=1e-05)
          )
          (conv1): Conv2d(
            64, 64, kernel_size=(1, 1), stride=(1, 1), bias=False
            (norm): FrozenBatchNorm2d(num_features=64, eps=1e-05)
          )
          (conv2): Conv2d(
            64, 64, kernel_size=(3, 3), stride=(1, 1), padding=(1, 1), bias=False
            (norm): FrozenBatchNorm2d(num_features=64, eps=1e-05)
          )
          (conv3): Conv2d(
            64, 256, kernel_size=(1, 1), stride=(1, 1), bias=False
            (norm): FrozenBatchNorm2d(num_features=256, eps=1e-05)
          )
        )
        (1): BottleneckBlock(
          (conv1): Conv2d(
            256, 64, kernel_size=(1, 1), stride=(1, 1), bias=False
            (norm): FrozenBatchNorm2d(num_features=64, eps=1e-05)
          )
          (conv2): Conv2d(
            64, 64, kernel_size=(3, 3), stride=(1, 1), padding=(1, 1), bias=False
            (norm): FrozenBatchNorm2d(num_features=64, eps=1e-05)
          )
          (conv3): Conv2d(
            64, 256, kernel_size=(1, 1), stride=(1, 1), bias=False
            (norm): FrozenBatchNorm2d(num_features=256, eps=1e-05)
          )
        )
        (2): BottleneckBlock(
          (conv1): Conv2d(
            256, 64, kernel_size=(1, 1), stride=(1, 1), bias=False
            (norm): FrozenBatchNorm2d(num_features=64, eps=1e-05)
          )
          (conv2): Conv2d(
            64, 64, kernel_size=(3, 3), stride=(1, 1), padding=(1, 1), bias=False
            (norm): FrozenBatchNorm2d(num_features=64, eps=1e-05)
          )
          (conv3): Conv2d(
            64, 256, kernel_size=(1, 1), stride=(1, 1), bias=False
            (norm): FrozenBatchNorm2d(num_features=256, eps=1e-05)
          )
        )
      )
      (res3): Sequential(
        (0): BottleneckBlock(
          (shortcut): Conv2d(
            256, 512, kernel_size=(1, 1), stride=(2, 2), bias=False
            (norm): FrozenBatchNorm2d(num_features=512, eps=1e-05)
          )
          (conv1): Conv2d(
            256, 128, kernel_size=(1, 1), stride=(2, 2), bias=False
            (norm): FrozenBatchNorm2d(num_features=128, eps=1e-05)
          )
          (conv2): Conv2d(
            128, 128, kernel_size=(3, 3), stride=(1, 1), padding=(1, 1), bias=False
            (norm): FrozenBatchNorm2d(num_features=128, eps=1e-05)
          )
          (conv3): Conv2d(
            128, 512, kernel_size=(1, 1), stride=(1, 1), bias=False
            (norm): FrozenBatchNorm2d(num_features=512, eps=1e-05)
          )
        )
        (1): BottleneckBlock(
          (conv1): Conv2d(
            512, 128, kernel_size=(1, 1), stride=(1, 1), bias=False
            (norm): FrozenBatchNorm2d(num_features=128, eps=1e-05)
          )
          (conv2): Conv2d(
            128, 128, kernel_size=(3, 3), stride=(1, 1), padding=(1, 1), bias=False
            (norm): FrozenBatchNorm2d(num_features=128, eps=1e-05)
          )
          (conv3): Conv2d(
            128, 512, kernel_size=(1, 1), stride=(1, 1), bias=False
            (norm): FrozenBatchNorm2d(num_features=512, eps=1e-05)
          )
        )
        (2): BottleneckBlock(
          (conv1): Conv2d(
            512, 128, kernel_size=(1, 1), stride=(1, 1), bias=False
            (norm): FrozenBatchNorm2d(num_features=128, eps=1e-05)
          )
          (conv2): Conv2d(
            128, 128, kernel_size=(3, 3), stride=(1, 1), padding=(1, 1), bias=False
            (norm): FrozenBatchNorm2d(num_features=128, eps=1e-05)
          )
          (conv3): Conv2d(
            128, 512, kernel_size=(1, 1), stride=(1, 1), bias=False
            (norm): FrozenBatchNorm2d(num_features=512, eps=1e-05)
          )
        )
        (3): BottleneckBlock(
          (conv1): Conv2d(
            512, 128, kernel_size=(1, 1), stride=(1, 1), bias=False
            (norm): FrozenBatchNorm2d(num_features=128, eps=1e-05)
          )
          (conv2): Conv2d(
            128, 128, kernel_size=(3, 3), stride=(1, 1), padding=(1, 1), bias=False
            (norm): FrozenBatchNorm2d(num_features=128, eps=1e-05)
          )
          (conv3): Conv2d(
            128, 512, kernel_size=(1, 1), stride=(1, 1), bias=False
            (norm): FrozenBatchNorm2d(num_features=512, eps=1e-05)
          )
        )
      )
      (res4): Sequential(
        (0): BottleneckBlock(
          (shortcut): Conv2d(
            512, 1024, kernel_size=(1, 1), stride=(2, 2), bias=False
            (norm): FrozenBatchNorm2d(num_features=1024, eps=1e-05)
          )
          (conv1): Conv2d(
            512, 256, kernel_size=(1, 1), stride=(2, 2), bias=False
            (norm): FrozenBatchNorm2d(num_features=256, eps=1e-05)
          )
          (conv2): Conv2d(
            256, 256, kernel_size=(3, 3), stride=(1, 1), padding=(1, 1), bias=False
            (norm): FrozenBatchNorm2d(num_features=256, eps=1e-05)
          )
          (conv3): Conv2d(
            256, 1024, kernel_size=(1, 1), stride=(1, 1), bias=False
            (norm): FrozenBatchNorm2d(num_features=1024, eps=1e-05)
          )
        )
        (1): BottleneckBlock(
          (conv1): Conv2d(
            1024, 256, kernel_size=(1, 1), stride=(1, 1), bias=False
            (norm): FrozenBatchNorm2d(num_features=256, eps=1e-05)
          )
          (conv2): Conv2d(
            256, 256, kernel_size=(3, 3), stride=(1, 1), padding=(1, 1), bias=False
            (norm): FrozenBatchNorm2d(num_features=256, eps=1e-05)
          )
          (conv3): Conv2d(
            256, 1024, kernel_size=(1, 1), stride=(1, 1), bias=False
            (norm): FrozenBatchNorm2d(num_features=1024, eps=1e-05)
          )
        )
        (2): BottleneckBlock(
          (conv1): Conv2d(
            1024, 256, kernel_size=(1, 1), stride=(1, 1), bias=False
            (norm): FrozenBatchNorm2d(num_features=256, eps=1e-05)
          )
          (conv2): Conv2d(
            256, 256, kernel_size=(3, 3), stride=(1, 1), padding=(1, 1), bias=False
            (norm): FrozenBatchNorm2d(num_features=256, eps=1e-05)
          )
          (conv3): Conv2d(
            256, 1024, kernel_size=(1, 1), stride=(1, 1), bias=False
            (norm): FrozenBatchNorm2d(num_features=1024, eps=1e-05)
          )
        )
        (3): BottleneckBlock(
          (conv1): Conv2d(
            1024, 256, kernel_size=(1, 1), stride=(1, 1), bias=False
            (norm): FrozenBatchNorm2d(num_features=256, eps=1e-05)
          )
          (conv2): Conv2d(
            256, 256, kernel_size=(3, 3), stride=(1, 1), padding=(1, 1), bias=False
            (norm): FrozenBatchNorm2d(num_features=256, eps=1e-05)
          )
          (conv3): Conv2d(
            256, 1024, kernel_size=(1, 1), stride=(1, 1), bias=False
            (norm): FrozenBatchNorm2d(num_features=1024, eps=1e-05)
          )
        )
        (4): BottleneckBlock(
          (conv1): Conv2d(
            1024, 256, kernel_size=(1, 1), stride=(1, 1), bias=False
            (norm): FrozenBatchNorm2d(num_features=256, eps=1e-05)
          )
          (conv2): Conv2d(
            256, 256, kernel_size=(3, 3), stride=(1, 1), padding=(1, 1), bias=False
            (norm): FrozenBatchNorm2d(num_features=256, eps=1e-05)
          )
          (conv3): Conv2d(
            256, 1024, kernel_size=(1, 1), stride=(1, 1), bias=False
            (norm): FrozenBatchNorm2d(num_features=1024, eps=1e-05)
          )
        )
        (5): BottleneckBlock(
          (conv1): Conv2d(
            1024, 256, kernel_size=(1, 1), stride=(1, 1), bias=False
            (norm): FrozenBatchNorm2d(num_features=256, eps=1e-05)
          )
          (conv2): Conv2d(
            256, 256, kernel_size=(3, 3), stride=(1, 1), padding=(1, 1), bias=False
            (norm): FrozenBatchNorm2d(num_features=256, eps=1e-05)
          )
          (conv3): Conv2d(
            256, 1024, kernel_size=(1, 1), stride=(1, 1), bias=False
            (norm): FrozenBatchNorm2d(num_features=1024, eps=1e-05)
          )
        )
      )
      (res5): Sequential(
        (0): BottleneckBlock(
          (shortcut): Conv2d(
            1024, 2048, kernel_size=(1, 1), stride=(2, 2), bias=False
            (norm): FrozenBatchNorm2d(num_features=2048, eps=1e-05)
          )
          (conv1): Conv2d(
            1024, 512, kernel_size=(1, 1), stride=(2, 2), bias=False
            (norm): FrozenBatchNorm2d(num_features=512, eps=1e-05)
          )
          (conv2): Conv2d(
            512, 512, kernel_size=(3, 3), stride=(1, 1), padding=(1, 1), bias=False
            (norm): FrozenBatchNorm2d(num_features=512, eps=1e-05)
          )
          (conv3): Conv2d(
            512, 2048, kernel_size=(1, 1), stride=(1, 1), bias=False
            (norm): FrozenBatchNorm2d(num_features=2048, eps=1e-05)
          )
        )
        (1): BottleneckBlock(
          (conv1): Conv2d(
            2048, 512, kernel_size=(1, 1), stride=(1, 1), bias=False
            (norm): FrozenBatchNorm2d(num_features=512, eps=1e-05)
          )
          (conv2): Conv2d(
            512, 512, kernel_size=(3, 3), stride=(1, 1), padding=(1, 1), bias=False
            (norm): FrozenBatchNorm2d(num_features=512, eps=1e-05)
          )
          (conv3): Conv2d(
            512, 2048, kernel_size=(1, 1), stride=(1, 1), bias=False
            (norm): FrozenBatchNorm2d(num_features=2048, eps=1e-05)
          )
        )
        (2): BottleneckBlock(
          (conv1): Conv2d(
            2048, 512, kernel_size=(1, 1), stride=(1, 1), bias=False
            (norm): FrozenBatchNorm2d(num_features=512, eps=1e-05)
          )
          (conv2): Conv2d(
            512, 512, kernel_size=(3, 3), stride=(1, 1), padding=(1, 1), bias=False
            (norm): FrozenBatchNorm2d(num_features=512, eps=1e-05)
          )
          (conv3): Conv2d(
            512, 2048, kernel_size=(1, 1), stride=(1, 1), bias=False
            (norm): FrozenBatchNorm2d(num_features=2048, eps=1e-05)
          )
        )
      )
    )
  )
  (proposal_generator): RPN(
    (rpn_head): StandardRPNHead(
      (conv): Conv2d(256, 256, kernel_size=(3, 3), stride=(1, 1), padding=(1, 1))
      (objectness_logits): Conv2d(256, 3, kernel_size=(1, 1), stride=(1, 1))
      (anchor_deltas): Conv2d(256, 12, kernel_size=(1, 1), stride=(1, 1))
    )
    (anchor_generator): DefaultAnchorGenerator(
      (cell_anchors): BufferList()
    )
  )
  (roi_heads): StandardROIHeads(
    (box_pooler): ROIPooler(
      (level_poolers): ModuleList(
        (0): ROIAlign(output_size=(7, 7), spatial_scale=0.25, sampling_ratio=0, aligned=True)
        (1): ROIAlign(output_size=(7, 7), spatial_scale=0.125, sampling_ratio=0, aligned=True)
        (2): ROIAlign(output_size=(7, 7), spatial_scale=0.0625, sampling_ratio=0, aligned=True)
        (3): ROIAlign(output_size=(7, 7), spatial_scale=0.03125, sampling_ratio=0, aligned=True)
      )
    )
    (box_head): FastRCNNConvFCHead(
      (flatten): Flatten(start_dim=1, end_dim=-1)
      (fc1): Linear(in_features=12544, out_features=1024, bias=True)
      (fc_relu1): ReLU()
      (fc2): Linear(in_features=1024, out_features=1024, bias=True)
      (fc_relu2): ReLU()
    )
    (box_predictor): FastRCNNOutputLayers(
      (cls_score): Linear(in_features=1024, out_features=2, bias=True)
      (bbox_pred): Linear(in_features=1024, out_features=4, bias=True)
    )
    (mask_pooler): ROIPooler(
      (level_poolers): ModuleList(
        (0): ROIAlign(output_size=(14, 14), spatial_scale=0.25, sampling_ratio=0, aligned=True)
        (1): ROIAlign(output_size=(14, 14), spatial_scale=0.125, sampling_ratio=0, aligned=True)
        (2): ROIAlign(output_size=(14, 14), spatial_scale=0.0625, sampling_ratio=0, aligned=True)
        (3): ROIAlign(output_size=(14, 14), spatial_scale=0.03125, sampling_ratio=0, aligned=True)
      )
    )
    (mask_head): MaskRCNNConvUpsampleHead(
      (mask_fcn1): Conv2d(
        256, 256, kernel_size=(3, 3), stride=(1, 1), padding=(1, 1)
        (activation): ReLU()
      )
      (mask_fcn2): Conv2d(
        256, 256, kernel_size=(3, 3), stride=(1, 1), padding=(1, 1)
        (activation): ReLU()
      )
      (mask_fcn3): Conv2d(
        256, 256, kernel_size=(3, 3), stride=(1, 1), padding=(1, 1)
        (activation): ReLU()
      )
      (mask_fcn4): Conv2d(
        256, 256, kernel_size=(3, 3), stride=(1, 1), padding=(1, 1)
        (activation): ReLU()
      )
      (deconv): ConvTranspose2d(256, 256, kernel_size=(2, 2), stride=(2, 2))
      (deconv_relu): ReLU()
      (predictor): Conv2d(256, 1, kernel_size=(1, 1), stride=(1, 1))
    )
  )
)
[32m[10/27 12:43:47 d2.data.build]: [0mRemoved 0 images with no usable annotations. 20 images left.
[32m[10/27 12:43:47 d2.data.build]: [0mDistribution of instances among all 1 categories:
[36m|  category  | #instances   |
|:----------:|:-------------|
| satellite  | 1412         |
|            |              |[0m
[32m[10/27 12:43:47 d2.data.dataset_mapper]: [0m[DatasetMapper] Augmentations used in training: [ResizeShortestEdge(short_edge_length=(640, 672, 704, 736, 768, 800), max_size=1333, sample_style='choice'), RandomFlip()]
[32m[10/27 12:43:47 d2.data.build]: [0mUsing training sampler TrainingSampler
[32m[10/27 12:43:47 d2.data.common]: [0mSerializing 20 elements to byte tensors and concatenating them all ...
[32m[10/27 12:43:47 d2.data.common]: [0mSerialized dataset takes 0.46 MiB
[5m[31mWARNING[0m [32m[10/27 12:43:47 d2.solver.build]: [0mSOLVER.STEPS contains values larger than SOLVER.MAX_ITER. These values will be ignored.
[32m[10/27 12:43:47 d2.checkpoint.c2_model_loading]: [0mRenaming Caffe2 weights ......
[32m[10/27 12:43:47 d2.checkpoint.c2_model_loading]: [0mFollowing weights matched with submodule backbone.bottom_up:
| Names in Model    | Names in Checkpoint      | Shapes                                          |
|:------------------|:-------------------------|:------------------------------------------------|
| res2.0.conv1.*    | res2_0_branch2a_{bn_*,w} | (64,) (64,) (64,) (64,) (64,64,1,1)             |
| res2.0.conv2.*    | res2_0_branch2b_{bn_*,w} | (64,) (64,) (64,) (64,) (64,64,3,3)             |
| res2.0.conv3.*    | res2_0_branch2c_{bn_*,w} | (256,) (256,) (256,) (256,) (256,64,1,1)        |
| res2.0.shortcut.* | res2_0_branch1_{bn_*,w}  | (256,) (256,) (256,) (256,) (256,64,1,1)        |
| res2.1.conv1.*    | res2_1_branch2a_{bn_*,w} | (64,) (64,) (64,) (64,) (64,256,1,1)            |
| res2.1.conv2.*    | res2_1_branch2b_{bn_*,w} | (64,) (64,) (64,) (64,) (64,64,3,3)             |
| res2.1.conv3.*    | res2_1_branch2c_{bn_*,w} | (256,) (256,) (256,) (256,) (256,64,1,1)        |
| res2.2.conv1.*    | res2_2_branch2a_{bn_*,w} | (64,) (64,) (64,) (64,) (64,256,1,1)            |
| res2.2.conv2.*    | res2_2_branch2b_{bn_*,w} | (64,) (64,) (64,) (64,) (64,64,3,3)             |
| res2.2.conv3.*    | res2_2_branch2c_{bn_*,w} | (256,) (256,) (256,) (256,) (256,64,1,1)        |
| res3.0.conv1.*    | res3_0_branch2a_{bn_*,w} | (128,) (128,) (128,) (128,) (128,256,1,1)       |
| res3.0.conv2.*    | res3_0_branch2b_{bn_*,w} | (128,) (128,) (128,) (128,) (128,128,3,3)       |
| res3.0.conv3.*    | res3_0_branch2c_{bn_*,w} | (512,) (512,) (512,) (512,) (512,128,1,1)       |
| res3.0.shortcut.* | res3_0_branch1_{bn_*,w}  | (512,) (512,) (512,) (512,) (512,256,1,1)       |
| res3.1.conv1.*    | res3_1_branch2a_{bn_*,w} | (128,) (128,) (128,) (128,) (128,512,1,1)       |
| res3.1.conv2.*    | res3_1_branch2b_{bn_*,w} | (128,) (128,) (128,) (128,) (128,128,3,3)       |
| res3.1.conv3.*    | res3_1_branch2c_{bn_*,w} | (512,) (512,) (512,) (512,) (512,128,1,1)       |
| res3.2.conv1.*    | res3_2_branch2a_{bn_*,w} | (128,) (128,) (128,) (128,) (128,512,1,1)       |
| res3.2.conv2.*    | res3_2_branch2b_{bn_*,w} | (128,) (128,) (128,) (128,) (128,128,3,3)       |
| res3.2.conv3.*    | res3_2_branch2c_{bn_*,w} | (512,) (512,) (512,) (512,) (512,128,1,1)       |
| res3.3.conv1.*    | res3_3_branch2a_{bn_*,w} | (128,) (128,) (128,) (128,) (128,512,1,1)       |
| res3.3.conv2.*    | res3_3_branch2b_{bn_*,w} | (128,) (128,) (128,) (128,) (128,128,3,3)       |
| res3.3.conv3.*    | res3_3_branch2c_{bn_*,w} | (512,) (512,) (512,) (512,) (512,128,1,1)       |
| res4.0.conv1.*    | res4_0_branch2a_{bn_*,w} | (256,) (256,) (256,) (256,) (256,512,1,1)       |
| res4.0.conv2.*    | res4_0_branch2b_{bn_*,w} | (256,) (256,) (256,) (256,) (256,256,3,3)       |
| res4.0.conv3.*    | res4_0_branch2c_{bn_*,w} | (1024,) (1024,) (1024,) (1024,) (1024,256,1,1)  |
| res4.0.shortcut.* | res4_0_branch1_{bn_*,w}  | (1024,) (1024,) (1024,) (1024,) (1024,512,1,1)  |
| res4.1.conv1.*    | res4_1_branch2a_{bn_*,w} | (256,) (256,) (256,) (256,) (256,1024,1,1)      |
| res4.1.conv2.*    | res4_1_branch2b_{bn_*,w} | (256,) (256,) (256,) (256,) (256,256,3,3)       |
| res4.1.conv3.*    | res4_1_branch2c_{bn_*,w} | (1024,) (1024,) (1024,) (1024,) (1024,256,1,1)  |
| res4.2.conv1.*    | res4_2_branch2a_{bn_*,w} | (256,) (256,) (256,) (256,) (256,1024,1,1)      |
| res4.2.conv2.*    | res4_2_branch2b_{bn_*,w} | (256,) (256,) (256,) (256,) (256,256,3,3)       |
| res4.2.conv3.*    | res4_2_branch2c_{bn_*,w} | (1024,) (1024,) (1024,) (1024,) (1024,256,1,1)  |
| res4.3.conv1.*    | res4_3_branch2a_{bn_*,w} | (256,) (256,) (256,) (256,) (256,1024,1,1)      |
| res4.3.conv2.*    | res4_3_branch2b_{bn_*,w} | (256,) (256,) (256,) (256,) (256,256,3,3)       |
| res4.3.conv3.*    | res4_3_branch2c_{bn_*,w} | (1024,) (1024,) (1024,) (1024,) (1024,256,1,1)  |
| res4.4.conv1.*    | res4_4_branch2a_{bn_*,w} | (256,) (256,) (256,) (256,) (256,1024,1,1)      |
| res4.4.conv2.*    | res4_4_branch2b_{bn_*,w} | (256,) (256,) (256,) (256,) (256,256,3,3)       |
| res4.4.conv3.*    | res4_4_branch2c_{bn_*,w} | (1024,) (1024,) (1024,) (1024,) (1024,256,1,1)  |
| res4.5.conv1.*    | res4_5_branch2a_{bn_*,w} | (256,) (256,) (256,) (256,) (256,1024,1,1)      |
| res4.5.conv2.*    | res4_5_branch2b_{bn_*,w} | (256,) (256,) (256,) (256,) (256,256,3,3)       |
| res4.5.conv3.*    | res4_5_branch2c_{bn_*,w} | (1024,) (1024,) (1024,) (1024,) (1024,256,1,1)  |
| res5.0.conv1.*    | res5_0_branch2a_{bn_*,w} | (512,) (512,) (512,) (512,) (512,1024,1,1)      |
| res5.0.conv2.*    | res5_0_branch2b_{bn_*,w} | (512,) (512,) (512,) (512,) (512,512,3,3)       |
| res5.0.conv3.*    | res5_0_branch2c_{bn_*,w} | (2048,) (2048,) (2048,) (2048,) (2048,512,1,1)  |
| res5.0.shortcut.* | res5_0_branch1_{bn_*,w}  | (2048,) (2048,) (2048,) (2048,) (2048,1024,1,1) |
| res5.1.conv1.*    | res5_1_branch2a_{bn_*,w} | (512,) (512,) (512,) (512,) (512,2048,1,1)      |
| res5.1.conv2.*    | res5_1_branch2b_{bn_*,w} | (512,) (512,) (512,) (512,) (512,512,3,3)       |
| res5.1.conv3.*    | res5_1_branch2c_{bn_*,w} | (2048,) (2048,) (2048,) (2048,) (2048,512,1,1)  |
| res5.2.conv1.*    | res5_2_branch2a_{bn_*,w} | (512,) (512,) (512,) (512,) (512,2048,1,1)      |
| res5.2.conv2.*    | res5_2_branch2b_{bn_*,w} | (512,) (512,) (512,) (512,) (512,512,3,3)       |
| res5.2.conv3.*    | res5_2_branch2c_{bn_*,w} | (2048,) (2048,) (2048,) (2048,) (2048,512,1,1)  |
| stem.conv1.norm.* | res_conv1_bn_*           | (64,) (64,) (64,) (64,)                         |
| stem.conv1.weight | conv1_w                  | (64, 3, 7, 7)                                   |
[32m[10/27 12:43:48 d2.engine.train_loop]: [0mStarting training from iteration 0
/jet/home/sprice/.local/lib/python3.8/site-packages/torch/utils/data/dataloader.py:474: UserWarning: This DataLoader will create 4 worker processes in total. Our suggested max number of worker in current system is 1, which is smaller than what this DataLoader is going to create. Please be aware that excessive worker creation might get DataLoader running slow or even freeze, lower the worker number to avoid potential slowness/freeze if necessary.
  warnings.warn(_create_warning_msg(
[32m[10/27 12:43:53 d2.utils.events]: [0m eta: 0:37:21  iter: 19  total_loss: 3.396  loss_cls: 0.5401  loss_box_reg: 0.03404  loss_mask: 0.682  loss_rpn_cls: 0.6728  loss_rpn_loc: 1.457  time: 0.1499  data_time: 0.1187  lr: 5.9943e-05  max_mem: 1826M
[32m[10/27 12:43:56 d2.utils.events]: [0m eta: 0:37:26  iter: 39  total_loss: 2.639  loss_cls: 0.4293  loss_box_reg: 0.0453  loss_mask: 0.6336  loss_rpn_cls: 0.6431  loss_rpn_loc: 0.9284  time: 0.1546  data_time: 0.0168  lr: 0.00011988  max_mem: 1826M
[32m[10/27 12:43:59 d2.utils.events]: [0m eta: 0:36:44  iter: 59  total_loss: 2.297  loss_cls: 0.2909  loss_box_reg: 0.0237  loss_mask: 0.6036  loss_rpn_cls: 0.5982  loss_rpn_loc: 0.7313  time: 0.1516  data_time: 0.0174  lr: 0.00017982  max_mem: 1826M
[32m[10/27 12:44:02 d2.utils.events]: [0m eta: 0:37:06  iter: 79  total_loss: 1.988  loss_cls: 0.2302  loss_box_reg: 0.02673  loss_mask: 0.5823  loss_rpn_cls: 0.5667  loss_rpn_loc: 0.6161  time: 0.1519  data_time: 0.0175  lr: 0.00023976  max_mem: 1826M
[32m[10/27 12:44:05 d2.utils.events]: [0m eta: 0:37:16  iter: 99  total_loss: 1.948  loss_cls: 0.1864  loss_box_reg: 0.0807  loss_mask: 0.5679  loss_rpn_cls: 0.5366  loss_rpn_loc: 0.575  time: 0.1513  data_time: 0.0175  lr: 0.0002997  max_mem: 1826M
[32m[10/27 12:44:08 d2.utils.events]: [0m eta: 0:37:13  iter: 119  total_loss: 2.001  loss_cls: 0.214  loss_box_reg: 0.1551  loss_mask: 0.5694  loss_rpn_cls: 0.5119  loss_rpn_loc: 0.5566  time: 0.1511  data_time: 0.0179  lr: 0.00035964  max_mem: 1826M
[32m[10/27 12:44:11 d2.utils.events]: [0m eta: 0:37:24  iter: 139  total_loss: 2.045  loss_cls: 0.2417  loss_box_reg: 0.2033  loss_mask: 0.5474  loss_rpn_cls: 0.484  loss_rpn_loc: 0.5335  time: 0.1517  data_time: 0.0173  lr: 0.00041958  max_mem: 1826M
[32m[10/27 12:44:15 d2.utils.events]: [0m eta: 0:37:51  iter: 159  total_loss: 2.072  loss_cls: 0.2714  loss_box_reg: 0.3151  loss_mask: 0.5487  loss_rpn_cls: 0.4801  loss_rpn_loc: 0.5172  time: 0.1525  data_time: 0.0185  lr: 0.00047952  max_mem: 1826M
[32m[10/27 12:44:18 d2.utils.events]: [0m eta: 0:37:48  iter: 179  total_loss: 2.248  loss_cls: 0.3021  loss_box_reg: 0.4043  loss_mask: 0.5434  loss_rpn_cls: 0.4732  loss_rpn_loc: 0.5125  time: 0.1526  data_time: 0.0171  lr: 0.00053946  max_mem: 1826M
[32m[10/27 12:44:21 d2.utils.events]: [0m eta: 0:38:01  iter: 199  total_loss: 2.083  loss_cls: 0.2616  loss_box_reg: 0.387  loss_mask: 0.5055  loss_rpn_cls: 0.4129  loss_rpn_loc: 0.4865  time: 0.1529  data_time: 0.0171  lr: 0.0005994  max_mem: 1826M
[32m[10/27 12:44:24 d2.utils.events]: [0m eta: 0:38:11  iter: 219  total_loss: 2.025  loss_cls: 0.2608  loss_box_reg: 0.4005  loss_mask: 0.4934  loss_rpn_cls: 0.377  loss_rpn_loc: 0.475  time: 0.1541  data_time: 0.0176  lr: 0.00065934  max_mem: 1826M
[32m[10/27 12:44:27 d2.utils.events]: [0m eta: 0:38:15  iter: 239  total_loss: 2.006  loss_cls: 0.3078  loss_box_reg: 0.5181  loss_mask: 0.468  loss_rpn_cls: 0.342  loss_rpn_loc: 0.4664  time: 0.1545  data_time: 0.0179  lr: 0.00071928  max_mem: 1826M
[32m[10/27 12:44:31 d2.utils.events]: [0m eta: 0:38:15  iter: 259  total_loss: 2.072  loss_cls: 0.3111  loss_box_reg: 0.5027  loss_mask: 0.4532  loss_rpn_cls: 0.3007  loss_rpn_loc: 0.4525  time: 0.1550  data_time: 0.0179  lr: 0.00077922  max_mem: 1826M
[32m[10/27 12:44:34 d2.utils.events]: [0m eta: 0:38:23  iter: 279  total_loss: 2.004  loss_cls: 0.2952  loss_box_reg: 0.5133  loss_mask: 0.4493  loss_rpn_cls: 0.3057  loss_rpn_loc: 0.4583  time: 0.1553  data_time: 0.0174  lr: 0.00083916  max_mem: 1826M
[32m[10/27 12:44:37 d2.utils.events]: [0m eta: 0:38:28  iter: 299  total_loss: 1.959  loss_cls: 0.3191  loss_box_reg: 0.5825  loss_mask: 0.4267  loss_rpn_cls: 0.2539  loss_rpn_loc: 0.446  time: 0.1562  data_time: 0.0188  lr: 0.0008991  max_mem: 1826M
[32m[10/27 12:44:41 d2.utils.events]: [0m eta: 0:38:22  iter: 319  total_loss: 2.038  loss_cls: 0.2944  loss_box_reg: 0.5335  loss_mask: 0.4101  loss_rpn_cls: 0.291  loss_rpn_loc: 0.4427  time: 0.1563  data_time: 0.0173  lr: 0.00095904  max_mem: 1826M
[32m[10/27 12:44:44 d2.utils.events]: [0m eta: 0:38:20  iter: 339  total_loss: 1.793  loss_cls: 0.2534  loss_box_reg: 0.4535  loss_mask: 0.3833  loss_rpn_cls: 0.2816  loss_rpn_loc: 0.4466  time: 0.1564  data_time: 0.0176  lr: 0.001019  max_mem: 1826M
[32m[10/27 12:44:48 d2.utils.events]: [0m eta: 0:38:21  iter: 359  total_loss: 1.721  loss_cls: 0.2639  loss_box_reg: 0.4182  loss_mask: 0.3667  loss_rpn_cls: 0.2503  loss_rpn_loc: 0.435  time: 0.1577  data_time: 0.0192  lr: 0.0010789  max_mem: 1826M
[32m[10/27 12:44:51 d2.utils.events]: [0m eta: 0:38:18  iter: 379  total_loss: 1.803  loss_cls: 0.2663  loss_box_reg: 0.4014  loss_mask: 0.3767  loss_rpn_cls: 0.2721  loss_rpn_loc: 0.4733  time: 0.1577  data_time: 0.0178  lr: 0.0011389  max_mem: 1826M
[32m[10/27 12:44:54 d2.utils.events]: [0m eta: 0:38:14  iter: 399  total_loss: 1.823  loss_cls: 0.2421  loss_box_reg: 0.4519  loss_mask: 0.418  loss_rpn_cls: 0.2804  loss_rpn_loc: 0.4307  time: 0.1577  data_time: 0.0178  lr: 0.0011988  max_mem: 1826M
[32m[10/27 12:44:57 d2.utils.events]: [0m eta: 0:38:13  iter: 419  total_loss: 1.719  loss_cls: 0.2378  loss_box_reg: 0.4693  loss_mask: 0.372  loss_rpn_cls: 0.2425  loss_rpn_loc: 0.4337  time: 0.1579  data_time: 0.0168  lr: 0.0012587  max_mem: 1826M
[32m[10/27 12:45:00 d2.utils.events]: [0m eta: 0:38:07  iter: 439  total_loss: 1.682  loss_cls: 0.2325  loss_box_reg: 0.4357  loss_mask: 0.3523  loss_rpn_cls: 0.2497  loss_rpn_loc: 0.4251  time: 0.1578  data_time: 0.0172  lr: 0.0013187  max_mem: 1826M
[32m[10/27 12:45:03 d2.utils.events]: [0m eta: 0:38:03  iter: 459  total_loss: 1.658  loss_cls: 0.2264  loss_box_reg: 0.439  loss_mask: 0.3338  loss_rpn_cls: 0.2392  loss_rpn_loc: 0.4003  time: 0.1578  data_time: 0.0180  lr: 0.0013786  max_mem: 1826M
[32m[10/27 12:45:07 d2.utils.events]: [0m eta: 0:38:01  iter: 479  total_loss: 1.676  loss_cls: 0.2488  loss_box_reg: 0.5092  loss_mask: 0.3358  loss_rpn_cls: 0.2101  loss_rpn_loc: 0.3948  time: 0.1579  data_time: 0.0177  lr: 0.0014386  max_mem: 1826M
[32m[10/27 12:45:10 d2.utils.events]: [0m eta: 0:37:58  iter: 499  total_loss: 1.743  loss_cls: 0.2396  loss_box_reg: 0.5055  loss_mask: 0.3459  loss_rpn_cls: 0.2618  loss_rpn_loc: 0.4056  time: 0.1580  data_time: 0.0179  lr: 0.0014985  max_mem: 1826M
[32m[10/27 12:45:13 d2.utils.events]: [0m eta: 0:37:54  iter: 519  total_loss: 1.727  loss_cls: 0.2605  loss_box_reg: 0.4905  loss_mask: 0.3283  loss_rpn_cls: 0.2721  loss_rpn_loc: 0.4049  time: 0.1579  data_time: 0.0178  lr: 0.0015584  max_mem: 1826M
[32m[10/27 12:45:16 d2.utils.events]: [0m eta: 0:37:52  iter: 539  total_loss: 1.692  loss_cls: 0.2465  loss_box_reg: 0.496  loss_mask: 0.3208  loss_rpn_cls: 0.2266  loss_rpn_loc: 0.4142  time: 0.1580  data_time: 0.0172  lr: 0.0016184  max_mem: 1826M
[32m[10/27 12:45:19 d2.utils.events]: [0m eta: 0:37:49  iter: 559  total_loss: 1.73  loss_cls: 0.2627  loss_box_reg: 0.4613  loss_mask: 0.3329  loss_rpn_cls: 0.2212  loss_rpn_loc: 0.4108  time: 0.1580  data_time: 0.0179  lr: 0.0016783  max_mem: 1826M
[32m[10/27 12:45:23 d2.utils.events]: [0m eta: 0:37:48  iter: 579  total_loss: 1.756  loss_cls: 0.2887  loss_box_reg: 0.4903  loss_mask: 0.3038  loss_rpn_cls: 0.2256  loss_rpn_loc: 0.4205  time: 0.1582  data_time: 0.0121  lr: 0.0017383  max_mem: 1826M
[32m[10/27 12:45:26 d2.utils.events]: [0m eta: 0:37:47  iter: 599  total_loss: 1.647  loss_cls: 0.2676  loss_box_reg: 0.4466  loss_mask: 0.3091  loss_rpn_cls: 0.1786  loss_rpn_loc: 0.4073  time: 0.1583  data_time: 0.0132  lr: 0.0017982  max_mem: 1826M
[32m[10/27 12:45:29 d2.utils.events]: [0m eta: 0:37:44  iter: 619  total_loss: 1.541  loss_cls: 0.2251  loss_box_reg: 0.4403  loss_mask: 0.2998  loss_rpn_cls: 0.172  loss_rpn_loc: 0.4076  time: 0.1584  data_time: 0.0172  lr: 0.0018581  max_mem: 1826M
[32m[10/27 12:45:33 d2.utils.events]: [0m eta: 0:37:42  iter: 639  total_loss: 1.6  loss_cls: 0.2406  loss_box_reg: 0.4909  loss_mask: 0.2949  loss_rpn_cls: 0.1988  loss_rpn_loc: 0.3723  time: 0.1585  data_time: 0.0177  lr: 0.0019181  max_mem: 1826M
[32m[10/27 12:45:36 d2.utils.events]: [0m eta: 0:37:43  iter: 659  total_loss: 1.638  loss_cls: 0.2384  loss_box_reg: 0.4854  loss_mask: 0.3116  loss_rpn_cls: 0.2364  loss_rpn_loc: 0.3861  time: 0.1587  data_time: 0.0115  lr: 0.001978  max_mem: 1826M
[32m[10/27 12:45:39 d2.utils.events]: [0m eta: 0:37:40  iter: 679  total_loss: 1.559  loss_cls: 0.2119  loss_box_reg: 0.4583  loss_mask: 0.3012  loss_rpn_cls: 0.17  loss_rpn_loc: 0.3848  time: 0.1588  data_time: 0.0141  lr: 0.002038  max_mem: 1826M
[32m[10/27 12:45:42 d2.utils.events]: [0m eta: 0:37:38  iter: 699  total_loss: 1.585  loss_cls: 0.221  loss_box_reg: 0.4836  loss_mask: 0.3022  loss_rpn_cls: 0.2107  loss_rpn_loc: 0.4074  time: 0.1588  data_time: 0.0178  lr: 0.0020979  max_mem: 1826M
[32m[10/27 12:45:46 d2.utils.events]: [0m eta: 0:37:36  iter: 719  total_loss: 1.64  loss_cls: 0.2336  loss_box_reg: 0.4923  loss_mask: 0.3071  loss_rpn_cls: 0.205  loss_rpn_loc: 0.3544  time: 0.1588  data_time: 0.0184  lr: 0.0021578  max_mem: 1826M
[32m[10/27 12:45:49 d2.utils.events]: [0m eta: 0:37:34  iter: 739  total_loss: 1.613  loss_cls: 0.2614  loss_box_reg: 0.5002  loss_mask: 0.2887  loss_rpn_cls: 0.1654  loss_rpn_loc: 0.3419  time: 0.1591  data_time: 0.0171  lr: 0.0022178  max_mem: 1826M
[32m[10/27 12:45:52 d2.utils.events]: [0m eta: 0:37:33  iter: 759  total_loss: 1.549  loss_cls: 0.2252  loss_box_reg: 0.4907  loss_mask: 0.278  loss_rpn_cls: 0.2075  loss_rpn_loc: 0.3677  time: 0.1591  data_time: 0.0175  lr: 0.0022777  max_mem: 1826M
[32m[10/27 12:45:55 d2.utils.events]: [0m eta: 0:37:33  iter: 779  total_loss: 1.535  loss_cls: 0.2212  loss_box_reg: 0.5004  loss_mask: 0.2795  loss_rpn_cls: 0.1789  loss_rpn_loc: 0.3645  time: 0.1591  data_time: 0.0177  lr: 0.0023377  max_mem: 1826M
[32m[10/27 12:45:59 d2.utils.events]: [0m eta: 0:37:28  iter: 799  total_loss: 1.535  loss_cls: 0.2158  loss_box_reg: 0.4855  loss_mask: 0.2875  loss_rpn_cls: 0.1771  loss_rpn_loc: 0.3711  time: 0.1590  data_time: 0.0165  lr: 0.0023976  max_mem: 1826M
[32m[10/27 12:46:02 d2.utils.events]: [0m eta: 0:37:24  iter: 819  total_loss: 1.566  loss_cls: 0.2239  loss_box_reg: 0.477  loss_mask: 0.279  loss_rpn_cls: 0.1686  loss_rpn_loc: 0.3638  time: 0.1590  data_time: 0.0172  lr: 0.0024575  max_mem: 1826M
[32m[10/27 12:46:05 d2.utils.events]: [0m eta: 0:37:21  iter: 839  total_loss: 1.5  loss_cls: 0.2255  loss_box_reg: 0.4728  loss_mask: 0.2698  loss_rpn_cls: 0.1628  loss_rpn_loc: 0.3672  time: 0.1589  data_time: 0.0180  lr: 0.0025175  max_mem: 1826M
[32m[10/27 12:46:08 d2.utils.events]: [0m eta: 0:37:18  iter: 859  total_loss: 1.583  loss_cls: 0.2366  loss_box_reg: 0.4549  loss_mask: 0.2715  loss_rpn_cls: 0.1976  loss_rpn_loc: 0.4105  time: 0.1589  data_time: 0.0174  lr: 0.0025774  max_mem: 1826M
[32m[10/27 12:46:12 d2.utils.events]: [0m eta: 0:37:15  iter: 879  total_loss: 1.635  loss_cls: 0.2605  loss_box_reg: 0.4942  loss_mask: 0.2697  loss_rpn_cls: 0.1742  loss_rpn_loc: 0.3887  time: 0.1589  data_time: 0.0172  lr: 0.0026374  max_mem: 1826M
[32m[10/27 12:46:15 d2.utils.events]: [0m eta: 0:37:13  iter: 899  total_loss: 1.579  loss_cls: 0.256  loss_box_reg: 0.5038  loss_mask: 0.2669  loss_rpn_cls: 0.1652  loss_rpn_loc: 0.3715  time: 0.1590  data_time: 0.0176  lr: 0.0026973  max_mem: 1826M
[32m[10/27 12:46:18 d2.utils.events]: [0m eta: 0:37:11  iter: 919  total_loss: 1.496  loss_cls: 0.2301  loss_box_reg: 0.4781  loss_mask: 0.2702  loss_rpn_cls: 0.1624  loss_rpn_loc: 0.3523  time: 0.1591  data_time: 0.0177  lr: 0.0027572  max_mem: 1826M
[32m[10/27 12:46:21 d2.utils.events]: [0m eta: 0:37:11  iter: 939  total_loss: 1.564  loss_cls: 0.2238  loss_box_reg: 0.437  loss_mask: 0.2712  loss_rpn_cls: 0.1753  loss_rpn_loc: 0.4052  time: 0.1592  data_time: 0.0182  lr: 0.0028172  max_mem: 1826M
[32m[10/27 12:46:25 d2.utils.events]: [0m eta: 0:37:08  iter: 959  total_loss: 1.562  loss_cls: 0.2552  loss_box_reg: 0.5006  loss_mask: 0.2752  loss_rpn_cls: 0.1848  loss_rpn_loc: 0.394  time: 0.1592  data_time: 0.0174  lr: 0.0028771  max_mem: 1826M
[32m[10/27 12:46:28 d2.utils.events]: [0m eta: 0:37:06  iter: 979  total_loss: 1.498  loss_cls: 0.2144  loss_box_reg: 0.4928  loss_mask: 0.2572  loss_rpn_cls: 0.1716  loss_rpn_loc: 0.3554  time: 0.1592  data_time: 0.0181  lr: 0.0029371  max_mem: 1826M
[32m[10/27 12:46:32 d2.utils.events]: [0m eta: 0:37:03  iter: 999  total_loss: 1.437  loss_cls: 0.1991  loss_box_reg: 0.4832  loss_mask: 0.2614  loss_rpn_cls: 0.1597  loss_rpn_loc: 0.3483  time: 0.1592  data_time: 0.0179  lr: 0.002997  max_mem: 1826M
[32m[10/27 12:46:36 d2.utils.events]: [0m eta: 0:37:00  iter: 1019  total_loss: 1.439  loss_cls: 0.2115  loss_box_reg: 0.4618  loss_mask: 0.2624  loss_rpn_cls: 0.1448  loss_rpn_loc: 0.3381  time: 0.1595  data_time: 0.0108  lr: 0.003  max_mem: 1826M
[32m[10/27 12:46:39 d2.utils.events]: [0m eta: 0:37:00  iter: 1039  total_loss: 1.539  loss_cls: 0.2507  loss_box_reg: 0.4822  loss_mask: 0.2632  loss_rpn_cls: 0.1582  loss_rpn_loc: 0.363  time: 0.1596  data_time: 0.0145  lr: 0.003  max_mem: 1826M
[32m[10/27 12:46:42 d2.utils.events]: [0m eta: 0:36:58  iter: 1059  total_loss: 1.473  loss_cls: 0.227  loss_box_reg: 0.496  loss_mask: 0.26  loss_rpn_cls: 0.162  loss_rpn_loc: 0.344  time: 0.1596  data_time: 0.0178  lr: 0.003  max_mem: 1826M
[32m[10/27 12:46:45 d2.utils.events]: [0m eta: 0:36:58  iter: 1079  total_loss: 1.518  loss_cls: 0.2285  loss_box_reg: 0.4875  loss_mask: 0.2662  loss_rpn_cls: 0.1799  loss_rpn_loc: 0.3463  time: 0.1596  data_time: 0.0171  lr: 0.003  max_mem: 1826M
[32m[10/27 12:46:49 d2.utils.events]: [0m eta: 0:36:58  iter: 1099  total_loss: 1.497  loss_cls: 0.2381  loss_box_reg: 0.5105  loss_mask: 0.2532  loss_rpn_cls: 0.1421  loss_rpn_loc: 0.3442  time: 0.1596  data_time: 0.0179  lr: 0.003  max_mem: 1826M
[32m[10/27 12:46:52 d2.utils.events]: [0m eta: 0:36:59  iter: 1119  total_loss: 1.424  loss_cls: 0.2241  loss_box_reg: 0.4461  loss_mask: 0.2553  loss_rpn_cls: 0.1571  loss_rpn_loc: 0.3366  time: 0.1597  data_time: 0.0177  lr: 0.003  max_mem: 1826M
[32m[10/27 12:46:55 d2.utils.events]: [0m eta: 0:36:57  iter: 1139  total_loss: 1.394  loss_cls: 0.2103  loss_box_reg: 0.4169  loss_mask: 0.2472  loss_rpn_cls: 0.137  loss_rpn_loc: 0.348  time: 0.1596  data_time: 0.0174  lr: 0.003  max_mem: 1826M
[32m[10/27 12:46:58 d2.utils.events]: [0m eta: 0:36:53  iter: 1159  total_loss: 1.373  loss_cls: 0.187  loss_box_reg: 0.4178  loss_mask: 0.2397  loss_rpn_cls: 0.1496  loss_rpn_loc: 0.3655  time: 0.1596  data_time: 0.0176  lr: 0.003  max_mem: 1826M
[32m[10/27 12:47:02 d2.utils.events]: [0m eta: 0:36:52  iter: 1179  total_loss: 1.36  loss_cls: 0.2009  loss_box_reg: 0.436  loss_mask: 0.2431  loss_rpn_cls: 0.1411  loss_rpn_loc: 0.3382  time: 0.1596  data_time: 0.0181  lr: 0.003  max_mem: 1826M
[32m[10/27 12:47:05 d2.utils.events]: [0m eta: 0:36:50  iter: 1199  total_loss: 1.423  loss_cls: 0.2439  loss_box_reg: 0.4776  loss_mask: 0.2402  loss_rpn_cls: 0.157  loss_rpn_loc: 0.3334  time: 0.1596  data_time: 0.0177  lr: 0.003  max_mem: 1826M
[32m[10/27 12:47:08 d2.utils.events]: [0m eta: 0:36:45  iter: 1219  total_loss: 1.465  loss_cls: 0.2161  loss_box_reg: 0.4536  loss_mask: 0.2595  loss_rpn_cls: 0.163  loss_rpn_loc: 0.3302  time: 0.1596  data_time: 0.0171  lr: 0.003  max_mem: 1826M
[32m[10/27 12:47:12 d2.utils.events]: [0m eta: 0:36:41  iter: 1239  total_loss: 1.466  loss_cls: 0.2253  loss_box_reg: 0.476  loss_mask: 0.2524  loss_rpn_cls: 0.1594  loss_rpn_loc: 0.3127  time: 0.1596  data_time: 0.0178  lr: 0.003  max_mem: 1826M
[32m[10/27 12:47:15 d2.utils.events]: [0m eta: 0:36:37  iter: 1259  total_loss: 1.355  loss_cls: 0.2175  loss_box_reg: 0.4535  loss_mask: 0.241  loss_rpn_cls: 0.1469  loss_rpn_loc: 0.3195  time: 0.1596  data_time: 0.0171  lr: 0.003  max_mem: 1826M
[32m[10/27 12:47:18 d2.utils.events]: [0m eta: 0:36:32  iter: 1279  total_loss: 1.42  loss_cls: 0.2191  loss_box_reg: 0.4745  loss_mask: 0.2432  loss_rpn_cls: 0.1282  loss_rpn_loc: 0.3115  time: 0.1595  data_time: 0.0169  lr: 0.003  max_mem: 1826M
[32m[10/27 12:47:21 d2.utils.events]: [0m eta: 0:36:26  iter: 1299  total_loss: 1.412  loss_cls: 0.2109  loss_box_reg: 0.4425  loss_mask: 0.2435  loss_rpn_cls: 0.1594  loss_rpn_loc: 0.3136  time: 0.1595  data_time: 0.0173  lr: 0.003  max_mem: 1826M
[32m[10/27 12:47:24 d2.utils.events]: [0m eta: 0:36:23  iter: 1319  total_loss: 1.343  loss_cls: 0.2016  loss_box_reg: 0.4442  loss_mask: 0.2378  loss_rpn_cls: 0.1372  loss_rpn_loc: 0.303  time: 0.1594  data_time: 0.0163  lr: 0.003  max_mem: 1826M
[32m[10/27 12:47:27 d2.utils.events]: [0m eta: 0:36:21  iter: 1339  total_loss: 1.427  loss_cls: 0.2224  loss_box_reg: 0.4668  loss_mask: 0.2375  loss_rpn_cls: 0.1576  loss_rpn_loc: 0.3067  time: 0.1595  data_time: 0.0173  lr: 0.003  max_mem: 1826M
[32m[10/27 12:47:31 d2.utils.events]: [0m eta: 0:36:17  iter: 1359  total_loss: 1.417  loss_cls: 0.2161  loss_box_reg: 0.4586  loss_mask: 0.248  loss_rpn_cls: 0.141  loss_rpn_loc: 0.3282  time: 0.1595  data_time: 0.0170  lr: 0.003  max_mem: 1826M
[32m[10/27 12:47:34 d2.utils.events]: [0m eta: 0:36:14  iter: 1379  total_loss: 1.435  loss_cls: 0.1965  loss_box_reg: 0.4575  loss_mask: 0.2526  loss_rpn_cls: 0.1227  loss_rpn_loc: 0.3496  time: 0.1595  data_time: 0.0180  lr: 0.003  max_mem: 1826M
[32m[10/27 12:47:37 d2.utils.events]: [0m eta: 0:36:10  iter: 1399  total_loss: 1.426  loss_cls: 0.2428  loss_box_reg: 0.4482  loss_mask: 0.2552  loss_rpn_cls: 0.1576  loss_rpn_loc: 0.3437  time: 0.1595  data_time: 0.0176  lr: 0.003  max_mem: 1826M
[32m[10/27 12:47:40 d2.utils.events]: [0m eta: 0:36:08  iter: 1419  total_loss: 1.386  loss_cls: 0.2301  loss_box_reg: 0.4592  loss_mask: 0.2617  loss_rpn_cls: 0.1132  loss_rpn_loc: 0.3117  time: 0.1596  data_time: 0.0167  lr: 0.003  max_mem: 1826M
[32m[10/27 12:47:44 d2.utils.events]: [0m eta: 0:36:08  iter: 1439  total_loss: 1.454  loss_cls: 0.2121  loss_box_reg: 0.4772  loss_mask: 0.2397  loss_rpn_cls: 0.1442  loss_rpn_loc: 0.3236  time: 0.1596  data_time: 0.0181  lr: 0.003  max_mem: 1826M
[32m[10/27 12:47:47 d2.utils.events]: [0m eta: 0:36:04  iter: 1459  total_loss: 1.369  loss_cls: 0.2146  loss_box_reg: 0.4611  loss_mask: 0.2497  loss_rpn_cls: 0.1416  loss_rpn_loc: 0.3216  time: 0.1595  data_time: 0.0167  lr: 0.003  max_mem: 1826M
[32m[10/27 12:47:50 d2.utils.events]: [0m eta: 0:36:00  iter: 1479  total_loss: 1.336  loss_cls: 0.2016  loss_box_reg: 0.4574  loss_mask: 0.2299  loss_rpn_cls: 0.1574  loss_rpn_loc: 0.3167  time: 0.1595  data_time: 0.0177  lr: 0.003  max_mem: 1826M
[32m[10/27 12:47:53 d2.utils.events]: [0m eta: 0:35:55  iter: 1499  total_loss: 1.312  loss_cls: 0.2063  loss_box_reg: 0.4455  loss_mask: 0.2296  loss_rpn_cls: 0.1431  loss_rpn_loc: 0.2934  time: 0.1595  data_time: 0.0172  lr: 0.003  max_mem: 1826M
[32m[10/27 12:47:56 d2.utils.events]: [0m eta: 0:35:53  iter: 1519  total_loss: 1.309  loss_cls: 0.214  loss_box_reg: 0.4641  loss_mask: 0.2297  loss_rpn_cls: 0.121  loss_rpn_loc: 0.3021  time: 0.1595  data_time: 0.0172  lr: 0.003  max_mem: 1826M
[32m[10/27 12:48:00 d2.utils.events]: [0m eta: 0:35:49  iter: 1539  total_loss: 1.252  loss_cls: 0.2033  loss_box_reg: 0.4423  loss_mask: 0.223  loss_rpn_cls: 0.123  loss_rpn_loc: 0.2911  time: 0.1595  data_time: 0.0173  lr: 0.003  max_mem: 1826M
[32m[10/27 12:48:03 d2.utils.events]: [0m eta: 0:35:46  iter: 1559  total_loss: 1.31  loss_cls: 0.2129  loss_box_reg: 0.4486  loss_mask: 0.2201  loss_rpn_cls: 0.1046  loss_rpn_loc: 0.295  time: 0.1595  data_time: 0.0175  lr: 0.003  max_mem: 1826M
[32m[10/27 12:48:06 d2.utils.events]: [0m eta: 0:35:41  iter: 1579  total_loss: 1.301  loss_cls: 0.2156  loss_box_reg: 0.4451  loss_mask: 0.2336  loss_rpn_cls: 0.1222  loss_rpn_loc: 0.3055  time: 0.1595  data_time: 0.0181  lr: 0.003  max_mem: 1826M
[32m[10/27 12:48:09 d2.utils.events]: [0m eta: 0:35:37  iter: 1599  total_loss: 1.286  loss_cls: 0.2053  loss_box_reg: 0.4519  loss_mask: 0.2328  loss_rpn_cls: 0.1346  loss_rpn_loc: 0.284  time: 0.1595  data_time: 0.0167  lr: 0.003  max_mem: 1826M
[32m[10/27 12:48:12 d2.utils.events]: [0m eta: 0:35:33  iter: 1619  total_loss: 1.27  loss_cls: 0.1956  loss_box_reg: 0.4587  loss_mask: 0.2269  loss_rpn_cls: 0.1233  loss_rpn_loc: 0.2851  time: 0.1595  data_time: 0.0174  lr: 0.003  max_mem: 1826M
[32m[10/27 12:48:16 d2.utils.events]: [0m eta: 0:35:30  iter: 1639  total_loss: 1.252  loss_cls: 0.2216  loss_box_reg: 0.4368  loss_mask: 0.2163  loss_rpn_cls: 0.1295  loss_rpn_loc: 0.2774  time: 0.1594  data_time: 0.0176  lr: 0.003  max_mem: 1826M
[32m[10/27 12:48:19 d2.utils.events]: [0m eta: 0:35:25  iter: 1659  total_loss: 1.316  loss_cls: 0.2112  loss_box_reg: 0.4486  loss_mask: 0.221  loss_rpn_cls: 0.1257  loss_rpn_loc: 0.2929  time: 0.1594  data_time: 0.0173  lr: 0.003  max_mem: 1826M
[32m[10/27 12:48:22 d2.utils.events]: [0m eta: 0:35:21  iter: 1679  total_loss: 1.275  loss_cls: 0.1848  loss_box_reg: 0.428  loss_mask: 0.2286  loss_rpn_cls: 0.1185  loss_rpn_loc: 0.2784  time: 0.1594  data_time: 0.0170  lr: 0.003  max_mem: 1826M
[32m[10/27 12:48:25 d2.utils.events]: [0m eta: 0:35:15  iter: 1699  total_loss: 1.337  loss_cls: 0.2137  loss_box_reg: 0.4284  loss_mask: 0.2206  loss_rpn_cls: 0.1112  loss_rpn_loc: 0.3101  time: 0.1593  data_time: 0.0165  lr: 0.003  max_mem: 1826M
[32m[10/27 12:48:28 d2.utils.events]: [0m eta: 0:35:12  iter: 1719  total_loss: 1.261  loss_cls: 0.2114  loss_box_reg: 0.4557  loss_mask: 0.2199  loss_rpn_cls: 0.1221  loss_rpn_loc: 0.2725  time: 0.1593  data_time: 0.0175  lr: 0.003  max_mem: 1826M
[32m[10/27 12:48:31 d2.utils.events]: [0m eta: 0:35:08  iter: 1739  total_loss: 1.212  loss_cls: 0.1781  loss_box_reg: 0.4016  loss_mask: 0.2107  loss_rpn_cls: 0.1225  loss_rpn_loc: 0.2792  time: 0.1593  data_time: 0.0167  lr: 0.003  max_mem: 1826M
[32m[10/27 12:48:35 d2.utils.events]: [0m eta: 0:35:03  iter: 1759  total_loss: 1.327  loss_cls: 0.1879  loss_box_reg: 0.4563  loss_mask: 0.2245  loss_rpn_cls: 0.09207  loss_rpn_loc: 0.3267  time: 0.1592  data_time: 0.0168  lr: 0.003  max_mem: 1826M
[32m[10/27 12:48:38 d2.utils.events]: [0m eta: 0:34:59  iter: 1779  total_loss: 1.288  loss_cls: 0.2075  loss_box_reg: 0.4607  loss_mask: 0.2251  loss_rpn_cls: 0.08154  loss_rpn_loc: 0.3034  time: 0.1593  data_time: 0.0176  lr: 0.003  max_mem: 1826M
[32m[10/27 12:48:41 d2.utils.events]: [0m eta: 0:34:55  iter: 1799  total_loss: 1.241  loss_cls: 0.1831  loss_box_reg: 0.4251  loss_mask: 0.2215  loss_rpn_cls: 0.1232  loss_rpn_loc: 0.2881  time: 0.1593  data_time: 0.0173  lr: 0.003  max_mem: 1826M
[32m[10/27 12:48:44 d2.utils.events]: [0m eta: 0:34:53  iter: 1819  total_loss: 1.277  loss_cls: 0.2005  loss_box_reg: 0.4033  loss_mask: 0.2136  loss_rpn_cls: 0.1418  loss_rpn_loc: 0.3136  time: 0.1593  data_time: 0.0174  lr: 0.003  max_mem: 1826M
[32m[10/27 12:48:48 d2.utils.events]: [0m eta: 0:34:51  iter: 1839  total_loss: 1.368  loss_cls: 0.1983  loss_box_reg: 0.4439  loss_mask: 0.2341  loss_rpn_cls: 0.1165  loss_rpn_loc: 0.3097  time: 0.1593  data_time: 0.0180  lr: 0.003  max_mem: 1826M
[32m[10/27 12:48:51 d2.utils.events]: [0m eta: 0:34:49  iter: 1859  total_loss: 1.243  loss_cls: 0.1887  loss_box_reg: 0.4107  loss_mask: 0.227  loss_rpn_cls: 0.1331  loss_rpn_loc: 0.2949  time: 0.1593  data_time: 0.0175  lr: 0.003  max_mem: 1826M
[32m[10/27 12:48:54 d2.utils.events]: [0m eta: 0:34:47  iter: 1879  total_loss: 1.303  loss_cls: 0.2038  loss_box_reg: 0.4366  loss_mask: 0.2174  loss_rpn_cls: 0.1317  loss_rpn_loc: 0.2831  time: 0.1594  data_time: 0.0178  lr: 0.003  max_mem: 1826M
[32m[10/27 12:48:57 d2.utils.events]: [0m eta: 0:34:44  iter: 1899  total_loss: 1.19  loss_cls: 0.1941  loss_box_reg: 0.3975  loss_mask: 0.2219  loss_rpn_cls: 0.1046  loss_rpn_loc: 0.259  time: 0.1594  data_time: 0.0170  lr: 0.003  max_mem: 1826M
[32m[10/27 12:49:01 d2.utils.events]: [0m eta: 0:34:41  iter: 1919  total_loss: 1.219  loss_cls: 0.1834  loss_box_reg: 0.4236  loss_mask: 0.2178  loss_rpn_cls: 0.09844  loss_rpn_loc: 0.2621  time: 0.1594  data_time: 0.0182  lr: 0.003  max_mem: 1826M
[32m[10/27 12:49:04 d2.utils.events]: [0m eta: 0:34:38  iter: 1939  total_loss: 1.192  loss_cls: 0.1745  loss_box_reg: 0.4003  loss_mask: 0.2192  loss_rpn_cls: 0.09555  loss_rpn_loc: 0.2638  time: 0.1594  data_time: 0.0173  lr: 0.003  max_mem: 1826M
[32m[10/27 12:49:07 d2.utils.events]: [0m eta: 0:34:34  iter: 1959  total_loss: 1.204  loss_cls: 0.1724  loss_box_reg: 0.3953  loss_mask: 0.2309  loss_rpn_cls: 0.1084  loss_rpn_loc: 0.2921  time: 0.1594  data_time: 0.0170  lr: 0.003  max_mem: 1826M
[32m[10/27 12:49:10 d2.utils.events]: [0m eta: 0:34:30  iter: 1979  total_loss: 1.227  loss_cls: 0.184  loss_box_reg: 0.4119  loss_mask: 0.2196  loss_rpn_cls: 0.09829  loss_rpn_loc: 0.2594  time: 0.1594  data_time: 0.0171  lr: 0.003  max_mem: 1826M
[32m[10/27 12:49:15 d2.utils.events]: [0m eta: 0:34:27  iter: 1999  total_loss: 1.192  loss_cls: 0.166  loss_box_reg: 0.3864  loss_mask: 0.2115  loss_rpn_cls: 0.1042  loss_rpn_loc: 0.2958  time: 0.1595  data_time: 0.0172  lr: 0.003  max_mem: 1826M
[32m[10/27 12:49:19 d2.utils.events]: [0m eta: 0:34:24  iter: 2019  total_loss: 1.168  loss_cls: 0.1733  loss_box_reg: 0.408  loss_mask: 0.2102  loss_rpn_cls: 0.1147  loss_rpn_loc: 0.2631  time: 0.1596  data_time: 0.0108  lr: 0.003  max_mem: 1826M
[32m[10/27 12:49:22 d2.utils.events]: [0m eta: 0:34:21  iter: 2039  total_loss: 1.153  loss_cls: 0.1608  loss_box_reg: 0.3919  loss_mask: 0.2162  loss_rpn_cls: 0.1092  loss_rpn_loc: 0.2698  time: 0.1597  data_time: 0.0158  lr: 0.003  max_mem: 1826M
[32m[10/27 12:49:25 d2.utils.events]: [0m eta: 0:34:20  iter: 2059  total_loss: 1.179  loss_cls: 0.1732  loss_box_reg: 0.4035  loss_mask: 0.2099  loss_rpn_cls: 0.103  loss_rpn_loc: 0.2508  time: 0.1597  data_time: 0.0180  lr: 0.003  max_mem: 1826M
[32m[10/27 12:49:29 d2.utils.events]: [0m eta: 0:34:15  iter: 2079  total_loss: 1.184  loss_cls: 0.1773  loss_box_reg: 0.4359  loss_mask: 0.2076  loss_rpn_cls: 0.09861  loss_rpn_loc: 0.2591  time: 0.1597  data_time: 0.0176  lr: 0.003  max_mem: 1826M
[32m[10/27 12:49:32 d2.utils.events]: [0m eta: 0:34:12  iter: 2099  total_loss: 1.252  loss_cls: 0.1904  loss_box_reg: 0.4508  loss_mask: 0.2128  loss_rpn_cls: 0.103  loss_rpn_loc: 0.2816  time: 0.1599  data_time: 0.0129  lr: 0.003  max_mem: 1826M
[32m[10/27 12:49:36 d2.utils.events]: [0m eta: 0:34:08  iter: 2119  total_loss: 1.204  loss_cls: 0.1986  loss_box_reg: 0.4195  loss_mask: 0.2027  loss_rpn_cls: 0.1139  loss_rpn_loc: 0.3082  time: 0.1599  data_time: 0.0138  lr: 0.003  max_mem: 1826M
[32m[10/27 12:49:39 d2.utils.events]: [0m eta: 0:34:05  iter: 2139  total_loss: 1.215  loss_cls: 0.1722  loss_box_reg: 0.4205  loss_mask: 0.2072  loss_rpn_cls: 0.1098  loss_rpn_loc: 0.2919  time: 0.1599  data_time: 0.0178  lr: 0.003  max_mem: 1826M
[32m[10/27 12:49:42 d2.utils.events]: [0m eta: 0:34:02  iter: 2159  total_loss: 1.217  loss_cls: 0.1833  loss_box_reg: 0.41  loss_mask: 0.2116  loss_rpn_cls: 0.1177  loss_rpn_loc: 0.2764  time: 0.1599  data_time: 0.0162  lr: 0.003  max_mem: 1826M
[32m[10/27 12:49:45 d2.utils.events]: [0m eta: 0:33:59  iter: 2179  total_loss: 1.155  loss_cls: 0.175  loss_box_reg: 0.4018  loss_mask: 0.1975  loss_rpn_cls: 0.1001  loss_rpn_loc: 0.271  time: 0.1599  data_time: 0.0171  lr: 0.003  max_mem: 1826M
[32m[10/27 12:49:49 d2.utils.events]: [0m eta: 0:33:55  iter: 2199  total_loss: 1.187  loss_cls: 0.1684  loss_box_reg: 0.4123  loss_mask: 0.2166  loss_rpn_cls: 0.1251  loss_rpn_loc: 0.27  time: 0.1599  data_time: 0.0172  lr: 0.003  max_mem: 1826M
[32m[10/27 12:49:52 d2.utils.events]: [0m eta: 0:33:52  iter: 2219  total_loss: 1.174  loss_cls: 0.1623  loss_box_reg: 0.4063  loss_mask: 0.213  loss_rpn_cls: 0.1059  loss_rpn_loc: 0.2803  time: 0.1599  data_time: 0.0175  lr: 0.003  max_mem: 1826M
[32m[10/27 12:49:55 d2.utils.events]: [0m eta: 0:33:49  iter: 2239  total_loss: 1.194  loss_cls: 0.1726  loss_box_reg: 0.4171  loss_mask: 0.2122  loss_rpn_cls: 0.09432  loss_rpn_loc: 0.2618  time: 0.1599  data_time: 0.0178  lr: 0.003  max_mem: 1826M
[32m[10/27 12:49:58 d2.utils.events]: [0m eta: 0:33:49  iter: 2259  total_loss: 1.134  loss_cls: 0.1848  loss_box_reg: 0.3957  loss_mask: 0.1931  loss_rpn_cls: 0.09212  loss_rpn_loc: 0.3037  time: 0.1599  data_time: 0.0179  lr: 0.003  max_mem: 1826M
[32m[10/27 12:50:01 d2.utils.events]: [0m eta: 0:33:46  iter: 2279  total_loss: 1.177  loss_cls: 0.1774  loss_box_reg: 0.4154  loss_mask: 0.2173  loss_rpn_cls: 0.08519  loss_rpn_loc: 0.2906  time: 0.1599  data_time: 0.0180  lr: 0.003  max_mem: 1826M
[32m[10/27 12:50:04 d2.utils.events]: [0m eta: 0:33:43  iter: 2299  total_loss: 1.065  loss_cls: 0.1587  loss_box_reg: 0.3761  loss_mask: 0.1961  loss_rpn_cls: 0.08765  loss_rpn_loc: 0.2585  time: 0.1598  data_time: 0.0164  lr: 0.003  max_mem: 1826M
[32m[10/27 12:50:08 d2.utils.events]: [0m eta: 0:33:41  iter: 2319  total_loss: 1.052  loss_cls: 0.1441  loss_box_reg: 0.3753  loss_mask: 0.2002  loss_rpn_cls: 0.08146  loss_rpn_loc: 0.232  time: 0.1598  data_time: 0.0178  lr: 0.003  max_mem: 1826M
[32m[10/27 12:50:11 d2.utils.events]: [0m eta: 0:33:36  iter: 2339  total_loss: 1.14  loss_cls: 0.152  loss_box_reg: 0.3828  loss_mask: 0.1985  loss_rpn_cls: 0.09656  loss_rpn_loc: 0.2839  time: 0.1598  data_time: 0.0173  lr: 0.003  max_mem: 1826M
[32m[10/27 12:50:14 d2.utils.events]: [0m eta: 0:33:31  iter: 2359  total_loss: 1.117  loss_cls: 0.1492  loss_box_reg: 0.3984  loss_mask: 0.2001  loss_rpn_cls: 0.1032  loss_rpn_loc: 0.2786  time: 0.1598  data_time: 0.0172  lr: 0.003  max_mem: 1826M
[32m[10/27 12:50:17 d2.utils.events]: [0m eta: 0:33:30  iter: 2379  total_loss: 1.123  loss_cls: 0.157  loss_box_reg: 0.3876  loss_mask: 0.2026  loss_rpn_cls: 0.08939  loss_rpn_loc: 0.2606  time: 0.1598  data_time: 0.0181  lr: 0.003  max_mem: 1826M
[32m[10/27 12:50:21 d2.utils.events]: [0m eta: 0:33:26  iter: 2399  total_loss: 1.069  loss_cls: 0.1393  loss_box_reg: 0.3806  loss_mask: 0.1974  loss_rpn_cls: 0.09168  loss_rpn_loc: 0.257  time: 0.1598  data_time: 0.0180  lr: 0.003  max_mem: 1826M
[32m[10/27 12:50:24 d2.utils.events]: [0m eta: 0:33:21  iter: 2419  total_loss: 1.167  loss_cls: 0.1568  loss_box_reg: 0.404  loss_mask: 0.2021  loss_rpn_cls: 0.09249  loss_rpn_loc: 0.2732  time: 0.1598  data_time: 0.0172  lr: 0.003  max_mem: 1826M
[32m[10/27 12:50:27 d2.utils.events]: [0m eta: 0:33:17  iter: 2439  total_loss: 1.177  loss_cls: 0.162  loss_box_reg: 0.3732  loss_mask: 0.1919  loss_rpn_cls: 0.1292  loss_rpn_loc: 0.2612  time: 0.1598  data_time: 0.0174  lr: 0.003  max_mem: 1826M
[32m[10/27 12:50:30 d2.utils.events]: [0m eta: 0:33:14  iter: 2459  total_loss: 1.049  loss_cls: 0.1503  loss_box_reg: 0.3647  loss_mask: 0.1951  loss_rpn_cls: 0.0941  loss_rpn_loc: 0.2354  time: 0.1597  data_time: 0.0170  lr: 0.003  max_mem: 1826M
[32m[10/27 12:50:33 d2.utils.events]: [0m eta: 0:33:10  iter: 2479  total_loss: 1.085  loss_cls: 0.1525  loss_box_reg: 0.3688  loss_mask: 0.1986  loss_rpn_cls: 0.08848  loss_rpn_loc: 0.2707  time: 0.1597  data_time: 0.0170  lr: 0.003  max_mem: 1826M
[32m[10/27 12:50:36 d2.utils.events]: [0m eta: 0:33:07  iter: 2499  total_loss: 1.037  loss_cls: 0.1413  loss_box_reg: 0.3589  loss_mask: 0.1958  loss_rpn_cls: 0.1059  loss_rpn_loc: 0.2532  time: 0.1597  data_time: 0.0170  lr: 0.003  max_mem: 1826M
[32m[10/27 12:50:39 d2.utils.events]: [0m eta: 0:33:02  iter: 2519  total_loss: 1.06  loss_cls: 0.1453  loss_box_reg: 0.3624  loss_mask: 0.2096  loss_rpn_cls: 0.08869  loss_rpn_loc: 0.2508  time: 0.1596  data_time: 0.0171  lr: 0.003  max_mem: 1826M
[32m[10/27 12:50:43 d2.utils.events]: [0m eta: 0:32:59  iter: 2539  total_loss: 1.06  loss_cls: 0.1466  loss_box_reg: 0.3692  loss_mask: 0.1974  loss_rpn_cls: 0.08644  loss_rpn_loc: 0.2443  time: 0.1596  data_time: 0.0167  lr: 0.003  max_mem: 1826M
[32m[10/27 12:50:46 d2.utils.events]: [0m eta: 0:32:54  iter: 2559  total_loss: 1.052  loss_cls: 0.1534  loss_box_reg: 0.3787  loss_mask: 0.1963  loss_rpn_cls: 0.08553  loss_rpn_loc: 0.24  time: 0.1596  data_time: 0.0169  lr: 0.003  max_mem: 1826M
[32m[10/27 12:50:49 d2.utils.events]: [0m eta: 0:32:52  iter: 2579  total_loss: 1.015  loss_cls: 0.147  loss_box_reg: 0.3848  loss_mask: 0.1965  loss_rpn_cls: 0.08263  loss_rpn_loc: 0.242  time: 0.1596  data_time: 0.0174  lr: 0.003  max_mem: 1826M
[32m[10/27 12:50:52 d2.utils.events]: [0m eta: 0:32:51  iter: 2599  total_loss: 1.019  loss_cls: 0.1482  loss_box_reg: 0.3597  loss_mask: 0.1853  loss_rpn_cls: 0.06867  loss_rpn_loc: 0.2391  time: 0.1596  data_time: 0.0179  lr: 0.003  max_mem: 1826M
[32m[10/27 12:50:56 d2.utils.events]: [0m eta: 0:32:48  iter: 2619  total_loss: 0.9634  loss_cls: 0.1409  loss_box_reg: 0.358  loss_mask: 0.1866  loss_rpn_cls: 0.08502  loss_rpn_loc: 0.2343  time: 0.1596  data_time: 0.0172  lr: 0.003  max_mem: 1826M
[32m[10/27 12:50:59 d2.utils.events]: [0m eta: 0:32:45  iter: 2639  total_loss: 0.9537  loss_cls: 0.1259  loss_box_reg: 0.3341  loss_mask: 0.1863  loss_rpn_cls: 0.08951  loss_rpn_loc: 0.2453  time: 0.1597  data_time: 0.0171  lr: 0.003  max_mem: 1826M
[32m[10/27 12:51:02 d2.utils.events]: [0m eta: 0:32:42  iter: 2659  total_loss: 1.019  loss_cls: 0.1503  loss_box_reg: 0.3489  loss_mask: 0.1813  loss_rpn_cls: 0.08333  loss_rpn_loc: 0.2391  time: 0.1597  data_time: 0.0181  lr: 0.003  max_mem: 1826M
[32m[10/27 12:51:05 d2.utils.events]: [0m eta: 0:32:43  iter: 2679  total_loss: 1.005  loss_cls: 0.1375  loss_box_reg: 0.3585  loss_mask: 0.1845  loss_rpn_cls: 0.06503  loss_rpn_loc: 0.2299  time: 0.1597  data_time: 0.0180  lr: 0.003  max_mem: 1826M
[32m[10/27 12:51:09 d2.utils.events]: [0m eta: 0:32:40  iter: 2699  total_loss: 1.02  loss_cls: 0.1464  loss_box_reg: 0.3536  loss_mask: 0.1928  loss_rpn_cls: 0.0762  loss_rpn_loc: 0.2271  time: 0.1597  data_time: 0.0172  lr: 0.003  max_mem: 1826M
[32m[10/27 12:51:12 d2.utils.events]: [0m eta: 0:32:38  iter: 2719  total_loss: 1.038  loss_cls: 0.1489  loss_box_reg: 0.3633  loss_mask: 0.2016  loss_rpn_cls: 0.0989  loss_rpn_loc: 0.2328  time: 0.1597  data_time: 0.0179  lr: 0.003  max_mem: 1826M
[32m[10/27 12:51:15 d2.utils.events]: [0m eta: 0:32:36  iter: 2739  total_loss: 1.059  loss_cls: 0.1409  loss_box_reg: 0.3529  loss_mask: 0.1919  loss_rpn_cls: 0.1179  loss_rpn_loc: 0.2477  time: 0.1597  data_time: 0.0172  lr: 0.003  max_mem: 1826M
[32m[10/27 12:51:18 d2.utils.events]: [0m eta: 0:32:32  iter: 2759  total_loss: 0.9792  loss_cls: 0.1384  loss_box_reg: 0.354  loss_mask: 0.1813  loss_rpn_cls: 0.08588  loss_rpn_loc: 0.2439  time: 0.1597  data_time: 0.0174  lr: 0.003  max_mem: 1826M
[32m[10/27 12:51:22 d2.utils.events]: [0m eta: 0:32:29  iter: 2779  total_loss: 1.013  loss_cls: 0.1443  loss_box_reg: 0.3518  loss_mask: 0.2032  loss_rpn_cls: 0.07139  loss_rpn_loc: 0.2507  time: 0.1597  data_time: 0.0169  lr: 0.003  max_mem: 1826M
[32m[10/27 12:51:25 d2.utils.events]: [0m eta: 0:32:27  iter: 2799  total_loss: 1.117  loss_cls: 0.1326  loss_box_reg: 0.3933  loss_mask: 0.2005  loss_rpn_cls: 0.0794  loss_rpn_loc: 0.2546  time: 0.1597  data_time: 0.0178  lr: 0.003  max_mem: 1826M
[32m[10/27 12:51:28 d2.utils.events]: [0m eta: 0:32:25  iter: 2819  total_loss: 1.117  loss_cls: 0.1613  loss_box_reg: 0.3937  loss_mask: 0.1941  loss_rpn_cls: 0.1058  loss_rpn_loc: 0.2585  time: 0.1597  data_time: 0.0174  lr: 0.003  max_mem: 1826M
[32m[10/27 12:51:31 d2.utils.events]: [0m eta: 0:32:21  iter: 2839  total_loss: 1.005  loss_cls: 0.1415  loss_box_reg: 0.3589  loss_mask: 0.1867  loss_rpn_cls: 0.08207  loss_rpn_loc: 0.2183  time: 0.1597  data_time: 0.0176  lr: 0.003  max_mem: 1826M
[32m[10/27 12:51:35 d2.utils.events]: [0m eta: 0:32:18  iter: 2859  total_loss: 0.9968  loss_cls: 0.1336  loss_box_reg: 0.3476  loss_mask: 0.1909  loss_rpn_cls: 0.0822  loss_rpn_loc: 0.2311  time: 0.1597  data_time: 0.0179  lr: 0.003  max_mem: 1826M
[32m[10/27 12:51:38 d2.utils.events]: [0m eta: 0:32:12  iter: 2879  total_loss: 0.9952  loss_cls: 0.1274  loss_box_reg: 0.3436  loss_mask: 0.195  loss_rpn_cls: 0.1057  loss_rpn_loc: 0.2395  time: 0.1597  data_time: 0.0164  lr: 0.003  max_mem: 1826M
[32m[10/27 12:51:41 d2.utils.events]: [0m eta: 0:32:08  iter: 2899  total_loss: 1.023  loss_cls: 0.1416  loss_box_reg: 0.3524  loss_mask: 0.1866  loss_rpn_cls: 0.09173  loss_rpn_loc: 0.2296  time: 0.1597  data_time: 0.0172  lr: 0.003  max_mem: 1826M
[32m[10/27 12:51:45 d2.utils.events]: [0m eta: 0:32:06  iter: 2919  total_loss: 0.9644  loss_cls: 0.1367  loss_box_reg: 0.3378  loss_mask: 0.1854  loss_rpn_cls: 0.07654  loss_rpn_loc: 0.2403  time: 0.1598  data_time: 0.0185  lr: 0.003  max_mem: 1826M
[32m[10/27 12:51:48 d2.utils.events]: [0m eta: 0:32:02  iter: 2939  total_loss: 0.9892  loss_cls: 0.1246  loss_box_reg: 0.3722  loss_mask: 0.1836  loss_rpn_cls: 0.08676  loss_rpn_loc: 0.2245  time: 0.1598  data_time: 0.0169  lr: 0.003  max_mem: 1826M
[32m[10/27 12:51:51 d2.utils.events]: [0m eta: 0:32:00  iter: 2959  total_loss: 1.033  loss_cls: 0.1391  loss_box_reg: 0.3709  loss_mask: 0.1855  loss_rpn_cls: 0.08002  loss_rpn_loc: 0.2229  time: 0.1598  data_time: 0.0181  lr: 0.003  max_mem: 1826M
[32m[10/27 12:51:54 d2.utils.events]: [0m eta: 0:31:56  iter: 2979  total_loss: 1.035  loss_cls: 0.1506  loss_box_reg: 0.349  loss_mask: 0.1917  loss_rpn_cls: 0.09459  loss_rpn_loc: 0.2246  time: 0.1598  data_time: 0.0157  lr: 0.003  max_mem: 1826M
[32m[10/27 12:51:58 d2.utils.events]: [0m eta: 0:31:53  iter: 2999  total_loss: 1.02  loss_cls: 0.1218  loss_box_reg: 0.3487  loss_mask: 0.1832  loss_rpn_cls: 0.08132  loss_rpn_loc: 0.252  time: 0.1598  data_time: 0.0171  lr: 0.003  max_mem: 1826M
[32m[10/27 12:52:02 d2.utils.events]: [0m eta: 0:31:48  iter: 3019  total_loss: 0.925  loss_cls: 0.1192  loss_box_reg: 0.3466  loss_mask: 0.1846  loss_rpn_cls: 0.07193  loss_rpn_loc: 0.2293  time: 0.1599  data_time: 0.0109  lr: 0.003  max_mem: 1826M
[32m[10/27 12:52:05 d2.utils.events]: [0m eta: 0:31:43  iter: 3039  total_loss: 0.9814  loss_cls: 0.129  loss_box_reg: 0.34  loss_mask: 0.1752  loss_rpn_cls: 0.09765  loss_rpn_loc: 0.2385  time: 0.1599  data_time: 0.0142  lr: 0.003  max_mem: 1826M
[32m[10/27 12:52:08 d2.utils.events]: [0m eta: 0:31:38  iter: 3059  total_loss: 1.043  loss_cls: 0.1369  loss_box_reg: 0.3568  loss_mask: 0.1801  loss_rpn_cls: 0.08009  loss_rpn_loc: 0.2488  time: 0.1599  data_time: 0.0175  lr: 0.003  max_mem: 1826M
[32m[10/27 12:52:11 d2.utils.events]: [0m eta: 0:31:32  iter: 3079  total_loss: 1.006  loss_cls: 0.1416  loss_box_reg: 0.3683  loss_mask: 0.1803  loss_rpn_cls: 0.08323  loss_rpn_loc: 0.245  time: 0.1598  data_time: 0.0167  lr: 0.003  max_mem: 1826M
[32m[10/27 12:52:14 d2.utils.events]: [0m eta: 0:31:28  iter: 3099  total_loss: 0.9689  loss_cls: 0.1412  loss_box_reg: 0.3484  loss_mask: 0.1827  loss_rpn_cls: 0.07803  loss_rpn_loc: 0.233  time: 0.1598  data_time: 0.0167  lr: 0.003  max_mem: 1826M
[32m[10/27 12:52:17 d2.utils.events]: [0m eta: 0:31:25  iter: 3119  total_loss: 0.9727  loss_cls: 0.1202  loss_box_reg: 0.3233  loss_mask: 0.1829  loss_rpn_cls: 0.07654  loss_rpn_loc: 0.2266  time: 0.1597  data_time: 0.0168  lr: 0.003  max_mem: 1826M
[32m[10/27 12:52:21 d2.utils.events]: [0m eta: 0:31:21  iter: 3139  total_loss: 1.008  loss_cls: 0.1194  loss_box_reg: 0.3468  loss_mask: 0.1875  loss_rpn_cls: 0.09061  loss_rpn_loc: 0.2256  time: 0.1598  data_time: 0.0157  lr: 0.003  max_mem: 1826M
[32m[10/27 12:52:24 d2.utils.events]: [0m eta: 0:31:16  iter: 3159  total_loss: 1.044  loss_cls: 0.1415  loss_box_reg: 0.3497  loss_mask: 0.1895  loss_rpn_cls: 0.1014  loss_rpn_loc: 0.2678  time: 0.1598  data_time: 0.0101  lr: 0.003  max_mem: 1826M
[32m[10/27 12:52:27 d2.utils.events]: [0m eta: 0:31:12  iter: 3179  total_loss: 1.022  loss_cls: 0.1292  loss_box_reg: 0.3428  loss_mask: 0.1881  loss_rpn_cls: 0.09174  loss_rpn_loc: 0.2658  time: 0.1598  data_time: 0.0174  lr: 0.003  max_mem: 1826M
[32m[10/27 12:52:30 d2.utils.events]: [0m eta: 0:31:10  iter: 3199  total_loss: 1.015  loss_cls: 0.1418  loss_box_reg: 0.3528  loss_mask: 0.1855  loss_rpn_cls: 0.08678  loss_rpn_loc: 0.2378  time: 0.1598  data_time: 0.0164  lr: 0.003  max_mem: 1826M
[32m[10/27 12:52:34 d2.utils.events]: [0m eta: 0:31:05  iter: 3219  total_loss: 0.9259  loss_cls: 0.1238  loss_box_reg: 0.3295  loss_mask: 0.1749  loss_rpn_cls: 0.07757  loss_rpn_loc: 0.2361  time: 0.1598  data_time: 0.0168  lr: 0.003  max_mem: 1826M
[32m[10/27 12:52:37 d2.utils.events]: [0m eta: 0:31:01  iter: 3239  total_loss: 0.9159  loss_cls: 0.1403  loss_box_reg: 0.3383  loss_mask: 0.1849  loss_rpn_cls: 0.06642  loss_rpn_loc: 0.2284  time: 0.1598  data_time: 0.0170  lr: 0.003  max_mem: 1826M
[32m[10/27 12:52:40 d2.utils.events]: [0m eta: 0:30:57  iter: 3259  total_loss: 0.9569  loss_cls: 0.1365  loss_box_reg: 0.3439  loss_mask: 0.1713  loss_rpn_cls: 0.07359  loss_rpn_loc: 0.2354  time: 0.1598  data_time: 0.0171  lr: 0.003  max_mem: 1826M
[32m[10/27 12:52:43 d2.utils.events]: [0m eta: 0:30:54  iter: 3279  total_loss: 0.9604  loss_cls: 0.1198  loss_box_reg: 0.3453  loss_mask: 0.1805  loss_rpn_cls: 0.07613  loss_rpn_loc: 0.2226  time: 0.1598  data_time: 0.0169  lr: 0.003  max_mem: 1826M
[32m[10/27 12:52:47 d2.utils.events]: [0m eta: 0:30:52  iter: 3299  total_loss: 1.038  loss_cls: 0.1331  loss_box_reg: 0.3547  loss_mask: 0.1809  loss_rpn_cls: 0.08542  loss_rpn_loc: 0.2248  time: 0.1598  data_time: 0.0184  lr: 0.003  max_mem: 1826M
[32m[10/27 12:52:50 d2.utils.events]: [0m eta: 0:30:49  iter: 3319  total_loss: 0.9264  loss_cls: 0.1216  loss_box_reg: 0.3311  loss_mask: 0.1672  loss_rpn_cls: 0.08247  loss_rpn_loc: 0.2246  time: 0.1598  data_time: 0.0169  lr: 0.003  max_mem: 1826M
[32m[10/27 12:52:53 d2.utils.events]: [0m eta: 0:30:48  iter: 3339  total_loss: 0.9135  loss_cls: 0.1178  loss_box_reg: 0.3283  loss_mask: 0.1736  loss_rpn_cls: 0.07473  loss_rpn_loc: 0.2321  time: 0.1598  data_time: 0.0176  lr: 0.003  max_mem: 1826M
[32m[10/27 12:52:57 d2.utils.events]: [0m eta: 0:30:46  iter: 3359  total_loss: 0.9574  loss_cls: 0.1245  loss_box_reg: 0.319  loss_mask: 0.1692  loss_rpn_cls: 0.07278  loss_rpn_loc: 0.2245  time: 0.1598  data_time: 0.0181  lr: 0.003  max_mem: 1826M
[32m[10/27 12:53:00 d2.utils.events]: [0m eta: 0:30:42  iter: 3379  total_loss: 0.9585  loss_cls: 0.1244  loss_box_reg: 0.3374  loss_mask: 0.1796  loss_rpn_cls: 0.07489  loss_rpn_loc: 0.2175  time: 0.1598  data_time: 0.0170  lr: 0.003  max_mem: 1826M
[32m[10/27 12:53:03 d2.utils.events]: [0m eta: 0:30:40  iter: 3399  total_loss: 0.9341  loss_cls: 0.1216  loss_box_reg: 0.3199  loss_mask: 0.1749  loss_rpn_cls: 0.08494  loss_rpn_loc: 0.2383  time: 0.1598  data_time: 0.0170  lr: 0.003  max_mem: 1826M
[32m[10/27 12:53:06 d2.utils.events]: [0m eta: 0:30:38  iter: 3419  total_loss: 0.9118  loss_cls: 0.1212  loss_box_reg: 0.3143  loss_mask: 0.1781  loss_rpn_cls: 0.06654  loss_rpn_loc: 0.2309  time: 0.1598  data_time: 0.0170  lr: 0.003  max_mem: 1826M
[32m[10/27 12:53:09 d2.utils.events]: [0m eta: 0:30:35  iter: 3439  total_loss: 1.002  loss_cls: 0.1399  loss_box_reg: 0.3451  loss_mask: 0.1884  loss_rpn_cls: 0.1014  loss_rpn_loc: 0.2491  time: 0.1598  data_time: 0.0178  lr: 0.003  max_mem: 1826M
[32m[10/27 12:53:13 d2.utils.events]: [0m eta: 0:30:33  iter: 3459  total_loss: 0.9664  loss_cls: 0.1418  loss_box_reg: 0.3332  loss_mask: 0.188  loss_rpn_cls: 0.06311  loss_rpn_loc: 0.2394  time: 0.1598  data_time: 0.0173  lr: 0.003  max_mem: 1826M
[32m[10/27 12:53:16 d2.utils.events]: [0m eta: 0:30:31  iter: 3479  total_loss: 0.9246  loss_cls: 0.1202  loss_box_reg: 0.334  loss_mask: 0.1803  loss_rpn_cls: 0.07239  loss_rpn_loc: 0.2383  time: 0.1598  data_time: 0.0182  lr: 0.003  max_mem: 1826M
[32m[10/27 12:53:19 d2.utils.events]: [0m eta: 0:30:29  iter: 3499  total_loss: 0.9413  loss_cls: 0.1124  loss_box_reg: 0.3307  loss_mask: 0.1788  loss_rpn_cls: 0.07115  loss_rpn_loc: 0.2315  time: 0.1598  data_time: 0.0169  lr: 0.003  max_mem: 1826M
[32m[10/27 12:53:22 d2.utils.events]: [0m eta: 0:30:26  iter: 3519  total_loss: 1.014  loss_cls: 0.1261  loss_box_reg: 0.3696  loss_mask: 0.185  loss_rpn_cls: 0.07752  loss_rpn_loc: 0.2501  time: 0.1598  data_time: 0.0176  lr: 0.003  max_mem: 1826M
[32m[10/27 12:53:26 d2.utils.events]: [0m eta: 0:30:22  iter: 3539  total_loss: 0.9626  loss_cls: 0.1223  loss_box_reg: 0.3448  loss_mask: 0.1887  loss_rpn_cls: 0.0695  loss_rpn_loc: 0.2377  time: 0.1598  data_time: 0.0184  lr: 0.003  max_mem: 1826M
[32m[10/27 12:53:29 d2.utils.events]: [0m eta: 0:30:20  iter: 3559  total_loss: 0.9705  loss_cls: 0.1247  loss_box_reg: 0.3407  loss_mask: 0.1861  loss_rpn_cls: 0.07858  loss_rpn_loc: 0.2358  time: 0.1598  data_time: 0.0171  lr: 0.003  max_mem: 1826M
[32m[10/27 12:53:32 d2.utils.events]: [0m eta: 0:30:16  iter: 3579  total_loss: 0.883  loss_cls: 0.1175  loss_box_reg: 0.3246  loss_mask: 0.1716  loss_rpn_cls: 0.07064  loss_rpn_loc: 0.2232  time: 0.1598  data_time: 0.0174  lr: 0.003  max_mem: 1826M
[32m[10/27 12:53:35 d2.utils.events]: [0m eta: 0:30:13  iter: 3599  total_loss: 0.9358  loss_cls: 0.1204  loss_box_reg: 0.3016  loss_mask: 0.1752  loss_rpn_cls: 0.0927  loss_rpn_loc: 0.2241  time: 0.1598  data_time: 0.0175  lr: 0.003  max_mem: 1826M
[32m[10/27 12:53:39 d2.utils.events]: [0m eta: 0:30:10  iter: 3619  total_loss: 0.8794  loss_cls: 0.1124  loss_box_reg: 0.3018  loss_mask: 0.1753  loss_rpn_cls: 0.06657  loss_rpn_loc: 0.2404  time: 0.1598  data_time: 0.0182  lr: 0.003  max_mem: 1826M
[32m[10/27 12:53:42 d2.utils.events]: [0m eta: 0:30:08  iter: 3639  total_loss: 0.8766  loss_cls: 0.101  loss_box_reg: 0.321  loss_mask: 0.171  loss_rpn_cls: 0.06638  loss_rpn_loc: 0.2265  time: 0.1599  data_time: 0.0175  lr: 0.003  max_mem: 1826M
[32m[10/27 12:53:45 d2.utils.events]: [0m eta: 0:30:04  iter: 3659  total_loss: 0.8973  loss_cls: 0.1168  loss_box_reg: 0.3175  loss_mask: 0.1686  loss_rpn_cls: 0.07306  loss_rpn_loc: 0.212  time: 0.1598  data_time: 0.0176  lr: 0.003  max_mem: 1826M
[32m[10/27 12:53:48 d2.utils.events]: [0m eta: 0:30:00  iter: 3679  total_loss: 0.8663  loss_cls: 0.1192  loss_box_reg: 0.3147  loss_mask: 0.1645  loss_rpn_cls: 0.08126  loss_rpn_loc: 0.201  time: 0.1598  data_time: 0.0171  lr: 0.003  max_mem: 1826M
[32m[10/27 12:53:52 d2.utils.events]: [0m eta: 0:29:58  iter: 3699  total_loss: 0.8466  loss_cls: 0.116  loss_box_reg: 0.3012  loss_mask: 0.1623  loss_rpn_cls: 0.09559  loss_rpn_loc: 0.2043  time: 0.1598  data_time: 0.0179  lr: 0.003  max_mem: 1826M
[32m[10/27 12:53:55 d2.utils.events]: [0m eta: 0:29:54  iter: 3719  total_loss: 0.9567  loss_cls: 0.1227  loss_box_reg: 0.327  loss_mask: 0.1783  loss_rpn_cls: 0.06401  loss_rpn_loc: 0.2299  time: 0.1599  data_time: 0.0176  lr: 0.003  max_mem: 1826M
[32m[10/27 12:53:58 d2.utils.events]: [0m eta: 0:29:51  iter: 3739  total_loss: 0.9205  loss_cls: 0.1139  loss_box_reg: 0.3245  loss_mask: 0.1693  loss_rpn_cls: 0.07459  loss_rpn_loc: 0.2192  time: 0.1599  data_time: 0.0175  lr: 0.003  max_mem: 1826M
[32m[10/27 12:54:01 d2.utils.events]: [0m eta: 0:29:51  iter: 3759  total_loss: 0.8867  loss_cls: 0.1149  loss_box_reg: 0.316  loss_mask: 0.1678  loss_rpn_cls: 0.0783  loss_rpn_loc: 0.209  time: 0.1599  data_time: 0.0167  lr: 0.003  max_mem: 1826M
[32m[10/27 12:54:05 d2.utils.events]: [0m eta: 0:29:46  iter: 3779  total_loss: 0.8693  loss_cls: 0.1119  loss_box_reg: 0.3009  loss_mask: 0.1636  loss_rpn_cls: 0.06326  loss_rpn_loc: 0.2178  time: 0.1599  data_time: 0.0170  lr: 0.003  max_mem: 1826M
[32m[10/27 12:54:08 d2.utils.events]: [0m eta: 0:29:44  iter: 3799  total_loss: 0.9171  loss_cls: 0.1138  loss_box_reg: 0.3117  loss_mask: 0.1647  loss_rpn_cls: 0.07617  loss_rpn_loc: 0.2234  time: 0.1599  data_time: 0.0185  lr: 0.003  max_mem: 1826M
[32m[10/27 12:54:11 d2.utils.events]: [0m eta: 0:29:40  iter: 3819  total_loss: 0.8899  loss_cls: 0.11  loss_box_reg: 0.3029  loss_mask: 0.1693  loss_rpn_cls: 0.07574  loss_rpn_loc: 0.2097  time: 0.1599  data_time: 0.0171  lr: 0.003  max_mem: 1826M
[32m[10/27 12:54:14 d2.utils.events]: [0m eta: 0:29:37  iter: 3839  total_loss: 0.9127  loss_cls: 0.109  loss_box_reg: 0.2977  loss_mask: 0.1686  loss_rpn_cls: 0.07781  loss_rpn_loc: 0.2334  time: 0.1599  data_time: 0.0178  lr: 0.003  max_mem: 1826M
[32m[10/27 12:54:18 d2.utils.events]: [0m eta: 0:29:36  iter: 3859  total_loss: 0.8471  loss_cls: 0.1146  loss_box_reg: 0.301  loss_mask: 0.1637  loss_rpn_cls: 0.07028  loss_rpn_loc: 0.2007  time: 0.1600  data_time: 0.0177  lr: 0.003  max_mem: 1826M
[32m[10/27 12:54:21 d2.utils.events]: [0m eta: 0:29:34  iter: 3879  total_loss: 0.8683  loss_cls: 0.1029  loss_box_reg: 0.2992  loss_mask: 0.1639  loss_rpn_cls: 0.07617  loss_rpn_loc: 0.2074  time: 0.1600  data_time: 0.0179  lr: 0.003  max_mem: 1826M
[32m[10/27 12:54:24 d2.utils.events]: [0m eta: 0:29:31  iter: 3899  total_loss: 0.8202  loss_cls: 0.09833  loss_box_reg: 0.2963  loss_mask: 0.1708  loss_rpn_cls: 0.07294  loss_rpn_loc: 0.2011  time: 0.1600  data_time: 0.0176  lr: 0.003  max_mem: 1826M
[32m[10/27 12:54:28 d2.utils.events]: [0m eta: 0:29:27  iter: 3919  total_loss: 0.896  loss_cls: 0.1052  loss_box_reg: 0.3186  loss_mask: 0.1709  loss_rpn_cls: 0.06357  loss_rpn_loc: 0.2277  time: 0.1600  data_time: 0.0181  lr: 0.003  max_mem: 1826M
[32m[10/27 12:54:31 d2.utils.events]: [0m eta: 0:29:25  iter: 3939  total_loss: 0.8753  loss_cls: 0.1119  loss_box_reg: 0.3027  loss_mask: 0.1635  loss_rpn_cls: 0.05905  loss_rpn_loc: 0.2154  time: 0.1600  data_time: 0.0178  lr: 0.003  max_mem: 1826M
[32m[10/27 12:54:34 d2.utils.events]: [0m eta: 0:29:23  iter: 3959  total_loss: 0.885  loss_cls: 0.1077  loss_box_reg: 0.322  loss_mask: 0.1645  loss_rpn_cls: 0.06464  loss_rpn_loc: 0.2086  time: 0.1600  data_time: 0.0177  lr: 0.003  max_mem: 1826M
[32m[10/27 12:54:37 d2.utils.events]: [0m eta: 0:29:20  iter: 3979  total_loss: 0.816  loss_cls: 0.1072  loss_box_reg: 0.3191  loss_mask: 0.1685  loss_rpn_cls: 0.06655  loss_rpn_loc: 0.2053  time: 0.1600  data_time: 0.0173  lr: 0.003  max_mem: 1826M
[32m[10/27 12:54:42 d2.utils.events]: [0m eta: 0:29:16  iter: 3999  total_loss: 0.9115  loss_cls: 0.1048  loss_box_reg: 0.2915  loss_mask: 0.1643  loss_rpn_cls: 0.07536  loss_rpn_loc: 0.2165  time: 0.1600  data_time: 0.0167  lr: 0.003  max_mem: 1826M
[32m[10/27 12:54:45 d2.utils.events]: [0m eta: 0:29:14  iter: 4019  total_loss: 0.9337  loss_cls: 0.116  loss_box_reg: 0.344  loss_mask: 0.1647  loss_rpn_cls: 0.07014  loss_rpn_loc: 0.2251  time: 0.1601  data_time: 0.0099  lr: 0.003  max_mem: 1826M
[32m[10/27 12:54:49 d2.utils.events]: [0m eta: 0:29:12  iter: 4039  total_loss: 0.885  loss_cls: 0.1184  loss_box_reg: 0.3228  loss_mask: 0.1656  loss_rpn_cls: 0.05452  loss_rpn_loc: 0.2082  time: 0.1602  data_time: 0.0121  lr: 0.003  max_mem: 1826M
[32m[10/27 12:54:52 d2.utils.events]: [0m eta: 0:29:08  iter: 4059  total_loss: 0.8911  loss_cls: 0.1238  loss_box_reg: 0.337  loss_mask: 0.1635  loss_rpn_cls: 0.06838  loss_rpn_loc: 0.2053  time: 0.1601  data_time: 0.0161  lr: 0.003  max_mem: 1826M
[32m[10/27 12:54:55 d2.utils.events]: [0m eta: 0:29:07  iter: 4079  total_loss: 0.8092  loss_cls: 0.1181  loss_box_reg: 0.2942  loss_mask: 0.1572  loss_rpn_cls: 0.06427  loss_rpn_loc: 0.2045  time: 0.1601  data_time: 0.0174  lr: 0.003  max_mem: 1826M
[32m[10/27 12:54:58 d2.utils.events]: [0m eta: 0:29:06  iter: 4099  total_loss: 0.8365  loss_cls: 0.09852  loss_box_reg: 0.2907  loss_mask: 0.1583  loss_rpn_cls: 0.06848  loss_rpn_loc: 0.197  time: 0.1602  data_time: 0.0181  lr: 0.003  max_mem: 1826M
[32m[10/27 12:55:02 d2.utils.events]: [0m eta: 0:29:03  iter: 4119  total_loss: 0.8499  loss_cls: 0.09928  loss_box_reg: 0.2983  loss_mask: 0.1618  loss_rpn_cls: 0.08058  loss_rpn_loc: 0.2063  time: 0.1601  data_time: 0.0176  lr: 0.003  max_mem: 1826M
[32m[10/27 12:55:05 d2.utils.events]: [0m eta: 0:29:01  iter: 4139  total_loss: 0.8779  loss_cls: 0.106  loss_box_reg: 0.293  loss_mask: 0.1576  loss_rpn_cls: 0.06597  loss_rpn_loc: 0.1981  time: 0.1602  data_time: 0.0177  lr: 0.003  max_mem: 1826M
[32m[10/27 12:55:08 d2.utils.events]: [0m eta: 0:28:58  iter: 4159  total_loss: 0.8177  loss_cls: 0.09569  loss_box_reg: 0.3003  loss_mask: 0.161  loss_rpn_cls: 0.05087  loss_rpn_loc: 0.2101  time: 0.1601  data_time: 0.0172  lr: 0.003  max_mem: 1826M
[32m[10/27 12:55:11 d2.utils.events]: [0m eta: 0:28:57  iter: 4179  total_loss: 0.8521  loss_cls: 0.1111  loss_box_reg: 0.2952  loss_mask: 0.1659  loss_rpn_cls: 0.06886  loss_rpn_loc: 0.2148  time: 0.1602  data_time: 0.0182  lr: 0.003  max_mem: 1826M
[32m[10/27 12:55:14 d2.utils.events]: [0m eta: 0:28:54  iter: 4199  total_loss: 0.908  loss_cls: 0.1159  loss_box_reg: 0.3092  loss_mask: 0.1683  loss_rpn_cls: 0.06034  loss_rpn_loc: 0.2175  time: 0.1602  data_time: 0.0178  lr: 0.003  max_mem: 1826M
[32m[10/27 12:55:18 d2.utils.events]: [0m eta: 0:28:53  iter: 4219  total_loss: 0.8801  loss_cls: 0.123  loss_box_reg: 0.3221  loss_mask: 0.1704  loss_rpn_cls: 0.07263  loss_rpn_loc: 0.2036  time: 0.1602  data_time: 0.0169  lr: 0.003  max_mem: 1826M
[32m[10/27 12:55:21 d2.utils.events]: [0m eta: 0:28:50  iter: 4239  total_loss: 0.9115  loss_cls: 0.1114  loss_box_reg: 0.2947  loss_mask: 0.1705  loss_rpn_cls: 0.06248  loss_rpn_loc: 0.2155  time: 0.1602  data_time: 0.0167  lr: 0.003  max_mem: 1826M
[32m[10/27 12:55:24 d2.utils.events]: [0m eta: 0:28:46  iter: 4259  total_loss: 0.8187  loss_cls: 0.1053  loss_box_reg: 0.2904  loss_mask: 0.1645  loss_rpn_cls: 0.07032  loss_rpn_loc: 0.1961  time: 0.1602  data_time: 0.0180  lr: 0.003  max_mem: 1826M
[32m[10/27 12:55:27 d2.utils.events]: [0m eta: 0:28:44  iter: 4279  total_loss: 0.8706  loss_cls: 0.1206  loss_box_reg: 0.301  loss_mask: 0.1574  loss_rpn_cls: 0.0912  loss_rpn_loc: 0.2031  time: 0.1602  data_time: 0.0182  lr: 0.003  max_mem: 1826M
[32m[10/27 12:55:31 d2.utils.events]: [0m eta: 0:28:39  iter: 4299  total_loss: 0.8313  loss_cls: 0.1116  loss_box_reg: 0.3079  loss_mask: 0.1684  loss_rpn_cls: 0.07535  loss_rpn_loc: 0.2079  time: 0.1602  data_time: 0.0167  lr: 0.003  max_mem: 1826M
[32m[10/27 12:55:34 d2.utils.events]: [0m eta: 0:28:36  iter: 4319  total_loss: 0.842  loss_cls: 0.1024  loss_box_reg: 0.3034  loss_mask: 0.1569  loss_rpn_cls: 0.07113  loss_rpn_loc: 0.2191  time: 0.1602  data_time: 0.0186  lr: 0.003  max_mem: 1826M
[32m[10/27 12:55:37 d2.utils.events]: [0m eta: 0:28:33  iter: 4339  total_loss: 0.9053  loss_cls: 0.1154  loss_box_reg: 0.3165  loss_mask: 0.1679  loss_rpn_cls: 0.0691  loss_rpn_loc: 0.2128  time: 0.1602  data_time: 0.0161  lr: 0.003  max_mem: 1826M
[32m[10/27 12:55:41 d2.utils.events]: [0m eta: 0:28:29  iter: 4359  total_loss: 0.8447  loss_cls: 0.1198  loss_box_reg: 0.3018  loss_mask: 0.1615  loss_rpn_cls: 0.05398  loss_rpn_loc: 0.1979  time: 0.1602  data_time: 0.0181  lr: 0.003  max_mem: 1826M
[32m[10/27 12:55:44 d2.utils.events]: [0m eta: 0:28:26  iter: 4379  total_loss: 0.8444  loss_cls: 0.1071  loss_box_reg: 0.3012  loss_mask: 0.1584  loss_rpn_cls: 0.07069  loss_rpn_loc: 0.2065  time: 0.1602  data_time: 0.0159  lr: 0.003  max_mem: 1826M
[32m[10/27 12:55:47 d2.utils.events]: [0m eta: 0:28:23  iter: 4399  total_loss: 0.8706  loss_cls: 0.1031  loss_box_reg: 0.3074  loss_mask: 0.1592  loss_rpn_cls: 0.04922  loss_rpn_loc: 0.2123  time: 0.1602  data_time: 0.0179  lr: 0.003  max_mem: 1826M
[32m[10/27 12:55:50 d2.utils.events]: [0m eta: 0:28:20  iter: 4419  total_loss: 0.9374  loss_cls: 0.1142  loss_box_reg: 0.3129  loss_mask: 0.1773  loss_rpn_cls: 0.05702  loss_rpn_loc: 0.2328  time: 0.1602  data_time: 0.0178  lr: 0.003  max_mem: 1826M
[32m[10/27 12:55:54 d2.utils.events]: [0m eta: 0:28:17  iter: 4439  total_loss: 0.9027  loss_cls: 0.125  loss_box_reg: 0.3142  loss_mask: 0.1708  loss_rpn_cls: 0.06807  loss_rpn_loc: 0.2213  time: 0.1602  data_time: 0.0171  lr: 0.003  max_mem: 1826M
[32m[10/27 12:55:57 d2.utils.events]: [0m eta: 0:28:15  iter: 4459  total_loss: 0.8097  loss_cls: 0.1171  loss_box_reg: 0.2881  loss_mask: 0.1617  loss_rpn_cls: 0.06293  loss_rpn_loc: 0.2084  time: 0.1602  data_time: 0.0180  lr: 0.003  max_mem: 1826M
[32m[10/27 12:56:00 d2.utils.events]: [0m eta: 0:28:11  iter: 4479  total_loss: 0.8082  loss_cls: 0.1063  loss_box_reg: 0.2856  loss_mask: 0.1565  loss_rpn_cls: 0.07552  loss_rpn_loc: 0.2077  time: 0.1602  data_time: 0.0176  lr: 0.003  max_mem: 1826M
[32m[10/27 12:56:04 d2.utils.events]: [0m eta: 0:28:08  iter: 4499  total_loss: 0.8005  loss_cls: 0.1025  loss_box_reg: 0.2733  loss_mask: 0.1563  loss_rpn_cls: 0.06221  loss_rpn_loc: 0.1978  time: 0.1602  data_time: 0.0167  lr: 0.003  max_mem: 1826M
[32m[10/27 12:56:07 d2.utils.events]: [0m eta: 0:28:05  iter: 4519  total_loss: 0.8399  loss_cls: 0.1068  loss_box_reg: 0.3081  loss_mask: 0.1808  loss_rpn_cls: 0.05681  loss_rpn_loc: 0.2014  time: 0.1602  data_time: 0.0183  lr: 0.003  max_mem: 1826M
[32m[10/27 12:56:10 d2.utils.events]: [0m eta: 0:28:02  iter: 4539  total_loss: 0.8371  loss_cls: 0.1122  loss_box_reg: 0.298  loss_mask: 0.1596  loss_rpn_cls: 0.05667  loss_rpn_loc: 0.2061  time: 0.1602  data_time: 0.0171  lr: 0.003  max_mem: 1826M
[32m[10/27 12:56:13 d2.utils.events]: [0m eta: 0:28:00  iter: 4559  total_loss: 0.802  loss_cls: 0.1013  loss_box_reg: 0.2868  loss_mask: 0.1719  loss_rpn_cls: 0.07632  loss_rpn_loc: 0.1866  time: 0.1602  data_time: 0.0177  lr: 0.003  max_mem: 1826M
[32m[10/27 12:56:16 d2.utils.events]: [0m eta: 0:27:55  iter: 4579  total_loss: 0.8032  loss_cls: 0.1023  loss_box_reg: 0.2945  loss_mask: 0.16  loss_rpn_cls: 0.05187  loss_rpn_loc: 0.1984  time: 0.1602  data_time: 0.0166  lr: 0.003  max_mem: 1826M
[32m[10/27 12:56:20 d2.utils.events]: [0m eta: 0:27:52  iter: 4599  total_loss: 0.8542  loss_cls: 0.09593  loss_box_reg: 0.2966  loss_mask: 0.1691  loss_rpn_cls: 0.05934  loss_rpn_loc: 0.2161  time: 0.1602  data_time: 0.0177  lr: 0.003  max_mem: 1826M
[32m[10/27 12:56:23 d2.utils.events]: [0m eta: 0:27:48  iter: 4619  total_loss: 0.8258  loss_cls: 0.09859  loss_box_reg: 0.3037  loss_mask: 0.1683  loss_rpn_cls: 0.0544  loss_rpn_loc: 0.2117  time: 0.1602  data_time: 0.0170  lr: 0.003  max_mem: 1826M
[32m[10/27 12:56:26 d2.utils.events]: [0m eta: 0:27:43  iter: 4639  total_loss: 0.7867  loss_cls: 0.09318  loss_box_reg: 0.2744  loss_mask: 0.1578  loss_rpn_cls: 0.05668  loss_rpn_loc: 0.21  time: 0.1602  data_time: 0.0173  lr: 0.003  max_mem: 1826M
[32m[10/27 12:56:29 d2.utils.events]: [0m eta: 0:27:38  iter: 4659  total_loss: 0.803  loss_cls: 0.09499  loss_box_reg: 0.2744  loss_mask: 0.1583  loss_rpn_cls: 0.05316  loss_rpn_loc: 0.1956  time: 0.1601  data_time: 0.0161  lr: 0.003  max_mem: 1826M
[32m[10/27 12:56:33 d2.utils.events]: [0m eta: 0:27:36  iter: 4679  total_loss: 0.8414  loss_cls: 0.09305  loss_box_reg: 0.2891  loss_mask: 0.1626  loss_rpn_cls: 0.06704  loss_rpn_loc: 0.2042  time: 0.1602  data_time: 0.0175  lr: 0.003  max_mem: 1826M
[32m[10/27 12:56:36 d2.utils.events]: [0m eta: 0:27:32  iter: 4699  total_loss: 0.8071  loss_cls: 0.09073  loss_box_reg: 0.264  loss_mask: 0.1531  loss_rpn_cls: 0.05551  loss_rpn_loc: 0.1939  time: 0.1602  data_time: 0.0177  lr: 0.003  max_mem: 1826M
[32m[10/27 12:56:39 d2.utils.events]: [0m eta: 0:27:28  iter: 4719  total_loss: 0.7892  loss_cls: 0.1021  loss_box_reg: 0.2849  loss_mask: 0.1487  loss_rpn_cls: 0.04173  loss_rpn_loc: 0.1912  time: 0.1601  data_time: 0.0175  lr: 0.003  max_mem: 1826M
[32m[10/27 12:56:42 d2.utils.events]: [0m eta: 0:27:24  iter: 4739  total_loss: 0.8271  loss_cls: 0.09765  loss_box_reg: 0.264  loss_mask: 0.1472  loss_rpn_cls: 0.06303  loss_rpn_loc: 0.2  time: 0.1601  data_time: 0.0166  lr: 0.003  max_mem: 1826M
[32m[10/27 12:56:45 d2.utils.events]: [0m eta: 0:27:19  iter: 4759  total_loss: 0.8006  loss_cls: 0.09163  loss_box_reg: 0.2666  loss_mask: 0.1563  loss_rpn_cls: 0.07662  loss_rpn_loc: 0.2025  time: 0.1601  data_time: 0.0174  lr: 0.003  max_mem: 1826M
[32m[10/27 12:56:48 d2.utils.events]: [0m eta: 0:27:16  iter: 4779  total_loss: 0.7752  loss_cls: 0.1026  loss_box_reg: 0.2801  loss_mask: 0.1569  loss_rpn_cls: 0.045  loss_rpn_loc: 0.2036  time: 0.1601  data_time: 0.0168  lr: 0.003  max_mem: 1826M
[32m[10/27 12:56:52 d2.utils.events]: [0m eta: 0:27:11  iter: 4799  total_loss: 0.7783  loss_cls: 0.09426  loss_box_reg: 0.268  loss_mask: 0.1481  loss_rpn_cls: 0.05256  loss_rpn_loc: 0.1965  time: 0.1601  data_time: 0.0167  lr: 0.003  max_mem: 1826M
[32m[10/27 12:56:55 d2.utils.events]: [0m eta: 0:27:06  iter: 4819  total_loss: 0.7775  loss_cls: 0.09364  loss_box_reg: 0.2616  loss_mask: 0.1551  loss_rpn_cls: 0.06627  loss_rpn_loc: 0.1897  time: 0.1601  data_time: 0.0165  lr: 0.003  max_mem: 1826M
[32m[10/27 12:56:58 d2.utils.events]: [0m eta: 0:27:03  iter: 4839  total_loss: 0.7196  loss_cls: 0.09504  loss_box_reg: 0.2618  loss_mask: 0.1545  loss_rpn_cls: 0.05999  loss_rpn_loc: 0.1785  time: 0.1601  data_time: 0.0177  lr: 0.003  max_mem: 1826M
[32m[10/27 12:57:01 d2.utils.events]: [0m eta: 0:26:58  iter: 4859  total_loss: 0.8242  loss_cls: 0.102  loss_box_reg: 0.2777  loss_mask: 0.1651  loss_rpn_cls: 0.05901  loss_rpn_loc: 0.2006  time: 0.1601  data_time: 0.0171  lr: 0.003  max_mem: 1826M
[32m[10/27 12:57:04 d2.utils.events]: [0m eta: 0:26:53  iter: 4879  total_loss: 0.7612  loss_cls: 0.09476  loss_box_reg: 0.2681  loss_mask: 0.1542  loss_rpn_cls: 0.05337  loss_rpn_loc: 0.1891  time: 0.1600  data_time: 0.0161  lr: 0.003  max_mem: 1826M
[32m[10/27 12:57:07 d2.utils.events]: [0m eta: 0:26:49  iter: 4899  total_loss: 0.8302  loss_cls: 0.102  loss_box_reg: 0.2759  loss_mask: 0.1631  loss_rpn_cls: 0.05958  loss_rpn_loc: 0.2136  time: 0.1600  data_time: 0.0161  lr: 0.003  max_mem: 1826M
[32m[10/27 12:57:10 d2.utils.events]: [0m eta: 0:26:45  iter: 4919  total_loss: 0.8009  loss_cls: 0.1042  loss_box_reg: 0.2753  loss_mask: 0.1613  loss_rpn_cls: 0.05858  loss_rpn_loc: 0.1953  time: 0.1600  data_time: 0.0170  lr: 0.003  max_mem: 1826M
[32m[10/27 12:57:14 d2.utils.events]: [0m eta: 0:26:40  iter: 4939  total_loss: 0.7833  loss_cls: 0.09476  loss_box_reg: 0.2699  loss_mask: 0.148  loss_rpn_cls: 0.07623  loss_rpn_loc: 0.1895  time: 0.1600  data_time: 0.0172  lr: 0.003  max_mem: 1826M
[32m[10/27 12:57:17 d2.utils.events]: [0m eta: 0:26:36  iter: 4959  total_loss: 0.823  loss_cls: 0.09193  loss_box_reg: 0.2839  loss_mask: 0.1565  loss_rpn_cls: 0.0636  loss_rpn_loc: 0.2091  time: 0.1600  data_time: 0.0172  lr: 0.003  max_mem: 1826M
[32m[10/27 12:57:20 d2.utils.events]: [0m eta: 0:26:32  iter: 4979  total_loss: 0.8583  loss_cls: 0.1085  loss_box_reg: 0.2849  loss_mask: 0.1619  loss_rpn_cls: 0.05995  loss_rpn_loc: 0.2221  time: 0.1600  data_time: 0.0178  lr: 0.003  max_mem: 1826M
[32m[10/27 12:57:24 d2.utils.events]: [0m eta: 0:26:31  iter: 4999  total_loss: 0.7876  loss_cls: 0.1007  loss_box_reg: 0.295  loss_mask: 0.1518  loss_rpn_cls: 0.04952  loss_rpn_loc: 0.2069  time: 0.1600  data_time: 0.0180  lr: 0.003  max_mem: 1826M
[32m[10/27 12:57:28 d2.utils.events]: [0m eta: 0:26:28  iter: 5019  total_loss: 0.767  loss_cls: 0.1019  loss_box_reg: 0.2851  loss_mask: 0.149  loss_rpn_cls: 0.05098  loss_rpn_loc: 0.1871  time: 0.1600  data_time: 0.0095  lr: 0.003  max_mem: 1826M
[32m[10/27 12:57:31 d2.utils.events]: [0m eta: 0:26:24  iter: 5039  total_loss: 0.8312  loss_cls: 0.09067  loss_box_reg: 0.2828  loss_mask: 0.1569  loss_rpn_cls: 0.06136  loss_rpn_loc: 0.1982  time: 0.1600  data_time: 0.0147  lr: 0.003  max_mem: 1826M
[32m[10/27 12:57:34 d2.utils.events]: [0m eta: 0:26:22  iter: 5059  total_loss: 0.8046  loss_cls: 0.09727  loss_box_reg: 0.3034  loss_mask: 0.1661  loss_rpn_cls: 0.06257  loss_rpn_loc: 0.194  time: 0.1600  data_time: 0.0177  lr: 0.003  max_mem: 1826M
[32m[10/27 12:57:37 d2.utils.events]: [0m eta: 0:26:19  iter: 5079  total_loss: 0.7639  loss_cls: 0.08741  loss_box_reg: 0.2679  loss_mask: 0.1582  loss_rpn_cls: 0.05175  loss_rpn_loc: 0.1844  time: 0.1600  data_time: 0.0179  lr: 0.003  max_mem: 1826M
[32m[10/27 12:57:41 d2.utils.events]: [0m eta: 0:26:14  iter: 5099  total_loss: 0.7821  loss_cls: 0.104  loss_box_reg: 0.2722  loss_mask: 0.1576  loss_rpn_cls: 0.05796  loss_rpn_loc: 0.2025  time: 0.1601  data_time: 0.0179  lr: 0.003  max_mem: 1826M
[32m[10/27 12:57:44 d2.utils.events]: [0m eta: 0:26:11  iter: 5119  total_loss: 0.79  loss_cls: 0.08953  loss_box_reg: 0.2727  loss_mask: 0.1527  loss_rpn_cls: 0.05249  loss_rpn_loc: 0.1883  time: 0.1601  data_time: 0.0168  lr: 0.003  max_mem: 1826M
[32m[10/27 12:57:47 d2.utils.events]: [0m eta: 0:26:07  iter: 5139  total_loss: 0.7519  loss_cls: 0.08341  loss_box_reg: 0.2649  loss_mask: 0.1516  loss_rpn_cls: 0.06066  loss_rpn_loc: 0.1807  time: 0.1601  data_time: 0.0180  lr: 0.003  max_mem: 1826M
[32m[10/27 12:57:50 d2.utils.events]: [0m eta: 0:26:03  iter: 5159  total_loss: 0.7877  loss_cls: 0.09122  loss_box_reg: 0.2744  loss_mask: 0.1535  loss_rpn_cls: 0.06356  loss_rpn_loc: 0.2084  time: 0.1600  data_time: 0.0169  lr: 0.003  max_mem: 1826M
[32m[10/27 12:57:54 d2.utils.events]: [0m eta: 0:26:00  iter: 5179  total_loss: 0.7797  loss_cls: 0.08659  loss_box_reg: 0.2683  loss_mask: 0.1523  loss_rpn_cls: 0.06223  loss_rpn_loc: 0.1925  time: 0.1601  data_time: 0.0184  lr: 0.003  max_mem: 1826M
[32m[10/27 12:57:57 d2.utils.events]: [0m eta: 0:25:57  iter: 5199  total_loss: 0.789  loss_cls: 0.0911  loss_box_reg: 0.2961  loss_mask: 0.1524  loss_rpn_cls: 0.05506  loss_rpn_loc: 0.2028  time: 0.1601  data_time: 0.0168  lr: 0.003  max_mem: 1826M
[32m[10/27 12:58:00 d2.utils.events]: [0m eta: 0:25:53  iter: 5219  total_loss: 0.7643  loss_cls: 0.09888  loss_box_reg: 0.2704  loss_mask: 0.1549  loss_rpn_cls: 0.06673  loss_rpn_loc: 0.1963  time: 0.1601  data_time: 0.0171  lr: 0.003  max_mem: 1826M
[32m[10/27 12:58:03 d2.utils.events]: [0m eta: 0:25:50  iter: 5239  total_loss: 0.8036  loss_cls: 0.1004  loss_box_reg: 0.2729  loss_mask: 0.1546  loss_rpn_cls: 0.06039  loss_rpn_loc: 0.1976  time: 0.1601  data_time: 0.0177  lr: 0.003  max_mem: 1826M
[32m[10/27 12:58:07 d2.utils.events]: [0m eta: 0:25:47  iter: 5259  total_loss: 0.7517  loss_cls: 0.07988  loss_box_reg: 0.2597  loss_mask: 0.1481  loss_rpn_cls: 0.05959  loss_rpn_loc: 0.1943  time: 0.1601  data_time: 0.0172  lr: 0.003  max_mem: 1826M
[32m[10/27 12:58:10 d2.utils.events]: [0m eta: 0:25:43  iter: 5279  total_loss: 0.8095  loss_cls: 0.09325  loss_box_reg: 0.2727  loss_mask: 0.162  loss_rpn_cls: 0.05555  loss_rpn_loc: 0.1882  time: 0.1601  data_time: 0.0180  lr: 0.003  max_mem: 1826M
[32m[10/27 12:58:13 d2.utils.events]: [0m eta: 0:25:39  iter: 5299  total_loss: 0.7913  loss_cls: 0.1018  loss_box_reg: 0.2717  loss_mask: 0.1498  loss_rpn_cls: 0.04921  loss_rpn_loc: 0.1894  time: 0.1601  data_time: 0.0181  lr: 0.003  max_mem: 1826M
[32m[10/27 12:58:17 d2.utils.events]: [0m eta: 0:25:38  iter: 5319  total_loss: 0.7204  loss_cls: 0.08728  loss_box_reg: 0.2625  loss_mask: 0.1505  loss_rpn_cls: 0.06857  loss_rpn_loc: 0.1826  time: 0.1601  data_time: 0.0175  lr: 0.003  max_mem: 1826M
[32m[10/27 12:58:20 d2.utils.events]: [0m eta: 0:25:33  iter: 5339  total_loss: 0.7878  loss_cls: 0.09258  loss_box_reg: 0.2671  loss_mask: 0.1548  loss_rpn_cls: 0.04785  loss_rpn_loc: 0.1931  time: 0.1601  data_time: 0.0163  lr: 0.003  max_mem: 1826M
[32m[10/27 12:58:23 d2.utils.events]: [0m eta: 0:25:30  iter: 5359  total_loss: 0.7215  loss_cls: 0.08269  loss_box_reg: 0.2711  loss_mask: 0.1485  loss_rpn_cls: 0.04343  loss_rpn_loc: 0.171  time: 0.1601  data_time: 0.0182  lr: 0.003  max_mem: 1826M
[32m[10/27 12:58:26 d2.utils.events]: [0m eta: 0:25:28  iter: 5379  total_loss: 0.7776  loss_cls: 0.09068  loss_box_reg: 0.2758  loss_mask: 0.1452  loss_rpn_cls: 0.05777  loss_rpn_loc: 0.1919  time: 0.1601  data_time: 0.0165  lr: 0.003  max_mem: 1826M
[32m[10/27 12:58:30 d2.utils.events]: [0m eta: 0:25:24  iter: 5399  total_loss: 0.7438  loss_cls: 0.1031  loss_box_reg: 0.2674  loss_mask: 0.1498  loss_rpn_cls: 0.04786  loss_rpn_loc: 0.1908  time: 0.1601  data_time: 0.0174  lr: 0.003  max_mem: 1826M
[32m[10/27 12:58:33 d2.utils.events]: [0m eta: 0:25:20  iter: 5419  total_loss: 0.8165  loss_cls: 0.09531  loss_box_reg: 0.2861  loss_mask: 0.1509  loss_rpn_cls: 0.05945  loss_rpn_loc: 0.2005  time: 0.1601  data_time: 0.0156  lr: 0.003  max_mem: 1826M
[32m[10/27 12:58:36 d2.utils.events]: [0m eta: 0:25:17  iter: 5439  total_loss: 0.7534  loss_cls: 0.07667  loss_box_reg: 0.2642  loss_mask: 0.1503  loss_rpn_cls: 0.05086  loss_rpn_loc: 0.1978  time: 0.1601  data_time: 0.0182  lr: 0.003  max_mem: 1826M
[32m[10/27 12:58:39 d2.utils.events]: [0m eta: 0:25:13  iter: 5459  total_loss: 0.7744  loss_cls: 0.09246  loss_box_reg: 0.2633  loss_mask: 0.1495  loss_rpn_cls: 0.06343  loss_rpn_loc: 0.1945  time: 0.1601  data_time: 0.0169  lr: 0.003  max_mem: 1826M
[32m[10/27 12:58:43 d2.utils.events]: [0m eta: 0:25:10  iter: 5479  total_loss: 0.7243  loss_cls: 0.08319  loss_box_reg: 0.2501  loss_mask: 0.1399  loss_rpn_cls: 0.05115  loss_rpn_loc: 0.1754  time: 0.1601  data_time: 0.0184  lr: 0.003  max_mem: 1826M
[32m[10/27 12:58:46 d2.utils.events]: [0m eta: 0:25:06  iter: 5499  total_loss: 0.7433  loss_cls: 0.08681  loss_box_reg: 0.2518  loss_mask: 0.1399  loss_rpn_cls: 0.07686  loss_rpn_loc: 0.1818  time: 0.1601  data_time: 0.0163  lr: 0.003  max_mem: 1826M
[32m[10/27 12:58:49 d2.utils.events]: [0m eta: 0:25:03  iter: 5519  total_loss: 0.76  loss_cls: 0.08518  loss_box_reg: 0.2434  loss_mask: 0.1421  loss_rpn_cls: 0.0697  loss_rpn_loc: 0.1873  time: 0.1601  data_time: 0.0182  lr: 0.003  max_mem: 1826M
[32m[10/27 12:58:53 d2.utils.events]: [0m eta: 0:25:00  iter: 5539  total_loss: 0.6929  loss_cls: 0.08759  loss_box_reg: 0.2549  loss_mask: 0.1447  loss_rpn_cls: 0.06209  loss_rpn_loc: 0.1775  time: 0.1601  data_time: 0.0171  lr: 0.003  max_mem: 1826M
[32m[10/27 12:58:56 d2.utils.events]: [0m eta: 0:24:57  iter: 5559  total_loss: 0.6919  loss_cls: 0.0739  loss_box_reg: 0.2534  loss_mask: 0.1466  loss_rpn_cls: 0.04763  loss_rpn_loc: 0.1738  time: 0.1601  data_time: 0.0175  lr: 0.003  max_mem: 1826M
[32m[10/27 12:58:59 d2.utils.events]: [0m eta: 0:24:55  iter: 5579  total_loss: 0.735  loss_cls: 0.08332  loss_box_reg: 0.2716  loss_mask: 0.1442  loss_rpn_cls: 0.04847  loss_rpn_loc: 0.1933  time: 0.1601  data_time: 0.0173  lr: 0.003  max_mem: 1826M
[32m[10/27 12:59:02 d2.utils.events]: [0m eta: 0:24:51  iter: 5599  total_loss: 0.7458  loss_cls: 0.08186  loss_box_reg: 0.2708  loss_mask: 0.1398  loss_rpn_cls: 0.05888  loss_rpn_loc: 0.1936  time: 0.1601  data_time: 0.0176  lr: 0.003  max_mem: 1826M
[32m[10/27 12:59:06 d2.utils.events]: [0m eta: 0:24:48  iter: 5619  total_loss: 0.7343  loss_cls: 0.081  loss_box_reg: 0.2555  loss_mask: 0.153  loss_rpn_cls: 0.05778  loss_rpn_loc: 0.1702  time: 0.1601  data_time: 0.0172  lr: 0.003  max_mem: 1826M
[32m[10/27 12:59:09 d2.utils.events]: [0m eta: 0:24:46  iter: 5639  total_loss: 0.7353  loss_cls: 0.08491  loss_box_reg: 0.2644  loss_mask: 0.1508  loss_rpn_cls: 0.05805  loss_rpn_loc: 0.1844  time: 0.1601  data_time: 0.0163  lr: 0.003  max_mem: 1826M
[32m[10/27 12:59:12 d2.utils.events]: [0m eta: 0:24:44  iter: 5659  total_loss: 0.7943  loss_cls: 0.09911  loss_box_reg: 0.2779  loss_mask: 0.1501  loss_rpn_cls: 0.06703  loss_rpn_loc: 0.1902  time: 0.1601  data_time: 0.0178  lr: 0.003  max_mem: 1826M
[32m[10/27 12:59:15 d2.utils.events]: [0m eta: 0:24:40  iter: 5679  total_loss: 0.8298  loss_cls: 0.0908  loss_box_reg: 0.285  loss_mask: 0.1605  loss_rpn_cls: 0.04715  loss_rpn_loc: 0.2051  time: 0.1601  data_time: 0.0174  lr: 0.003  max_mem: 1826M
[32m[10/27 12:59:18 d2.utils.events]: [0m eta: 0:24:37  iter: 5699  total_loss: 0.773  loss_cls: 0.08912  loss_box_reg: 0.2739  loss_mask: 0.1523  loss_rpn_cls: 0.05878  loss_rpn_loc: 0.2005  time: 0.1601  data_time: 0.0169  lr: 0.003  max_mem: 1826M
[32m[10/27 12:59:22 d2.utils.events]: [0m eta: 0:24:34  iter: 5719  total_loss: 0.7428  loss_cls: 0.0937  loss_box_reg: 0.2659  loss_mask: 0.1537  loss_rpn_cls: 0.05799  loss_rpn_loc: 0.1759  time: 0.1601  data_time: 0.0171  lr: 0.003  max_mem: 1826M
[32m[10/27 12:59:25 d2.utils.events]: [0m eta: 0:24:31  iter: 5739  total_loss: 0.7361  loss_cls: 0.0945  loss_box_reg: 0.263  loss_mask: 0.1555  loss_rpn_cls: 0.04591  loss_rpn_loc: 0.1924  time: 0.1601  data_time: 0.0170  lr: 0.003  max_mem: 1826M
[32m[10/27 12:59:28 d2.utils.events]: [0m eta: 0:24:28  iter: 5759  total_loss: 0.783  loss_cls: 0.09478  loss_box_reg: 0.2776  loss_mask: 0.152  loss_rpn_cls: 0.06597  loss_rpn_loc: 0.2012  time: 0.1601  data_time: 0.0163  lr: 0.003  max_mem: 1826M
[32m[10/27 12:59:31 d2.utils.events]: [0m eta: 0:24:25  iter: 5779  total_loss: 0.7937  loss_cls: 0.09791  loss_box_reg: 0.279  loss_mask: 0.1475  loss_rpn_cls: 0.05516  loss_rpn_loc: 0.2085  time: 0.1600  data_time: 0.0171  lr: 0.003  max_mem: 1826M
[32m[10/27 12:59:34 d2.utils.events]: [0m eta: 0:24:21  iter: 5799  total_loss: 0.7871  loss_cls: 0.09617  loss_box_reg: 0.2778  loss_mask: 0.1477  loss_rpn_cls: 0.06401  loss_rpn_loc: 0.1957  time: 0.1600  data_time: 0.0162  lr: 0.003  max_mem: 1826M
