Registered Datasets: ['satellite_Train', 'satellite_Val']
ddict info:
	path: ../../SALAS_Rep/../../../../../../../../ocean/projects/dmr200021p/sprice/initial_paper_complete_set/S02_02_SE1_300X18.png
	num_instances: 118
ddict info:
	path: ../../SALAS_Rep/../../../../../../../../ocean/projects/dmr200021p/sprice/initial_paper_complete_set/S06_03_SE1_500X75.png
	num_instances: 96
ddict info:
	path: ../../SALAS_Rep/../../../../../../../../ocean/projects/dmr200021p/sprice/initial_paper_complete_set/HP743_12S_500x.png
	num_instances: 31
ddict info:
	path: ../../SALAS_Rep/../../../../../../../../ocean/projects/dmr200021p/sprice/initial_paper_complete_set/S08_03_SE1_1000X03.png
	num_instances: 88
ddict info:
	path: ../../SALAS_Rep/../../../../../../../../ocean/projects/dmr200021p/sprice/initial_paper_complete_set/S06_01_SE1_500X67.png
	num_instances: 54
ddict info:
	path: ../../SALAS_Rep/../../../../../../../../ocean/projects/dmr200021p/sprice/initial_paper_complete_set/S04_02_SE1_1000X50.png
	num_instances: 45
ddict info:
	path: ../../SALAS_Rep/../../../../../../../../ocean/projects/dmr200021p/sprice/initial_paper_complete_set/S03_03_SE1_1250X41.png
	num_instances: 111
ddict info:
	path: ../../SALAS_Rep/../../../../../../../../ocean/projects/dmr200021p/sprice/initial_paper_complete_set/S02_01_SE1_300X14.png
	num_instances: 98
ddict info:
	path: ../../SALAS_Rep/../../../../../../../../ocean/projects/dmr200021p/sprice/initial_paper_complete_set/HP743_2S_250x.png
	num_instances: 49
Weights not found, weights will be downloaded from source: https://dl.fbaipublicfiles.com/detectron2/COCO-InstanceSegmentation/mask_rcnn_R_50_FPN_3x/137849600/model_final_f10217.pkl
[32m[10/27 12:47:48 d2.engine.defaults]: [0mModel:
GeneralizedRCNN(
  (backbone): FPN(
    (fpn_lateral2): Conv2d(256, 256, kernel_size=(1, 1), stride=(1, 1))
    (fpn_output2): Conv2d(256, 256, kernel_size=(3, 3), stride=(1, 1), padding=(1, 1))
    (fpn_lateral3): Conv2d(512, 256, kernel_size=(1, 1), stride=(1, 1))
    (fpn_output3): Conv2d(256, 256, kernel_size=(3, 3), stride=(1, 1), padding=(1, 1))
    (fpn_lateral4): Conv2d(1024, 256, kernel_size=(1, 1), stride=(1, 1))
    (fpn_output4): Conv2d(256, 256, kernel_size=(3, 3), stride=(1, 1), padding=(1, 1))
    (fpn_lateral5): Conv2d(2048, 256, kernel_size=(1, 1), stride=(1, 1))
    (fpn_output5): Conv2d(256, 256, kernel_size=(3, 3), stride=(1, 1), padding=(1, 1))
    (top_block): LastLevelMaxPool()
    (bottom_up): ResNet(
      (stem): BasicStem(
        (conv1): Conv2d(
          3, 64, kernel_size=(7, 7), stride=(2, 2), padding=(3, 3), bias=False
          (norm): FrozenBatchNorm2d(num_features=64, eps=1e-05)
        )
      )
      (res2): Sequential(
        (0): BottleneckBlock(
          (shortcut): Conv2d(
            64, 256, kernel_size=(1, 1), stride=(1, 1), bias=False
            (norm): FrozenBatchNorm2d(num_features=256, eps=1e-05)
          )
          (conv1): Conv2d(
            64, 64, kernel_size=(1, 1), stride=(1, 1), bias=False
            (norm): FrozenBatchNorm2d(num_features=64, eps=1e-05)
          )
          (conv2): Conv2d(
            64, 64, kernel_size=(3, 3), stride=(1, 1), padding=(1, 1), bias=False
            (norm): FrozenBatchNorm2d(num_features=64, eps=1e-05)
          )
          (conv3): Conv2d(
            64, 256, kernel_size=(1, 1), stride=(1, 1), bias=False
            (norm): FrozenBatchNorm2d(num_features=256, eps=1e-05)
          )
        )
        (1): BottleneckBlock(
          (conv1): Conv2d(
            256, 64, kernel_size=(1, 1), stride=(1, 1), bias=False
            (norm): FrozenBatchNorm2d(num_features=64, eps=1e-05)
          )
          (conv2): Conv2d(
            64, 64, kernel_size=(3, 3), stride=(1, 1), padding=(1, 1), bias=False
            (norm): FrozenBatchNorm2d(num_features=64, eps=1e-05)
          )
          (conv3): Conv2d(
            64, 256, kernel_size=(1, 1), stride=(1, 1), bias=False
            (norm): FrozenBatchNorm2d(num_features=256, eps=1e-05)
          )
        )
        (2): BottleneckBlock(
          (conv1): Conv2d(
            256, 64, kernel_size=(1, 1), stride=(1, 1), bias=False
            (norm): FrozenBatchNorm2d(num_features=64, eps=1e-05)
          )
          (conv2): Conv2d(
            64, 64, kernel_size=(3, 3), stride=(1, 1), padding=(1, 1), bias=False
            (norm): FrozenBatchNorm2d(num_features=64, eps=1e-05)
          )
          (conv3): Conv2d(
            64, 256, kernel_size=(1, 1), stride=(1, 1), bias=False
            (norm): FrozenBatchNorm2d(num_features=256, eps=1e-05)
          )
        )
      )
      (res3): Sequential(
        (0): BottleneckBlock(
          (shortcut): Conv2d(
            256, 512, kernel_size=(1, 1), stride=(2, 2), bias=False
            (norm): FrozenBatchNorm2d(num_features=512, eps=1e-05)
          )
          (conv1): Conv2d(
            256, 128, kernel_size=(1, 1), stride=(2, 2), bias=False
            (norm): FrozenBatchNorm2d(num_features=128, eps=1e-05)
          )
          (conv2): Conv2d(
            128, 128, kernel_size=(3, 3), stride=(1, 1), padding=(1, 1), bias=False
            (norm): FrozenBatchNorm2d(num_features=128, eps=1e-05)
          )
          (conv3): Conv2d(
            128, 512, kernel_size=(1, 1), stride=(1, 1), bias=False
            (norm): FrozenBatchNorm2d(num_features=512, eps=1e-05)
          )
        )
        (1): BottleneckBlock(
          (conv1): Conv2d(
            512, 128, kernel_size=(1, 1), stride=(1, 1), bias=False
            (norm): FrozenBatchNorm2d(num_features=128, eps=1e-05)
          )
          (conv2): Conv2d(
            128, 128, kernel_size=(3, 3), stride=(1, 1), padding=(1, 1), bias=False
            (norm): FrozenBatchNorm2d(num_features=128, eps=1e-05)
          )
          (conv3): Conv2d(
            128, 512, kernel_size=(1, 1), stride=(1, 1), bias=False
            (norm): FrozenBatchNorm2d(num_features=512, eps=1e-05)
          )
        )
        (2): BottleneckBlock(
          (conv1): Conv2d(
            512, 128, kernel_size=(1, 1), stride=(1, 1), bias=False
            (norm): FrozenBatchNorm2d(num_features=128, eps=1e-05)
          )
          (conv2): Conv2d(
            128, 128, kernel_size=(3, 3), stride=(1, 1), padding=(1, 1), bias=False
            (norm): FrozenBatchNorm2d(num_features=128, eps=1e-05)
          )
          (conv3): Conv2d(
            128, 512, kernel_size=(1, 1), stride=(1, 1), bias=False
            (norm): FrozenBatchNorm2d(num_features=512, eps=1e-05)
          )
        )
        (3): BottleneckBlock(
          (conv1): Conv2d(
            512, 128, kernel_size=(1, 1), stride=(1, 1), bias=False
            (norm): FrozenBatchNorm2d(num_features=128, eps=1e-05)
          )
          (conv2): Conv2d(
            128, 128, kernel_size=(3, 3), stride=(1, 1), padding=(1, 1), bias=False
            (norm): FrozenBatchNorm2d(num_features=128, eps=1e-05)
          )
          (conv3): Conv2d(
            128, 512, kernel_size=(1, 1), stride=(1, 1), bias=False
            (norm): FrozenBatchNorm2d(num_features=512, eps=1e-05)
          )
        )
      )
      (res4): Sequential(
        (0): BottleneckBlock(
          (shortcut): Conv2d(
            512, 1024, kernel_size=(1, 1), stride=(2, 2), bias=False
            (norm): FrozenBatchNorm2d(num_features=1024, eps=1e-05)
          )
          (conv1): Conv2d(
            512, 256, kernel_size=(1, 1), stride=(2, 2), bias=False
            (norm): FrozenBatchNorm2d(num_features=256, eps=1e-05)
          )
          (conv2): Conv2d(
            256, 256, kernel_size=(3, 3), stride=(1, 1), padding=(1, 1), bias=False
            (norm): FrozenBatchNorm2d(num_features=256, eps=1e-05)
          )
          (conv3): Conv2d(
            256, 1024, kernel_size=(1, 1), stride=(1, 1), bias=False
            (norm): FrozenBatchNorm2d(num_features=1024, eps=1e-05)
          )
        )
        (1): BottleneckBlock(
          (conv1): Conv2d(
            1024, 256, kernel_size=(1, 1), stride=(1, 1), bias=False
            (norm): FrozenBatchNorm2d(num_features=256, eps=1e-05)
          )
          (conv2): Conv2d(
            256, 256, kernel_size=(3, 3), stride=(1, 1), padding=(1, 1), bias=False
            (norm): FrozenBatchNorm2d(num_features=256, eps=1e-05)
          )
          (conv3): Conv2d(
            256, 1024, kernel_size=(1, 1), stride=(1, 1), bias=False
            (norm): FrozenBatchNorm2d(num_features=1024, eps=1e-05)
          )
        )
        (2): BottleneckBlock(
          (conv1): Conv2d(
            1024, 256, kernel_size=(1, 1), stride=(1, 1), bias=False
            (norm): FrozenBatchNorm2d(num_features=256, eps=1e-05)
          )
          (conv2): Conv2d(
            256, 256, kernel_size=(3, 3), stride=(1, 1), padding=(1, 1), bias=False
            (norm): FrozenBatchNorm2d(num_features=256, eps=1e-05)
          )
          (conv3): Conv2d(
            256, 1024, kernel_size=(1, 1), stride=(1, 1), bias=False
            (norm): FrozenBatchNorm2d(num_features=1024, eps=1e-05)
          )
        )
        (3): BottleneckBlock(
          (conv1): Conv2d(
            1024, 256, kernel_size=(1, 1), stride=(1, 1), bias=False
            (norm): FrozenBatchNorm2d(num_features=256, eps=1e-05)
          )
          (conv2): Conv2d(
            256, 256, kernel_size=(3, 3), stride=(1, 1), padding=(1, 1), bias=False
            (norm): FrozenBatchNorm2d(num_features=256, eps=1e-05)
          )
          (conv3): Conv2d(
            256, 1024, kernel_size=(1, 1), stride=(1, 1), bias=False
            (norm): FrozenBatchNorm2d(num_features=1024, eps=1e-05)
          )
        )
        (4): BottleneckBlock(
          (conv1): Conv2d(
            1024, 256, kernel_size=(1, 1), stride=(1, 1), bias=False
            (norm): FrozenBatchNorm2d(num_features=256, eps=1e-05)
          )
          (conv2): Conv2d(
            256, 256, kernel_size=(3, 3), stride=(1, 1), padding=(1, 1), bias=False
            (norm): FrozenBatchNorm2d(num_features=256, eps=1e-05)
          )
          (conv3): Conv2d(
            256, 1024, kernel_size=(1, 1), stride=(1, 1), bias=False
            (norm): FrozenBatchNorm2d(num_features=1024, eps=1e-05)
          )
        )
        (5): BottleneckBlock(
          (conv1): Conv2d(
            1024, 256, kernel_size=(1, 1), stride=(1, 1), bias=False
            (norm): FrozenBatchNorm2d(num_features=256, eps=1e-05)
          )
          (conv2): Conv2d(
            256, 256, kernel_size=(3, 3), stride=(1, 1), padding=(1, 1), bias=False
            (norm): FrozenBatchNorm2d(num_features=256, eps=1e-05)
          )
          (conv3): Conv2d(
            256, 1024, kernel_size=(1, 1), stride=(1, 1), bias=False
            (norm): FrozenBatchNorm2d(num_features=1024, eps=1e-05)
          )
        )
      )
      (res5): Sequential(
        (0): BottleneckBlock(
          (shortcut): Conv2d(
            1024, 2048, kernel_size=(1, 1), stride=(2, 2), bias=False
            (norm): FrozenBatchNorm2d(num_features=2048, eps=1e-05)
          )
          (conv1): Conv2d(
            1024, 512, kernel_size=(1, 1), stride=(2, 2), bias=False
            (norm): FrozenBatchNorm2d(num_features=512, eps=1e-05)
          )
          (conv2): Conv2d(
            512, 512, kernel_size=(3, 3), stride=(1, 1), padding=(1, 1), bias=False
            (norm): FrozenBatchNorm2d(num_features=512, eps=1e-05)
          )
          (conv3): Conv2d(
            512, 2048, kernel_size=(1, 1), stride=(1, 1), bias=False
            (norm): FrozenBatchNorm2d(num_features=2048, eps=1e-05)
          )
        )
        (1): BottleneckBlock(
          (conv1): Conv2d(
            2048, 512, kernel_size=(1, 1), stride=(1, 1), bias=False
            (norm): FrozenBatchNorm2d(num_features=512, eps=1e-05)
          )
          (conv2): Conv2d(
            512, 512, kernel_size=(3, 3), stride=(1, 1), padding=(1, 1), bias=False
            (norm): FrozenBatchNorm2d(num_features=512, eps=1e-05)
          )
          (conv3): Conv2d(
            512, 2048, kernel_size=(1, 1), stride=(1, 1), bias=False
            (norm): FrozenBatchNorm2d(num_features=2048, eps=1e-05)
          )
        )
        (2): BottleneckBlock(
          (conv1): Conv2d(
            2048, 512, kernel_size=(1, 1), stride=(1, 1), bias=False
            (norm): FrozenBatchNorm2d(num_features=512, eps=1e-05)
          )
          (conv2): Conv2d(
            512, 512, kernel_size=(3, 3), stride=(1, 1), padding=(1, 1), bias=False
            (norm): FrozenBatchNorm2d(num_features=512, eps=1e-05)
          )
          (conv3): Conv2d(
            512, 2048, kernel_size=(1, 1), stride=(1, 1), bias=False
            (norm): FrozenBatchNorm2d(num_features=2048, eps=1e-05)
          )
        )
      )
    )
  )
  (proposal_generator): RPN(
    (rpn_head): StandardRPNHead(
      (conv): Conv2d(256, 256, kernel_size=(3, 3), stride=(1, 1), padding=(1, 1))
      (objectness_logits): Conv2d(256, 3, kernel_size=(1, 1), stride=(1, 1))
      (anchor_deltas): Conv2d(256, 12, kernel_size=(1, 1), stride=(1, 1))
    )
    (anchor_generator): DefaultAnchorGenerator(
      (cell_anchors): BufferList()
    )
  )
  (roi_heads): StandardROIHeads(
    (box_pooler): ROIPooler(
      (level_poolers): ModuleList(
        (0): ROIAlign(output_size=(7, 7), spatial_scale=0.25, sampling_ratio=0, aligned=True)
        (1): ROIAlign(output_size=(7, 7), spatial_scale=0.125, sampling_ratio=0, aligned=True)
        (2): ROIAlign(output_size=(7, 7), spatial_scale=0.0625, sampling_ratio=0, aligned=True)
        (3): ROIAlign(output_size=(7, 7), spatial_scale=0.03125, sampling_ratio=0, aligned=True)
      )
    )
    (box_head): FastRCNNConvFCHead(
      (flatten): Flatten(start_dim=1, end_dim=-1)
      (fc1): Linear(in_features=12544, out_features=1024, bias=True)
      (fc_relu1): ReLU()
      (fc2): Linear(in_features=1024, out_features=1024, bias=True)
      (fc_relu2): ReLU()
    )
    (box_predictor): FastRCNNOutputLayers(
      (cls_score): Linear(in_features=1024, out_features=2, bias=True)
      (bbox_pred): Linear(in_features=1024, out_features=4, bias=True)
    )
    (mask_pooler): ROIPooler(
      (level_poolers): ModuleList(
        (0): ROIAlign(output_size=(14, 14), spatial_scale=0.25, sampling_ratio=0, aligned=True)
        (1): ROIAlign(output_size=(14, 14), spatial_scale=0.125, sampling_ratio=0, aligned=True)
        (2): ROIAlign(output_size=(14, 14), spatial_scale=0.0625, sampling_ratio=0, aligned=True)
        (3): ROIAlign(output_size=(14, 14), spatial_scale=0.03125, sampling_ratio=0, aligned=True)
      )
    )
    (mask_head): MaskRCNNConvUpsampleHead(
      (mask_fcn1): Conv2d(
        256, 256, kernel_size=(3, 3), stride=(1, 1), padding=(1, 1)
        (activation): ReLU()
      )
      (mask_fcn2): Conv2d(
        256, 256, kernel_size=(3, 3), stride=(1, 1), padding=(1, 1)
        (activation): ReLU()
      )
      (mask_fcn3): Conv2d(
        256, 256, kernel_size=(3, 3), stride=(1, 1), padding=(1, 1)
        (activation): ReLU()
      )
      (mask_fcn4): Conv2d(
        256, 256, kernel_size=(3, 3), stride=(1, 1), padding=(1, 1)
        (activation): ReLU()
      )
      (deconv): ConvTranspose2d(256, 256, kernel_size=(2, 2), stride=(2, 2))
      (deconv_relu): ReLU()
      (predictor): Conv2d(256, 1, kernel_size=(1, 1), stride=(1, 1))
    )
  )
)
[32m[10/27 12:47:48 d2.data.build]: [0mRemoved 0 images with no usable annotations. 20 images left.
[32m[10/27 12:47:48 d2.data.build]: [0mDistribution of instances among all 1 categories:
[36m|  category  | #instances   |
|:----------:|:-------------|
| satellite  | 1412         |
|            |              |[0m
[32m[10/27 12:47:48 d2.data.dataset_mapper]: [0m[DatasetMapper] Augmentations used in training: [ResizeShortestEdge(short_edge_length=(640, 672, 704, 736, 768, 800), max_size=1333, sample_style='choice'), RandomFlip()]
[32m[10/27 12:47:48 d2.data.build]: [0mUsing training sampler TrainingSampler
[32m[10/27 12:47:48 d2.data.common]: [0mSerializing 20 elements to byte tensors and concatenating them all ...
[32m[10/27 12:47:48 d2.data.common]: [0mSerialized dataset takes 0.46 MiB
[5m[31mWARNING[0m [32m[10/27 12:47:48 d2.solver.build]: [0mSOLVER.STEPS contains values larger than SOLVER.MAX_ITER. These values will be ignored.
[32m[10/27 12:47:48 d2.checkpoint.c2_model_loading]: [0mRenaming Caffe2 weights ......
[32m[10/27 12:47:48 d2.checkpoint.c2_model_loading]: [0mFollowing weights matched with submodule backbone.bottom_up:
| Names in Model    | Names in Checkpoint      | Shapes                                          |
|:------------------|:-------------------------|:------------------------------------------------|
| res2.0.conv1.*    | res2_0_branch2a_{bn_*,w} | (64,) (64,) (64,) (64,) (64,64,1,1)             |
| res2.0.conv2.*    | res2_0_branch2b_{bn_*,w} | (64,) (64,) (64,) (64,) (64,64,3,3)             |
| res2.0.conv3.*    | res2_0_branch2c_{bn_*,w} | (256,) (256,) (256,) (256,) (256,64,1,1)        |
| res2.0.shortcut.* | res2_0_branch1_{bn_*,w}  | (256,) (256,) (256,) (256,) (256,64,1,1)        |
| res2.1.conv1.*    | res2_1_branch2a_{bn_*,w} | (64,) (64,) (64,) (64,) (64,256,1,1)            |
| res2.1.conv2.*    | res2_1_branch2b_{bn_*,w} | (64,) (64,) (64,) (64,) (64,64,3,3)             |
| res2.1.conv3.*    | res2_1_branch2c_{bn_*,w} | (256,) (256,) (256,) (256,) (256,64,1,1)        |
| res2.2.conv1.*    | res2_2_branch2a_{bn_*,w} | (64,) (64,) (64,) (64,) (64,256,1,1)            |
| res2.2.conv2.*    | res2_2_branch2b_{bn_*,w} | (64,) (64,) (64,) (64,) (64,64,3,3)             |
| res2.2.conv3.*    | res2_2_branch2c_{bn_*,w} | (256,) (256,) (256,) (256,) (256,64,1,1)        |
| res3.0.conv1.*    | res3_0_branch2a_{bn_*,w} | (128,) (128,) (128,) (128,) (128,256,1,1)       |
| res3.0.conv2.*    | res3_0_branch2b_{bn_*,w} | (128,) (128,) (128,) (128,) (128,128,3,3)       |
| res3.0.conv3.*    | res3_0_branch2c_{bn_*,w} | (512,) (512,) (512,) (512,) (512,128,1,1)       |
| res3.0.shortcut.* | res3_0_branch1_{bn_*,w}  | (512,) (512,) (512,) (512,) (512,256,1,1)       |
| res3.1.conv1.*    | res3_1_branch2a_{bn_*,w} | (128,) (128,) (128,) (128,) (128,512,1,1)       |
| res3.1.conv2.*    | res3_1_branch2b_{bn_*,w} | (128,) (128,) (128,) (128,) (128,128,3,3)       |
| res3.1.conv3.*    | res3_1_branch2c_{bn_*,w} | (512,) (512,) (512,) (512,) (512,128,1,1)       |
| res3.2.conv1.*    | res3_2_branch2a_{bn_*,w} | (128,) (128,) (128,) (128,) (128,512,1,1)       |
| res3.2.conv2.*    | res3_2_branch2b_{bn_*,w} | (128,) (128,) (128,) (128,) (128,128,3,3)       |
| res3.2.conv3.*    | res3_2_branch2c_{bn_*,w} | (512,) (512,) (512,) (512,) (512,128,1,1)       |
| res3.3.conv1.*    | res3_3_branch2a_{bn_*,w} | (128,) (128,) (128,) (128,) (128,512,1,1)       |
| res3.3.conv2.*    | res3_3_branch2b_{bn_*,w} | (128,) (128,) (128,) (128,) (128,128,3,3)       |
| res3.3.conv3.*    | res3_3_branch2c_{bn_*,w} | (512,) (512,) (512,) (512,) (512,128,1,1)       |
| res4.0.conv1.*    | res4_0_branch2a_{bn_*,w} | (256,) (256,) (256,) (256,) (256,512,1,1)       |
| res4.0.conv2.*    | res4_0_branch2b_{bn_*,w} | (256,) (256,) (256,) (256,) (256,256,3,3)       |
| res4.0.conv3.*    | res4_0_branch2c_{bn_*,w} | (1024,) (1024,) (1024,) (1024,) (1024,256,1,1)  |
| res4.0.shortcut.* | res4_0_branch1_{bn_*,w}  | (1024,) (1024,) (1024,) (1024,) (1024,512,1,1)  |
| res4.1.conv1.*    | res4_1_branch2a_{bn_*,w} | (256,) (256,) (256,) (256,) (256,1024,1,1)      |
| res4.1.conv2.*    | res4_1_branch2b_{bn_*,w} | (256,) (256,) (256,) (256,) (256,256,3,3)       |
| res4.1.conv3.*    | res4_1_branch2c_{bn_*,w} | (1024,) (1024,) (1024,) (1024,) (1024,256,1,1)  |
| res4.2.conv1.*    | res4_2_branch2a_{bn_*,w} | (256,) (256,) (256,) (256,) (256,1024,1,1)      |
| res4.2.conv2.*    | res4_2_branch2b_{bn_*,w} | (256,) (256,) (256,) (256,) (256,256,3,3)       |
| res4.2.conv3.*    | res4_2_branch2c_{bn_*,w} | (1024,) (1024,) (1024,) (1024,) (1024,256,1,1)  |
| res4.3.conv1.*    | res4_3_branch2a_{bn_*,w} | (256,) (256,) (256,) (256,) (256,1024,1,1)      |
| res4.3.conv2.*    | res4_3_branch2b_{bn_*,w} | (256,) (256,) (256,) (256,) (256,256,3,3)       |
| res4.3.conv3.*    | res4_3_branch2c_{bn_*,w} | (1024,) (1024,) (1024,) (1024,) (1024,256,1,1)  |
| res4.4.conv1.*    | res4_4_branch2a_{bn_*,w} | (256,) (256,) (256,) (256,) (256,1024,1,1)      |
| res4.4.conv2.*    | res4_4_branch2b_{bn_*,w} | (256,) (256,) (256,) (256,) (256,256,3,3)       |
| res4.4.conv3.*    | res4_4_branch2c_{bn_*,w} | (1024,) (1024,) (1024,) (1024,) (1024,256,1,1)  |
| res4.5.conv1.*    | res4_5_branch2a_{bn_*,w} | (256,) (256,) (256,) (256,) (256,1024,1,1)      |
| res4.5.conv2.*    | res4_5_branch2b_{bn_*,w} | (256,) (256,) (256,) (256,) (256,256,3,3)       |
| res4.5.conv3.*    | res4_5_branch2c_{bn_*,w} | (1024,) (1024,) (1024,) (1024,) (1024,256,1,1)  |
| res5.0.conv1.*    | res5_0_branch2a_{bn_*,w} | (512,) (512,) (512,) (512,) (512,1024,1,1)      |
| res5.0.conv2.*    | res5_0_branch2b_{bn_*,w} | (512,) (512,) (512,) (512,) (512,512,3,3)       |
| res5.0.conv3.*    | res5_0_branch2c_{bn_*,w} | (2048,) (2048,) (2048,) (2048,) (2048,512,1,1)  |
| res5.0.shortcut.* | res5_0_branch1_{bn_*,w}  | (2048,) (2048,) (2048,) (2048,) (2048,1024,1,1) |
| res5.1.conv1.*    | res5_1_branch2a_{bn_*,w} | (512,) (512,) (512,) (512,) (512,2048,1,1)      |
| res5.1.conv2.*    | res5_1_branch2b_{bn_*,w} | (512,) (512,) (512,) (512,) (512,512,3,3)       |
| res5.1.conv3.*    | res5_1_branch2c_{bn_*,w} | (2048,) (2048,) (2048,) (2048,) (2048,512,1,1)  |
| res5.2.conv1.*    | res5_2_branch2a_{bn_*,w} | (512,) (512,) (512,) (512,) (512,2048,1,1)      |
| res5.2.conv2.*    | res5_2_branch2b_{bn_*,w} | (512,) (512,) (512,) (512,) (512,512,3,3)       |
| res5.2.conv3.*    | res5_2_branch2c_{bn_*,w} | (2048,) (2048,) (2048,) (2048,) (2048,512,1,1)  |
| stem.conv1.norm.* | res_conv1_bn_*           | (64,) (64,) (64,) (64,)                         |
| stem.conv1.weight | conv1_w                  | (64, 3, 7, 7)                                   |
[32m[10/27 12:47:48 d2.engine.train_loop]: [0mStarting training from iteration 0
/jet/home/sprice/.local/lib/python3.8/site-packages/torch/utils/data/dataloader.py:474: UserWarning: This DataLoader will create 4 worker processes in total. Our suggested max number of worker in current system is 1, which is smaller than what this DataLoader is going to create. Please be aware that excessive worker creation might get DataLoader running slow or even freeze, lower the worker number to avoid potential slowness/freeze if necessary.
  warnings.warn(_create_warning_msg(
[32m[10/27 12:47:54 d2.utils.events]: [0m eta: 0:35:59  iter: 19  total_loss: 3.266  loss_cls: 0.7051  loss_box_reg: 0.05619  loss_mask: 0.6724  loss_rpn_cls: 0.6713  loss_rpn_loc: 1.213  time: 0.1474  data_time: 0.1178  lr: 9.9905e-05  max_mem: 1825M
[32m[10/27 12:47:56 d2.utils.events]: [0m eta: 0:33:42  iter: 39  total_loss: 2.39  loss_cls: 0.3295  loss_box_reg: 0.01864  loss_mask: 0.6025  loss_rpn_cls: 0.6058  loss_rpn_loc: 0.8348  time: 0.1388  data_time: 0.0142  lr: 0.0001998  max_mem: 1825M
[32m[10/27 12:47:59 d2.utils.events]: [0m eta: 0:33:14  iter: 59  total_loss: 2.146  loss_cls: 0.2439  loss_box_reg: 0.03665  loss_mask: 0.5964  loss_rpn_cls: 0.5629  loss_rpn_loc: 0.6901  time: 0.1370  data_time: 0.0149  lr: 0.0002997  max_mem: 1825M
[32m[10/27 12:48:02 d2.utils.events]: [0m eta: 0:33:04  iter: 79  total_loss: 2.103  loss_cls: 0.2057  loss_box_reg: 0.06282  loss_mask: 0.57  loss_rpn_cls: 0.5725  loss_rpn_loc: 0.638  time: 0.1355  data_time: 0.0146  lr: 0.00039961  max_mem: 1825M
[32m[10/27 12:48:04 d2.utils.events]: [0m eta: 0:33:09  iter: 99  total_loss: 2.075  loss_cls: 0.2511  loss_box_reg: 0.1853  loss_mask: 0.5622  loss_rpn_cls: 0.5107  loss_rpn_loc: 0.5601  time: 0.1362  data_time: 0.0148  lr: 0.00049951  max_mem: 1825M
[32m[10/27 12:48:07 d2.utils.events]: [0m eta: 0:33:18  iter: 119  total_loss: 2.012  loss_cls: 0.2531  loss_box_reg: 0.2752  loss_mask: 0.5575  loss_rpn_cls: 0.4773  loss_rpn_loc: 0.5484  time: 0.1367  data_time: 0.0154  lr: 0.00059941  max_mem: 1825M
[32m[10/27 12:48:10 d2.utils.events]: [0m eta: 0:33:27  iter: 139  total_loss: 2.047  loss_cls: 0.2705  loss_box_reg: 0.3079  loss_mask: 0.544  loss_rpn_cls: 0.4324  loss_rpn_loc: 0.5383  time: 0.1367  data_time: 0.0153  lr: 0.0006993  max_mem: 1825M
[32m[10/27 12:48:13 d2.utils.events]: [0m eta: 0:33:36  iter: 159  total_loss: 2.122  loss_cls: 0.3091  loss_box_reg: 0.4148  loss_mask: 0.5235  loss_rpn_cls: 0.3859  loss_rpn_loc: 0.506  time: 0.1369  data_time: 0.0143  lr: 0.00079921  max_mem: 1825M
[32m[10/27 12:48:16 d2.utils.events]: [0m eta: 0:33:44  iter: 179  total_loss: 2.17  loss_cls: 0.294  loss_box_reg: 0.4158  loss_mask: 0.4977  loss_rpn_cls: 0.3422  loss_rpn_loc: 0.5403  time: 0.1373  data_time: 0.0150  lr: 0.00089911  max_mem: 1825M
[32m[10/27 12:48:18 d2.utils.events]: [0m eta: 0:33:48  iter: 199  total_loss: 2.024  loss_cls: 0.3159  loss_box_reg: 0.4409  loss_mask: 0.4563  loss_rpn_cls: 0.3036  loss_rpn_loc: 0.4733  time: 0.1378  data_time: 0.0153  lr: 0.000999  max_mem: 1825M
[32m[10/27 12:48:21 d2.utils.events]: [0m eta: 0:34:05  iter: 219  total_loss: 2  loss_cls: 0.2841  loss_box_reg: 0.4906  loss_mask: 0.4422  loss_rpn_cls: 0.3  loss_rpn_loc: 0.4636  time: 0.1385  data_time: 0.0148  lr: 0.0010989  max_mem: 1825M
[32m[10/27 12:48:24 d2.utils.events]: [0m eta: 0:34:11  iter: 239  total_loss: 1.964  loss_cls: 0.2938  loss_box_reg: 0.4696  loss_mask: 0.4223  loss_rpn_cls: 0.2743  loss_rpn_loc: 0.4417  time: 0.1387  data_time: 0.0151  lr: 0.0011988  max_mem: 1825M
[32m[10/27 12:48:27 d2.utils.events]: [0m eta: 0:34:15  iter: 259  total_loss: 1.854  loss_cls: 0.2624  loss_box_reg: 0.408  loss_mask: 0.3866  loss_rpn_cls: 0.2708  loss_rpn_loc: 0.4404  time: 0.1400  data_time: 0.0158  lr: 0.0012987  max_mem: 1825M
[32m[10/27 12:48:30 d2.utils.events]: [0m eta: 0:34:12  iter: 279  total_loss: 1.823  loss_cls: 0.2692  loss_box_reg: 0.4656  loss_mask: 0.3672  loss_rpn_cls: 0.2536  loss_rpn_loc: 0.434  time: 0.1400  data_time: 0.0148  lr: 0.0013986  max_mem: 1825M
[32m[10/27 12:48:33 d2.utils.events]: [0m eta: 0:34:07  iter: 299  total_loss: 1.754  loss_cls: 0.2398  loss_box_reg: 0.4163  loss_mask: 0.3697  loss_rpn_cls: 0.2632  loss_rpn_loc: 0.4354  time: 0.1403  data_time: 0.0165  lr: 0.0014985  max_mem: 1825M
[32m[10/27 12:48:36 d2.utils.events]: [0m eta: 0:34:03  iter: 319  total_loss: 1.778  loss_cls: 0.2723  loss_box_reg: 0.4324  loss_mask: 0.3596  loss_rpn_cls: 0.2463  loss_rpn_loc: 0.4356  time: 0.1403  data_time: 0.0139  lr: 0.0015984  max_mem: 1825M
[32m[10/27 12:48:39 d2.utils.events]: [0m eta: 0:34:00  iter: 339  total_loss: 1.798  loss_cls: 0.2526  loss_box_reg: 0.4788  loss_mask: 0.3617  loss_rpn_cls: 0.2322  loss_rpn_loc: 0.439  time: 0.1404  data_time: 0.0154  lr: 0.0016983  max_mem: 1825M
[32m[10/27 12:48:42 d2.utils.events]: [0m eta: 0:34:03  iter: 359  total_loss: 1.815  loss_cls: 0.2902  loss_box_reg: 0.5013  loss_mask: 0.3502  loss_rpn_cls: 0.1932  loss_rpn_loc: 0.4581  time: 0.1407  data_time: 0.0153  lr: 0.0017982  max_mem: 1825M
[32m[10/27 12:48:45 d2.utils.events]: [0m eta: 0:34:05  iter: 379  total_loss: 1.78  loss_cls: 0.2598  loss_box_reg: 0.4851  loss_mask: 0.3417  loss_rpn_cls: 0.2339  loss_rpn_loc: 0.4257  time: 0.1408  data_time: 0.0148  lr: 0.0018981  max_mem: 1825M
[32m[10/27 12:48:48 d2.utils.events]: [0m eta: 0:34:11  iter: 399  total_loss: 1.712  loss_cls: 0.2517  loss_box_reg: 0.4678  loss_mask: 0.3247  loss_rpn_cls: 0.2328  loss_rpn_loc: 0.4093  time: 0.1412  data_time: 0.0147  lr: 0.001998  max_mem: 1825M
[32m[10/27 12:48:51 d2.utils.events]: [0m eta: 0:34:10  iter: 419  total_loss: 1.751  loss_cls: 0.3159  loss_box_reg: 0.503  loss_mask: 0.3207  loss_rpn_cls: 0.2033  loss_rpn_loc: 0.3977  time: 0.1413  data_time: 0.0153  lr: 0.0020979  max_mem: 1825M
[32m[10/27 12:48:54 d2.utils.events]: [0m eta: 0:34:07  iter: 439  total_loss: 1.757  loss_cls: 0.2497  loss_box_reg: 0.4866  loss_mask: 0.3202  loss_rpn_cls: 0.2337  loss_rpn_loc: 0.4122  time: 0.1414  data_time: 0.0153  lr: 0.0021978  max_mem: 1825M
[32m[10/27 12:48:57 d2.utils.events]: [0m eta: 0:34:06  iter: 459  total_loss: 1.68  loss_cls: 0.2396  loss_box_reg: 0.4427  loss_mask: 0.3392  loss_rpn_cls: 0.2041  loss_rpn_loc: 0.4616  time: 0.1415  data_time: 0.0152  lr: 0.0022977  max_mem: 1825M
[32m[10/27 12:48:59 d2.utils.events]: [0m eta: 0:34:05  iter: 479  total_loss: 1.72  loss_cls: 0.2578  loss_box_reg: 0.4875  loss_mask: 0.3321  loss_rpn_cls: 0.2262  loss_rpn_loc: 0.3996  time: 0.1416  data_time: 0.0151  lr: 0.0023976  max_mem: 1825M
[32m[10/27 12:49:02 d2.utils.events]: [0m eta: 0:34:04  iter: 499  total_loss: 1.681  loss_cls: 0.2376  loss_box_reg: 0.5038  loss_mask: 0.3101  loss_rpn_cls: 0.2132  loss_rpn_loc: 0.3852  time: 0.1419  data_time: 0.0155  lr: 0.0024975  max_mem: 1825M
[32m[10/27 12:49:05 d2.utils.events]: [0m eta: 0:34:04  iter: 519  total_loss: 1.643  loss_cls: 0.2647  loss_box_reg: 0.4947  loss_mask: 0.2977  loss_rpn_cls: 0.2127  loss_rpn_loc: 0.4111  time: 0.1419  data_time: 0.0147  lr: 0.0025974  max_mem: 1825M
[32m[10/27 12:49:08 d2.utils.events]: [0m eta: 0:34:04  iter: 539  total_loss: 1.653  loss_cls: 0.2542  loss_box_reg: 0.4775  loss_mask: 0.303  loss_rpn_cls: 0.2217  loss_rpn_loc: 0.3961  time: 0.1420  data_time: 0.0149  lr: 0.0026973  max_mem: 1825M
[32m[10/27 12:49:11 d2.utils.events]: [0m eta: 0:34:01  iter: 559  total_loss: 1.748  loss_cls: 0.2603  loss_box_reg: 0.5168  loss_mask: 0.2902  loss_rpn_cls: 0.2528  loss_rpn_loc: 0.4423  time: 0.1420  data_time: 0.0149  lr: 0.0027972  max_mem: 1825M
[32m[10/27 12:49:14 d2.utils.events]: [0m eta: 0:33:59  iter: 579  total_loss: 1.737  loss_cls: 0.285  loss_box_reg: 0.5231  loss_mask: 0.3047  loss_rpn_cls: 0.2092  loss_rpn_loc: 0.4217  time: 0.1420  data_time: 0.0146  lr: 0.0028971  max_mem: 1825M
[32m[10/27 12:49:17 d2.utils.events]: [0m eta: 0:33:58  iter: 599  total_loss: 1.639  loss_cls: 0.2496  loss_box_reg: 0.4867  loss_mask: 0.3033  loss_rpn_cls: 0.2383  loss_rpn_loc: 0.3928  time: 0.1422  data_time: 0.0154  lr: 0.002997  max_mem: 1825M
[32m[10/27 12:49:20 d2.utils.events]: [0m eta: 0:33:55  iter: 619  total_loss: 1.551  loss_cls: 0.2446  loss_box_reg: 0.4802  loss_mask: 0.2859  loss_rpn_cls: 0.192  loss_rpn_loc: 0.4025  time: 0.1422  data_time: 0.0151  lr: 0.0030969  max_mem: 1825M
[32m[10/27 12:49:23 d2.utils.events]: [0m eta: 0:33:54  iter: 639  total_loss: 1.6  loss_cls: 0.2329  loss_box_reg: 0.4708  loss_mask: 0.2817  loss_rpn_cls: 0.1966  loss_rpn_loc: 0.4535  time: 0.1422  data_time: 0.0153  lr: 0.0031968  max_mem: 1825M
[32m[10/27 12:49:26 d2.utils.events]: [0m eta: 0:33:52  iter: 659  total_loss: 1.657  loss_cls: 0.2542  loss_box_reg: 0.4889  loss_mask: 0.2883  loss_rpn_cls: 0.228  loss_rpn_loc: 0.398  time: 0.1422  data_time: 0.0144  lr: 0.0032967  max_mem: 1825M
[32m[10/27 12:49:28 d2.utils.events]: [0m eta: 0:33:50  iter: 679  total_loss: 1.557  loss_cls: 0.2161  loss_box_reg: 0.4586  loss_mask: 0.2792  loss_rpn_cls: 0.1687  loss_rpn_loc: 0.3808  time: 0.1422  data_time: 0.0142  lr: 0.0033966  max_mem: 1825M
[32m[10/27 12:49:31 d2.utils.events]: [0m eta: 0:33:47  iter: 699  total_loss: 1.604  loss_cls: 0.2388  loss_box_reg: 0.4917  loss_mask: 0.2884  loss_rpn_cls: 0.1807  loss_rpn_loc: 0.3926  time: 0.1423  data_time: 0.0143  lr: 0.0034965  max_mem: 1825M
[32m[10/27 12:49:34 d2.utils.events]: [0m eta: 0:33:48  iter: 719  total_loss: 1.608  loss_cls: 0.2337  loss_box_reg: 0.4909  loss_mask: 0.2836  loss_rpn_cls: 0.2142  loss_rpn_loc: 0.432  time: 0.1424  data_time: 0.0147  lr: 0.0035964  max_mem: 1825M
[32m[10/27 12:49:37 d2.utils.events]: [0m eta: 0:33:44  iter: 739  total_loss: 1.606  loss_cls: 0.2483  loss_box_reg: 0.4484  loss_mask: 0.3047  loss_rpn_cls: 0.2009  loss_rpn_loc: 0.401  time: 0.1424  data_time: 0.0150  lr: 0.0036963  max_mem: 1825M
[32m[10/27 12:49:40 d2.utils.events]: [0m eta: 0:33:42  iter: 759  total_loss: 1.575  loss_cls: 0.238  loss_box_reg: 0.4861  loss_mask: 0.2903  loss_rpn_cls: 0.2039  loss_rpn_loc: 0.3753  time: 0.1425  data_time: 0.0151  lr: 0.0037962  max_mem: 1825M
[32m[10/27 12:49:43 d2.utils.events]: [0m eta: 0:33:41  iter: 779  total_loss: 1.535  loss_cls: 0.2634  loss_box_reg: 0.4967  loss_mask: 0.2661  loss_rpn_cls: 0.1633  loss_rpn_loc: 0.3422  time: 0.1427  data_time: 0.0149  lr: 0.0038961  max_mem: 1825M
[32m[10/27 12:49:46 d2.utils.events]: [0m eta: 0:33:39  iter: 799  total_loss: 1.456  loss_cls: 0.2092  loss_box_reg: 0.4514  loss_mask: 0.2524  loss_rpn_cls: 0.1752  loss_rpn_loc: 0.3637  time: 0.1427  data_time: 0.0138  lr: 0.003996  max_mem: 1825M
[32m[10/27 12:49:49 d2.utils.events]: [0m eta: 0:33:36  iter: 819  total_loss: 1.468  loss_cls: 0.2377  loss_box_reg: 0.4534  loss_mask: 0.2714  loss_rpn_cls: 0.1829  loss_rpn_loc: 0.3739  time: 0.1427  data_time: 0.0149  lr: 0.0040959  max_mem: 1825M
[32m[10/27 12:49:52 d2.utils.events]: [0m eta: 0:33:35  iter: 839  total_loss: 1.526  loss_cls: 0.2451  loss_box_reg: 0.473  loss_mask: 0.2558  loss_rpn_cls: 0.1781  loss_rpn_loc: 0.3384  time: 0.1428  data_time: 0.0149  lr: 0.0041958  max_mem: 1825M
[32m[10/27 12:49:55 d2.utils.events]: [0m eta: 0:33:32  iter: 859  total_loss: 1.521  loss_cls: 0.2616  loss_box_reg: 0.5134  loss_mask: 0.2541  loss_rpn_cls: 0.1378  loss_rpn_loc: 0.3418  time: 0.1428  data_time: 0.0151  lr: 0.0042957  max_mem: 1825M
[32m[10/27 12:49:58 d2.utils.events]: [0m eta: 0:33:30  iter: 879  total_loss: 1.457  loss_cls: 0.216  loss_box_reg: 0.5026  loss_mask: 0.2507  loss_rpn_cls: 0.1444  loss_rpn_loc: 0.3594  time: 0.1429  data_time: 0.0147  lr: 0.0043956  max_mem: 1825M
[32m[10/27 12:50:01 d2.utils.events]: [0m eta: 0:33:27  iter: 899  total_loss: 1.423  loss_cls: 0.2238  loss_box_reg: 0.4613  loss_mask: 0.2598  loss_rpn_cls: 0.1678  loss_rpn_loc: 0.3526  time: 0.1429  data_time: 0.0151  lr: 0.0044955  max_mem: 1825M
[32m[10/27 12:50:04 d2.utils.events]: [0m eta: 0:33:24  iter: 919  total_loss: 1.48  loss_cls: 0.243  loss_box_reg: 0.4673  loss_mask: 0.2607  loss_rpn_cls: 0.1565  loss_rpn_loc: 0.3769  time: 0.1429  data_time: 0.0146  lr: 0.0045954  max_mem: 1825M
[32m[10/27 12:50:07 d2.utils.events]: [0m eta: 0:33:22  iter: 939  total_loss: 1.524  loss_cls: 0.2287  loss_box_reg: 0.4659  loss_mask: 0.2676  loss_rpn_cls: 0.1667  loss_rpn_loc: 0.3903  time: 0.1429  data_time: 0.0148  lr: 0.0046953  max_mem: 1825M
[32m[10/27 12:50:10 d2.utils.events]: [0m eta: 0:33:19  iter: 959  total_loss: 1.533  loss_cls: 0.243  loss_box_reg: 0.4679  loss_mask: 0.2596  loss_rpn_cls: 0.1934  loss_rpn_loc: 0.3711  time: 0.1429  data_time: 0.0151  lr: 0.0047952  max_mem: 1825M
[32m[10/27 12:50:13 d2.utils.events]: [0m eta: 0:33:16  iter: 979  total_loss: 1.441  loss_cls: 0.2198  loss_box_reg: 0.4748  loss_mask: 0.2501  loss_rpn_cls: 0.1658  loss_rpn_loc: 0.3424  time: 0.1430  data_time: 0.0148  lr: 0.0048951  max_mem: 1825M
[32m[10/27 12:50:16 d2.utils.events]: [0m eta: 0:33:13  iter: 999  total_loss: 1.5  loss_cls: 0.2429  loss_box_reg: 0.4394  loss_mask: 0.2459  loss_rpn_cls: 0.1446  loss_rpn_loc: 0.3791  time: 0.1430  data_time: 0.0145  lr: 0.004995  max_mem: 1825M
[32m[10/27 12:50:19 d2.utils.events]: [0m eta: 0:33:09  iter: 1019  total_loss: 1.458  loss_cls: 0.216  loss_box_reg: 0.4128  loss_mask: 0.2679  loss_rpn_cls: 0.1712  loss_rpn_loc: 0.3883  time: 0.1429  data_time: 0.0148  lr: 0.005  max_mem: 1825M
[32m[10/27 12:50:22 d2.utils.events]: [0m eta: 0:33:08  iter: 1039  total_loss: 1.5  loss_cls: 0.2557  loss_box_reg: 0.4855  loss_mask: 0.2545  loss_rpn_cls: 0.1455  loss_rpn_loc: 0.3566  time: 0.1430  data_time: 0.0154  lr: 0.005  max_mem: 1825M
[32m[10/27 12:50:25 d2.utils.events]: [0m eta: 0:33:08  iter: 1059  total_loss: 1.453  loss_cls: 0.2248  loss_box_reg: 0.4449  loss_mask: 0.243  loss_rpn_cls: 0.1489  loss_rpn_loc: 0.3833  time: 0.1430  data_time: 0.0144  lr: 0.005  max_mem: 1825M
[32m[10/27 12:50:28 d2.utils.events]: [0m eta: 0:33:07  iter: 1079  total_loss: 1.456  loss_cls: 0.2364  loss_box_reg: 0.4594  loss_mask: 0.2481  loss_rpn_cls: 0.1577  loss_rpn_loc: 0.362  time: 0.1430  data_time: 0.0153  lr: 0.005  max_mem: 1825M
[32m[10/27 12:50:31 d2.utils.events]: [0m eta: 0:33:04  iter: 1099  total_loss: 1.411  loss_cls: 0.2085  loss_box_reg: 0.4372  loss_mask: 0.2399  loss_rpn_cls: 0.1422  loss_rpn_loc: 0.3461  time: 0.1430  data_time: 0.0139  lr: 0.005  max_mem: 1825M
[32m[10/27 12:50:34 d2.utils.events]: [0m eta: 0:33:04  iter: 1119  total_loss: 1.427  loss_cls: 0.213  loss_box_reg: 0.4546  loss_mask: 0.2482  loss_rpn_cls: 0.125  loss_rpn_loc: 0.3864  time: 0.1431  data_time: 0.0155  lr: 0.005  max_mem: 1825M
[32m[10/27 12:50:37 d2.utils.events]: [0m eta: 0:33:03  iter: 1139  total_loss: 1.379  loss_cls: 0.2271  loss_box_reg: 0.4666  loss_mask: 0.2426  loss_rpn_cls: 0.1041  loss_rpn_loc: 0.3499  time: 0.1431  data_time: 0.0144  lr: 0.005  max_mem: 1825M
[32m[10/27 12:50:40 d2.utils.events]: [0m eta: 0:33:04  iter: 1159  total_loss: 1.402  loss_cls: 0.2283  loss_box_reg: 0.4735  loss_mask: 0.2385  loss_rpn_cls: 0.1494  loss_rpn_loc: 0.3314  time: 0.1432  data_time: 0.0155  lr: 0.005  max_mem: 1825M
[32m[10/27 12:50:42 d2.utils.events]: [0m eta: 0:33:01  iter: 1179  total_loss: 1.378  loss_cls: 0.2243  loss_box_reg: 0.4407  loss_mask: 0.2386  loss_rpn_cls: 0.1349  loss_rpn_loc: 0.3416  time: 0.1431  data_time: 0.0145  lr: 0.005  max_mem: 1825M
[32m[10/27 12:50:45 d2.utils.events]: [0m eta: 0:32:58  iter: 1199  total_loss: 1.373  loss_cls: 0.2274  loss_box_reg: 0.4493  loss_mask: 0.2359  loss_rpn_cls: 0.1679  loss_rpn_loc: 0.3331  time: 0.1431  data_time: 0.0150  lr: 0.005  max_mem: 1825M
[32m[10/27 12:50:48 d2.utils.events]: [0m eta: 0:32:56  iter: 1219  total_loss: 1.35  loss_cls: 0.1964  loss_box_reg: 0.4298  loss_mask: 0.2389  loss_rpn_cls: 0.1837  loss_rpn_loc: 0.3179  time: 0.1431  data_time: 0.0146  lr: 0.005  max_mem: 1825M
[32m[10/27 12:50:51 d2.utils.events]: [0m eta: 0:32:54  iter: 1239  total_loss: 1.448  loss_cls: 0.2223  loss_box_reg: 0.4539  loss_mask: 0.2296  loss_rpn_cls: 0.1532  loss_rpn_loc: 0.3602  time: 0.1432  data_time: 0.0150  lr: 0.005  max_mem: 1825M
[32m[10/27 12:50:54 d2.utils.events]: [0m eta: 0:32:50  iter: 1259  total_loss: 1.526  loss_cls: 0.2213  loss_box_reg: 0.486  loss_mask: 0.2539  loss_rpn_cls: 0.1868  loss_rpn_loc: 0.3654  time: 0.1432  data_time: 0.0149  lr: 0.005  max_mem: 1825M
[32m[10/27 12:50:57 d2.utils.events]: [0m eta: 0:32:48  iter: 1279  total_loss: 1.443  loss_cls: 0.2356  loss_box_reg: 0.46  loss_mask: 0.2301  loss_rpn_cls: 0.165  loss_rpn_loc: 0.3728  time: 0.1431  data_time: 0.0140  lr: 0.005  max_mem: 1825M
[32m[10/27 12:51:00 d2.utils.events]: [0m eta: 0:32:46  iter: 1299  total_loss: 1.329  loss_cls: 0.2084  loss_box_reg: 0.4483  loss_mask: 0.2164  loss_rpn_cls: 0.1215  loss_rpn_loc: 0.3251  time: 0.1432  data_time: 0.0149  lr: 0.005  max_mem: 1825M
[32m[10/27 12:51:03 d2.utils.events]: [0m eta: 0:32:43  iter: 1319  total_loss: 1.312  loss_cls: 0.2056  loss_box_reg: 0.4599  loss_mask: 0.2169  loss_rpn_cls: 0.1171  loss_rpn_loc: 0.3117  time: 0.1433  data_time: 0.0149  lr: 0.005  max_mem: 1825M
[32m[10/27 12:51:06 d2.utils.events]: [0m eta: 0:32:40  iter: 1339  total_loss: 1.395  loss_cls: 0.2198  loss_box_reg: 0.4444  loss_mask: 0.225  loss_rpn_cls: 0.178  loss_rpn_loc: 0.3317  time: 0.1433  data_time: 0.0154  lr: 0.005  max_mem: 1825M
[32m[10/27 12:51:09 d2.utils.events]: [0m eta: 0:32:38  iter: 1359  total_loss: 1.308  loss_cls: 0.2249  loss_box_reg: 0.4386  loss_mask: 0.2347  loss_rpn_cls: 0.1361  loss_rpn_loc: 0.3188  time: 0.1433  data_time: 0.0153  lr: 0.005  max_mem: 1825M
[32m[10/27 12:51:12 d2.utils.events]: [0m eta: 0:32:35  iter: 1379  total_loss: 1.299  loss_cls: 0.2045  loss_box_reg: 0.4769  loss_mask: 0.2229  loss_rpn_cls: 0.1043  loss_rpn_loc: 0.3037  time: 0.1433  data_time: 0.0147  lr: 0.005  max_mem: 1825M
[32m[10/27 12:51:15 d2.utils.events]: [0m eta: 0:32:31  iter: 1399  total_loss: 1.337  loss_cls: 0.2125  loss_box_reg: 0.4485  loss_mask: 0.2158  loss_rpn_cls: 0.1182  loss_rpn_loc: 0.3211  time: 0.1433  data_time: 0.0150  lr: 0.005  max_mem: 1825M
[32m[10/27 12:51:18 d2.utils.events]: [0m eta: 0:32:29  iter: 1419  total_loss: 1.347  loss_cls: 0.2089  loss_box_reg: 0.4518  loss_mask: 0.2346  loss_rpn_cls: 0.1165  loss_rpn_loc: 0.3201  time: 0.1433  data_time: 0.0142  lr: 0.005  max_mem: 1825M
[32m[10/27 12:51:21 d2.utils.events]: [0m eta: 0:32:27  iter: 1439  total_loss: 1.389  loss_cls: 0.2203  loss_box_reg: 0.4676  loss_mask: 0.2184  loss_rpn_cls: 0.1635  loss_rpn_loc: 0.3323  time: 0.1434  data_time: 0.0146  lr: 0.005  max_mem: 1825M
[32m[10/27 12:51:24 d2.utils.events]: [0m eta: 0:32:25  iter: 1459  total_loss: 1.281  loss_cls: 0.2096  loss_box_reg: 0.4495  loss_mask: 0.2184  loss_rpn_cls: 0.1142  loss_rpn_loc: 0.3081  time: 0.1434  data_time: 0.0151  lr: 0.005  max_mem: 1825M
[32m[10/27 12:51:27 d2.utils.events]: [0m eta: 0:32:20  iter: 1479  total_loss: 1.292  loss_cls: 0.1915  loss_box_reg: 0.4255  loss_mask: 0.2334  loss_rpn_cls: 0.1244  loss_rpn_loc: 0.322  time: 0.1434  data_time: 0.0151  lr: 0.005  max_mem: 1825M
[32m[10/27 12:51:30 d2.utils.events]: [0m eta: 0:32:17  iter: 1499  total_loss: 1.334  loss_cls: 0.1827  loss_box_reg: 0.4155  loss_mask: 0.2414  loss_rpn_cls: 0.1441  loss_rpn_loc: 0.3802  time: 0.1434  data_time: 0.0136  lr: 0.005  max_mem: 1825M
[32m[10/27 12:51:33 d2.utils.events]: [0m eta: 0:32:15  iter: 1519  total_loss: 1.334  loss_cls: 0.215  loss_box_reg: 0.4738  loss_mask: 0.2274  loss_rpn_cls: 0.1324  loss_rpn_loc: 0.3163  time: 0.1434  data_time: 0.0147  lr: 0.005  max_mem: 1825M
[32m[10/27 12:51:36 d2.utils.events]: [0m eta: 0:32:11  iter: 1539  total_loss: 1.372  loss_cls: 0.1927  loss_box_reg: 0.4083  loss_mask: 0.2413  loss_rpn_cls: 0.1645  loss_rpn_loc: 0.3377  time: 0.1434  data_time: 0.0149  lr: 0.005  max_mem: 1825M
[32m[10/27 12:51:38 d2.utils.events]: [0m eta: 0:32:09  iter: 1559  total_loss: 1.342  loss_cls: 0.209  loss_box_reg: 0.4495  loss_mask: 0.2307  loss_rpn_cls: 0.1244  loss_rpn_loc: 0.3088  time: 0.1434  data_time: 0.0145  lr: 0.005  max_mem: 1825M
[32m[10/27 12:51:41 d2.utils.events]: [0m eta: 0:32:07  iter: 1579  total_loss: 1.276  loss_cls: 0.1928  loss_box_reg: 0.4252  loss_mask: 0.2237  loss_rpn_cls: 0.1086  loss_rpn_loc: 0.3048  time: 0.1434  data_time: 0.0143  lr: 0.005  max_mem: 1825M
[32m[10/27 12:51:44 d2.utils.events]: [0m eta: 0:32:04  iter: 1599  total_loss: 1.298  loss_cls: 0.1994  loss_box_reg: 0.4222  loss_mask: 0.2143  loss_rpn_cls: 0.1157  loss_rpn_loc: 0.3085  time: 0.1434  data_time: 0.0147  lr: 0.005  max_mem: 1825M
[32m[10/27 12:51:47 d2.utils.events]: [0m eta: 0:32:02  iter: 1619  total_loss: 1.262  loss_cls: 0.191  loss_box_reg: 0.4458  loss_mask: 0.2106  loss_rpn_cls: 0.1164  loss_rpn_loc: 0.3088  time: 0.1435  data_time: 0.0149  lr: 0.005  max_mem: 1825M
[32m[10/27 12:51:50 d2.utils.events]: [0m eta: 0:31:57  iter: 1639  total_loss: 1.22  loss_cls: 0.169  loss_box_reg: 0.4124  loss_mask: 0.2129  loss_rpn_cls: 0.1428  loss_rpn_loc: 0.3166  time: 0.1435  data_time: 0.0147  lr: 0.005  max_mem: 1825M
[32m[10/27 12:51:53 d2.utils.events]: [0m eta: 0:31:57  iter: 1659  total_loss: 1.283  loss_cls: 0.2011  loss_box_reg: 0.419  loss_mask: 0.2189  loss_rpn_cls: 0.114  loss_rpn_loc: 0.3038  time: 0.1435  data_time: 0.0152  lr: 0.005  max_mem: 1825M
[32m[10/27 12:51:56 d2.utils.events]: [0m eta: 0:31:55  iter: 1679  total_loss: 1.286  loss_cls: 0.1888  loss_box_reg: 0.4152  loss_mask: 0.2229  loss_rpn_cls: 0.1068  loss_rpn_loc: 0.297  time: 0.1435  data_time: 0.0142  lr: 0.005  max_mem: 1825M
[32m[10/27 12:51:59 d2.utils.events]: [0m eta: 0:31:53  iter: 1699  total_loss: 1.309  loss_cls: 0.2045  loss_box_reg: 0.4331  loss_mask: 0.2157  loss_rpn_cls: 0.1119  loss_rpn_loc: 0.3213  time: 0.1435  data_time: 0.0141  lr: 0.005  max_mem: 1825M
[32m[10/27 12:52:02 d2.utils.events]: [0m eta: 0:31:50  iter: 1719  total_loss: 1.213  loss_cls: 0.1832  loss_box_reg: 0.43  loss_mask: 0.21  loss_rpn_cls: 0.1262  loss_rpn_loc: 0.2949  time: 0.1435  data_time: 0.0154  lr: 0.005  max_mem: 1825M
[32m[10/27 12:52:05 d2.utils.events]: [0m eta: 0:31:48  iter: 1739  total_loss: 1.245  loss_cls: 0.2043  loss_box_reg: 0.4383  loss_mask: 0.2193  loss_rpn_cls: 0.09235  loss_rpn_loc: 0.2756  time: 0.1435  data_time: 0.0143  lr: 0.005  max_mem: 1825M
[32m[10/27 12:52:08 d2.utils.events]: [0m eta: 0:31:45  iter: 1759  total_loss: 1.203  loss_cls: 0.2  loss_box_reg: 0.4114  loss_mask: 0.207  loss_rpn_cls: 0.1041  loss_rpn_loc: 0.2697  time: 0.1435  data_time: 0.0148  lr: 0.005  max_mem: 1825M
[32m[10/27 12:52:11 d2.utils.events]: [0m eta: 0:31:42  iter: 1779  total_loss: 1.314  loss_cls: 0.205  loss_box_reg: 0.4457  loss_mask: 0.2083  loss_rpn_cls: 0.1255  loss_rpn_loc: 0.3158  time: 0.1436  data_time: 0.0148  lr: 0.005  max_mem: 1825M
[32m[10/27 12:52:14 d2.utils.events]: [0m eta: 0:31:39  iter: 1799  total_loss: 1.238  loss_cls: 0.1815  loss_box_reg: 0.415  loss_mask: 0.2202  loss_rpn_cls: 0.09709  loss_rpn_loc: 0.2986  time: 0.1436  data_time: 0.0152  lr: 0.005  max_mem: 1825M
[32m[10/27 12:52:17 d2.utils.events]: [0m eta: 0:31:36  iter: 1819  total_loss: 1.185  loss_cls: 0.1777  loss_box_reg: 0.4023  loss_mask: 0.2113  loss_rpn_cls: 0.1099  loss_rpn_loc: 0.3078  time: 0.1436  data_time: 0.0152  lr: 0.005  max_mem: 1825M
[32m[10/27 12:52:20 d2.utils.events]: [0m eta: 0:31:33  iter: 1839  total_loss: 1.188  loss_cls: 0.184  loss_box_reg: 0.4077  loss_mask: 0.2044  loss_rpn_cls: 0.09494  loss_rpn_loc: 0.3127  time: 0.1436  data_time: 0.0155  lr: 0.005  max_mem: 1825M
[32m[10/27 12:52:23 d2.utils.events]: [0m eta: 0:31:32  iter: 1859  total_loss: 1.075  loss_cls: 0.1707  loss_box_reg: 0.4045  loss_mask: 0.201  loss_rpn_cls: 0.08671  loss_rpn_loc: 0.274  time: 0.1437  data_time: 0.0143  lr: 0.005  max_mem: 1825M
[32m[10/27 12:52:26 d2.utils.events]: [0m eta: 0:31:31  iter: 1879  total_loss: 1.138  loss_cls: 0.1672  loss_box_reg: 0.3972  loss_mask: 0.1967  loss_rpn_cls: 0.09253  loss_rpn_loc: 0.2792  time: 0.1437  data_time: 0.0151  lr: 0.005  max_mem: 1825M
[32m[10/27 12:52:29 d2.utils.events]: [0m eta: 0:31:28  iter: 1899  total_loss: 1.121  loss_cls: 0.1708  loss_box_reg: 0.3802  loss_mask: 0.1963  loss_rpn_cls: 0.08532  loss_rpn_loc: 0.2768  time: 0.1437  data_time: 0.0148  lr: 0.005  max_mem: 1825M
[32m[10/27 12:52:32 d2.utils.events]: [0m eta: 0:31:24  iter: 1919  total_loss: 1.2  loss_cls: 0.1901  loss_box_reg: 0.4298  loss_mask: 0.1984  loss_rpn_cls: 0.1187  loss_rpn_loc: 0.3057  time: 0.1437  data_time: 0.0154  lr: 0.005  max_mem: 1825M
[32m[10/27 12:52:35 d2.utils.events]: [0m eta: 0:31:21  iter: 1939  total_loss: 1.243  loss_cls: 0.1909  loss_box_reg: 0.4242  loss_mask: 0.2053  loss_rpn_cls: 0.1093  loss_rpn_loc: 0.3178  time: 0.1438  data_time: 0.0150  lr: 0.005  max_mem: 1825M
[32m[10/27 12:52:38 d2.utils.events]: [0m eta: 0:31:21  iter: 1959  total_loss: 1.293  loss_cls: 0.2018  loss_box_reg: 0.4232  loss_mask: 0.2073  loss_rpn_cls: 0.1113  loss_rpn_loc: 0.3206  time: 0.1439  data_time: 0.0161  lr: 0.005  max_mem: 1825M
[32m[10/27 12:52:41 d2.utils.events]: [0m eta: 0:31:19  iter: 1979  total_loss: 1.264  loss_cls: 0.19  loss_box_reg: 0.4153  loss_mask: 0.2104  loss_rpn_cls: 0.1162  loss_rpn_loc: 0.2745  time: 0.1439  data_time: 0.0151  lr: 0.005  max_mem: 1825M
[32m[10/27 12:52:45 d2.utils.events]: [0m eta: 0:31:15  iter: 1999  total_loss: 1.215  loss_cls: 0.1911  loss_box_reg: 0.4294  loss_mask: 0.2137  loss_rpn_cls: 0.1103  loss_rpn_loc: 0.2706  time: 0.1439  data_time: 0.0146  lr: 0.005  max_mem: 1825M
[32m[10/27 12:52:48 d2.utils.events]: [0m eta: 0:31:13  iter: 2019  total_loss: 1.161  loss_cls: 0.1741  loss_box_reg: 0.402  loss_mask: 0.2019  loss_rpn_cls: 0.1077  loss_rpn_loc: 0.2821  time: 0.1439  data_time: 0.0143  lr: 0.005  max_mem: 1825M
[32m[10/27 12:52:51 d2.utils.events]: [0m eta: 0:31:12  iter: 2039  total_loss: 1.157  loss_cls: 0.1687  loss_box_reg: 0.3941  loss_mask: 0.1947  loss_rpn_cls: 0.07317  loss_rpn_loc: 0.2709  time: 0.1439  data_time: 0.0145  lr: 0.005  max_mem: 1825M
[32m[10/27 12:52:54 d2.utils.events]: [0m eta: 0:31:09  iter: 2059  total_loss: 1.163  loss_cls: 0.1743  loss_box_reg: 0.3967  loss_mask: 0.2014  loss_rpn_cls: 0.1027  loss_rpn_loc: 0.269  time: 0.1440  data_time: 0.0149  lr: 0.005  max_mem: 1825M
[32m[10/27 12:52:56 d2.utils.events]: [0m eta: 0:31:05  iter: 2079  total_loss: 1.2  loss_cls: 0.172  loss_box_reg: 0.3943  loss_mask: 0.1923  loss_rpn_cls: 0.1029  loss_rpn_loc: 0.2876  time: 0.1440  data_time: 0.0150  lr: 0.005  max_mem: 1825M
[32m[10/27 12:52:59 d2.utils.events]: [0m eta: 0:31:03  iter: 2099  total_loss: 1.133  loss_cls: 0.1661  loss_box_reg: 0.3952  loss_mask: 0.1938  loss_rpn_cls: 0.0981  loss_rpn_loc: 0.2708  time: 0.1440  data_time: 0.0152  lr: 0.005  max_mem: 1825M
[32m[10/27 12:53:02 d2.utils.events]: [0m eta: 0:30:59  iter: 2119  total_loss: 1.175  loss_cls: 0.1756  loss_box_reg: 0.4298  loss_mask: 0.1958  loss_rpn_cls: 0.09703  loss_rpn_loc: 0.2652  time: 0.1440  data_time: 0.0150  lr: 0.005  max_mem: 1825M
[32m[10/27 12:53:05 d2.utils.events]: [0m eta: 0:30:57  iter: 2139  total_loss: 1.151  loss_cls: 0.1544  loss_box_reg: 0.3855  loss_mask: 0.205  loss_rpn_cls: 0.09859  loss_rpn_loc: 0.2816  time: 0.1440  data_time: 0.0147  lr: 0.005  max_mem: 1825M
[32m[10/27 12:53:08 d2.utils.events]: [0m eta: 0:30:53  iter: 2159  total_loss: 1.135  loss_cls: 0.1716  loss_box_reg: 0.397  loss_mask: 0.1984  loss_rpn_cls: 0.1041  loss_rpn_loc: 0.2698  time: 0.1440  data_time: 0.0147  lr: 0.005  max_mem: 1825M
[32m[10/27 12:53:11 d2.utils.events]: [0m eta: 0:30:52  iter: 2179  total_loss: 1.102  loss_cls: 0.155  loss_box_reg: 0.391  loss_mask: 0.1897  loss_rpn_cls: 0.08462  loss_rpn_loc: 0.2674  time: 0.1441  data_time: 0.0150  lr: 0.005  max_mem: 1825M
[32m[10/27 12:53:14 d2.utils.events]: [0m eta: 0:30:50  iter: 2199  total_loss: 1.086  loss_cls: 0.1615  loss_box_reg: 0.3594  loss_mask: 0.1921  loss_rpn_cls: 0.1097  loss_rpn_loc: 0.2826  time: 0.1441  data_time: 0.0143  lr: 0.005  max_mem: 1825M
[32m[10/27 12:53:17 d2.utils.events]: [0m eta: 0:30:48  iter: 2219  total_loss: 1.088  loss_cls: 0.1511  loss_box_reg: 0.3914  loss_mask: 0.2016  loss_rpn_cls: 0.07674  loss_rpn_loc: 0.2851  time: 0.1441  data_time: 0.0152  lr: 0.005  max_mem: 1825M
[32m[10/27 12:53:20 d2.utils.events]: [0m eta: 0:30:44  iter: 2239  total_loss: 1.101  loss_cls: 0.1559  loss_box_reg: 0.3696  loss_mask: 0.1964  loss_rpn_cls: 0.1149  loss_rpn_loc: 0.2736  time: 0.1441  data_time: 0.0150  lr: 0.005  max_mem: 1825M
[32m[10/27 12:53:23 d2.utils.events]: [0m eta: 0:30:42  iter: 2259  total_loss: 1.135  loss_cls: 0.165  loss_box_reg: 0.3854  loss_mask: 0.1992  loss_rpn_cls: 0.1139  loss_rpn_loc: 0.2824  time: 0.1441  data_time: 0.0137  lr: 0.005  max_mem: 1825M
[32m[10/27 12:53:26 d2.utils.events]: [0m eta: 0:30:40  iter: 2279  total_loss: 1.105  loss_cls: 0.1574  loss_box_reg: 0.4014  loss_mask: 0.193  loss_rpn_cls: 0.08781  loss_rpn_loc: 0.269  time: 0.1441  data_time: 0.0154  lr: 0.005  max_mem: 1825M
[32m[10/27 12:53:29 d2.utils.events]: [0m eta: 0:30:37  iter: 2299  total_loss: 1.199  loss_cls: 0.1791  loss_box_reg: 0.3788  loss_mask: 0.1991  loss_rpn_cls: 0.135  loss_rpn_loc: 0.2949  time: 0.1441  data_time: 0.0147  lr: 0.005  max_mem: 1825M
[32m[10/27 12:53:32 d2.utils.events]: [0m eta: 0:30:34  iter: 2319  total_loss: 1.175  loss_cls: 0.1854  loss_box_reg: 0.3976  loss_mask: 0.2002  loss_rpn_cls: 0.1064  loss_rpn_loc: 0.276  time: 0.1441  data_time: 0.0151  lr: 0.005  max_mem: 1825M
[32m[10/27 12:53:35 d2.utils.events]: [0m eta: 0:30:31  iter: 2339  total_loss: 1.097  loss_cls: 0.1628  loss_box_reg: 0.3668  loss_mask: 0.1991  loss_rpn_cls: 0.09719  loss_rpn_loc: 0.2725  time: 0.1441  data_time: 0.0143  lr: 0.005  max_mem: 1825M
[32m[10/27 12:53:38 d2.utils.events]: [0m eta: 0:30:29  iter: 2359  total_loss: 1.031  loss_cls: 0.155  loss_box_reg: 0.366  loss_mask: 0.1872  loss_rpn_cls: 0.07377  loss_rpn_loc: 0.2454  time: 0.1441  data_time: 0.0152  lr: 0.005  max_mem: 1825M
[32m[10/27 12:53:41 d2.utils.events]: [0m eta: 0:30:26  iter: 2379  total_loss: 1.103  loss_cls: 0.1642  loss_box_reg: 0.3781  loss_mask: 0.1912  loss_rpn_cls: 0.08943  loss_rpn_loc: 0.2596  time: 0.1441  data_time: 0.0151  lr: 0.005  max_mem: 1825M
[32m[10/27 12:53:44 d2.utils.events]: [0m eta: 0:30:23  iter: 2399  total_loss: 1.07  loss_cls: 0.1644  loss_box_reg: 0.3705  loss_mask: 0.1875  loss_rpn_cls: 0.08058  loss_rpn_loc: 0.2583  time: 0.1441  data_time: 0.0151  lr: 0.005  max_mem: 1825M
[32m[10/27 12:53:47 d2.utils.events]: [0m eta: 0:30:20  iter: 2419  total_loss: 1.084  loss_cls: 0.1449  loss_box_reg: 0.3673  loss_mask: 0.185  loss_rpn_cls: 0.06508  loss_rpn_loc: 0.2663  time: 0.1441  data_time: 0.0140  lr: 0.005  max_mem: 1825M
[32m[10/27 12:53:50 d2.utils.events]: [0m eta: 0:30:16  iter: 2439  total_loss: 1.001  loss_cls: 0.141  loss_box_reg: 0.3691  loss_mask: 0.1864  loss_rpn_cls: 0.07805  loss_rpn_loc: 0.2392  time: 0.1442  data_time: 0.0152  lr: 0.005  max_mem: 1825M
[32m[10/27 12:53:53 d2.utils.events]: [0m eta: 0:30:14  iter: 2459  total_loss: 1.081  loss_cls: 0.162  loss_box_reg: 0.3649  loss_mask: 0.1839  loss_rpn_cls: 0.1141  loss_rpn_loc: 0.2479  time: 0.1442  data_time: 0.0150  lr: 0.005  max_mem: 1825M
[32m[10/27 12:53:56 d2.utils.events]: [0m eta: 0:30:13  iter: 2479  total_loss: 1.076  loss_cls: 0.1528  loss_box_reg: 0.3677  loss_mask: 0.1812  loss_rpn_cls: 0.08647  loss_rpn_loc: 0.2456  time: 0.1442  data_time: 0.0143  lr: 0.005  max_mem: 1825M
[32m[10/27 12:53:59 d2.utils.events]: [0m eta: 0:30:12  iter: 2499  total_loss: 1.055  loss_cls: 0.1385  loss_box_reg: 0.3682  loss_mask: 0.1925  loss_rpn_cls: 0.08852  loss_rpn_loc: 0.2482  time: 0.1442  data_time: 0.0156  lr: 0.005  max_mem: 1825M
[32m[10/27 12:54:02 d2.utils.events]: [0m eta: 0:30:09  iter: 2519  total_loss: 1.031  loss_cls: 0.146  loss_box_reg: 0.3616  loss_mask: 0.176  loss_rpn_cls: 0.0846  loss_rpn_loc: 0.2542  time: 0.1442  data_time: 0.0142  lr: 0.005  max_mem: 1825M
[32m[10/27 12:54:05 d2.utils.events]: [0m eta: 0:30:06  iter: 2539  total_loss: 0.9589  loss_cls: 0.1374  loss_box_reg: 0.3557  loss_mask: 0.1857  loss_rpn_cls: 0.08035  loss_rpn_loc: 0.2359  time: 0.1442  data_time: 0.0144  lr: 0.005  max_mem: 1825M
[32m[10/27 12:54:08 d2.utils.events]: [0m eta: 0:30:05  iter: 2559  total_loss: 1.032  loss_cls: 0.154  loss_box_reg: 0.3695  loss_mask: 0.1819  loss_rpn_cls: 0.07323  loss_rpn_loc: 0.2503  time: 0.1443  data_time: 0.0152  lr: 0.005  max_mem: 1825M
[32m[10/27 12:54:11 d2.utils.events]: [0m eta: 0:30:03  iter: 2579  total_loss: 0.9977  loss_cls: 0.1481  loss_box_reg: 0.354  loss_mask: 0.1772  loss_rpn_cls: 0.1015  loss_rpn_loc: 0.2498  time: 0.1444  data_time: 0.0157  lr: 0.005  max_mem: 1825M
[32m[10/27 12:54:14 d2.utils.events]: [0m eta: 0:30:00  iter: 2599  total_loss: 1.05  loss_cls: 0.1603  loss_box_reg: 0.3635  loss_mask: 0.1902  loss_rpn_cls: 0.08154  loss_rpn_loc: 0.2375  time: 0.1444  data_time: 0.0148  lr: 0.005  max_mem: 1825M
[32m[10/27 12:54:17 d2.utils.events]: [0m eta: 0:29:56  iter: 2619  total_loss: 1.041  loss_cls: 0.1515  loss_box_reg: 0.3592  loss_mask: 0.1832  loss_rpn_cls: 0.1092  loss_rpn_loc: 0.2494  time: 0.1444  data_time: 0.0148  lr: 0.005  max_mem: 1825M
[32m[10/27 12:54:20 d2.utils.events]: [0m eta: 0:29:55  iter: 2639  total_loss: 1.026  loss_cls: 0.1471  loss_box_reg: 0.3563  loss_mask: 0.1833  loss_rpn_cls: 0.106  loss_rpn_loc: 0.246  time: 0.1444  data_time: 0.0155  lr: 0.005  max_mem: 1825M
[32m[10/27 12:54:23 d2.utils.events]: [0m eta: 0:29:54  iter: 2659  total_loss: 1.058  loss_cls: 0.1562  loss_box_reg: 0.366  loss_mask: 0.1857  loss_rpn_cls: 0.09701  loss_rpn_loc: 0.2549  time: 0.1445  data_time: 0.0154  lr: 0.005  max_mem: 1825M
[32m[10/27 12:54:26 d2.utils.events]: [0m eta: 0:29:53  iter: 2679  total_loss: 1.024  loss_cls: 0.155  loss_box_reg: 0.3553  loss_mask: 0.1813  loss_rpn_cls: 0.0826  loss_rpn_loc: 0.2374  time: 0.1445  data_time: 0.0146  lr: 0.005  max_mem: 1825M
[32m[10/27 12:54:29 d2.utils.events]: [0m eta: 0:29:51  iter: 2699  total_loss: 1.017  loss_cls: 0.1591  loss_box_reg: 0.3687  loss_mask: 0.1899  loss_rpn_cls: 0.08819  loss_rpn_loc: 0.2535  time: 0.1445  data_time: 0.0147  lr: 0.005  max_mem: 1825M
[32m[10/27 12:54:31 d2.utils.events]: [0m eta: 0:29:50  iter: 2719  total_loss: 0.9541  loss_cls: 0.1337  loss_box_reg: 0.3415  loss_mask: 0.1639  loss_rpn_cls: 0.0735  loss_rpn_loc: 0.224  time: 0.1445  data_time: 0.0150  lr: 0.005  max_mem: 1825M
[32m[10/27 12:54:34 d2.utils.events]: [0m eta: 0:29:46  iter: 2739  total_loss: 1.027  loss_cls: 0.1416  loss_box_reg: 0.3589  loss_mask: 0.1951  loss_rpn_cls: 0.09817  loss_rpn_loc: 0.2322  time: 0.1445  data_time: 0.0147  lr: 0.005  max_mem: 1825M
[32m[10/27 12:54:37 d2.utils.events]: [0m eta: 0:29:44  iter: 2759  total_loss: 1.014  loss_cls: 0.144  loss_box_reg: 0.3857  loss_mask: 0.1796  loss_rpn_cls: 0.07776  loss_rpn_loc: 0.233  time: 0.1445  data_time: 0.0153  lr: 0.005  max_mem: 1825M
[32m[10/27 12:54:40 d2.utils.events]: [0m eta: 0:29:41  iter: 2779  total_loss: 1.055  loss_cls: 0.1452  loss_box_reg: 0.3422  loss_mask: 0.1719  loss_rpn_cls: 0.09368  loss_rpn_loc: 0.2484  time: 0.1445  data_time: 0.0145  lr: 0.005  max_mem: 1825M
[32m[10/27 12:54:43 d2.utils.events]: [0m eta: 0:29:38  iter: 2799  total_loss: 0.9964  loss_cls: 0.1493  loss_box_reg: 0.3521  loss_mask: 0.1886  loss_rpn_cls: 0.06947  loss_rpn_loc: 0.2537  time: 0.1445  data_time: 0.0142  lr: 0.005  max_mem: 1825M
[32m[10/27 12:54:46 d2.utils.events]: [0m eta: 0:29:35  iter: 2819  total_loss: 1.038  loss_cls: 0.1473  loss_box_reg: 0.3422  loss_mask: 0.1749  loss_rpn_cls: 0.09432  loss_rpn_loc: 0.2505  time: 0.1445  data_time: 0.0156  lr: 0.005  max_mem: 1825M
[32m[10/27 12:54:49 d2.utils.events]: [0m eta: 0:29:31  iter: 2839  total_loss: 1.001  loss_cls: 0.1374  loss_box_reg: 0.3506  loss_mask: 0.1852  loss_rpn_cls: 0.09733  loss_rpn_loc: 0.2392  time: 0.1445  data_time: 0.0139  lr: 0.005  max_mem: 1825M
[32m[10/27 12:54:52 d2.utils.events]: [0m eta: 0:29:29  iter: 2859  total_loss: 0.9612  loss_cls: 0.1347  loss_box_reg: 0.3546  loss_mask: 0.1713  loss_rpn_cls: 0.06317  loss_rpn_loc: 0.2308  time: 0.1445  data_time: 0.0156  lr: 0.005  max_mem: 1825M
[32m[10/27 12:54:55 d2.utils.events]: [0m eta: 0:29:24  iter: 2879  total_loss: 1.039  loss_cls: 0.1433  loss_box_reg: 0.3497  loss_mask: 0.1885  loss_rpn_cls: 0.08986  loss_rpn_loc: 0.2506  time: 0.1445  data_time: 0.0147  lr: 0.005  max_mem: 1825M
[32m[10/27 12:54:58 d2.utils.events]: [0m eta: 0:29:21  iter: 2899  total_loss: 1.031  loss_cls: 0.1372  loss_box_reg: 0.3441  loss_mask: 0.1966  loss_rpn_cls: 0.08685  loss_rpn_loc: 0.2504  time: 0.1445  data_time: 0.0148  lr: 0.005  max_mem: 1825M
[32m[10/27 12:55:01 d2.utils.events]: [0m eta: 0:29:19  iter: 2919  total_loss: 1.03  loss_cls: 0.1448  loss_box_reg: 0.3385  loss_mask: 0.1935  loss_rpn_cls: 0.07555  loss_rpn_loc: 0.2507  time: 0.1445  data_time: 0.0148  lr: 0.005  max_mem: 1825M
[32m[10/27 12:55:04 d2.utils.events]: [0m eta: 0:29:18  iter: 2939  total_loss: 0.9668  loss_cls: 0.1327  loss_box_reg: 0.3386  loss_mask: 0.1729  loss_rpn_cls: 0.0821  loss_rpn_loc: 0.2595  time: 0.1445  data_time: 0.0152  lr: 0.005  max_mem: 1825M
[32m[10/27 12:55:07 d2.utils.events]: [0m eta: 0:29:13  iter: 2959  total_loss: 1.013  loss_cls: 0.1379  loss_box_reg: 0.3511  loss_mask: 0.1726  loss_rpn_cls: 0.09051  loss_rpn_loc: 0.2559  time: 0.1445  data_time: 0.0143  lr: 0.005  max_mem: 1825M
[32m[10/27 12:55:09 d2.utils.events]: [0m eta: 0:29:10  iter: 2979  total_loss: 1.053  loss_cls: 0.1395  loss_box_reg: 0.3598  loss_mask: 0.1829  loss_rpn_cls: 0.07717  loss_rpn_loc: 0.2629  time: 0.1445  data_time: 0.0150  lr: 0.005  max_mem: 1825M
[32m[10/27 12:55:13 d2.utils.events]: [0m eta: 0:29:09  iter: 2999  total_loss: 1.009  loss_cls: 0.135  loss_box_reg: 0.3428  loss_mask: 0.1714  loss_rpn_cls: 0.08841  loss_rpn_loc: 0.2737  time: 0.1446  data_time: 0.0156  lr: 0.005  max_mem: 1825M
[32m[10/27 12:55:16 d2.utils.events]: [0m eta: 0:29:06  iter: 3019  total_loss: 1.058  loss_cls: 0.1504  loss_box_reg: 0.3713  loss_mask: 0.1724  loss_rpn_cls: 0.1051  loss_rpn_loc: 0.2526  time: 0.1446  data_time: 0.0145  lr: 0.005  max_mem: 1825M
[32m[10/27 12:55:19 d2.utils.events]: [0m eta: 0:29:04  iter: 3039  total_loss: 1.092  loss_cls: 0.1487  loss_box_reg: 0.3585  loss_mask: 0.1897  loss_rpn_cls: 0.08482  loss_rpn_loc: 0.2473  time: 0.1446  data_time: 0.0151  lr: 0.005  max_mem: 1825M
[32m[10/27 12:55:22 d2.utils.events]: [0m eta: 0:29:02  iter: 3059  total_loss: 0.9535  loss_cls: 0.134  loss_box_reg: 0.331  loss_mask: 0.1727  loss_rpn_cls: 0.07969  loss_rpn_loc: 0.2365  time: 0.1446  data_time: 0.0148  lr: 0.005  max_mem: 1825M
[32m[10/27 12:55:25 d2.utils.events]: [0m eta: 0:29:02  iter: 3079  total_loss: 0.9758  loss_cls: 0.1374  loss_box_reg: 0.3375  loss_mask: 0.1716  loss_rpn_cls: 0.08003  loss_rpn_loc: 0.2522  time: 0.1447  data_time: 0.0152  lr: 0.005  max_mem: 1825M
[32m[10/27 12:55:28 d2.utils.events]: [0m eta: 0:28:59  iter: 3099  total_loss: 0.9848  loss_cls: 0.1393  loss_box_reg: 0.3379  loss_mask: 0.1624  loss_rpn_cls: 0.1116  loss_rpn_loc: 0.2517  time: 0.1447  data_time: 0.0152  lr: 0.005  max_mem: 1825M
[32m[10/27 12:55:31 d2.utils.events]: [0m eta: 0:28:56  iter: 3119  total_loss: 1.012  loss_cls: 0.1481  loss_box_reg: 0.3481  loss_mask: 0.1775  loss_rpn_cls: 0.08313  loss_rpn_loc: 0.2498  time: 0.1447  data_time: 0.0151  lr: 0.005  max_mem: 1825M
[32m[10/27 12:55:34 d2.utils.events]: [0m eta: 0:28:53  iter: 3139  total_loss: 1.032  loss_cls: 0.1433  loss_box_reg: 0.3715  loss_mask: 0.1802  loss_rpn_cls: 0.1022  loss_rpn_loc: 0.2582  time: 0.1447  data_time: 0.0150  lr: 0.005  max_mem: 1825M
[32m[10/27 12:55:37 d2.utils.events]: [0m eta: 0:28:51  iter: 3159  total_loss: 0.9492  loss_cls: 0.1245  loss_box_reg: 0.3419  loss_mask: 0.1721  loss_rpn_cls: 0.06559  loss_rpn_loc: 0.2465  time: 0.1447  data_time: 0.0145  lr: 0.005  max_mem: 1825M
[32m[10/27 12:55:40 d2.utils.events]: [0m eta: 0:28:47  iter: 3179  total_loss: 0.9766  loss_cls: 0.1323  loss_box_reg: 0.3452  loss_mask: 0.1753  loss_rpn_cls: 0.07289  loss_rpn_loc: 0.2307  time: 0.1447  data_time: 0.0151  lr: 0.005  max_mem: 1825M
[32m[10/27 12:55:43 d2.utils.events]: [0m eta: 0:28:45  iter: 3199  total_loss: 0.9309  loss_cls: 0.1262  loss_box_reg: 0.3161  loss_mask: 0.1758  loss_rpn_cls: 0.0819  loss_rpn_loc: 0.2336  time: 0.1447  data_time: 0.0152  lr: 0.005  max_mem: 1825M
[32m[10/27 12:55:46 d2.utils.events]: [0m eta: 0:28:41  iter: 3219  total_loss: 0.9875  loss_cls: 0.1277  loss_box_reg: 0.3391  loss_mask: 0.1892  loss_rpn_cls: 0.08331  loss_rpn_loc: 0.2662  time: 0.1447  data_time: 0.0153  lr: 0.005  max_mem: 1825M
[32m[10/27 12:55:49 d2.utils.events]: [0m eta: 0:28:38  iter: 3239  total_loss: 0.9781  loss_cls: 0.1274  loss_box_reg: 0.3154  loss_mask: 0.175  loss_rpn_cls: 0.06935  loss_rpn_loc: 0.2491  time: 0.1447  data_time: 0.0144  lr: 0.005  max_mem: 1825M
[32m[10/27 12:55:51 d2.utils.events]: [0m eta: 0:28:35  iter: 3259  total_loss: 1.03  loss_cls: 0.1291  loss_box_reg: 0.3399  loss_mask: 0.173  loss_rpn_cls: 0.08868  loss_rpn_loc: 0.2649  time: 0.1447  data_time: 0.0155  lr: 0.005  max_mem: 1825M
[32m[10/27 12:55:54 d2.utils.events]: [0m eta: 0:28:31  iter: 3279  total_loss: 0.9913  loss_cls: 0.1355  loss_box_reg: 0.3409  loss_mask: 0.1709  loss_rpn_cls: 0.09412  loss_rpn_loc: 0.2446  time: 0.1447  data_time: 0.0141  lr: 0.005  max_mem: 1825M
[32m[10/27 12:55:57 d2.utils.events]: [0m eta: 0:28:29  iter: 3299  total_loss: 0.9691  loss_cls: 0.128  loss_box_reg: 0.3518  loss_mask: 0.1716  loss_rpn_cls: 0.0686  loss_rpn_loc: 0.2377  time: 0.1447  data_time: 0.0143  lr: 0.005  max_mem: 1825M
[32m[10/27 12:56:00 d2.utils.events]: [0m eta: 0:28:27  iter: 3319  total_loss: 0.9219  loss_cls: 0.118  loss_box_reg: 0.3196  loss_mask: 0.1581  loss_rpn_cls: 0.07713  loss_rpn_loc: 0.2193  time: 0.1448  data_time: 0.0154  lr: 0.005  max_mem: 1825M
[32m[10/27 12:56:03 d2.utils.events]: [0m eta: 0:28:24  iter: 3339  total_loss: 0.9121  loss_cls: 0.1307  loss_box_reg: 0.3211  loss_mask: 0.165  loss_rpn_cls: 0.05459  loss_rpn_loc: 0.2462  time: 0.1448  data_time: 0.0152  lr: 0.005  max_mem: 1825M
[32m[10/27 12:56:06 d2.utils.events]: [0m eta: 0:28:21  iter: 3359  total_loss: 0.9388  loss_cls: 0.1244  loss_box_reg: 0.3284  loss_mask: 0.1719  loss_rpn_cls: 0.07475  loss_rpn_loc: 0.2328  time: 0.1448  data_time: 0.0148  lr: 0.005  max_mem: 1825M
[32m[10/27 12:56:09 d2.utils.events]: [0m eta: 0:28:20  iter: 3379  total_loss: 0.8768  loss_cls: 0.1117  loss_box_reg: 0.3114  loss_mask: 0.1569  loss_rpn_cls: 0.06035  loss_rpn_loc: 0.2171  time: 0.1448  data_time: 0.0156  lr: 0.005  max_mem: 1825M
[32m[10/27 12:56:12 d2.utils.events]: [0m eta: 0:28:17  iter: 3399  total_loss: 0.8724  loss_cls: 0.1234  loss_box_reg: 0.3159  loss_mask: 0.1639  loss_rpn_cls: 0.07944  loss_rpn_loc: 0.1984  time: 0.1449  data_time: 0.0155  lr: 0.005  max_mem: 1825M
[32m[10/27 12:56:15 d2.utils.events]: [0m eta: 0:28:15  iter: 3419  total_loss: 0.9223  loss_cls: 0.1264  loss_box_reg: 0.3383  loss_mask: 0.1622  loss_rpn_cls: 0.07887  loss_rpn_loc: 0.2413  time: 0.1449  data_time: 0.0147  lr: 0.005  max_mem: 1825M
[32m[10/27 12:56:18 d2.utils.events]: [0m eta: 0:28:12  iter: 3439  total_loss: 0.9416  loss_cls: 0.134  loss_box_reg: 0.3251  loss_mask: 0.1619  loss_rpn_cls: 0.07101  loss_rpn_loc: 0.2518  time: 0.1449  data_time: 0.0153  lr: 0.005  max_mem: 1825M
[32m[10/27 12:56:21 d2.utils.events]: [0m eta: 0:28:07  iter: 3459  total_loss: 0.992  loss_cls: 0.1347  loss_box_reg: 0.3176  loss_mask: 0.1679  loss_rpn_cls: 0.08366  loss_rpn_loc: 0.2784  time: 0.1449  data_time: 0.0157  lr: 0.005  max_mem: 1825M
[32m[10/27 12:56:24 d2.utils.events]: [0m eta: 0:28:03  iter: 3479  total_loss: 1.038  loss_cls: 0.1469  loss_box_reg: 0.3415  loss_mask: 0.1842  loss_rpn_cls: 0.09223  loss_rpn_loc: 0.2707  time: 0.1449  data_time: 0.0147  lr: 0.005  max_mem: 1825M
[32m[10/27 12:56:27 d2.utils.events]: [0m eta: 0:28:00  iter: 3499  total_loss: 0.9832  loss_cls: 0.1243  loss_box_reg: 0.3152  loss_mask: 0.175  loss_rpn_cls: 0.1032  loss_rpn_loc: 0.2659  time: 0.1449  data_time: 0.0146  lr: 0.005  max_mem: 1825M
[32m[10/27 12:56:30 d2.utils.events]: [0m eta: 0:27:57  iter: 3519  total_loss: 0.9342  loss_cls: 0.117  loss_box_reg: 0.3261  loss_mask: 0.1652  loss_rpn_cls: 0.08742  loss_rpn_loc: 0.2364  time: 0.1449  data_time: 0.0160  lr: 0.005  max_mem: 1825M
[32m[10/27 12:56:33 d2.utils.events]: [0m eta: 0:27:55  iter: 3539  total_loss: 0.8601  loss_cls: 0.1118  loss_box_reg: 0.3002  loss_mask: 0.1606  loss_rpn_cls: 0.07832  loss_rpn_loc: 0.2289  time: 0.1449  data_time: 0.0149  lr: 0.005  max_mem: 1825M
[32m[10/27 12:56:36 d2.utils.events]: [0m eta: 0:27:51  iter: 3559  total_loss: 0.8853  loss_cls: 0.1231  loss_box_reg: 0.3211  loss_mask: 0.1605  loss_rpn_cls: 0.06335  loss_rpn_loc: 0.2264  time: 0.1449  data_time: 0.0147  lr: 0.005  max_mem: 1825M
[32m[10/27 12:56:39 d2.utils.events]: [0m eta: 0:27:46  iter: 3579  total_loss: 0.9068  loss_cls: 0.1231  loss_box_reg: 0.3191  loss_mask: 0.1639  loss_rpn_cls: 0.06178  loss_rpn_loc: 0.2191  time: 0.1449  data_time: 0.0146  lr: 0.005  max_mem: 1825M
[32m[10/27 12:56:42 d2.utils.events]: [0m eta: 0:27:44  iter: 3599  total_loss: 0.8583  loss_cls: 0.1125  loss_box_reg: 0.3048  loss_mask: 0.1702  loss_rpn_cls: 0.06135  loss_rpn_loc: 0.2145  time: 0.1449  data_time: 0.0157  lr: 0.005  max_mem: 1825M
[32m[10/27 12:56:45 d2.utils.events]: [0m eta: 0:27:41  iter: 3619  total_loss: 0.9277  loss_cls: 0.1171  loss_box_reg: 0.3292  loss_mask: 0.1639  loss_rpn_cls: 0.06032  loss_rpn_loc: 0.2224  time: 0.1449  data_time: 0.0154  lr: 0.005  max_mem: 1825M
[32m[10/27 12:56:48 d2.utils.events]: [0m eta: 0:27:40  iter: 3639  total_loss: 0.8895  loss_cls: 0.1283  loss_box_reg: 0.3361  loss_mask: 0.1576  loss_rpn_cls: 0.0561  loss_rpn_loc: 0.2231  time: 0.1450  data_time: 0.0162  lr: 0.005  max_mem: 1825M
[32m[10/27 12:56:51 d2.utils.events]: [0m eta: 0:27:36  iter: 3659  total_loss: 0.8906  loss_cls: 0.1138  loss_box_reg: 0.3063  loss_mask: 0.1638  loss_rpn_cls: 0.07915  loss_rpn_loc: 0.2163  time: 0.1450  data_time: 0.0156  lr: 0.005  max_mem: 1825M
[32m[10/27 12:56:54 d2.utils.events]: [0m eta: 0:27:34  iter: 3679  total_loss: 0.9039  loss_cls: 0.1236  loss_box_reg: 0.3263  loss_mask: 0.1628  loss_rpn_cls: 0.06818  loss_rpn_loc: 0.2322  time: 0.1451  data_time: 0.0153  lr: 0.005  max_mem: 1825M
[32m[10/27 12:56:57 d2.utils.events]: [0m eta: 0:27:30  iter: 3699  total_loss: 0.8903  loss_cls: 0.1275  loss_box_reg: 0.3184  loss_mask: 0.1602  loss_rpn_cls: 0.07032  loss_rpn_loc: 0.2327  time: 0.1451  data_time: 0.0153  lr: 0.005  max_mem: 1825M
[32m[10/27 12:57:00 d2.utils.events]: [0m eta: 0:27:28  iter: 3719  total_loss: 0.8354  loss_cls: 0.1127  loss_box_reg: 0.3137  loss_mask: 0.159  loss_rpn_cls: 0.07334  loss_rpn_loc: 0.2149  time: 0.1451  data_time: 0.0159  lr: 0.005  max_mem: 1825M
[32m[10/27 12:57:03 d2.utils.events]: [0m eta: 0:27:24  iter: 3739  total_loss: 0.8242  loss_cls: 0.1083  loss_box_reg: 0.2982  loss_mask: 0.1496  loss_rpn_cls: 0.05104  loss_rpn_loc: 0.2066  time: 0.1451  data_time: 0.0150  lr: 0.005  max_mem: 1825M
[32m[10/27 12:57:06 d2.utils.events]: [0m eta: 0:27:21  iter: 3759  total_loss: 0.8377  loss_cls: 0.09556  loss_box_reg: 0.2979  loss_mask: 0.1594  loss_rpn_cls: 0.05465  loss_rpn_loc: 0.2273  time: 0.1451  data_time: 0.0144  lr: 0.005  max_mem: 1825M
[32m[10/27 12:57:09 d2.utils.events]: [0m eta: 0:27:17  iter: 3779  total_loss: 0.851  loss_cls: 0.1095  loss_box_reg: 0.2985  loss_mask: 0.1665  loss_rpn_cls: 0.0564  loss_rpn_loc: 0.2231  time: 0.1451  data_time: 0.0153  lr: 0.005  max_mem: 1825M
[32m[10/27 12:57:12 d2.utils.events]: [0m eta: 0:27:15  iter: 3799  total_loss: 0.9469  loss_cls: 0.1294  loss_box_reg: 0.3389  loss_mask: 0.1503  loss_rpn_cls: 0.06409  loss_rpn_loc: 0.2155  time: 0.1451  data_time: 0.0151  lr: 0.005  max_mem: 1825M
[32m[10/27 12:57:15 d2.utils.events]: [0m eta: 0:27:12  iter: 3819  total_loss: 0.8682  loss_cls: 0.1102  loss_box_reg: 0.3177  loss_mask: 0.1584  loss_rpn_cls: 0.06115  loss_rpn_loc: 0.2217  time: 0.1451  data_time: 0.0140  lr: 0.005  max_mem: 1825M
[32m[10/27 12:57:18 d2.utils.events]: [0m eta: 0:27:10  iter: 3839  total_loss: 0.8327  loss_cls: 0.1025  loss_box_reg: 0.3033  loss_mask: 0.1571  loss_rpn_cls: 0.05436  loss_rpn_loc: 0.2086  time: 0.1451  data_time: 0.0154  lr: 0.005  max_mem: 1825M
[32m[10/27 12:57:21 d2.utils.events]: [0m eta: 0:27:06  iter: 3859  total_loss: 0.8812  loss_cls: 0.1295  loss_box_reg: 0.3212  loss_mask: 0.1561  loss_rpn_cls: 0.06764  loss_rpn_loc: 0.2284  time: 0.1451  data_time: 0.0153  lr: 0.005  max_mem: 1825M
[32m[10/27 12:57:24 d2.utils.events]: [0m eta: 0:27:04  iter: 3879  total_loss: 0.8476  loss_cls: 0.1071  loss_box_reg: 0.2869  loss_mask: 0.1563  loss_rpn_cls: 0.05846  loss_rpn_loc: 0.2179  time: 0.1451  data_time: 0.0150  lr: 0.005  max_mem: 1825M
[32m[10/27 12:57:27 d2.utils.events]: [0m eta: 0:27:02  iter: 3899  total_loss: 0.8456  loss_cls: 0.1123  loss_box_reg: 0.3237  loss_mask: 0.1584  loss_rpn_cls: 0.05987  loss_rpn_loc: 0.2109  time: 0.1451  data_time: 0.0149  lr: 0.005  max_mem: 1825M
[32m[10/27 12:57:30 d2.utils.events]: [0m eta: 0:26:59  iter: 3919  total_loss: 0.9171  loss_cls: 0.1147  loss_box_reg: 0.3282  loss_mask: 0.1669  loss_rpn_cls: 0.07081  loss_rpn_loc: 0.2175  time: 0.1451  data_time: 0.0147  lr: 0.005  max_mem: 1825M
[32m[10/27 12:57:33 d2.utils.events]: [0m eta: 0:26:56  iter: 3939  total_loss: 0.8626  loss_cls: 0.1068  loss_box_reg: 0.2883  loss_mask: 0.1599  loss_rpn_cls: 0.0909  loss_rpn_loc: 0.2227  time: 0.1451  data_time: 0.0144  lr: 0.005  max_mem: 1825M
[32m[10/27 12:57:36 d2.utils.events]: [0m eta: 0:26:54  iter: 3959  total_loss: 0.8883  loss_cls: 0.1189  loss_box_reg: 0.3152  loss_mask: 0.1565  loss_rpn_cls: 0.06192  loss_rpn_loc: 0.2055  time: 0.1451  data_time: 0.0149  lr: 0.005  max_mem: 1825M
[32m[10/27 12:57:39 d2.utils.events]: [0m eta: 0:26:50  iter: 3979  total_loss: 0.8544  loss_cls: 0.1129  loss_box_reg: 0.3097  loss_mask: 0.1671  loss_rpn_cls: 0.06998  loss_rpn_loc: 0.2087  time: 0.1451  data_time: 0.0149  lr: 0.005  max_mem: 1825M
[32m[10/27 12:57:43 d2.utils.events]: [0m eta: 0:26:46  iter: 3999  total_loss: 0.9028  loss_cls: 0.1126  loss_box_reg: 0.3122  loss_mask: 0.1573  loss_rpn_cls: 0.07352  loss_rpn_loc: 0.2203  time: 0.1451  data_time: 0.0152  lr: 0.005  max_mem: 1825M
[32m[10/27 12:57:46 d2.utils.events]: [0m eta: 0:26:43  iter: 4019  total_loss: 0.8677  loss_cls: 0.114  loss_box_reg: 0.285  loss_mask: 0.1498  loss_rpn_cls: 0.05638  loss_rpn_loc: 0.2287  time: 0.1451  data_time: 0.0155  lr: 0.005  max_mem: 1825M
[32m[10/27 12:57:49 d2.utils.events]: [0m eta: 0:26:39  iter: 4039  total_loss: 0.8595  loss_cls: 0.1168  loss_box_reg: 0.3021  loss_mask: 0.1579  loss_rpn_cls: 0.0739  loss_rpn_loc: 0.2131  time: 0.1451  data_time: 0.0148  lr: 0.005  max_mem: 1825M
[32m[10/27 12:57:52 d2.utils.events]: [0m eta: 0:26:38  iter: 4059  total_loss: 0.8815  loss_cls: 0.125  loss_box_reg: 0.3119  loss_mask: 0.1522  loss_rpn_cls: 0.0498  loss_rpn_loc: 0.239  time: 0.1451  data_time: 0.0155  lr: 0.005  max_mem: 1825M
[32m[10/27 12:57:55 d2.utils.events]: [0m eta: 0:26:33  iter: 4079  total_loss: 0.8794  loss_cls: 0.1102  loss_box_reg: 0.3114  loss_mask: 0.1593  loss_rpn_cls: 0.08562  loss_rpn_loc: 0.2392  time: 0.1451  data_time: 0.0144  lr: 0.005  max_mem: 1825M
[32m[10/27 12:57:58 d2.utils.events]: [0m eta: 0:26:30  iter: 4099  total_loss: 0.9149  loss_cls: 0.117  loss_box_reg: 0.3077  loss_mask: 0.1686  loss_rpn_cls: 0.09094  loss_rpn_loc: 0.2224  time: 0.1451  data_time: 0.0149  lr: 0.005  max_mem: 1825M
[32m[10/27 12:58:00 d2.utils.events]: [0m eta: 0:26:27  iter: 4119  total_loss: 0.8444  loss_cls: 0.1223  loss_box_reg: 0.317  loss_mask: 0.1616  loss_rpn_cls: 0.0602  loss_rpn_loc: 0.2103  time: 0.1451  data_time: 0.0147  lr: 0.005  max_mem: 1825M
[32m[10/27 12:58:03 d2.utils.events]: [0m eta: 0:26:24  iter: 4139  total_loss: 0.861  loss_cls: 0.1206  loss_box_reg: 0.3112  loss_mask: 0.1627  loss_rpn_cls: 0.06718  loss_rpn_loc: 0.2182  time: 0.1451  data_time: 0.0150  lr: 0.005  max_mem: 1825M
[32m[10/27 12:58:06 d2.utils.events]: [0m eta: 0:26:20  iter: 4159  total_loss: 0.8334  loss_cls: 0.1046  loss_box_reg: 0.3063  loss_mask: 0.1498  loss_rpn_cls: 0.06224  loss_rpn_loc: 0.217  time: 0.1451  data_time: 0.0143  lr: 0.005  max_mem: 1825M
[32m[10/27 12:58:09 d2.utils.events]: [0m eta: 0:26:16  iter: 4179  total_loss: 0.8332  loss_cls: 0.118  loss_box_reg: 0.2867  loss_mask: 0.1504  loss_rpn_cls: 0.08048  loss_rpn_loc: 0.2188  time: 0.1451  data_time: 0.0153  lr: 0.005  max_mem: 1825M
[32m[10/27 12:58:12 d2.utils.events]: [0m eta: 0:26:14  iter: 4199  total_loss: 0.8965  loss_cls: 0.1299  loss_box_reg: 0.3139  loss_mask: 0.1522  loss_rpn_cls: 0.07751  loss_rpn_loc: 0.2243  time: 0.1451  data_time: 0.0146  lr: 0.005  max_mem: 1825M
[32m[10/27 12:58:15 d2.utils.events]: [0m eta: 0:26:12  iter: 4219  total_loss: 0.8392  loss_cls: 0.1159  loss_box_reg: 0.2819  loss_mask: 0.1546  loss_rpn_cls: 0.07989  loss_rpn_loc: 0.2239  time: 0.1451  data_time: 0.0152  lr: 0.005  max_mem: 1825M
[32m[10/27 12:58:18 d2.utils.events]: [0m eta: 0:26:09  iter: 4239  total_loss: 0.8802  loss_cls: 0.1175  loss_box_reg: 0.3094  loss_mask: 0.1514  loss_rpn_cls: 0.07659  loss_rpn_loc: 0.2135  time: 0.1451  data_time: 0.0148  lr: 0.005  max_mem: 1825M
[32m[10/27 12:58:21 d2.utils.events]: [0m eta: 0:26:07  iter: 4259  total_loss: 0.8928  loss_cls: 0.1099  loss_box_reg: 0.2997  loss_mask: 0.1607  loss_rpn_cls: 0.0601  loss_rpn_loc: 0.2096  time: 0.1452  data_time: 0.0151  lr: 0.005  max_mem: 1825M
[32m[10/27 12:58:24 d2.utils.events]: [0m eta: 0:26:04  iter: 4279  total_loss: 0.8084  loss_cls: 0.1001  loss_box_reg: 0.2961  loss_mask: 0.144  loss_rpn_cls: 0.04017  loss_rpn_loc: 0.1924  time: 0.1452  data_time: 0.0147  lr: 0.005  max_mem: 1825M
[32m[10/27 12:58:27 d2.utils.events]: [0m eta: 0:26:00  iter: 4299  total_loss: 0.823  loss_cls: 0.102  loss_box_reg: 0.2803  loss_mask: 0.1511  loss_rpn_cls: 0.07221  loss_rpn_loc: 0.2174  time: 0.1452  data_time: 0.0153  lr: 0.005  max_mem: 1825M
[32m[10/27 12:58:30 d2.utils.events]: [0m eta: 0:25:57  iter: 4319  total_loss: 0.7803  loss_cls: 0.09821  loss_box_reg: 0.2849  loss_mask: 0.1468  loss_rpn_cls: 0.05655  loss_rpn_loc: 0.2003  time: 0.1451  data_time: 0.0146  lr: 0.005  max_mem: 1825M
[32m[10/27 12:58:33 d2.utils.events]: [0m eta: 0:25:54  iter: 4339  total_loss: 0.8011  loss_cls: 0.09864  loss_box_reg: 0.284  loss_mask: 0.1513  loss_rpn_cls: 0.05538  loss_rpn_loc: 0.2026  time: 0.1451  data_time: 0.0150  lr: 0.005  max_mem: 1825M
[32m[10/27 12:58:36 d2.utils.events]: [0m eta: 0:25:50  iter: 4359  total_loss: 0.8493  loss_cls: 0.1107  loss_box_reg: 0.3052  loss_mask: 0.1574  loss_rpn_cls: 0.06054  loss_rpn_loc: 0.2215  time: 0.1451  data_time: 0.0160  lr: 0.005  max_mem: 1825M
[32m[10/27 12:58:39 d2.utils.events]: [0m eta: 0:25:47  iter: 4379  total_loss: 0.81  loss_cls: 0.1003  loss_box_reg: 0.2862  loss_mask: 0.1465  loss_rpn_cls: 0.05555  loss_rpn_loc: 0.2065  time: 0.1452  data_time: 0.0151  lr: 0.005  max_mem: 1825M
[32m[10/27 12:58:42 d2.utils.events]: [0m eta: 0:25:45  iter: 4399  total_loss: 0.8441  loss_cls: 0.1044  loss_box_reg: 0.2968  loss_mask: 0.1494  loss_rpn_cls: 0.05343  loss_rpn_loc: 0.2131  time: 0.1452  data_time: 0.0153  lr: 0.005  max_mem: 1825M
[32m[10/27 12:58:45 d2.utils.events]: [0m eta: 0:25:42  iter: 4419  total_loss: 0.8148  loss_cls: 0.1077  loss_box_reg: 0.2995  loss_mask: 0.1447  loss_rpn_cls: 0.05146  loss_rpn_loc: 0.2035  time: 0.1452  data_time: 0.0149  lr: 0.005  max_mem: 1825M
[32m[10/27 12:58:48 d2.utils.events]: [0m eta: 0:25:39  iter: 4439  total_loss: 0.8018  loss_cls: 0.1029  loss_box_reg: 0.2851  loss_mask: 0.1555  loss_rpn_cls: 0.0521  loss_rpn_loc: 0.2246  time: 0.1452  data_time: 0.0152  lr: 0.005  max_mem: 1825M
[32m[10/27 12:58:51 d2.utils.events]: [0m eta: 0:25:36  iter: 4459  total_loss: 0.9205  loss_cls: 0.1253  loss_box_reg: 0.327  loss_mask: 0.1643  loss_rpn_cls: 0.06037  loss_rpn_loc: 0.2209  time: 0.1452  data_time: 0.0147  lr: 0.005  max_mem: 1825M
[32m[10/27 12:58:54 d2.utils.events]: [0m eta: 0:25:34  iter: 4479  total_loss: 0.8683  loss_cls: 0.1224  loss_box_reg: 0.3023  loss_mask: 0.1564  loss_rpn_cls: 0.0567  loss_rpn_loc: 0.212  time: 0.1452  data_time: 0.0154  lr: 0.005  max_mem: 1825M
[32m[10/27 12:58:57 d2.utils.events]: [0m eta: 0:25:33  iter: 4499  total_loss: 0.79  loss_cls: 0.1201  loss_box_reg: 0.2789  loss_mask: 0.1587  loss_rpn_cls: 0.05496  loss_rpn_loc: 0.1938  time: 0.1452  data_time: 0.0156  lr: 0.005  max_mem: 1825M
[32m[10/27 12:59:00 d2.utils.events]: [0m eta: 0:25:29  iter: 4519  total_loss: 0.8086  loss_cls: 0.1164  loss_box_reg: 0.2794  loss_mask: 0.15  loss_rpn_cls: 0.06122  loss_rpn_loc: 0.1912  time: 0.1453  data_time: 0.0141  lr: 0.005  max_mem: 1825M
[32m[10/27 12:59:03 d2.utils.events]: [0m eta: 0:25:26  iter: 4539  total_loss: 0.8089  loss_cls: 0.1014  loss_box_reg: 0.2927  loss_mask: 0.1493  loss_rpn_cls: 0.06134  loss_rpn_loc: 0.2033  time: 0.1453  data_time: 0.0153  lr: 0.005  max_mem: 1825M
[32m[10/27 12:59:06 d2.utils.events]: [0m eta: 0:25:22  iter: 4559  total_loss: 0.8732  loss_cls: 0.1101  loss_box_reg: 0.3186  loss_mask: 0.1578  loss_rpn_cls: 0.04904  loss_rpn_loc: 0.2147  time: 0.1452  data_time: 0.0152  lr: 0.005  max_mem: 1825M
[32m[10/27 12:59:09 d2.utils.events]: [0m eta: 0:25:19  iter: 4579  total_loss: 0.8699  loss_cls: 0.1081  loss_box_reg: 0.3155  loss_mask: 0.159  loss_rpn_cls: 0.05644  loss_rpn_loc: 0.2052  time: 0.1452  data_time: 0.0151  lr: 0.005  max_mem: 1825M
[32m[10/27 12:59:12 d2.utils.events]: [0m eta: 0:25:16  iter: 4599  total_loss: 0.8269  loss_cls: 0.1068  loss_box_reg: 0.2986  loss_mask: 0.1523  loss_rpn_cls: 0.05951  loss_rpn_loc: 0.2011  time: 0.1453  data_time: 0.0151  lr: 0.005  max_mem: 1825M
[32m[10/27 12:59:15 d2.utils.events]: [0m eta: 0:25:13  iter: 4619  total_loss: 0.8375  loss_cls: 0.1011  loss_box_reg: 0.291  loss_mask: 0.1435  loss_rpn_cls: 0.06015  loss_rpn_loc: 0.1922  time: 0.1453  data_time: 0.0146  lr: 0.005  max_mem: 1825M
[32m[10/27 12:59:18 d2.utils.events]: [0m eta: 0:25:09  iter: 4639  total_loss: 0.7616  loss_cls: 0.1  loss_box_reg: 0.2761  loss_mask: 0.1472  loss_rpn_cls: 0.05071  loss_rpn_loc: 0.1917  time: 0.1453  data_time: 0.0147  lr: 0.005  max_mem: 1825M
[32m[10/27 12:59:20 d2.utils.events]: [0m eta: 0:25:06  iter: 4659  total_loss: 0.8006  loss_cls: 0.1041  loss_box_reg: 0.2803  loss_mask: 0.149  loss_rpn_cls: 0.06505  loss_rpn_loc: 0.2138  time: 0.1453  data_time: 0.0143  lr: 0.005  max_mem: 1825M
[32m[10/27 12:59:23 d2.utils.events]: [0m eta: 0:25:02  iter: 4679  total_loss: 0.7728  loss_cls: 0.09658  loss_box_reg: 0.2787  loss_mask: 0.1462  loss_rpn_cls: 0.0551  loss_rpn_loc: 0.2096  time: 0.1453  data_time: 0.0151  lr: 0.005  max_mem: 1825M
[32m[10/27 12:59:26 d2.utils.events]: [0m eta: 0:24:59  iter: 4699  total_loss: 0.7631  loss_cls: 0.09469  loss_box_reg: 0.2748  loss_mask: 0.147  loss_rpn_cls: 0.06217  loss_rpn_loc: 0.1994  time: 0.1453  data_time: 0.0151  lr: 0.005  max_mem: 1825M
[32m[10/27 12:59:29 d2.utils.events]: [0m eta: 0:24:56  iter: 4719  total_loss: 0.8499  loss_cls: 0.09802  loss_box_reg: 0.2826  loss_mask: 0.1543  loss_rpn_cls: 0.07043  loss_rpn_loc: 0.2434  time: 0.1453  data_time: 0.0144  lr: 0.005  max_mem: 1825M
[32m[10/27 12:59:32 d2.utils.events]: [0m eta: 0:24:53  iter: 4739  total_loss: 0.8267  loss_cls: 0.1099  loss_box_reg: 0.3096  loss_mask: 0.151  loss_rpn_cls: 0.06252  loss_rpn_loc: 0.2182  time: 0.1453  data_time: 0.0152  lr: 0.005  max_mem: 1825M
