[W Context.cpp:70] Warning: torch.use_deterministic_algorithms is in beta, and its design and functionality may change in the future. (function operator())
Registered Datasets: ['satellite_Train', 'satellite_Val']
ddict info:
	path: ../SALAS_Rep/../../../../../../../ocean/projects/dmr200021p/sprice/initial_paper_complete_set/HP743_4S_500x.png
	num_instances: 103
ddict info:
	path: ../SALAS_Rep/../../../../../../../ocean/projects/dmr200021p/sprice/initial_paper_complete_set/S08_01_SE1_1000X94.png
	num_instances: 68
ddict info:
	path: ../SALAS_Rep/../../../../../../../ocean/projects/dmr200021p/sprice/initial_paper_complete_set/HP743_6S_250x.png
	num_instances: 102
ddict info:
	path: ../SALAS_Rep/../../../../../../../ocean/projects/dmr200021p/sprice/initial_paper_complete_set/S08_03_SE1_1000X03.png
	num_instances: 88
ddict info:
	path: ../SALAS_Rep/../../../../../../../ocean/projects/dmr200021p/sprice/initial_paper_complete_set/S06_01_SE1_500X67.png
	num_instances: 54
ddict info:
	path: ../SALAS_Rep/../../../../../../../ocean/projects/dmr200021p/sprice/initial_paper_complete_set/S04_02_SE1_1000X50.png
	num_instances: 45
ddict info:
	path: ../SALAS_Rep/../../../../../../../ocean/projects/dmr200021p/sprice/initial_paper_complete_set/S03_03_SE1_1250X41.png
	num_instances: 111
ddict info:
	path: ../SALAS_Rep/../../../../../../../ocean/projects/dmr200021p/sprice/initial_paper_complete_set/S02_01_SE1_300X14.png
	num_instances: 98
ddict info:
	path: ../SALAS_Rep/../../../../../../../ocean/projects/dmr200021p/sprice/initial_paper_complete_set/HP743_2S_250x.png
	num_instances: 49
Weights not found, weights will be downloaded from source: https://dl.fbaipublicfiles.com/detectron2/COCO-InstanceSegmentation/mask_rcnn_R_50_FPN_3x/137849600/model_final_f10217.pkl
[32m[11/16 00:11:01 d2.engine.defaults]: [0mModel:
GeneralizedRCNN(
  (backbone): FPN(
    (fpn_lateral2): Conv2d(256, 256, kernel_size=(1, 1), stride=(1, 1))
    (fpn_output2): Conv2d(256, 256, kernel_size=(3, 3), stride=(1, 1), padding=(1, 1))
    (fpn_lateral3): Conv2d(512, 256, kernel_size=(1, 1), stride=(1, 1))
    (fpn_output3): Conv2d(256, 256, kernel_size=(3, 3), stride=(1, 1), padding=(1, 1))
    (fpn_lateral4): Conv2d(1024, 256, kernel_size=(1, 1), stride=(1, 1))
    (fpn_output4): Conv2d(256, 256, kernel_size=(3, 3), stride=(1, 1), padding=(1, 1))
    (fpn_lateral5): Conv2d(2048, 256, kernel_size=(1, 1), stride=(1, 1))
    (fpn_output5): Conv2d(256, 256, kernel_size=(3, 3), stride=(1, 1), padding=(1, 1))
    (top_block): LastLevelMaxPool()
    (bottom_up): ResNet(
      (stem): BasicStem(
        (conv1): Conv2d(
          3, 64, kernel_size=(7, 7), stride=(2, 2), padding=(3, 3), bias=False
          (norm): FrozenBatchNorm2d(num_features=64, eps=1e-05)
        )
      )
      (res2): Sequential(
        (0): BottleneckBlock(
          (shortcut): Conv2d(
            64, 256, kernel_size=(1, 1), stride=(1, 1), bias=False
            (norm): FrozenBatchNorm2d(num_features=256, eps=1e-05)
          )
          (conv1): Conv2d(
            64, 64, kernel_size=(1, 1), stride=(1, 1), bias=False
            (norm): FrozenBatchNorm2d(num_features=64, eps=1e-05)
          )
          (conv2): Conv2d(
            64, 64, kernel_size=(3, 3), stride=(1, 1), padding=(1, 1), bias=False
            (norm): FrozenBatchNorm2d(num_features=64, eps=1e-05)
          )
          (conv3): Conv2d(
            64, 256, kernel_size=(1, 1), stride=(1, 1), bias=False
            (norm): FrozenBatchNorm2d(num_features=256, eps=1e-05)
          )
        )
        (1): BottleneckBlock(
          (conv1): Conv2d(
            256, 64, kernel_size=(1, 1), stride=(1, 1), bias=False
            (norm): FrozenBatchNorm2d(num_features=64, eps=1e-05)
          )
          (conv2): Conv2d(
            64, 64, kernel_size=(3, 3), stride=(1, 1), padding=(1, 1), bias=False
            (norm): FrozenBatchNorm2d(num_features=64, eps=1e-05)
          )
          (conv3): Conv2d(
            64, 256, kernel_size=(1, 1), stride=(1, 1), bias=False
            (norm): FrozenBatchNorm2d(num_features=256, eps=1e-05)
          )
        )
        (2): BottleneckBlock(
          (conv1): Conv2d(
            256, 64, kernel_size=(1, 1), stride=(1, 1), bias=False
            (norm): FrozenBatchNorm2d(num_features=64, eps=1e-05)
          )
          (conv2): Conv2d(
            64, 64, kernel_size=(3, 3), stride=(1, 1), padding=(1, 1), bias=False
            (norm): FrozenBatchNorm2d(num_features=64, eps=1e-05)
          )
          (conv3): Conv2d(
            64, 256, kernel_size=(1, 1), stride=(1, 1), bias=False
            (norm): FrozenBatchNorm2d(num_features=256, eps=1e-05)
          )
        )
      )
      (res3): Sequential(
        (0): BottleneckBlock(
          (shortcut): Conv2d(
            256, 512, kernel_size=(1, 1), stride=(2, 2), bias=False
            (norm): FrozenBatchNorm2d(num_features=512, eps=1e-05)
          )
          (conv1): Conv2d(
            256, 128, kernel_size=(1, 1), stride=(2, 2), bias=False
            (norm): FrozenBatchNorm2d(num_features=128, eps=1e-05)
          )
          (conv2): Conv2d(
            128, 128, kernel_size=(3, 3), stride=(1, 1), padding=(1, 1), bias=False
            (norm): FrozenBatchNorm2d(num_features=128, eps=1e-05)
          )
          (conv3): Conv2d(
            128, 512, kernel_size=(1, 1), stride=(1, 1), bias=False
            (norm): FrozenBatchNorm2d(num_features=512, eps=1e-05)
          )
        )
        (1): BottleneckBlock(
          (conv1): Conv2d(
            512, 128, kernel_size=(1, 1), stride=(1, 1), bias=False
            (norm): FrozenBatchNorm2d(num_features=128, eps=1e-05)
          )
          (conv2): Conv2d(
            128, 128, kernel_size=(3, 3), stride=(1, 1), padding=(1, 1), bias=False
            (norm): FrozenBatchNorm2d(num_features=128, eps=1e-05)
          )
          (conv3): Conv2d(
            128, 512, kernel_size=(1, 1), stride=(1, 1), bias=False
            (norm): FrozenBatchNorm2d(num_features=512, eps=1e-05)
          )
        )
        (2): BottleneckBlock(
          (conv1): Conv2d(
            512, 128, kernel_size=(1, 1), stride=(1, 1), bias=False
            (norm): FrozenBatchNorm2d(num_features=128, eps=1e-05)
          )
          (conv2): Conv2d(
            128, 128, kernel_size=(3, 3), stride=(1, 1), padding=(1, 1), bias=False
            (norm): FrozenBatchNorm2d(num_features=128, eps=1e-05)
          )
          (conv3): Conv2d(
            128, 512, kernel_size=(1, 1), stride=(1, 1), bias=False
            (norm): FrozenBatchNorm2d(num_features=512, eps=1e-05)
          )
        )
        (3): BottleneckBlock(
          (conv1): Conv2d(
            512, 128, kernel_size=(1, 1), stride=(1, 1), bias=False
            (norm): FrozenBatchNorm2d(num_features=128, eps=1e-05)
          )
          (conv2): Conv2d(
            128, 128, kernel_size=(3, 3), stride=(1, 1), padding=(1, 1), bias=False
            (norm): FrozenBatchNorm2d(num_features=128, eps=1e-05)
          )
          (conv3): Conv2d(
            128, 512, kernel_size=(1, 1), stride=(1, 1), bias=False
            (norm): FrozenBatchNorm2d(num_features=512, eps=1e-05)
          )
        )
      )
      (res4): Sequential(
        (0): BottleneckBlock(
          (shortcut): Conv2d(
            512, 1024, kernel_size=(1, 1), stride=(2, 2), bias=False
            (norm): FrozenBatchNorm2d(num_features=1024, eps=1e-05)
          )
          (conv1): Conv2d(
            512, 256, kernel_size=(1, 1), stride=(2, 2), bias=False
            (norm): FrozenBatchNorm2d(num_features=256, eps=1e-05)
          )
          (conv2): Conv2d(
            256, 256, kernel_size=(3, 3), stride=(1, 1), padding=(1, 1), bias=False
            (norm): FrozenBatchNorm2d(num_features=256, eps=1e-05)
          )
          (conv3): Conv2d(
            256, 1024, kernel_size=(1, 1), stride=(1, 1), bias=False
            (norm): FrozenBatchNorm2d(num_features=1024, eps=1e-05)
          )
        )
        (1): BottleneckBlock(
          (conv1): Conv2d(
            1024, 256, kernel_size=(1, 1), stride=(1, 1), bias=False
            (norm): FrozenBatchNorm2d(num_features=256, eps=1e-05)
          )
          (conv2): Conv2d(
            256, 256, kernel_size=(3, 3), stride=(1, 1), padding=(1, 1), bias=False
            (norm): FrozenBatchNorm2d(num_features=256, eps=1e-05)
          )
          (conv3): Conv2d(
            256, 1024, kernel_size=(1, 1), stride=(1, 1), bias=False
            (norm): FrozenBatchNorm2d(num_features=1024, eps=1e-05)
          )
        )
        (2): BottleneckBlock(
          (conv1): Conv2d(
            1024, 256, kernel_size=(1, 1), stride=(1, 1), bias=False
            (norm): FrozenBatchNorm2d(num_features=256, eps=1e-05)
          )
          (conv2): Conv2d(
            256, 256, kernel_size=(3, 3), stride=(1, 1), padding=(1, 1), bias=False
            (norm): FrozenBatchNorm2d(num_features=256, eps=1e-05)
          )
          (conv3): Conv2d(
            256, 1024, kernel_size=(1, 1), stride=(1, 1), bias=False
            (norm): FrozenBatchNorm2d(num_features=1024, eps=1e-05)
          )
        )
        (3): BottleneckBlock(
          (conv1): Conv2d(
            1024, 256, kernel_size=(1, 1), stride=(1, 1), bias=False
            (norm): FrozenBatchNorm2d(num_features=256, eps=1e-05)
          )
          (conv2): Conv2d(
            256, 256, kernel_size=(3, 3), stride=(1, 1), padding=(1, 1), bias=False
            (norm): FrozenBatchNorm2d(num_features=256, eps=1e-05)
          )
          (conv3): Conv2d(
            256, 1024, kernel_size=(1, 1), stride=(1, 1), bias=False
            (norm): FrozenBatchNorm2d(num_features=1024, eps=1e-05)
          )
        )
        (4): BottleneckBlock(
          (conv1): Conv2d(
            1024, 256, kernel_size=(1, 1), stride=(1, 1), bias=False
            (norm): FrozenBatchNorm2d(num_features=256, eps=1e-05)
          )
          (conv2): Conv2d(
            256, 256, kernel_size=(3, 3), stride=(1, 1), padding=(1, 1), bias=False
            (norm): FrozenBatchNorm2d(num_features=256, eps=1e-05)
          )
          (conv3): Conv2d(
            256, 1024, kernel_size=(1, 1), stride=(1, 1), bias=False
            (norm): FrozenBatchNorm2d(num_features=1024, eps=1e-05)
          )
        )
        (5): BottleneckBlock(
          (conv1): Conv2d(
            1024, 256, kernel_size=(1, 1), stride=(1, 1), bias=False
            (norm): FrozenBatchNorm2d(num_features=256, eps=1e-05)
          )
          (conv2): Conv2d(
            256, 256, kernel_size=(3, 3), stride=(1, 1), padding=(1, 1), bias=False
            (norm): FrozenBatchNorm2d(num_features=256, eps=1e-05)
          )
          (conv3): Conv2d(
            256, 1024, kernel_size=(1, 1), stride=(1, 1), bias=False
            (norm): FrozenBatchNorm2d(num_features=1024, eps=1e-05)
          )
        )
      )
      (res5): Sequential(
        (0): BottleneckBlock(
          (shortcut): Conv2d(
            1024, 2048, kernel_size=(1, 1), stride=(2, 2), bias=False
            (norm): FrozenBatchNorm2d(num_features=2048, eps=1e-05)
          )
          (conv1): Conv2d(
            1024, 512, kernel_size=(1, 1), stride=(2, 2), bias=False
            (norm): FrozenBatchNorm2d(num_features=512, eps=1e-05)
          )
          (conv2): Conv2d(
            512, 512, kernel_size=(3, 3), stride=(1, 1), padding=(1, 1), bias=False
            (norm): FrozenBatchNorm2d(num_features=512, eps=1e-05)
          )
          (conv3): Conv2d(
            512, 2048, kernel_size=(1, 1), stride=(1, 1), bias=False
            (norm): FrozenBatchNorm2d(num_features=2048, eps=1e-05)
          )
        )
        (1): BottleneckBlock(
          (conv1): Conv2d(
            2048, 512, kernel_size=(1, 1), stride=(1, 1), bias=False
            (norm): FrozenBatchNorm2d(num_features=512, eps=1e-05)
          )
          (conv2): Conv2d(
            512, 512, kernel_size=(3, 3), stride=(1, 1), padding=(1, 1), bias=False
            (norm): FrozenBatchNorm2d(num_features=512, eps=1e-05)
          )
          (conv3): Conv2d(
            512, 2048, kernel_size=(1, 1), stride=(1, 1), bias=False
            (norm): FrozenBatchNorm2d(num_features=2048, eps=1e-05)
          )
        )
        (2): BottleneckBlock(
          (conv1): Conv2d(
            2048, 512, kernel_size=(1, 1), stride=(1, 1), bias=False
            (norm): FrozenBatchNorm2d(num_features=512, eps=1e-05)
          )
          (conv2): Conv2d(
            512, 512, kernel_size=(3, 3), stride=(1, 1), padding=(1, 1), bias=False
            (norm): FrozenBatchNorm2d(num_features=512, eps=1e-05)
          )
          (conv3): Conv2d(
            512, 2048, kernel_size=(1, 1), stride=(1, 1), bias=False
            (norm): FrozenBatchNorm2d(num_features=2048, eps=1e-05)
          )
        )
      )
    )
  )
  (proposal_generator): RPN(
    (rpn_head): StandardRPNHead(
      (conv): Conv2d(256, 256, kernel_size=(3, 3), stride=(1, 1), padding=(1, 1))
      (objectness_logits): Conv2d(256, 3, kernel_size=(1, 1), stride=(1, 1))
      (anchor_deltas): Conv2d(256, 12, kernel_size=(1, 1), stride=(1, 1))
    )
    (anchor_generator): DefaultAnchorGenerator(
      (cell_anchors): BufferList()
    )
  )
  (roi_heads): StandardROIHeads(
    (box_pooler): ROIPooler(
      (level_poolers): ModuleList(
        (0): ROIAlign(output_size=(7, 7), spatial_scale=0.25, sampling_ratio=0, aligned=True)
        (1): ROIAlign(output_size=(7, 7), spatial_scale=0.125, sampling_ratio=0, aligned=True)
        (2): ROIAlign(output_size=(7, 7), spatial_scale=0.0625, sampling_ratio=0, aligned=True)
        (3): ROIAlign(output_size=(7, 7), spatial_scale=0.03125, sampling_ratio=0, aligned=True)
      )
    )
    (box_head): FastRCNNConvFCHead(
      (flatten): Flatten(start_dim=1, end_dim=-1)
      (fc1): Linear(in_features=12544, out_features=1024, bias=True)
      (fc_relu1): ReLU()
      (fc2): Linear(in_features=1024, out_features=1024, bias=True)
      (fc_relu2): ReLU()
    )
    (box_predictor): FastRCNNOutputLayers(
      (cls_score): Linear(in_features=1024, out_features=2, bias=True)
      (bbox_pred): Linear(in_features=1024, out_features=4, bias=True)
    )
    (mask_pooler): ROIPooler(
      (level_poolers): ModuleList(
        (0): ROIAlign(output_size=(14, 14), spatial_scale=0.25, sampling_ratio=0, aligned=True)
        (1): ROIAlign(output_size=(14, 14), spatial_scale=0.125, sampling_ratio=0, aligned=True)
        (2): ROIAlign(output_size=(14, 14), spatial_scale=0.0625, sampling_ratio=0, aligned=True)
        (3): ROIAlign(output_size=(14, 14), spatial_scale=0.03125, sampling_ratio=0, aligned=True)
      )
    )
    (mask_head): MaskRCNNConvUpsampleHead(
      (mask_fcn1): Conv2d(
        256, 256, kernel_size=(3, 3), stride=(1, 1), padding=(1, 1)
        (activation): ReLU()
      )
      (mask_fcn2): Conv2d(
        256, 256, kernel_size=(3, 3), stride=(1, 1), padding=(1, 1)
        (activation): ReLU()
      )
      (mask_fcn3): Conv2d(
        256, 256, kernel_size=(3, 3), stride=(1, 1), padding=(1, 1)
        (activation): ReLU()
      )
      (mask_fcn4): Conv2d(
        256, 256, kernel_size=(3, 3), stride=(1, 1), padding=(1, 1)
        (activation): ReLU()
      )
      (deconv): ConvTranspose2d(256, 256, kernel_size=(2, 2), stride=(2, 2))
      (deconv_relu): ReLU()
      (predictor): Conv2d(256, 1, kernel_size=(1, 1), stride=(1, 1))
    )
  )
)
[32m[11/16 00:11:01 d2.data.build]: [0mRemoved 0 images with no usable annotations. 20 images left.
[32m[11/16 00:11:01 d2.data.build]: [0mDistribution of instances among all 1 categories:
[36m|  category  | #instances   |
|:----------:|:-------------|
| satellite  | 1412         |
|            |              |[0m
[32m[11/16 00:11:01 d2.data.dataset_mapper]: [0m[DatasetMapper] Augmentations used in training: [ResizeShortestEdge(short_edge_length=(640, 672, 704, 736, 768, 800), max_size=1333, sample_style='choice')]
[32m[11/16 00:11:01 d2.data.build]: [0mUsing training sampler TrainingSampler
[32m[11/16 00:11:01 d2.data.common]: [0mSerializing 20 elements to byte tensors and concatenating them all ...
[32m[11/16 00:11:01 d2.data.common]: [0mSerialized dataset takes 0.46 MiB
[5m[31mWARNING[0m [32m[11/16 00:11:01 d2.solver.build]: [0mSOLVER.STEPS contains values larger than SOLVER.MAX_ITER. These values will be ignored.
[32m[11/16 00:11:02 d2.checkpoint.c2_model_loading]: [0mRenaming Caffe2 weights ......
[32m[11/16 00:11:02 d2.checkpoint.c2_model_loading]: [0mFollowing weights matched with submodule backbone.bottom_up:
| Names in Model    | Names in Checkpoint      | Shapes                                          |
|:------------------|:-------------------------|:------------------------------------------------|
| res2.0.conv1.*    | res2_0_branch2a_{bn_*,w} | (64,) (64,) (64,) (64,) (64,64,1,1)             |
| res2.0.conv2.*    | res2_0_branch2b_{bn_*,w} | (64,) (64,) (64,) (64,) (64,64,3,3)             |
| res2.0.conv3.*    | res2_0_branch2c_{bn_*,w} | (256,) (256,) (256,) (256,) (256,64,1,1)        |
| res2.0.shortcut.* | res2_0_branch1_{bn_*,w}  | (256,) (256,) (256,) (256,) (256,64,1,1)        |
| res2.1.conv1.*    | res2_1_branch2a_{bn_*,w} | (64,) (64,) (64,) (64,) (64,256,1,1)            |
| res2.1.conv2.*    | res2_1_branch2b_{bn_*,w} | (64,) (64,) (64,) (64,) (64,64,3,3)             |
| res2.1.conv3.*    | res2_1_branch2c_{bn_*,w} | (256,) (256,) (256,) (256,) (256,64,1,1)        |
| res2.2.conv1.*    | res2_2_branch2a_{bn_*,w} | (64,) (64,) (64,) (64,) (64,256,1,1)            |
| res2.2.conv2.*    | res2_2_branch2b_{bn_*,w} | (64,) (64,) (64,) (64,) (64,64,3,3)             |
| res2.2.conv3.*    | res2_2_branch2c_{bn_*,w} | (256,) (256,) (256,) (256,) (256,64,1,1)        |
| res3.0.conv1.*    | res3_0_branch2a_{bn_*,w} | (128,) (128,) (128,) (128,) (128,256,1,1)       |
| res3.0.conv2.*    | res3_0_branch2b_{bn_*,w} | (128,) (128,) (128,) (128,) (128,128,3,3)       |
| res3.0.conv3.*    | res3_0_branch2c_{bn_*,w} | (512,) (512,) (512,) (512,) (512,128,1,1)       |
| res3.0.shortcut.* | res3_0_branch1_{bn_*,w}  | (512,) (512,) (512,) (512,) (512,256,1,1)       |
| res3.1.conv1.*    | res3_1_branch2a_{bn_*,w} | (128,) (128,) (128,) (128,) (128,512,1,1)       |
| res3.1.conv2.*    | res3_1_branch2b_{bn_*,w} | (128,) (128,) (128,) (128,) (128,128,3,3)       |
| res3.1.conv3.*    | res3_1_branch2c_{bn_*,w} | (512,) (512,) (512,) (512,) (512,128,1,1)       |
| res3.2.conv1.*    | res3_2_branch2a_{bn_*,w} | (128,) (128,) (128,) (128,) (128,512,1,1)       |
| res3.2.conv2.*    | res3_2_branch2b_{bn_*,w} | (128,) (128,) (128,) (128,) (128,128,3,3)       |
| res3.2.conv3.*    | res3_2_branch2c_{bn_*,w} | (512,) (512,) (512,) (512,) (512,128,1,1)       |
| res3.3.conv1.*    | res3_3_branch2a_{bn_*,w} | (128,) (128,) (128,) (128,) (128,512,1,1)       |
| res3.3.conv2.*    | res3_3_branch2b_{bn_*,w} | (128,) (128,) (128,) (128,) (128,128,3,3)       |
| res3.3.conv3.*    | res3_3_branch2c_{bn_*,w} | (512,) (512,) (512,) (512,) (512,128,1,1)       |
| res4.0.conv1.*    | res4_0_branch2a_{bn_*,w} | (256,) (256,) (256,) (256,) (256,512,1,1)       |
| res4.0.conv2.*    | res4_0_branch2b_{bn_*,w} | (256,) (256,) (256,) (256,) (256,256,3,3)       |
| res4.0.conv3.*    | res4_0_branch2c_{bn_*,w} | (1024,) (1024,) (1024,) (1024,) (1024,256,1,1)  |
| res4.0.shortcut.* | res4_0_branch1_{bn_*,w}  | (1024,) (1024,) (1024,) (1024,) (1024,512,1,1)  |
| res4.1.conv1.*    | res4_1_branch2a_{bn_*,w} | (256,) (256,) (256,) (256,) (256,1024,1,1)      |
| res4.1.conv2.*    | res4_1_branch2b_{bn_*,w} | (256,) (256,) (256,) (256,) (256,256,3,3)       |
| res4.1.conv3.*    | res4_1_branch2c_{bn_*,w} | (1024,) (1024,) (1024,) (1024,) (1024,256,1,1)  |
| res4.2.conv1.*    | res4_2_branch2a_{bn_*,w} | (256,) (256,) (256,) (256,) (256,1024,1,1)      |
| res4.2.conv2.*    | res4_2_branch2b_{bn_*,w} | (256,) (256,) (256,) (256,) (256,256,3,3)       |
| res4.2.conv3.*    | res4_2_branch2c_{bn_*,w} | (1024,) (1024,) (1024,) (1024,) (1024,256,1,1)  |
| res4.3.conv1.*    | res4_3_branch2a_{bn_*,w} | (256,) (256,) (256,) (256,) (256,1024,1,1)      |
| res4.3.conv2.*    | res4_3_branch2b_{bn_*,w} | (256,) (256,) (256,) (256,) (256,256,3,3)       |
| res4.3.conv3.*    | res4_3_branch2c_{bn_*,w} | (1024,) (1024,) (1024,) (1024,) (1024,256,1,1)  |
| res4.4.conv1.*    | res4_4_branch2a_{bn_*,w} | (256,) (256,) (256,) (256,) (256,1024,1,1)      |
| res4.4.conv2.*    | res4_4_branch2b_{bn_*,w} | (256,) (256,) (256,) (256,) (256,256,3,3)       |
| res4.4.conv3.*    | res4_4_branch2c_{bn_*,w} | (1024,) (1024,) (1024,) (1024,) (1024,256,1,1)  |
| res4.5.conv1.*    | res4_5_branch2a_{bn_*,w} | (256,) (256,) (256,) (256,) (256,1024,1,1)      |
| res4.5.conv2.*    | res4_5_branch2b_{bn_*,w} | (256,) (256,) (256,) (256,) (256,256,3,3)       |
| res4.5.conv3.*    | res4_5_branch2c_{bn_*,w} | (1024,) (1024,) (1024,) (1024,) (1024,256,1,1)  |
| res5.0.conv1.*    | res5_0_branch2a_{bn_*,w} | (512,) (512,) (512,) (512,) (512,1024,1,1)      |
| res5.0.conv2.*    | res5_0_branch2b_{bn_*,w} | (512,) (512,) (512,) (512,) (512,512,3,3)       |
| res5.0.conv3.*    | res5_0_branch2c_{bn_*,w} | (2048,) (2048,) (2048,) (2048,) (2048,512,1,1)  |
| res5.0.shortcut.* | res5_0_branch1_{bn_*,w}  | (2048,) (2048,) (2048,) (2048,) (2048,1024,1,1) |
| res5.1.conv1.*    | res5_1_branch2a_{bn_*,w} | (512,) (512,) (512,) (512,) (512,2048,1,1)      |
| res5.1.conv2.*    | res5_1_branch2b_{bn_*,w} | (512,) (512,) (512,) (512,) (512,512,3,3)       |
| res5.1.conv3.*    | res5_1_branch2c_{bn_*,w} | (2048,) (2048,) (2048,) (2048,) (2048,512,1,1)  |
| res5.2.conv1.*    | res5_2_branch2a_{bn_*,w} | (512,) (512,) (512,) (512,) (512,2048,1,1)      |
| res5.2.conv2.*    | res5_2_branch2b_{bn_*,w} | (512,) (512,) (512,) (512,) (512,512,3,3)       |
| res5.2.conv3.*    | res5_2_branch2c_{bn_*,w} | (2048,) (2048,) (2048,) (2048,) (2048,512,1,1)  |
| stem.conv1.norm.* | res_conv1_bn_*           | (64,) (64,) (64,) (64,)                         |
| stem.conv1.weight | conv1_w                  | (64, 3, 7, 7)                                   |
[32m[11/16 00:11:02 d2.engine.train_loop]: [0mStarting training from iteration 0
[32m[11/16 00:12:09 d2.utils.events]: [0m eta: 9:07:43  iter: 19  total_loss: 3.299  loss_cls: 0.5196  loss_box_reg: 0.02739  loss_mask: 0.6726  loss_rpn_cls: 0.6624  loss_rpn_loc: 1.269  time: 3.3068  data_time: 0.0174  lr: 0.00019981  max_mem: 0M
[32m[11/16 00:13:11 d2.utils.events]: [0m eta: 8:49:15  iter: 39  total_loss: 2.408  loss_cls: 0.353  loss_box_reg: 0.0366  loss_mask: 0.5966  loss_rpn_cls: 0.6079  loss_rpn_loc: 0.8124  time: 3.1830  data_time: 0.0050  lr: 0.00039961  max_mem: 0M
[32m[11/16 00:14:14 d2.utils.events]: [0m eta: 8:49:08  iter: 59  total_loss: 2.14  loss_cls: 0.2758  loss_box_reg: 0.06761  loss_mask: 0.5832  loss_rpn_cls: 0.5732  loss_rpn_loc: 0.6399  time: 3.1724  data_time: 0.0063  lr: 0.00059941  max_mem: 0M
[32m[11/16 00:15:19 d2.utils.events]: [0m eta: 8:46:53  iter: 79  total_loss: 2.088  loss_cls: 0.2408  loss_box_reg: 0.167  loss_mask: 0.5632  loss_rpn_cls: 0.5431  loss_rpn_loc: 0.5478  time: 3.1941  data_time: 0.0066  lr: 0.00079921  max_mem: 0M
[32m[11/16 00:16:30 d2.utils.events]: [0m eta: 8:57:07  iter: 99  total_loss: 2.122  loss_cls: 0.2652  loss_box_reg: 0.3352  loss_mask: 0.54  loss_rpn_cls: 0.4601  loss_rpn_loc: 0.5138  time: 3.2683  data_time: 0.0054  lr: 0.00099901  max_mem: 0M
[32m[11/16 00:17:40 d2.utils.events]: [0m eta: 9:01:38  iter: 119  total_loss: 2.116  loss_cls: 0.2833  loss_box_reg: 0.4248  loss_mask: 0.5117  loss_rpn_cls: 0.3868  loss_rpn_loc: 0.5009  time: 3.3076  data_time: 0.0042  lr: 0.0011988  max_mem: 0M
[32m[11/16 00:18:50 d2.utils.events]: [0m eta: 9:04:54  iter: 139  total_loss: 2.029  loss_cls: 0.27  loss_box_reg: 0.4271  loss_mask: 0.4687  loss_rpn_cls: 0.3358  loss_rpn_loc: 0.4981  time: 3.3373  data_time: 0.0053  lr: 0.0013986  max_mem: 0M
[32m[11/16 00:20:02 d2.utils.events]: [0m eta: 9:05:26  iter: 159  total_loss: 2.026  loss_cls: 0.3394  loss_box_reg: 0.4839  loss_mask: 0.4366  loss_rpn_cls: 0.3428  loss_rpn_loc: 0.4938  time: 3.3650  data_time: 0.0044  lr: 0.0015984  max_mem: 0M
[32m[11/16 00:21:11 d2.utils.events]: [0m eta: 9:05:59  iter: 179  total_loss: 1.86  loss_cls: 0.2701  loss_box_reg: 0.4661  loss_mask: 0.4145  loss_rpn_cls: 0.289  loss_rpn_loc: 0.4701  time: 3.3775  data_time: 0.0062  lr: 0.0017982  max_mem: 0M
[32m[11/16 00:22:23 d2.utils.events]: [0m eta: 9:09:05  iter: 199  total_loss: 1.815  loss_cls: 0.2634  loss_box_reg: 0.4287  loss_mask: 0.3863  loss_rpn_cls: 0.2698  loss_rpn_loc: 0.4557  time: 3.3983  data_time: 0.0061  lr: 0.001998  max_mem: 0M
[32m[11/16 00:23:34 d2.utils.events]: [0m eta: 9:08:40  iter: 219  total_loss: 1.72  loss_cls: 0.242  loss_box_reg: 0.4053  loss_mask: 0.3469  loss_rpn_cls: 0.2643  loss_rpn_loc: 0.4341  time: 3.4110  data_time: 0.0051  lr: 0.0021978  max_mem: 0M
[32m[11/16 00:24:47 d2.utils.events]: [0m eta: 9:14:04  iter: 239  total_loss: 1.725  loss_cls: 0.2392  loss_box_reg: 0.4024  loss_mask: 0.3397  loss_rpn_cls: 0.2449  loss_rpn_loc: 0.4859  time: 3.4306  data_time: 0.0057  lr: 0.0023976  max_mem: 0M
[32m[11/16 00:25:59 d2.utils.events]: [0m eta: 9:13:51  iter: 259  total_loss: 1.692  loss_cls: 0.2453  loss_box_reg: 0.4473  loss_mask: 0.3233  loss_rpn_cls: 0.2331  loss_rpn_loc: 0.4519  time: 3.4445  data_time: 0.0048  lr: 0.0025974  max_mem: 0M
